[0.009s] Invoking command in '/home/sangregorioquimpo/auve2_ws/build/auv_description': CMAKE_PREFIX_PATH=${CMAKE_PREFIX_PATH}:/opt/ros/jazzy DEBUGINFOD_URLS=https://debuginfod.ubuntu.com PS1=(.venv) \[\e]0;\u@\h: \w\a\]${debian_chroot:+($debian_chroot)}\[\033[01;32m\]\u@\h\[\033[00m\]:\[\033[01;34m\]\w\[\033[00m\]\$ VIRTUAL_ENV_PROMPT=(.venv) /usr/bin/cmake --build /home/sangregorioquimpo/auve2_ws/build/auv_description -- -j16 -l16
[0.033s] -- Found ament_cmake: 2.5.4 (/opt/ros/jazzy/share/ament_cmake/cmake)
[0.178s] -- Override CMake install command with custom implementation using symlinks instead of copying resources
[0.182s] -- Found rclcpp: 28.1.9 (/opt/ros/jazzy/share/rclcpp/cmake)
[0.201s] -- Found rosidl_generator_c: 4.6.5 (/opt/ros/jazzy/share/rosidl_generator_c/cmake)
[0.208s] -- Found rosidl_generator_cpp: 4.6.5 (/opt/ros/jazzy/share/rosidl_generator_cpp/cmake)
[0.215s] -- Using all available rosidl_typesupport_c: rosidl_typesupport_fastrtps_c;rosidl_typesupport_introspection_c
[0.223s] -- Using all available rosidl_typesupport_cpp: rosidl_typesupport_fastrtps_cpp;rosidl_typesupport_introspection_cpp
[0.260s] -- Found rmw_implementation_cmake: 7.3.2 (/opt/ros/jazzy/share/rmw_implementation_cmake/cmake)
[0.261s] -- Found rmw_fastrtps_cpp: 8.4.2 (/opt/ros/jazzy/share/rmw_fastrtps_cpp/cmake)
[0.312s] -- Using RMW implementation 'rmw_fastrtps_cpp' as default
[0.352s] -- Found std_msgs: 5.3.6 (/opt/ros/jazzy/share/std_msgs/cmake)
[0.360s] -- Found geometry_msgs: 5.3.6 (/opt/ros/jazzy/share/geometry_msgs/cmake)
[0.370s] -- Looking for gz-sim8 -- found version 8.9.0
[0.373s] -- Searching for dependencies of gz-sim8
[0.373s] -- Looking for sdformat14 -- found version 14.7.0
[0.374s] -- Searching for dependencies of sdformat14
[0.378s] -- Checking for module 'tinyxml2'
[0.395s] --   Found tinyxml2, version 10.0.0
[0.435s] -- Looking for gz-math7 -- found version 7.5.2
[0.435s] -- Searching for dependencies of gz-math7
[0.435s] -- Looking for gz-utils2 -- found version 2.2.1
[0.435s] -- Searching for dependencies of gz-utils2
[0.436s] -- Looking for gz-utils2 -- found version 2.2.1
[0.436s] -- Searching for dependencies of gz-utils2
[0.436s] -- Searching for <gz-utils2> component [cli]
[0.436s] -- Looking for gz-utils2-cli -- found version 2.2.1
[0.436s] -- Searching for dependencies of gz-utils2-cli
[0.437s] -- Looking for gz-plugin2 -- found version 2.0.4
[0.437s] -- Searching for dependencies of gz-plugin2
[0.438s] -- Looking for gz-utils2 -- found version 2.2.1
[0.438s] -- Searching for <gz-plugin2> component [loader]
[0.438s] -- Looking for gz-plugin2-loader -- found version 2.0.4
[0.438s] -- Searching for dependencies of gz-plugin2-loader
[0.438s] -- Searching for <gz-plugin2> component [register]
[0.439s] -- Looking for gz-plugin2-register -- found version 2.0.4
[0.439s] -- Searching for dependencies of gz-plugin2-register
[0.439s] -- Looking for gz-transport13 -- found version 13.4.1
[0.439s] -- Searching for dependencies of gz-transport13
[0.467s] -- Config-file not installed for ZeroMQ -- checking for pkg-config
[0.471s] -- Checking for module 'libzmq >= 4'
[0.488s] --   Found libzmq, version 4.3.5
[0.539s] -- Checking for module 'uuid'
[0.555s] --   Found uuid, version 2.39.3
[0.591s] -- Looking for gz-utils2 -- found version 2.2.1
[0.591s] -- Looking for gz-msgs10 -- found version 10.3.2
[0.592s] -- Searching for dependencies of gz-msgs10
[0.611s] -- Looking for gz-utils2 -- found version 2.2.1
[0.611s] -- Looking for gz-math7 -- found version 7.5.2
[0.617s] -- Searching for <gz-transport13> component [log]
[0.618s] -- Looking for gz-transport13-log -- found version 13.4.1
[0.618s] -- Searching for dependencies of gz-transport13-log
[0.618s] -- Searching for <gz-transport13> component [parameters]
[0.618s] -- Looking for gz-transport13-parameters -- found version 13.4.1
[0.619s] -- Searching for dependencies of gz-transport13-parameters
[0.619s] -- Looking for gz-msgs10 -- found version 10.3.2
[0.619s] -- Looking for gz-common5 -- found version 5.7.1
[0.619s] -- Searching for dependencies of gz-common5
[0.620s] -- Looking for gz-utils2 -- found version 2.2.1
[0.620s] -- Looking for dlfcn.h - found
[0.620s] -- Looking for libdl - found
[0.626s] -- Searching for <gz-common5> component [av]
[0.627s] -- Looking for gz-common5-av -- found version 5.7.1
[0.627s] -- Searching for dependencies of gz-common5-av
[0.631s] -- Checking for module 'libswscale'
[0.647s] --   Found libswscale, version 7.5.100
[0.689s] -- Checking for module 'libavdevice >= 56.4.100'
[0.707s] --   Found libavdevice, version 60.3.100
[0.765s] -- Checking for module 'libavformat'
[0.780s] --   Found libavformat, version 60.16.100
[0.830s] -- Checking for module 'libavcodec'
[0.846s] --   Found libavcodec, version 60.31.102
[0.889s] -- Checking for module 'libavutil'
[0.908s] --   Found libavutil, version 58.29.100
[0.949s] -- Searching for <gz-common5> component [events]
[0.949s] -- Looking for gz-common5-events -- found version 5.7.1
[0.949s] -- Searching for dependencies of gz-common5-events
[0.949s] -- Looking for gz-math7 -- found version 7.5.2
[0.949s] -- Searching for <gz-common5> component [graphics]
[0.949s] -- Looking for gz-common5-graphics -- found version 5.7.1
[0.950s] -- Searching for dependencies of gz-common5-graphics
[0.950s] -- Looking for gz-math7 -- found version 7.5.2
[0.951s] -- Searching for <gz-common5> component [io]
[0.951s] -- Looking for gz-common5-io -- found version 5.7.1
[0.951s] -- Searching for dependencies of gz-common5-io
[0.952s] -- Searching for <gz-common5> component [profiler]
[0.952s] -- Looking for gz-common5-profiler -- found version 5.7.1
[0.952s] -- Searching for dependencies of gz-common5-profiler
[0.953s] -- Looking for gz-fuel_tools9 -- found version 9.1.1
[0.953s] -- Searching for dependencies of gz-fuel_tools9
[0.989s] -- Checking for module 'jsoncpp'
[1.007s] --   Found jsoncpp, version 1.9.5
[1.057s] -- Checking for module 'yaml-0.1'
[1.075s] --   Found yaml-0.1, version 0.2.5
[1.123s] -- Checking for module 'libzip'
[1.142s] --   Found libzip, version 1.7.3
[1.178s] -- Looking for gz-utils2 -- found version 2.2.1
[1.179s] -- Looking for gz-common5 -- found version 5.7.1
[1.179s] -- Searching for dependencies of gz-common5
[1.179s] -- Looking for gz-utils2 -- found version 2.2.1
[1.179s] -- Looking for dlfcn.h - found
[1.179s] -- Looking for libdl - found
[1.185s] -- Searching for <gz-common5> component [testing]
[1.185s] -- Looking for gz-common5-testing -- found version 5.7.1
[1.185s] -- Searching for dependencies of gz-common5-testing
[1.186s] -- Looking for gz-math7 -- found version 7.5.2
[1.186s] -- Looking for gz-msgs10 -- found version 10.3.2
[1.187s] -- Looking for gz-gui8 -- found version 8.4.0
[1.187s] -- Searching for dependencies of gz-gui8
[1.211s] -- Looking for gz-utils2 -- found version 2.2.1
[1.211s] -- Looking for gz-math7 -- found version 7.5.2
[1.211s] -- Looking for gz-common5 -- found version 5.7.1
[1.211s] -- Looking for gz-plugin2 -- found version 2.0.4
[1.211s] -- Looking for gz-transport13 -- found version 13.4.1
[1.212s] -- Looking for gz-rendering8 -- found version 8.2.2
[1.212s] -- Searching for dependencies of gz-rendering8
[1.212s] -- Looking for gz-math7 -- found version 7.5.2
[1.212s] -- Searching for dependencies of gz-math7
[1.212s] -- Looking for gz-utils2 -- found version 2.2.1
[1.212s] -- Searching for <gz-math7> component [eigen3]
[1.212s] -- Looking for gz-math7-eigen3 -- found version 7.5.2
[1.213s] -- Searching for dependencies of gz-math7-eigen3
[1.213s] -- Looking for gz-common5 -- found version 5.7.1
[1.214s] -- Searching for dependencies of gz-common5
[1.214s] -- Looking for gz-utils2 -- found version 2.2.1
[1.214s] -- Looking for dlfcn.h - found
[1.214s] -- Looking for libdl - found
[1.220s] -- Searching for <gz-common5> component [graphics]
[1.220s] -- Searching for <gz-common5> component [events]
[1.220s] -- Searching for <gz-common5> component [geospatial]
[1.220s] -- Looking for gz-common5-geospatial -- found version 5.7.1
[1.220s] -- Searching for dependencies of gz-common5-geospatial
[1.220s] -- Looking for gz-math7 -- found version 7.5.2
[1.221s] -- Looking for gz-common5 -- found version 5.7.1
[1.221s] -- Looking for gz-plugin2 -- found version 2.0.4
[1.221s] -- Searching for dependencies of gz-plugin2
[1.221s] -- Looking for gz-utils2 -- found version 2.2.1
[1.221s] -- Searching for <gz-plugin2> component [all]
[1.222s] -- Looking for all libraries of gz-plugin2 -- found version 2.0.4
[1.222s] -- Looking for gz-plugin2 -- found version 2.0.4
[1.222s] -- Looking for gz-utils2 -- found version 2.2.1
[1.224s] -- Looking for gz-msgs10 -- found version 10.3.2
[1.235s] -- Looking for gz-physics7 -- found version 7.5.0
[1.236s] -- Searching for dependencies of gz-physics7
[1.236s] -- Looking for gz-common5 -- found version 5.7.1
[1.236s] -- Looking for gz-math7 -- found version 7.5.2
[1.236s] -- Looking for gz-plugin2 -- found version 2.0.4
[1.237s] -- Looking for gz-utils2 -- found version 2.2.1
[1.237s] -- Searching for <gz-physics7> component [heightmap]
[1.238s] -- Looking for gz-physics7-heightmap -- found version 7.5.0
[1.238s] -- Searching for dependencies of gz-physics7-heightmap
[1.238s] -- Looking for gz-common5 -- found version 5.7.1
[1.238s] -- Searching for <gz-physics7> component [mesh]
[1.239s] -- Looking for gz-physics7-mesh -- found version 7.5.0
[1.239s] -- Searching for dependencies of gz-physics7-mesh
[1.239s] -- Looking for gz-common5 -- found version 5.7.1
[1.239s] -- Searching for <gz-physics7> component [sdf]
[1.240s] -- Looking for gz-physics7-sdf -- found version 7.5.0
[1.240s] -- Searching for dependencies of gz-physics7-sdf
[1.240s] -- Looking for sdformat14 -- found version 14.7.0
[1.241s] -- Looking for gz-sensors8 -- found version 8.2.2
[1.241s] -- Searching for dependencies of gz-sensors8
[1.259s] -- Looking for gz-math7 -- found version 7.5.2
[1.259s] -- Looking for gz-common5 -- found version 5.7.1
[1.259s] -- Looking for gz-transport13 -- found version 13.4.1
[1.260s] -- Looking for gz-rendering8 -- found version 8.2.2
[1.260s] -- Looking for gz-msgs10 -- found version 10.3.2
[1.260s] -- Looking for sdformat14 -- found version 14.7.0
[1.260s] -- Searching for <gz-sensors8> component [air_pressure]
[1.261s] -- Looking for gz-sensors8-air_pressure -- found version 8.2.2
[1.261s] -- Searching for dependencies of gz-sensors8-air_pressure
[1.261s] -- Searching for <gz-sensors8> component [air_speed]
[1.261s] -- Looking for gz-sensors8-air_speed -- found version 8.2.2
[1.261s] -- Searching for dependencies of gz-sensors8-air_speed
[1.261s] -- Searching for <gz-sensors8> component [altimeter]
[1.262s] -- Looking for gz-sensors8-altimeter -- found version 8.2.2
[1.262s] -- Searching for dependencies of gz-sensors8-altimeter
[1.262s] -- Searching for <gz-sensors8> component [imu]
[1.262s] -- Looking for gz-sensors8-imu -- found version 8.2.2
[1.262s] -- Searching for dependencies of gz-sensors8-imu
[1.263s] -- Searching for <gz-sensors8> component [force_torque]
[1.263s] -- Looking for gz-sensors8-force_torque -- found version 8.2.2
[1.263s] -- Searching for dependencies of gz-sensors8-force_torque
[1.263s] -- Searching for <gz-sensors8> component [logical_camera]
[1.263s] -- Looking for gz-sensors8-logical_camera -- found version 8.2.2
[1.264s] -- Searching for dependencies of gz-sensors8-logical_camera
[1.264s] -- Searching for <gz-sensors8> component [magnetometer]
[1.264s] -- Looking for gz-sensors8-magnetometer -- found version 8.2.2
[1.264s] -- Searching for dependencies of gz-sensors8-magnetometer
[1.264s] -- Searching for <gz-sensors8> component [navsat]
[1.265s] -- Looking for gz-sensors8-navsat -- found version 8.2.2
[1.265s] -- Searching for dependencies of gz-sensors8-navsat
[1.265s] -- Searching for <gz-sensors8> component [dvl]
[1.265s] -- Looking for gz-sensors8-dvl -- found version 8.2.2
[1.265s] -- Searching for dependencies of gz-sensors8-dvl
[1.266s] -- Looking for gz-sensors8 -- found version 8.2.2
[1.266s] -- Searching for dependencies of gz-sensors8
[1.283s] -- Looking for gz-math7 -- found version 7.5.2
[1.283s] -- Looking for gz-common5 -- found version 5.7.1
[1.283s] -- Looking for gz-transport13 -- found version 13.4.1
[1.283s] -- Looking for gz-rendering8 -- found version 8.2.2
[1.284s] -- Looking for gz-msgs10 -- found version 10.3.2
[1.284s] -- Looking for sdformat14 -- found version 14.7.0
[1.284s] -- Searching for <gz-sensors8> component [rendering]
[1.284s] -- Looking for gz-sensors8-rendering -- found version 8.2.2
[1.284s] -- Searching for dependencies of gz-sensors8-rendering
[1.285s] -- Searching for <gz-sensors8> component [rendering]
[1.285s] -- Searching for <gz-sensors8> component [lidar]
[1.285s] -- Looking for gz-sensors8-lidar -- found version 8.2.2
[1.286s] -- Searching for dependencies of gz-sensors8-lidar
[1.286s] -- Looking for gz-sensors8 -- found version 8.2.2
[1.286s] -- Searching for <gz-sensors8> component [gpu_lidar]
[1.286s] -- Looking for gz-sensors8-gpu_lidar -- found version 8.2.2
[1.286s] -- Searching for dependencies of gz-sensors8-gpu_lidar
[1.287s] -- Looking for gz-sensors8 -- found version 8.2.2
[1.287s] -- Searching for <gz-sensors8> component [camera]
[1.287s] -- Looking for gz-sensors8-camera -- found version 8.2.2
[1.287s] -- Searching for dependencies of gz-sensors8-camera
[1.288s] -- Looking for gz-sensors8 -- found version 8.2.2
[1.288s] -- Searching for <gz-sensors8> component [boundingbox_camera]
[1.288s] -- Looking for gz-sensors8-boundingbox_camera -- found version 8.2.2
[1.288s] -- Searching for dependencies of gz-sensors8-boundingbox_camera
[1.289s] -- Searching for <gz-sensors8> component [segmentation_camera]
[1.289s] -- Looking for gz-sensors8-segmentation_camera -- found version 8.2.2
[1.289s] -- Searching for dependencies of gz-sensors8-segmentation_camera
[1.289s] -- Searching for <gz-sensors8> component [depth_camera]
[1.290s] -- Looking for gz-sensors8-depth_camera -- found version 8.2.2
[1.290s] -- Searching for dependencies of gz-sensors8-depth_camera
[1.290s] -- Looking for gz-sensors8 -- found version 8.2.2
[1.290s] -- Searching for <gz-sensors8> component [rgbd_camera]
[1.290s] -- Looking for gz-sensors8-rgbd_camera -- found version 8.2.2
[1.291s] -- Searching for dependencies of gz-sensors8-rgbd_camera
[1.291s] -- Looking for gz-sensors8 -- found version 8.2.2
[1.291s] -- Searching for <gz-sensors8> component [thermal_camera]
[1.291s] -- Looking for gz-sensors8-thermal_camera -- found version 8.2.2
[1.291s] -- Searching for dependencies of gz-sensors8-thermal_camera
[1.292s] -- Looking for gz-sensors8 -- found version 8.2.2
[1.292s] -- Searching for <gz-sensors8> component [wide_angle_camera]
[1.293s] -- Looking for gz-sensors8-wide_angle_camera -- found version 8.2.2
[1.293s] -- Searching for dependencies of gz-sensors8-wide_angle_camera
[1.293s] -- Looking for gz-rendering8 -- found version 8.2.2
[1.293s] -- Looking for gz-math7 -- found version 7.5.2
[1.294s] -- Looking for gz-utils2 -- found version 2.2.1
[1.314s] -- Looking for gz-plugin2 -- found version 2.0.4
[1.314s] -- Looking for gz-math8 -- found version 8.2.0
[1.317s] -- Searching for dependencies of gz-math8
[1.318s] -- Looking for gz-utils3 -- found version 3.1.1
[1.318s] -- Searching for dependencies of gz-utils3
[1.319s] -- Looking for gz-common5 -- found version 5.7.1
[1.321s] -- Found ament_lint_auto: 0.17.2 (/opt/ros/jazzy/share/ament_lint_auto/cmake)
[1.381s] -- Added test 'cppcheck' to perform static code analysis on C / C++ code
[1.382s] -- Configured cppcheck include dirs: 
[1.382s] -- Configured cppcheck exclude dirs and/or files: 
[1.382s] -- Added test 'flake8' to check Python code syntax and style conventions
[1.382s] -- Configured 'flake8' exclude dirs and/or files: 
[1.382s] -- Added test 'lint_cmake' to check CMake code style
[1.382s] -- Added test 'pep257' to check Python code against some of the docstring style conventions in PEP 257
[1.383s] -- Added test 'uncrustify' to check C / C++ code style
[1.383s] -- Configured uncrustify additional arguments: 
[1.384s] -- Added test 'xmllint' to check XML markup files
[1.385s] -- Configuring done (1.4s)
[1.408s] -- Generating done (0.0s)
[1.412s] -- Build files have been written to: /home/sangregorioquimpo/auve2_ws/build/auv_description
[1.451s] [ 25%] [32mBuilding CXX object CMakeFiles/buoyancy_runtime.dir/src/buoyancy_runtime.cc.o[0m
[1.463s] [ 50%] [32mBuilding CXX object CMakeFiles/wasd_body_thrust_plugin.dir/src/wasd_body_thrust_plugin.cpp.o[0m
[4.411s] [01m[K/home/sangregorioquimpo/auve2_ws/src/auv_description/src/buoyancy_runtime.cc:[m[K In member function ‘[01m[Kvirtual void auv_buoyancy::BuoyancyRuntime::[01;32m[KConfigure[m[K(const gz::sim::v8::Entity&, const std::shared_ptr<const sdf::v14::Element>&, gz::sim::v8::EntityComponentManager&, gz::sim::v8::EventManager&)[m[K’:
[4.411s] [01m[K/home/sangregorioquimpo/auve2_ws/src/auv_description/src/buoyancy_runtime.cc:67:21:[m[K [01;31m[Kerror: [m[Kredeclaration of ‘[01m[Kgz::sim::v8::Entity maybeLink[m[K’
[4.411s]    67 |     gz::sim::Entity [01;31m[KmaybeLink[m[K = model_.LinkByName(ecm, linkName_);
[4.411s]       |                     [01;31m[K^~~~~~~~~[m[K
[4.411s] [01m[K/home/sangregorioquimpo/auve2_ws/src/auv_description/src/buoyancy_runtime.cc:66:10:[m[K [01;36m[Knote: [m[K‘[01m[Klong unsigned int maybeLink[m[K’ previously declared here
[4.411s]    66 |     auto [01;36m[KmaybeLink[m[K = model_.LinkByName(ecm, linkName_);
[4.411s]       |          [01;36m[K^~~~~~~~~[m[K
[5.892s] gmake[2]: *** [CMakeFiles/buoyancy_runtime.dir/build.make:76: CMakeFiles/buoyancy_runtime.dir/src/buoyancy_runtime.cc.o] Error 1
[5.892s] gmake[1]: *** [CMakeFiles/Makefile2:165: CMakeFiles/buoyancy_runtime.dir/all] Error 2
[5.892s] gmake[1]: *** Waiting for unfinished jobs....
[8.900s] [ 75%] [32m[1mLinking CXX shared library libwasd_body_thrust_plugin.so[0m
[9.189s] [ 75%] Built target wasd_body_thrust_plugin
[9.191s] gmake: *** [Makefile:146: all] Error 2
[9.193s] Invoked command in '/home/sangregorioquimpo/auve2_ws/build/auv_description' returned '2': CMAKE_PREFIX_PATH=${CMAKE_PREFIX_PATH}:/opt/ros/jazzy DEBUGINFOD_URLS=https://debuginfod.ubuntu.com PS1=(.venv) \[\e]0;\u@\h: \w\a\]${debian_chroot:+($debian_chroot)}\[\033[01;32m\]\u@\h\[\033[00m\]:\[\033[01;34m\]\w\[\033[00m\]\$ VIRTUAL_ENV_PROMPT=(.venv) /usr/bin/cmake --build /home/sangregorioquimpo/auve2_ws/build/auv_description -- -j16 -l16
