[0.015s] Invoking command in '/home/sangregorioquimpo/auve2_ws/build/auv_description': CMAKE_PREFIX_PATH=${CMAKE_PREFIX_PATH}:/opt/ros/jazzy DEBUGINFOD_URLS=https://debuginfod.ubuntu.com /usr/bin/cmake /home/sangregorioquimpo/auve2_ws/src/auv_description -DCMAKE_INSTALL_PREFIX=/home/sangregorioquimpo/auve2_ws/install/auv_description
[0.152s] -- The C compiler identification is GNU 13.3.0
[0.286s] -- The CXX compiler identification is GNU 13.3.0
[0.324s] -- Detecting C compiler ABI info
[0.497s] -- Detecting C compiler ABI info - done
[0.518s] -- Check for working C compiler: /usr/bin/cc - skipped
[0.520s] -- Detecting C compile features
[0.521s] -- Detecting C compile features - done
[0.544s] -- Detecting CXX compiler ABI info
[0.761s] -- Detecting CXX compiler ABI info - done
[0.780s] -- Check for working CXX compiler: /usr/bin/c++ - skipped
[0.780s] -- Detecting CXX compile features
[0.781s] -- Detecting CXX compile features - done
[0.792s] -- Found ament_cmake: 2.5.4 (/opt/ros/jazzy/share/ament_cmake/cmake)
[1.084s] -- Found Python3: /usr/bin/python3 (found version "3.12.3") found components: Interpreter 
[1.279s] -- Found rclcpp: 28.1.9 (/opt/ros/jazzy/share/rclcpp/cmake)
[1.361s] -- Found rosidl_generator_c: 4.6.5 (/opt/ros/jazzy/share/rosidl_generator_c/cmake)
[1.387s] -- Found rosidl_generator_cpp: 4.6.5 (/opt/ros/jazzy/share/rosidl_generator_cpp/cmake)
[1.415s] -- Using all available rosidl_typesupport_c: rosidl_typesupport_fastrtps_c;rosidl_typesupport_introspection_c
[1.443s] -- Using all available rosidl_typesupport_cpp: rosidl_typesupport_fastrtps_cpp;rosidl_typesupport_introspection_cpp
[1.555s] -- Found rmw_implementation_cmake: 7.3.2 (/opt/ros/jazzy/share/rmw_implementation_cmake/cmake)
[1.560s] -- Found rmw_fastrtps_cpp: 8.4.2 (/opt/ros/jazzy/share/rmw_fastrtps_cpp/cmake)
[1.698s] -- Found OpenSSL: /usr/lib/x86_64-linux-gnu/libcrypto.so (found version "3.0.13")  
[1.727s] -- Found FastRTPS: /opt/ros/jazzy/include (Required is at least version "2.13") 
[1.759s] -- Using RMW implementation 'rmw_fastrtps_cpp' as default
[1.866s] -- Found geometry_msgs: 5.3.6 (/opt/ros/jazzy/share/geometry_msgs/cmake)
[1.915s] -- Looking for gz-sim8 -- found version 8.9.0
[1.924s] -- Searching for dependencies of gz-sim8
[1.927s] -- Looking for sdformat14 -- found version 14.7.0
[1.927s] -- Searching for dependencies of sdformat14
[1.934s] -- Checking for module 'tinyxml2'
[1.958s] --   Found tinyxml2, version 10.0.0
[2.020s] -- Looking for gz-math7 -- found version 7.5.2
[2.021s] -- Searching for dependencies of gz-math7
[2.025s] -- Looking for gz-utils2 -- found version 2.2.1
[2.025s] -- Searching for dependencies of gz-utils2
[2.027s] -- Looking for gz-utils2 -- found version 2.2.1
[2.028s] -- Searching for dependencies of gz-utils2
[2.028s] -- Searching for <gz-utils2> component [cli]
[2.033s] -- Looking for gz-utils2-cli -- found version 2.2.1
[2.033s] -- Searching for dependencies of gz-utils2-cli
[2.039s] -- Looking for gz-plugin2 -- found version 2.0.4
[2.039s] -- Searching for dependencies of gz-plugin2
[2.040s] -- Looking for gz-utils2 -- found version 2.2.1
[2.040s] -- Searching for <gz-plugin2> component [loader]
[2.044s] -- Looking for gz-plugin2-loader -- found version 2.0.4
[2.045s] -- Searching for dependencies of gz-plugin2-loader
[2.045s] -- Searching for <gz-plugin2> component [register]
[2.049s] -- Looking for gz-plugin2-register -- found version 2.0.4
[2.049s] -- Searching for dependencies of gz-plugin2-register
[2.054s] -- Looking for gz-transport13 -- found version 13.4.1
[2.054s] -- Searching for dependencies of gz-transport13
[2.262s] -- Found Protobuf: /usr/lib/x86_64-linux-gnu/libprotobuf.so (found version "3.21.12") 
[2.291s] -- Config-file not installed for ZeroMQ -- checking for pkg-config
[2.300s] -- Checking for module 'libzmq >= 4'
[2.333s] --   Found libzmq, version 4.3.5
[2.410s] -- Found ZeroMQ: TRUE (Required is at least version "4") 
[2.420s] -- Checking for module 'uuid'
[2.450s] --   Found uuid, version 2.39.3
[2.517s] -- Found UUID: TRUE  
[2.517s] -- Looking for gz-utils2 -- found version 2.2.1
[2.523s] -- Looking for gz-msgs10 -- found version 10.3.2
[2.523s] -- Searching for dependencies of gz-msgs10
[2.557s] -- Looking for gz-utils2 -- found version 2.2.1
[2.558s] -- Looking for gz-math7 -- found version 7.5.2
[2.570s] -- Searching for <gz-transport13> component [log]
[2.573s] -- Looking for gz-transport13-log -- found version 13.4.1
[2.573s] -- Searching for dependencies of gz-transport13-log
[2.573s] -- Searching for <gz-transport13> component [parameters]
[2.576s] -- Looking for gz-transport13-parameters -- found version 13.4.1
[2.576s] -- Searching for dependencies of gz-transport13-parameters
[2.578s] -- Looking for gz-msgs10 -- found version 10.3.2
[2.582s] -- Looking for gz-common5 -- found version 5.7.1
[2.582s] -- Searching for dependencies of gz-common5
[2.582s] -- Looking for gz-utils2 -- found version 2.2.1
[2.583s] -- Looking for dlfcn.h - found
[2.585s] -- Looking for libdl - found
[2.587s] -- Found DL: TRUE  
[2.599s] -- Searching for <gz-common5> component [av]
[2.605s] -- Looking for gz-common5-av -- found version 5.7.1
[2.605s] -- Searching for dependencies of gz-common5-av
[2.615s] -- Checking for module 'libswscale'
[2.647s] --   Found libswscale, version 7.5.100
[2.727s] -- Found SWSCALE: TRUE  
[2.735s] -- Checking for module 'libavdevice >= 56.4.100'
[2.763s] --   Found libavdevice, version 60.3.100
[2.865s] -- Found AVDEVICE: TRUE (Required is at least version "56.4.100") 
[2.872s] -- Checking for module 'libavformat'
[2.904s] --   Found libavformat, version 60.16.100
[2.987s] -- Found AVFORMAT: TRUE  
[2.996s] -- Checking for module 'libavcodec'
[3.028s] --   Found libavcodec, version 60.31.102
[3.099s] -- Found AVCODEC: TRUE  
[3.108s] -- Checking for module 'libavutil'
[3.140s] --   Found libavutil, version 58.29.100
[3.213s] -- Found AVUTIL: TRUE  
[3.214s] -- Searching for <gz-common5> component [events]
[3.217s] -- Looking for gz-common5-events -- found version 5.7.1
[3.217s] -- Searching for dependencies of gz-common5-events
[3.218s] -- Looking for gz-math7 -- found version 7.5.2
[3.218s] -- Searching for <gz-common5> component [graphics]
[3.222s] -- Looking for gz-common5-graphics -- found version 5.7.1
[3.222s] -- Searching for dependencies of gz-common5-graphics
[3.222s] -- Looking for gz-math7 -- found version 7.5.2
[3.230s] -- Found GzAssimp: TRUE (found version "5.3.0") 
[3.231s] -- Searching for <gz-common5> component [io]
[3.235s] -- Looking for gz-common5-io -- found version 5.7.1
[3.235s] -- Searching for dependencies of gz-common5-io
[3.235s] -- Searching for <gz-common5> component [profiler]
[3.239s] -- Looking for gz-common5-profiler -- found version 5.7.1
[3.239s] -- Searching for dependencies of gz-common5-profiler
[3.243s] -- Looking for gz-fuel_tools9 -- found version 9.1.1
[3.243s] -- Searching for dependencies of gz-fuel_tools9
[3.400s] -- Found CURL: /usr/lib/x86_64-linux-gnu/libcurl.so (found version "8.5.0")  
[3.418s] -- Checking for module 'jsoncpp'
[3.457s] --   Found jsoncpp, version 1.9.5
[3.535s] -- Found JSONCPP: TRUE  
[3.570s] -- Checking for module 'yaml-0.1'
[3.611s] --   Found yaml-0.1, version 0.2.5
[3.675s] -- Found YAML: TRUE  
[3.684s] -- Checking for module 'libzip'
[3.715s] --   Found libzip, version 1.7.3
[3.781s] -- Found ZIP: TRUE  
[3.781s] -- Looking for gz-utils2 -- found version 2.2.1
[3.782s] -- Looking for gz-common5 -- found version 5.7.1
[3.782s] -- Searching for dependencies of gz-common5
[3.782s] -- Looking for gz-utils2 -- found version 2.2.1
[3.783s] -- Looking for dlfcn.h - found
[3.783s] -- Looking for libdl - found
[3.796s] -- Searching for <gz-common5> component [testing]
[3.802s] -- Looking for gz-common5-testing -- found version 5.7.1
[3.802s] -- Searching for dependencies of gz-common5-testing
[3.804s] -- Looking for gz-math7 -- found version 7.5.2
[3.805s] -- Looking for gz-msgs10 -- found version 10.3.2
[3.808s] -- Looking for gz-gui8 -- found version 8.4.0
[3.808s] -- Searching for dependencies of gz-gui8
[3.868s] -- Looking for gz-utils2 -- found version 2.2.1
[3.868s] -- Looking for gz-math7 -- found version 7.5.2
[3.868s] -- Looking for gz-common5 -- found version 5.7.1
[3.869s] -- Looking for gz-plugin2 -- found version 2.0.4
[3.869s] -- Looking for gz-transport13 -- found version 13.4.1
[3.872s] -- Looking for gz-rendering8 -- found version 8.2.2
[3.872s] -- Searching for dependencies of gz-rendering8
[3.873s] -- Looking for gz-math7 -- found version 7.5.2
[3.873s] -- Searching for dependencies of gz-math7
[3.873s] -- Looking for gz-utils2 -- found version 2.2.1
[3.874s] -- Searching for <gz-math7> component [eigen3]
[3.877s] -- Looking for gz-math7-eigen3 -- found version 7.5.2
[3.877s] -- Searching for dependencies of gz-math7-eigen3
[3.895s] -- Looking for gz-common5 -- found version 5.7.1
[3.895s] -- Searching for dependencies of gz-common5
[3.895s] -- Looking for gz-utils2 -- found version 2.2.1
[3.895s] -- Looking for dlfcn.h - found
[3.895s] -- Looking for libdl - found
[3.906s] -- Searching for <gz-common5> component [graphics]
[3.906s] -- Searching for <gz-common5> component [events]
[3.906s] -- Searching for <gz-common5> component [geospatial]
[3.909s] -- Looking for gz-common5-geospatial -- found version 5.7.1
[3.910s] -- Searching for dependencies of gz-common5-geospatial
[3.911s] -- Looking for gz-math7 -- found version 7.5.2
[3.912s] -- Looking for gz-common5 -- found version 5.7.1
[3.913s] -- Looking for gz-plugin2 -- found version 2.0.4
[3.913s] -- Searching for dependencies of gz-plugin2
[3.914s] -- Looking for gz-utils2 -- found version 2.2.1
[3.914s] -- Searching for <gz-plugin2> component [all]
[3.917s] -- Looking for all libraries of gz-plugin2 -- found version 2.0.4
[3.918s] -- Looking for gz-plugin2 -- found version 2.0.4
[3.919s] -- Looking for gz-utils2 -- found version 2.2.1
[3.937s] -- Found OpenGL: /usr/lib/x86_64-linux-gnu/libOpenGL.so  found components: OpenGL 
[3.939s] -- Looking for gz-msgs10 -- found version 10.3.2
[3.977s] -- Looking for gz-physics7 -- found version 7.5.0
[3.977s] -- Searching for dependencies of gz-physics7
[3.978s] -- Looking for gz-common5 -- found version 5.7.1
[3.978s] -- Looking for gz-math7 -- found version 7.5.2
[3.979s] -- Looking for gz-plugin2 -- found version 2.0.4
[3.979s] -- Looking for gz-utils2 -- found version 2.2.1
[3.981s] -- Searching for <gz-physics7> component [heightmap]
[3.983s] -- Looking for gz-physics7-heightmap -- found version 7.5.0
[3.983s] -- Searching for dependencies of gz-physics7-heightmap
[3.984s] -- Looking for gz-common5 -- found version 5.7.1
[3.984s] -- Searching for <gz-physics7> component [mesh]
[3.986s] -- Looking for gz-physics7-mesh -- found version 7.5.0
[3.986s] -- Searching for dependencies of gz-physics7-mesh
[3.987s] -- Looking for gz-common5 -- found version 5.7.1
[3.988s] -- Searching for <gz-physics7> component [sdf]
[3.990s] -- Looking for gz-physics7-sdf -- found version 7.5.0
[3.990s] -- Searching for dependencies of gz-physics7-sdf
[3.990s] -- Looking for sdformat14 -- found version 14.7.0
[3.993s] -- Looking for gz-sensors8 -- found version 8.2.2
[3.993s] -- Searching for dependencies of gz-sensors8
[4.034s] -- Looking for gz-math7 -- found version 7.5.2
[4.034s] -- Looking for gz-common5 -- found version 5.7.1
[4.035s] -- Looking for gz-transport13 -- found version 13.4.1
[4.035s] -- Looking for gz-rendering8 -- found version 8.2.2
[4.036s] -- Looking for gz-msgs10 -- found version 10.3.2
[4.036s] -- Looking for sdformat14 -- found version 14.7.0
[4.037s] -- Searching for <gz-sensors8> component [air_pressure]
[4.039s] -- Looking for gz-sensors8-air_pressure -- found version 8.2.2
[4.039s] -- Searching for dependencies of gz-sensors8-air_pressure
[4.040s] -- Searching for <gz-sensors8> component [air_speed]
[4.042s] -- Looking for gz-sensors8-air_speed -- found version 8.2.2
[4.042s] -- Searching for dependencies of gz-sensors8-air_speed
[4.043s] -- Searching for <gz-sensors8> component [altimeter]
[4.045s] -- Looking for gz-sensors8-altimeter -- found version 8.2.2
[4.045s] -- Searching for dependencies of gz-sensors8-altimeter
[4.045s] -- Searching for <gz-sensors8> component [imu]
[4.047s] -- Looking for gz-sensors8-imu -- found version 8.2.2
[4.047s] -- Searching for dependencies of gz-sensors8-imu
[4.048s] -- Searching for <gz-sensors8> component [force_torque]
[4.050s] -- Looking for gz-sensors8-force_torque -- found version 8.2.2
[4.050s] -- Searching for dependencies of gz-sensors8-force_torque
[4.051s] -- Searching for <gz-sensors8> component [logical_camera]
[4.053s] -- Looking for gz-sensors8-logical_camera -- found version 8.2.2
[4.053s] -- Searching for dependencies of gz-sensors8-logical_camera
[4.054s] -- Searching for <gz-sensors8> component [magnetometer]
[4.056s] -- Looking for gz-sensors8-magnetometer -- found version 8.2.2
[4.056s] -- Searching for dependencies of gz-sensors8-magnetometer
[4.057s] -- Searching for <gz-sensors8> component [navsat]
[4.059s] -- Looking for gz-sensors8-navsat -- found version 8.2.2
[4.059s] -- Searching for dependencies of gz-sensors8-navsat
[4.060s] -- Searching for <gz-sensors8> component [dvl]
[4.062s] -- Looking for gz-sensors8-dvl -- found version 8.2.2
[4.062s] -- Searching for dependencies of gz-sensors8-dvl
[4.063s] -- Looking for gz-sensors8 -- found version 8.2.2
[4.063s] -- Searching for dependencies of gz-sensors8
[4.096s] -- Looking for gz-math7 -- found version 7.5.2
[4.096s] -- Looking for gz-common5 -- found version 5.7.1
[4.097s] -- Looking for gz-transport13 -- found version 13.4.1
[4.098s] -- Looking for gz-rendering8 -- found version 8.2.2
[4.099s] -- Looking for gz-msgs10 -- found version 10.3.2
[4.100s] -- Looking for sdformat14 -- found version 14.7.0
[4.100s] -- Searching for <gz-sensors8> component [rendering]
[4.103s] -- Looking for gz-sensors8-rendering -- found version 8.2.2
[4.103s] -- Searching for dependencies of gz-sensors8-rendering
[4.106s] -- Searching for <gz-sensors8> component [rendering]
[4.106s] -- Searching for <gz-sensors8> component [lidar]
[4.110s] -- Looking for gz-sensors8-lidar -- found version 8.2.2
[4.110s] -- Searching for dependencies of gz-sensors8-lidar
[4.111s] -- Looking for gz-sensors8 -- found version 8.2.2
[4.112s] -- Searching for <gz-sensors8> component [gpu_lidar]
[4.115s] -- Looking for gz-sensors8-gpu_lidar -- found version 8.2.2
[4.115s] -- Searching for dependencies of gz-sensors8-gpu_lidar
[4.116s] -- Looking for gz-sensors8 -- found version 8.2.2
[4.117s] -- Searching for <gz-sensors8> component [camera]
[4.120s] -- Looking for gz-sensors8-camera -- found version 8.2.2
[4.120s] -- Searching for dependencies of gz-sensors8-camera
[4.121s] -- Looking for gz-sensors8 -- found version 8.2.2
[4.122s] -- Searching for <gz-sensors8> component [boundingbox_camera]
[4.126s] -- Looking for gz-sensors8-boundingbox_camera -- found version 8.2.2
[4.126s] -- Searching for dependencies of gz-sensors8-boundingbox_camera
[4.127s] -- Searching for <gz-sensors8> component [segmentation_camera]
[4.130s] -- Looking for gz-sensors8-segmentation_camera -- found version 8.2.2
[4.130s] -- Searching for dependencies of gz-sensors8-segmentation_camera
[4.131s] -- Searching for <gz-sensors8> component [depth_camera]
[4.134s] -- Looking for gz-sensors8-depth_camera -- found version 8.2.2
[4.134s] -- Searching for dependencies of gz-sensors8-depth_camera
[4.135s] -- Looking for gz-sensors8 -- found version 8.2.2
[4.136s] -- Searching for <gz-sensors8> component [rgbd_camera]
[4.139s] -- Looking for gz-sensors8-rgbd_camera -- found version 8.2.2
[4.140s] -- Searching for dependencies of gz-sensors8-rgbd_camera
[4.140s] -- Looking for gz-sensors8 -- found version 8.2.2
[4.141s] -- Searching for <gz-sensors8> component [thermal_camera]
[4.144s] -- Looking for gz-sensors8-thermal_camera -- found version 8.2.2
[4.144s] -- Searching for dependencies of gz-sensors8-thermal_camera
[4.145s] -- Looking for gz-sensors8 -- found version 8.2.2
[4.146s] -- Searching for <gz-sensors8> component [wide_angle_camera]
[4.148s] -- Looking for gz-sensors8-wide_angle_camera -- found version 8.2.2
[4.149s] -- Searching for dependencies of gz-sensors8-wide_angle_camera
[4.150s] -- Looking for gz-rendering8 -- found version 8.2.2
[4.151s] -- Looking for gz-math7 -- found version 7.5.2
[4.152s] -- Looking for gz-utils2 -- found version 2.2.1
[4.195s] -- Looking for gz-plugin2 -- found version 2.0.4
[4.195s] -- Looking for gz-math7 -- found version 7.5.2
[4.206s] -- Found ament_lint_auto: 0.17.2 (/opt/ros/jazzy/share/ament_lint_auto/cmake)
[4.383s] -- Added test 'cppcheck' to perform static code analysis on C / C++ code
[4.384s] -- Configured cppcheck include dirs: 
[4.384s] -- Configured cppcheck exclude dirs and/or files: 
[4.385s] -- Added test 'flake8' to check Python code syntax and style conventions
[4.385s] -- Configured 'flake8' exclude dirs and/or files: 
[4.387s] -- Added test 'lint_cmake' to check CMake code style
[4.389s] -- Added test 'pep257' to check Python code against some of the docstring style conventions in PEP 257
[4.394s] -- Added test 'uncrustify' to check C / C++ code style
[4.394s] -- Configured uncrustify additional arguments: 
[4.396s] -- Added test 'xmllint' to check XML markup files
[4.400s] -- Configuring done (4.4s)
[4.442s] -- Generating done (0.0s)
[4.450s] -- Build files have been written to: /home/sangregorioquimpo/auve2_ws/build/auv_description
[4.468s] Invoked command in '/home/sangregorioquimpo/auve2_ws/build/auv_description' returned '0': CMAKE_PREFIX_PATH=${CMAKE_PREFIX_PATH}:/opt/ros/jazzy DEBUGINFOD_URLS=https://debuginfod.ubuntu.com /usr/bin/cmake /home/sangregorioquimpo/auve2_ws/src/auv_description -DCMAKE_INSTALL_PREFIX=/home/sangregorioquimpo/auve2_ws/install/auv_description
[4.469s] Invoking command in '/home/sangregorioquimpo/auve2_ws/build/auv_description': CMAKE_PREFIX_PATH=${CMAKE_PREFIX_PATH}:/opt/ros/jazzy DEBUGINFOD_URLS=https://debuginfod.ubuntu.com /usr/bin/cmake --build /home/sangregorioquimpo/auve2_ws/build/auv_description -- -j16 -l16
[4.551s] [ 25%] [32mBuilding CXX object CMakeFiles/simple_buoyancy.dir/src/simple_buoyancy.cc.o[0m
[4.552s] [ 50%] [32mBuilding CXX object CMakeFiles/wasd_body_thrust_plugin.dir/src/wasd_body_thrust_plugin.cpp.o[0m
[6.753s] [01m[K/home/sangregorioquimpo/auve2_ws/src/auv_description/src/simple_buoyancy.cc:[m[K In member function ‘[01m[Kvirtual void gz::sim::v8::systems::SimpleBuoyancy::[01;32m[KPreUpdate[m[K(const gz::sim::v8::UpdateInfo&, gz::sim::v8::EntityComponentManager&)[m[K’:
[6.753s] [01m[K/home/sangregorioquimpo/auve2_ws/src/auv_description/src/simple_buoyancy.cc:87:16:[m[K [01;35m[Kwarning: [m[Kunused variable ‘[01m[Km[m[K’ [[01;35m[K]8;;https://gcc.gnu.org/onlinedocs/gcc/Warning-Options.html#index-Wunused-variable-Wunused-variable]8;;[m[K]
[6.754s]    87 |   const double [01;35m[Km[m[K = inertial->Data().MassMatrix().Mass();
[6.754s]       |                [01;35m[K^[m[K
[8.350s] [ 75%] [32m[1mLinking CXX shared library libsimple_buoyancy.so[0m
[8.575s] [ 75%] Built target simple_buoyancy
[12.257s] [100%] [32m[1mLinking CXX shared library libwasd_body_thrust_plugin.so[0m
[12.541s] [100%] Built target wasd_body_thrust_plugin
[12.550s] Invoked command in '/home/sangregorioquimpo/auve2_ws/build/auv_description' returned '0': CMAKE_PREFIX_PATH=${CMAKE_PREFIX_PATH}:/opt/ros/jazzy DEBUGINFOD_URLS=https://debuginfod.ubuntu.com /usr/bin/cmake --build /home/sangregorioquimpo/auve2_ws/build/auv_description -- -j16 -l16
[12.560s] Invoking command in '/home/sangregorioquimpo/auve2_ws/build/auv_description': CMAKE_PREFIX_PATH=${CMAKE_PREFIX_PATH}:/opt/ros/jazzy DEBUGINFOD_URLS=https://debuginfod.ubuntu.com /usr/bin/cmake --install /home/sangregorioquimpo/auve2_ws/build/auv_description
[12.568s] -- Install configuration: ""
[12.568s] -- Installing: /home/sangregorioquimpo/auve2_ws/install/auv_description/lib/libwasd_body_thrust_plugin.so
[12.573s] -- Set non-toolchain portion of runtime path of "/home/sangregorioquimpo/auve2_ws/install/auv_description/lib/libwasd_body_thrust_plugin.so" to ""
[12.573s] -- Installing: /home/sangregorioquimpo/auve2_ws/install/auv_description/lib/libsimple_buoyancy.so
[12.574s] -- Set non-toolchain portion of runtime path of "/home/sangregorioquimpo/auve2_ws/install/auv_description/lib/libsimple_buoyancy.so" to ""
[12.574s] -- Installing: /home/sangregorioquimpo/auve2_ws/install/auv_description/lib/auv_description/wasd_teleop.py
[12.574s] -- Installing: /home/sangregorioquimpo/auve2_ws/install/auv_description/share/auv_description/urdf
[12.575s] -- Installing: /home/sangregorioquimpo/auve2_ws/install/auv_description/share/auv_description/urdf/cube
[12.575s] -- Installing: /home/sangregorioquimpo/auve2_ws/install/auv_description/share/auv_description/urdf/cube/cube_link.xacro
[12.575s] -- Installing: /home/sangregorioquimpo/auve2_ws/install/auv_description/share/auv_description/urdf/cube/auv.urdf
[12.575s] -- Installing: /home/sangregorioquimpo/auve2_ws/install/auv_description/share/auv_description/urdf/cube/camera_module.xacro
[12.575s] -- Installing: /home/sangregorioquimpo/auve2_ws/install/auv_description/share/auv_description/urdf/cube/cube.urdf
[12.575s] -- Installing: /home/sangregorioquimpo/auve2_ws/install/auv_description/share/auv_description/urdf/cube/plugins.xacro
[12.575s] -- Installing: /home/sangregorioquimpo/auve2_ws/install/auv_description/share/auv_description/urdf/cube/lidar3d_module.xacro
[12.575s] -- Installing: /home/sangregorioquimpo/auve2_ws/install/auv_description/share/auv_description/urdf/guppy
[12.575s] -- Installing: /home/sangregorioquimpo/auve2_ws/install/auv_description/share/auv_description/urdf/guppy/guppytest1.urdf
[12.575s] -- Installing: /home/sangregorioquimpo/auve2_ws/install/auv_description/share/auv_description/urdf/guppy/guppytest1.csv
[12.575s] -- Installing: /home/sangregorioquimpo/auve2_ws/install/auv_description/share/auv_description/urdf/guppy/guppytest1.urdf.bak
[12.575s] -- Installing: /home/sangregorioquimpo/auve2_ws/install/auv_description/share/auv_description/urdf/guppy/plugins.xacro
[12.575s] -- Installing: /home/sangregorioquimpo/auve2_ws/install/auv_description/share/auv_description/meshes
[12.575s] -- Installing: /home/sangregorioquimpo/auve2_ws/install/auv_description/share/auv_description/meshes/thruster3C_link.STL
[12.587s] -- Installing: /home/sangregorioquimpo/auve2_ws/install/auv_description/share/auv_description/meshes/thruster2M_link.STL
[12.599s] -- Installing: /home/sangregorioquimpo/auve2_ws/install/auv_description/share/auv_description/meshes/thruster0M_link.STL
[12.611s] -- Installing: /home/sangregorioquimpo/auve2_ws/install/auv_description/share/auv_description/meshes/thruster0C_link.STL
[12.623s] -- Installing: /home/sangregorioquimpo/auve2_ws/install/auv_description/share/auv_description/meshes/thruster2C_link.STL
[12.637s] -- Installing: /home/sangregorioquimpo/auve2_ws/install/auv_description/share/auv_description/meshes/base_link.STL
[12.648s] -- Installing: /home/sangregorioquimpo/auve2_ws/install/auv_description/share/auv_description/meshes/thruster3M_link.STL
[12.661s] -- Installing: /home/sangregorioquimpo/auve2_ws/install/auv_description/share/auv_description/meshes/thruster1M_link.STL
[12.674s] -- Installing: /home/sangregorioquimpo/auve2_ws/install/auv_description/share/auv_description/meshes/thruster1C_link.STL
[12.686s] -- Installing: /home/sangregorioquimpo/auve2_ws/install/auv_description/share/auv_description/launch
[12.686s] -- Installing: /home/sangregorioquimpo/auve2_ws/install/auv_description/share/auv_description/launch/cube_thrust_test_water.launch.py
[12.686s] -- Installing: /home/sangregorioquimpo/auve2_ws/install/auv_description/share/auv_description/launch/cube_thrust_test.launch.py
[12.686s] -- Installing: /home/sangregorioquimpo/auve2_ws/install/auv_description/share/auv_description/launch/guppy_display.launch.py
[12.687s] -- Installing: /home/sangregorioquimpo/auve2_ws/install/auv_description/share/auv_description/launch/cube_thrust_test_water_camera.launch.py
[12.687s] -- Installing: /home/sangregorioquimpo/auve2_ws/install/auv_description/share/auv_description/launch/testing.launch.py
[12.687s] -- Installing: /home/sangregorioquimpo/auve2_ws/install/auv_description/share/auv_description/launch/view_lidar.launch.py
[12.687s] -- Installing: /home/sangregorioquimpo/auve2_ws/install/auv_description/share/auv_description/worlds
[12.687s] -- Installing: /home/sangregorioquimpo/auve2_ws/install/auv_description/share/auv_description/worlds/test_world.sdf
[12.687s] -- Installing: /home/sangregorioquimpo/auve2_ws/install/auv_description/share/auv_description/worlds/water_world.sdf
[12.687s] -- Installing: /home/sangregorioquimpo/auve2_ws/install/auv_description/share/auv_description/environment/library_path.sh
[12.687s] -- Installing: /home/sangregorioquimpo/auve2_ws/install/auv_description/share/auv_description/environment/library_path.dsv
[12.687s] -- Installing: /home/sangregorioquimpo/auve2_ws/install/auv_description/share/ament_index/resource_index/package_run_dependencies/auv_description
[12.687s] -- Installing: /home/sangregorioquimpo/auve2_ws/install/auv_description/share/ament_index/resource_index/parent_prefix_path/auv_description
[12.688s] -- Installing: /home/sangregorioquimpo/auve2_ws/install/auv_description/share/auv_description/environment/ament_prefix_path.sh
[12.688s] -- Installing: /home/sangregorioquimpo/auve2_ws/install/auv_description/share/auv_description/environment/ament_prefix_path.dsv
[12.688s] -- Installing: /home/sangregorioquimpo/auve2_ws/install/auv_description/share/auv_description/environment/path.sh
[12.688s] -- Installing: /home/sangregorioquimpo/auve2_ws/install/auv_description/share/auv_description/environment/path.dsv
[12.688s] -- Installing: /home/sangregorioquimpo/auve2_ws/install/auv_description/share/auv_description/local_setup.bash
[12.688s] -- Installing: /home/sangregorioquimpo/auve2_ws/install/auv_description/share/auv_description/local_setup.sh
[12.688s] -- Installing: /home/sangregorioquimpo/auve2_ws/install/auv_description/share/auv_description/local_setup.zsh
[12.688s] -- Installing: /home/sangregorioquimpo/auve2_ws/install/auv_description/share/auv_description/local_setup.dsv
[12.688s] -- Installing: /home/sangregorioquimpo/auve2_ws/install/auv_description/share/auv_description/package.dsv
[12.688s] -- Installing: /home/sangregorioquimpo/auve2_ws/install/auv_description/share/ament_index/resource_index/packages/auv_description
[12.688s] -- Installing: /home/sangregorioquimpo/auve2_ws/install/auv_description/share/auv_description/cmake/wasd_body_thrust_pluginTargetsExport.cmake
[12.688s] -- Installing: /home/sangregorioquimpo/auve2_ws/install/auv_description/share/auv_description/cmake/wasd_body_thrust_pluginTargetsExport-noconfig.cmake
[12.688s] -- Installing: /home/sangregorioquimpo/auve2_ws/install/auv_description/share/auv_description/cmake/simple_buoyancyTargetsExport.cmake
[12.688s] -- Installing: /home/sangregorioquimpo/auve2_ws/install/auv_description/share/auv_description/cmake/simple_buoyancyTargetsExport-noconfig.cmake
[12.688s] -- Installing: /home/sangregorioquimpo/auve2_ws/install/auv_description/share/auv_description/cmake/ament_cmake_export_targets-extras.cmake
[12.688s] -- Installing: /home/sangregorioquimpo/auve2_ws/install/auv_description/share/auv_description/cmake/ament_cmake_export_libraries-extras.cmake
[12.688s] -- Installing: /home/sangregorioquimpo/auve2_ws/install/auv_description/share/auv_description/cmake/auv_descriptionConfig.cmake
[12.688s] -- Installing: /home/sangregorioquimpo/auve2_ws/install/auv_description/share/auv_description/cmake/auv_descriptionConfig-version.cmake
[12.688s] -- Installing: /home/sangregorioquimpo/auve2_ws/install/auv_description/share/auv_description/package.xml
[12.690s] Invoked command in '/home/sangregorioquimpo/auve2_ws/build/auv_description' returned '0': CMAKE_PREFIX_PATH=${CMAKE_PREFIX_PATH}:/opt/ros/jazzy DEBUGINFOD_URLS=https://debuginfod.ubuntu.com /usr/bin/cmake --install /home/sangregorioquimpo/auve2_ws/build/auv_description
