[0.063s] DEBUG:colcon:Command line arguments: ['/usr/bin/colcon', 'build', '--symlink-install']
[0.063s] DEBUG:colcon:Parsed command line arguments: Namespace(log_base=None, log_level=None, verb_name='build', build_base='build', install_base='install', merge_install=False, symlink_install=True, test_result_base=None, continue_on_error=False, executor='parallel', parallel_workers=16, event_handlers=None, ignore_user_meta=False, metas=['./colcon.meta'], base_paths=['.'], packages_ignore=None, packages_ignore_regex=None, paths=None, packages_up_to=None, packages_up_to_regex=None, packages_above=None, packages_above_and_dependencies=None, packages_above_depth=None, packages_select_by_dep=None, packages_skip_by_dep=None, packages_skip_up_to=None, packages_select_build_failed=False, packages_skip_build_finished=False, packages_select_test_failures=False, packages_skip_test_passed=False, packages_select=None, packages_skip=None, packages_select_regex=None, packages_skip_regex=None, packages_start=None, packages_end=None, allow_overriding=[], cmake_args=None, cmake_target=None, cmake_target_skip_unavailable=False, cmake_clean_cache=False, cmake_clean_first=False, cmake_force_configure=False, ament_cmake_args=None, catkin_cmake_args=None, catkin_skip_building_tests=False, mixin_files=None, mixin=None, verb_parser=<colcon_mixin.mixin.mixin_argument.MixinArgumentDecorator object at 0x7dc73635f350>, verb_extension=<colcon_core.verb.build.BuildVerb object at 0x7dc73652af90>, main=<bound method BuildVerb.main of <colcon_core.verb.build.BuildVerb object at 0x7dc73652af90>>, mixin_verb=('build',))
[0.083s] Level 1:colcon.colcon_core.package_discovery:discover_packages(colcon_meta) check parameters
[0.084s] Level 1:colcon.colcon_core.package_discovery:discover_packages(recursive) check parameters
[0.084s] Level 1:colcon.colcon_core.package_discovery:discover_packages(ignore) check parameters
[0.084s] Level 1:colcon.colcon_core.package_discovery:discover_packages(path) check parameters
[0.084s] Level 1:colcon.colcon_core.package_discovery:discover_packages(colcon_meta) discover
[0.084s] Level 1:colcon.colcon_core.package_discovery:discover_packages(recursive) discover
[0.084s] INFO:colcon.colcon_core.package_discovery:Crawling recursively for packages in '/home/sangregorioquimpo/auve2_ws'
[0.084s] Level 1:colcon.colcon_core.package_identification:_identify(.) by extensions ['ignore', 'ignore_ament_install']
[0.084s] Level 1:colcon.colcon_core.package_identification:_identify(.) by extension 'ignore'
[0.084s] Level 1:colcon.colcon_core.package_identification:_identify(.) by extension 'ignore_ament_install'
[0.084s] Level 1:colcon.colcon_core.package_identification:_identify(.) by extensions ['colcon_pkg']
[0.084s] Level 1:colcon.colcon_core.package_identification:_identify(.) by extension 'colcon_pkg'
[0.084s] Level 1:colcon.colcon_core.package_identification:_identify(.) by extensions ['colcon_meta']
[0.084s] Level 1:colcon.colcon_core.package_identification:_identify(.) by extension 'colcon_meta'
[0.084s] Level 1:colcon.colcon_core.package_identification:_identify(.) by extensions ['ros']
[0.084s] Level 1:colcon.colcon_core.package_identification:_identify(.) by extension 'ros'
[0.098s] Level 1:colcon.colcon_core.package_identification:_identify(.) by extensions ['cmake', 'python']
[0.098s] Level 1:colcon.colcon_core.package_identification:_identify(.) by extension 'cmake'
[0.098s] Level 1:colcon.colcon_core.package_identification:_identify(.) by extension 'python'
[0.098s] Level 1:colcon.colcon_core.package_identification:_identify(.) by extensions ['python_setup_py']
[0.098s] Level 1:colcon.colcon_core.package_identification:_identify(.) by extension 'python_setup_py'
[0.098s] Level 1:colcon.colcon_core.package_identification:_identify(build) by extensions ['ignore', 'ignore_ament_install']
[0.098s] Level 1:colcon.colcon_core.package_identification:_identify(build) by extension 'ignore'
[0.098s] Level 1:colcon.colcon_core.package_identification:_identify(build) ignored
[0.098s] Level 1:colcon.colcon_core.package_identification:_identify(install) by extensions ['ignore', 'ignore_ament_install']
[0.098s] Level 1:colcon.colcon_core.package_identification:_identify(install) by extension 'ignore'
[0.098s] Level 1:colcon.colcon_core.package_identification:_identify(install) ignored
[0.098s] Level 1:colcon.colcon_core.package_identification:_identify(log) by extensions ['ignore', 'ignore_ament_install']
[0.098s] Level 1:colcon.colcon_core.package_identification:_identify(log) by extension 'ignore'
[0.098s] Level 1:colcon.colcon_core.package_identification:_identify(log) ignored
[0.098s] Level 1:colcon.colcon_core.package_identification:_identify(src) by extensions ['ignore', 'ignore_ament_install']
[0.098s] Level 1:colcon.colcon_core.package_identification:_identify(src) by extension 'ignore'
[0.098s] Level 1:colcon.colcon_core.package_identification:_identify(src) by extension 'ignore_ament_install'
[0.098s] Level 1:colcon.colcon_core.package_identification:_identify(src) by extensions ['colcon_pkg']
[0.098s] Level 1:colcon.colcon_core.package_identification:_identify(src) by extension 'colcon_pkg'
[0.098s] Level 1:colcon.colcon_core.package_identification:_identify(src) by extensions ['colcon_meta']
[0.098s] Level 1:colcon.colcon_core.package_identification:_identify(src) by extension 'colcon_meta'
[0.098s] Level 1:colcon.colcon_core.package_identification:_identify(src) by extensions ['ros']
[0.098s] Level 1:colcon.colcon_core.package_identification:_identify(src) by extension 'ros'
[0.098s] Level 1:colcon.colcon_core.package_identification:_identify(src) by extensions ['cmake', 'python']
[0.098s] Level 1:colcon.colcon_core.package_identification:_identify(src) by extension 'cmake'
[0.098s] Level 1:colcon.colcon_core.package_identification:_identify(src) by extension 'python'
[0.098s] Level 1:colcon.colcon_core.package_identification:_identify(src) by extensions ['python_setup_py']
[0.098s] Level 1:colcon.colcon_core.package_identification:_identify(src) by extension 'python_setup_py'
[0.098s] Level 1:colcon.colcon_core.package_identification:_identify(src/auv_description) by extensions ['ignore', 'ignore_ament_install']
[0.099s] Level 1:colcon.colcon_core.package_identification:_identify(src/auv_description) by extension 'ignore'
[0.099s] Level 1:colcon.colcon_core.package_identification:_identify(src/auv_description) by extension 'ignore_ament_install'
[0.099s] Level 1:colcon.colcon_core.package_identification:_identify(src/auv_description) by extensions ['colcon_pkg']
[0.099s] Level 1:colcon.colcon_core.package_identification:_identify(src/auv_description) by extension 'colcon_pkg'
[0.099s] Level 1:colcon.colcon_core.package_identification:_identify(src/auv_description) by extensions ['colcon_meta']
[0.099s] Level 1:colcon.colcon_core.package_identification:_identify(src/auv_description) by extension 'colcon_meta'
[0.099s] Level 1:colcon.colcon_core.package_identification:_identify(src/auv_description) by extensions ['ros']
[0.099s] Level 1:colcon.colcon_core.package_identification:_identify(src/auv_description) by extension 'ros'
[0.100s] DEBUG:colcon.colcon_core.package_identification:Package 'src/auv_description' with type 'ros.ament_cmake' and name 'auv_description'
[0.100s] Level 1:colcon.colcon_core.package_discovery:discover_packages(recursive) using defaults
[0.100s] Level 1:colcon.colcon_core.package_discovery:discover_packages(ignore) discover
[0.100s] Level 1:colcon.colcon_core.package_discovery:discover_packages(ignore) using defaults
[0.100s] Level 1:colcon.colcon_core.package_discovery:discover_packages(path) discover
[0.100s] Level 1:colcon.colcon_core.package_discovery:discover_packages(path) using defaults
[0.109s] Level 1:colcon.colcon_core.package_discovery:discover_packages(prefix_path) check parameters
[0.109s] Level 1:colcon.colcon_core.package_discovery:discover_packages(prefix_path) discover
[0.110s] DEBUG:colcon.colcon_installed_package_information.package_discovery:Found 2 installed packages in /home/sangregorioquimpo/auve2_ws/install
[0.110s] DEBUG:colcon.colcon_installed_package_information.package_discovery:Found 3 installed packages in /home/sangregorioquimpo/sast_ws/install
[0.110s] DEBUG:colcon.colcon_installed_package_information.package_discovery:Found 2 installed packages in /home/sangregorioquimpo/auv_ws/install
[0.110s] DEBUG:colcon.colcon_installed_package_information.package_discovery:Found 1 installed packages in /home/sangregorioquimpo/ackermann_ws/install
[0.112s] DEBUG:colcon.colcon_installed_package_information.package_discovery:Found 370 installed packages in /opt/ros/jazzy
[0.112s] Level 1:colcon.colcon_core.package_discovery:discover_packages(prefix_path) using defaults
[0.137s] Level 5:colcon.colcon_core.verb:set package 'auv_description' build argument 'cmake_args' from command line to 'None'
[0.137s] Level 5:colcon.colcon_core.verb:set package 'auv_description' build argument 'cmake_target' from command line to 'None'
[0.137s] Level 5:colcon.colcon_core.verb:set package 'auv_description' build argument 'cmake_target_skip_unavailable' from command line to 'False'
[0.137s] Level 5:colcon.colcon_core.verb:set package 'auv_description' build argument 'cmake_clean_cache' from command line to 'False'
[0.137s] Level 5:colcon.colcon_core.verb:set package 'auv_description' build argument 'cmake_clean_first' from command line to 'False'
[0.137s] Level 5:colcon.colcon_core.verb:set package 'auv_description' build argument 'cmake_force_configure' from command line to 'False'
[0.137s] Level 5:colcon.colcon_core.verb:set package 'auv_description' build argument 'ament_cmake_args' from command line to 'None'
[0.137s] Level 5:colcon.colcon_core.verb:set package 'auv_description' build argument 'catkin_cmake_args' from command line to 'None'
[0.137s] Level 5:colcon.colcon_core.verb:set package 'auv_description' build argument 'catkin_skip_building_tests' from command line to 'False'
[0.137s] DEBUG:colcon.colcon_core.verb:Building package 'auv_description' with the following arguments: {'ament_cmake_args': None, 'build_base': '/home/sangregorioquimpo/auve2_ws/build/auv_description', 'catkin_cmake_args': None, 'catkin_skip_building_tests': False, 'cmake_args': None, 'cmake_clean_cache': False, 'cmake_clean_first': False, 'cmake_force_configure': False, 'cmake_target': None, 'cmake_target_skip_unavailable': False, 'install_base': '/home/sangregorioquimpo/auve2_ws/install/auv_description', 'merge_install': False, 'path': '/home/sangregorioquimpo/auve2_ws/src/auv_description', 'symlink_install': True, 'test_result_base': None}
[0.137s] INFO:colcon.colcon_core.executor:Executing jobs using 'parallel' executor
[0.138s] DEBUG:colcon.colcon_parallel_executor.executor.parallel:run_until_complete
[0.138s] INFO:colcon.colcon_ros.task.ament_cmake.build:Building ROS package in '/home/sangregorioquimpo/auve2_ws/src/auv_description' with build type 'ament_cmake'
[0.138s] INFO:colcon.colcon_cmake.task.cmake.build:Building CMake package in '/home/sangregorioquimpo/auve2_ws/src/auv_description'
[0.140s] INFO:colcon.colcon_core.plugin_system:Skipping extension 'colcon_core.shell.bat': Not used on non-Windows systems
[0.141s] INFO:colcon.colcon_core.shell:Skip shell extension 'powershell' for command environment: Not usable outside of PowerShell
[0.141s] DEBUG:colcon.colcon_core.shell:Skip shell extension 'dsv' for command environment
[0.151s] DEBUG:colcon.colcon_core.event_handler.log_command:Invoking command in '/home/sangregorioquimpo/auve2_ws/build/auv_description': CMAKE_PREFIX_PATH=${CMAKE_PREFIX_PATH}:/opt/ros/jazzy DEBUGINFOD_URLS=https://debuginfod.ubuntu.com PS1=(.venv) \[\e]0;\u@\h: \w\a\]${debian_chroot:+($debian_chroot)}\[\033[01;32m\]\u@\h\[\033[00m\]:\[\033[01;34m\]\w\[\033[00m\]\$ VIRTUAL_ENV_PROMPT=(.venv) /usr/bin/cmake --build /home/sangregorioquimpo/auve2_ws/build/auv_description -- -j16 -l16
[9.045s] DEBUG:colcon.colcon_core.event_handler.log_command:Invoked command in '/home/sangregorioquimpo/auve2_ws/build/auv_description' returned '0': CMAKE_PREFIX_PATH=${CMAKE_PREFIX_PATH}:/opt/ros/jazzy DEBUGINFOD_URLS=https://debuginfod.ubuntu.com PS1=(.venv) \[\e]0;\u@\h: \w\a\]${debian_chroot:+($debian_chroot)}\[\033[01;32m\]\u@\h\[\033[00m\]:\[\033[01;34m\]\w\[\033[00m\]\$ VIRTUAL_ENV_PROMPT=(.venv) /usr/bin/cmake --build /home/sangregorioquimpo/auve2_ws/build/auv_description -- -j16 -l16
[9.055s] DEBUG:colcon.colcon_core.event_handler.log_command:Invoking command in '/home/sangregorioquimpo/auve2_ws/build/auv_description': CMAKE_PREFIX_PATH=${CMAKE_PREFIX_PATH}:/opt/ros/jazzy DEBUGINFOD_URLS=https://debuginfod.ubuntu.com PS1=(.venv) \[\e]0;\u@\h: \w\a\]${debian_chroot:+($debian_chroot)}\[\033[01;32m\]\u@\h\[\033[00m\]:\[\033[01;34m\]\w\[\033[00m\]\$ VIRTUAL_ENV_PROMPT=(.venv) /usr/bin/cmake --install /home/sangregorioquimpo/auve2_ws/build/auv_description
[9.076s] Level 1:colcon.colcon_core.environment:create_environment_scripts_only(auv_description)
[9.076s] DEBUG:colcon.colcon_core.event_handler.log_command:Invoked command in '/home/sangregorioquimpo/auve2_ws/build/auv_description' returned '0': CMAKE_PREFIX_PATH=${CMAKE_PREFIX_PATH}:/opt/ros/jazzy DEBUGINFOD_URLS=https://debuginfod.ubuntu.com PS1=(.venv) \[\e]0;\u@\h: \w\a\]${debian_chroot:+($debian_chroot)}\[\033[01;32m\]\u@\h\[\033[00m\]:\[\033[01;34m\]\w\[\033[00m\]\$ VIRTUAL_ENV_PROMPT=(.venv) /usr/bin/cmake --install /home/sangregorioquimpo/auve2_ws/build/auv_description
[9.078s] Level 1:colcon.colcon_core.environment:checking '/home/sangregorioquimpo/auve2_ws/install/auv_description' for CMake module files
[9.078s] Level 1:colcon.colcon_core.environment:checking '/home/sangregorioquimpo/auve2_ws/install/auv_description' for CMake config files
[9.078s] Level 1:colcon.colcon_core.shell:create_environment_hook('auv_description', 'cmake_prefix_path')
[9.079s] INFO:colcon.colcon_core.shell:Creating environment hook '/home/sangregorioquimpo/auve2_ws/install/auv_description/share/auv_description/hook/cmake_prefix_path.ps1'
[9.079s] INFO:colcon.colcon_core.shell:Creating environment descriptor '/home/sangregorioquimpo/auve2_ws/install/auv_description/share/auv_description/hook/cmake_prefix_path.dsv'
[9.079s] INFO:colcon.colcon_core.shell:Creating environment hook '/home/sangregorioquimpo/auve2_ws/install/auv_description/share/auv_description/hook/cmake_prefix_path.sh'
[9.080s] Level 1:colcon.colcon_core.environment:checking '/home/sangregorioquimpo/auve2_ws/install/auv_description/lib'
[9.080s] Level 1:colcon.colcon_core.shell:create_environment_hook('auv_description', 'ld_library_path_lib')
[9.080s] INFO:colcon.colcon_core.shell:Creating environment hook '/home/sangregorioquimpo/auve2_ws/install/auv_description/share/auv_description/hook/ld_library_path_lib.ps1'
[9.080s] INFO:colcon.colcon_core.shell:Creating environment descriptor '/home/sangregorioquimpo/auve2_ws/install/auv_description/share/auv_description/hook/ld_library_path_lib.dsv'
[9.080s] INFO:colcon.colcon_core.shell:Creating environment hook '/home/sangregorioquimpo/auve2_ws/install/auv_description/share/auv_description/hook/ld_library_path_lib.sh'
[9.080s] Level 1:colcon.colcon_core.environment:checking '/home/sangregorioquimpo/auve2_ws/install/auv_description/bin'
[9.080s] Level 1:colcon.colcon_core.environment:checking '/home/sangregorioquimpo/auve2_ws/install/auv_description/lib/pkgconfig/auv_description.pc'
[9.081s] Level 1:colcon.colcon_core.environment:checking '/home/sangregorioquimpo/auve2_ws/install/auv_description/lib/python3.12/site-packages'
[9.081s] Level 1:colcon.colcon_core.environment:checking '/home/sangregorioquimpo/auve2_ws/install/auv_description/bin'
[9.081s] INFO:colcon.colcon_core.shell:Creating package script '/home/sangregorioquimpo/auve2_ws/install/auv_description/share/auv_description/package.ps1'
[9.081s] INFO:colcon.colcon_core.shell:Creating package descriptor '/home/sangregorioquimpo/auve2_ws/install/auv_description/share/auv_description/package.dsv'
[9.081s] INFO:colcon.colcon_core.shell:Creating package script '/home/sangregorioquimpo/auve2_ws/install/auv_description/share/auv_description/package.sh'
[9.082s] INFO:colcon.colcon_core.shell:Creating package script '/home/sangregorioquimpo/auve2_ws/install/auv_description/share/auv_description/package.bash'
[9.082s] INFO:colcon.colcon_core.shell:Creating package script '/home/sangregorioquimpo/auve2_ws/install/auv_description/share/auv_description/package.zsh'
[9.082s] Level 1:colcon.colcon_core.environment:create_file_with_runtime_dependencies(/home/sangregorioquimpo/auve2_ws/install/auv_description/share/colcon-core/packages/auv_description)
[9.083s] Level 1:colcon.colcon_core.environment:create_environment_scripts_only(auv_description)
[9.083s] Level 1:colcon.colcon_core.environment:checking '/home/sangregorioquimpo/auve2_ws/install/auv_description' for CMake module files
[9.083s] Level 1:colcon.colcon_core.environment:checking '/home/sangregorioquimpo/auve2_ws/install/auv_description' for CMake config files
[9.083s] Level 1:colcon.colcon_core.shell:create_environment_hook('auv_description', 'cmake_prefix_path')
[9.083s] INFO:colcon.colcon_core.shell:Creating environment hook '/home/sangregorioquimpo/auve2_ws/install/auv_description/share/auv_description/hook/cmake_prefix_path.ps1'
[9.084s] INFO:colcon.colcon_core.shell:Creating environment descriptor '/home/sangregorioquimpo/auve2_ws/install/auv_description/share/auv_description/hook/cmake_prefix_path.dsv'
[9.084s] INFO:colcon.colcon_core.shell:Creating environment hook '/home/sangregorioquimpo/auve2_ws/install/auv_description/share/auv_description/hook/cmake_prefix_path.sh'
[9.084s] Level 1:colcon.colcon_core.environment:checking '/home/sangregorioquimpo/auve2_ws/install/auv_description/lib'
[9.084s] Level 1:colcon.colcon_core.shell:create_environment_hook('auv_description', 'ld_library_path_lib')
[9.084s] INFO:colcon.colcon_core.shell:Creating environment hook '/home/sangregorioquimpo/auve2_ws/install/auv_description/share/auv_description/hook/ld_library_path_lib.ps1'
[9.084s] INFO:colcon.colcon_core.shell:Creating environment descriptor '/home/sangregorioquimpo/auve2_ws/install/auv_description/share/auv_description/hook/ld_library_path_lib.dsv'
[9.084s] INFO:colcon.colcon_core.shell:Creating environment hook '/home/sangregorioquimpo/auve2_ws/install/auv_description/share/auv_description/hook/ld_library_path_lib.sh'
[9.085s] Level 1:colcon.colcon_core.environment:checking '/home/sangregorioquimpo/auve2_ws/install/auv_description/bin'
[9.085s] Level 1:colcon.colcon_core.environment:checking '/home/sangregorioquimpo/auve2_ws/install/auv_description/lib/pkgconfig/auv_description.pc'
[9.085s] Level 1:colcon.colcon_core.environment:checking '/home/sangregorioquimpo/auve2_ws/install/auv_description/lib/python3.12/site-packages'
[9.085s] Level 1:colcon.colcon_core.environment:checking '/home/sangregorioquimpo/auve2_ws/install/auv_description/bin'
[9.085s] INFO:colcon.colcon_core.shell:Creating package script '/home/sangregorioquimpo/auve2_ws/install/auv_description/share/auv_description/package.ps1'
[9.085s] INFO:colcon.colcon_core.shell:Creating package descriptor '/home/sangregorioquimpo/auve2_ws/install/auv_description/share/auv_description/package.dsv'
[9.086s] INFO:colcon.colcon_core.shell:Creating package script '/home/sangregorioquimpo/auve2_ws/install/auv_description/share/auv_description/package.sh'
[9.086s] INFO:colcon.colcon_core.shell:Creating package script '/home/sangregorioquimpo/auve2_ws/install/auv_description/share/auv_description/package.bash'
[9.086s] INFO:colcon.colcon_core.shell:Creating package script '/home/sangregorioquimpo/auve2_ws/install/auv_description/share/auv_description/package.zsh'
[9.086s] Level 1:colcon.colcon_core.environment:create_file_with_runtime_dependencies(/home/sangregorioquimpo/auve2_ws/install/auv_description/share/colcon-core/packages/auv_description)
[9.086s] DEBUG:colcon.colcon_parallel_executor.executor.parallel:closing loop
[9.087s] DEBUG:colcon.colcon_parallel_executor.executor.parallel:loop closed
[9.087s] DEBUG:colcon.colcon_parallel_executor.executor.parallel:run_until_complete finished with '0'
[9.087s] DEBUG:colcon.colcon_core.event_reactor:joining thread
[9.091s] INFO:colcon.colcon_core.plugin_system:Skipping extension 'colcon_notification.desktop_notification.terminal_notifier': Not used on non-Darwin systems
[9.091s] INFO:colcon.colcon_core.plugin_system:Skipping extension 'colcon_notification.desktop_notification.win32': Not used on non-Windows systems
[9.091s] INFO:colcon.colcon_notification.desktop_notification:Sending desktop notification using 'notify2'
[9.099s] DEBUG:colcon.colcon_core.event_reactor:joined thread
[9.099s] INFO:colcon.colcon_core.shell:Creating prefix script '/home/sangregorioquimpo/auve2_ws/install/local_setup.ps1'
[9.100s] INFO:colcon.colcon_core.shell:Creating prefix util module '/home/sangregorioquimpo/auve2_ws/install/_local_setup_util_ps1.py'
[9.101s] INFO:colcon.colcon_core.shell:Creating prefix chain script '/home/sangregorioquimpo/auve2_ws/install/setup.ps1'
[9.102s] INFO:colcon.colcon_core.shell:Creating prefix script '/home/sangregorioquimpo/auve2_ws/install/local_setup.sh'
[9.102s] INFO:colcon.colcon_core.shell:Creating prefix util module '/home/sangregorioquimpo/auve2_ws/install/_local_setup_util_sh.py'
[9.103s] INFO:colcon.colcon_core.shell:Creating prefix chain script '/home/sangregorioquimpo/auve2_ws/install/setup.sh'
[9.103s] INFO:colcon.colcon_core.shell:Creating prefix script '/home/sangregorioquimpo/auve2_ws/install/local_setup.bash'
[9.103s] INFO:colcon.colcon_core.shell:Creating prefix chain script '/home/sangregorioquimpo/auve2_ws/install/setup.bash'
[9.104s] INFO:colcon.colcon_core.shell:Creating prefix script '/home/sangregorioquimpo/auve2_ws/install/local_setup.zsh'
[9.104s] INFO:colcon.colcon_core.shell:Creating prefix chain script '/home/sangregorioquimpo/auve2_ws/install/setup.zsh'
