[0.012s] Invoking command in '/home/sangregorioquimpo/auve2_ws/build/auv_description': CMAKE_PREFIX_PATH=${CMAKE_PREFIX_PATH}:/opt/ros/jazzy DEBUGINFOD_URLS=https://debuginfod.ubuntu.com PS1=(.venv) \[\e]0;\u@\h: \w\a\]${debian_chroot:+($debian_chroot)}\[\033[01;32m\]\u@\h\[\033[00m\]:\[\033[01;34m\]\w\[\033[00m\]\$ VIRTUAL_ENV_PROMPT=(.venv) /usr/bin/cmake --build /home/sangregorioquimpo/auve2_ws/build/auv_description -- -j16 -l16
[0.038s] -- Found ament_cmake: 2.5.4 (/opt/ros/jazzy/share/ament_cmake/cmake)
[0.187s] -- Override CMake install command with custom implementation using symlinks instead of copying resources
[0.192s] -- Found rclcpp: 28.1.9 (/opt/ros/jazzy/share/rclcpp/cmake)
[0.212s] -- Found rosidl_generator_c: 4.6.5 (/opt/ros/jazzy/share/rosidl_generator_c/cmake)
[0.217s] -- Found rosidl_generator_cpp: 4.6.5 (/opt/ros/jazzy/share/rosidl_generator_cpp/cmake)
[0.224s] -- Using all available rosidl_typesupport_c: rosidl_typesupport_fastrtps_c;rosidl_typesupport_introspection_c
[0.232s] -- Using all available rosidl_typesupport_cpp: rosidl_typesupport_fastrtps_cpp;rosidl_typesupport_introspection_cpp
[0.271s] -- Found rmw_implementation_cmake: 7.3.2 (/opt/ros/jazzy/share/rmw_implementation_cmake/cmake)
[0.272s] -- Found rmw_fastrtps_cpp: 8.4.2 (/opt/ros/jazzy/share/rmw_fastrtps_cpp/cmake)
[0.325s] -- Using RMW implementation 'rmw_fastrtps_cpp' as default
[0.366s] -- Found std_msgs: 5.3.6 (/opt/ros/jazzy/share/std_msgs/cmake)
[0.374s] -- Found geometry_msgs: 5.3.6 (/opt/ros/jazzy/share/geometry_msgs/cmake)
[0.384s] -- Looking for gz-sim8 -- found version 8.9.0
[0.387s] -- Searching for dependencies of gz-sim8
[0.387s] -- Looking for sdformat14 -- found version 14.7.0
[0.387s] -- Searching for dependencies of sdformat14
[0.392s] -- Checking for module 'tinyxml2'
[0.410s] --   Found tinyxml2, version 10.0.0
[0.449s] -- Looking for gz-math7 -- found version 7.5.2
[0.450s] -- Searching for dependencies of gz-math7
[0.450s] -- Looking for gz-utils2 -- found version 2.2.1
[0.450s] -- Searching for dependencies of gz-utils2
[0.452s] -- Looking for gz-utils2 -- found version 2.2.1
[0.452s] -- Searching for dependencies of gz-utils2
[0.452s] -- Searching for <gz-utils2> component [cli]
[0.452s] -- Looking for gz-utils2-cli -- found version 2.2.1
[0.452s] -- Searching for dependencies of gz-utils2-cli
[0.453s] -- Looking for gz-plugin2 -- found version 2.0.4
[0.453s] -- Searching for dependencies of gz-plugin2
[0.453s] -- Looking for gz-utils2 -- found version 2.2.1
[0.453s] -- Searching for <gz-plugin2> component [loader]
[0.454s] -- Looking for gz-plugin2-loader -- found version 2.0.4
[0.454s] -- Searching for dependencies of gz-plugin2-loader
[0.454s] -- Searching for <gz-plugin2> component [register]
[0.454s] -- Looking for gz-plugin2-register -- found version 2.0.4
[0.454s] -- Searching for dependencies of gz-plugin2-register
[0.455s] -- Looking for gz-transport13 -- found version 13.4.1
[0.455s] -- Searching for dependencies of gz-transport13
[0.483s] -- Config-file not installed for ZeroMQ -- checking for pkg-config
[0.487s] -- Checking for module 'libzmq >= 4'
[0.506s] --   Found libzmq, version 4.3.5
[0.558s] -- Checking for module 'uuid'
[0.574s] --   Found uuid, version 2.39.3
[0.614s] -- Looking for gz-utils2 -- found version 2.2.1
[0.614s] -- Looking for gz-msgs10 -- found version 10.3.2
[0.614s] -- Searching for dependencies of gz-msgs10
[0.633s] -- Looking for gz-utils2 -- found version 2.2.1
[0.633s] -- Looking for gz-math7 -- found version 7.5.2
[0.639s] -- Searching for <gz-transport13> component [log]
[0.639s] -- Looking for gz-transport13-log -- found version 13.4.1
[0.639s] -- Searching for dependencies of gz-transport13-log
[0.640s] -- Searching for <gz-transport13> component [parameters]
[0.640s] -- Looking for gz-transport13-parameters -- found version 13.4.1
[0.640s] -- Searching for dependencies of gz-transport13-parameters
[0.641s] -- Looking for gz-msgs10 -- found version 10.3.2
[0.641s] -- Looking for gz-common5 -- found version 5.7.1
[0.641s] -- Searching for dependencies of gz-common5
[0.641s] -- Looking for gz-utils2 -- found version 2.2.1
[0.641s] -- Looking for dlfcn.h - found
[0.641s] -- Looking for libdl - found
[0.648s] -- Searching for <gz-common5> component [av]
[0.648s] -- Looking for gz-common5-av -- found version 5.7.1
[0.649s] -- Searching for dependencies of gz-common5-av
[0.653s] -- Checking for module 'libswscale'
[0.670s] --   Found libswscale, version 7.5.100
[0.716s] -- Checking for module 'libavdevice >= 56.4.100'
[0.734s] --   Found libavdevice, version 60.3.100
[0.789s] -- Checking for module 'libavformat'
[0.808s] --   Found libavformat, version 60.16.100
[0.855s] -- Checking for module 'libavcodec'
[0.871s] --   Found libavcodec, version 60.31.102
[0.916s] -- Checking for module 'libavutil'
[0.932s] --   Found libavutil, version 58.29.100
[0.972s] -- Searching for <gz-common5> component [events]
[0.973s] -- Looking for gz-common5-events -- found version 5.7.1
[0.973s] -- Searching for dependencies of gz-common5-events
[0.973s] -- Looking for gz-math7 -- found version 7.5.2
[0.973s] -- Searching for <gz-common5> component [graphics]
[0.973s] -- Looking for gz-common5-graphics -- found version 5.7.1
[0.973s] -- Searching for dependencies of gz-common5-graphics
[0.974s] -- Looking for gz-math7 -- found version 7.5.2
[0.975s] -- Searching for <gz-common5> component [io]
[0.975s] -- Looking for gz-common5-io -- found version 5.7.1
[0.975s] -- Searching for dependencies of gz-common5-io
[0.976s] -- Searching for <gz-common5> component [profiler]
[0.976s] -- Looking for gz-common5-profiler -- found version 5.7.1
[0.976s] -- Searching for dependencies of gz-common5-profiler
[0.976s] -- Looking for gz-fuel_tools9 -- found version 9.1.1
[0.977s] -- Searching for dependencies of gz-fuel_tools9
[1.017s] -- Checking for module 'jsoncpp'
[1.033s] --   Found jsoncpp, version 1.9.5
[1.088s] -- Checking for module 'yaml-0.1'
[1.106s] --   Found yaml-0.1, version 0.2.5
[1.148s] -- Checking for module 'libzip'
[1.166s] --   Found libzip, version 1.7.3
[1.207s] -- Looking for gz-utils2 -- found version 2.2.1
[1.208s] -- Looking for gz-common5 -- found version 5.7.1
[1.208s] -- Searching for dependencies of gz-common5
[1.208s] -- Looking for gz-utils2 -- found version 2.2.1
[1.208s] -- Looking for dlfcn.h - found
[1.208s] -- Looking for libdl - found
[1.214s] -- Searching for <gz-common5> component [testing]
[1.214s] -- Looking for gz-common5-testing -- found version 5.7.1
[1.214s] -- Searching for dependencies of gz-common5-testing
[1.215s] -- Looking for gz-math7 -- found version 7.5.2
[1.215s] -- Looking for gz-msgs10 -- found version 10.3.2
[1.216s] -- Looking for gz-gui8 -- found version 8.4.0
[1.216s] -- Searching for dependencies of gz-gui8
[1.241s] -- Looking for gz-utils2 -- found version 2.2.1
[1.241s] -- Looking for gz-math7 -- found version 7.5.2
[1.241s] -- Looking for gz-common5 -- found version 5.7.1
[1.241s] -- Looking for gz-plugin2 -- found version 2.0.4
[1.242s] -- Looking for gz-transport13 -- found version 13.4.1
[1.242s] -- Looking for gz-rendering8 -- found version 8.2.2
[1.242s] -- Searching for dependencies of gz-rendering8
[1.242s] -- Looking for gz-math7 -- found version 7.5.2
[1.242s] -- Searching for dependencies of gz-math7
[1.243s] -- Looking for gz-utils2 -- found version 2.2.1
[1.243s] -- Searching for <gz-math7> component [eigen3]
[1.243s] -- Looking for gz-math7-eigen3 -- found version 7.5.2
[1.243s] -- Searching for dependencies of gz-math7-eigen3
[1.244s] -- Looking for gz-common5 -- found version 5.7.1
[1.244s] -- Searching for dependencies of gz-common5
[1.244s] -- Looking for gz-utils2 -- found version 2.2.1
[1.244s] -- Looking for dlfcn.h - found
[1.244s] -- Looking for libdl - found
[1.250s] -- Searching for <gz-common5> component [graphics]
[1.250s] -- Searching for <gz-common5> component [events]
[1.250s] -- Searching for <gz-common5> component [geospatial]
[1.250s] -- Looking for gz-common5-geospatial -- found version 5.7.1
[1.250s] -- Searching for dependencies of gz-common5-geospatial
[1.251s] -- Looking for gz-math7 -- found version 7.5.2
[1.251s] -- Looking for gz-common5 -- found version 5.7.1
[1.252s] -- Looking for gz-plugin2 -- found version 2.0.4
[1.252s] -- Searching for dependencies of gz-plugin2
[1.252s] -- Looking for gz-utils2 -- found version 2.2.1
[1.252s] -- Searching for <gz-plugin2> component [all]
[1.252s] -- Looking for all libraries of gz-plugin2 -- found version 2.0.4
[1.253s] -- Looking for gz-plugin2 -- found version 2.0.4
[1.253s] -- Looking for gz-utils2 -- found version 2.2.1
[1.256s] -- Looking for gz-msgs10 -- found version 10.3.2
[1.268s] -- Looking for gz-physics7 -- found version 7.5.0
[1.268s] -- Searching for dependencies of gz-physics7
[1.268s] -- Looking for gz-common5 -- found version 5.7.1
[1.268s] -- Looking for gz-math7 -- found version 7.5.2
[1.268s] -- Looking for gz-plugin2 -- found version 2.0.4
[1.268s] -- Looking for gz-utils2 -- found version 2.2.1
[1.269s] -- Searching for <gz-physics7> component [heightmap]
[1.269s] -- Looking for gz-physics7-heightmap -- found version 7.5.0
[1.269s] -- Searching for dependencies of gz-physics7-heightmap
[1.270s] -- Looking for gz-common5 -- found version 5.7.1
[1.270s] -- Searching for <gz-physics7> component [mesh]
[1.270s] -- Looking for gz-physics7-mesh -- found version 7.5.0
[1.270s] -- Searching for dependencies of gz-physics7-mesh
[1.270s] -- Looking for gz-common5 -- found version 5.7.1
[1.271s] -- Searching for <gz-physics7> component [sdf]
[1.271s] -- Looking for gz-physics7-sdf -- found version 7.5.0
[1.271s] -- Searching for dependencies of gz-physics7-sdf
[1.271s] -- Looking for sdformat14 -- found version 14.7.0
[1.272s] -- Looking for gz-sensors8 -- found version 8.2.2
[1.272s] -- Searching for dependencies of gz-sensors8
[1.290s] -- Looking for gz-math7 -- found version 7.5.2
[1.290s] -- Looking for gz-common5 -- found version 5.7.1
[1.290s] -- Looking for gz-transport13 -- found version 13.4.1
[1.291s] -- Looking for gz-rendering8 -- found version 8.2.2
[1.291s] -- Looking for gz-msgs10 -- found version 10.3.2
[1.291s] -- Looking for sdformat14 -- found version 14.7.0
[1.292s] -- Searching for <gz-sensors8> component [air_pressure]
[1.292s] -- Looking for gz-sensors8-air_pressure -- found version 8.2.2
[1.292s] -- Searching for dependencies of gz-sensors8-air_pressure
[1.292s] -- Searching for <gz-sensors8> component [air_speed]
[1.292s] -- Looking for gz-sensors8-air_speed -- found version 8.2.2
[1.292s] -- Searching for dependencies of gz-sensors8-air_speed
[1.293s] -- Searching for <gz-sensors8> component [altimeter]
[1.293s] -- Looking for gz-sensors8-altimeter -- found version 8.2.2
[1.293s] -- Searching for dependencies of gz-sensors8-altimeter
[1.293s] -- Searching for <gz-sensors8> component [imu]
[1.294s] -- Looking for gz-sensors8-imu -- found version 8.2.2
[1.294s] -- Searching for dependencies of gz-sensors8-imu
[1.294s] -- Searching for <gz-sensors8> component [force_torque]
[1.294s] -- Looking for gz-sensors8-force_torque -- found version 8.2.2
[1.294s] -- Searching for dependencies of gz-sensors8-force_torque
[1.294s] -- Searching for <gz-sensors8> component [logical_camera]
[1.295s] -- Looking for gz-sensors8-logical_camera -- found version 8.2.2
[1.295s] -- Searching for dependencies of gz-sensors8-logical_camera
[1.295s] -- Searching for <gz-sensors8> component [magnetometer]
[1.295s] -- Looking for gz-sensors8-magnetometer -- found version 8.2.2
[1.295s] -- Searching for dependencies of gz-sensors8-magnetometer
[1.296s] -- Searching for <gz-sensors8> component [navsat]
[1.296s] -- Looking for gz-sensors8-navsat -- found version 8.2.2
[1.296s] -- Searching for dependencies of gz-sensors8-navsat
[1.296s] -- Searching for <gz-sensors8> component [dvl]
[1.296s] -- Looking for gz-sensors8-dvl -- found version 8.2.2
[1.297s] -- Searching for dependencies of gz-sensors8-dvl
[1.297s] -- Looking for gz-sensors8 -- found version 8.2.2
[1.297s] -- Searching for dependencies of gz-sensors8
[1.318s] -- Looking for gz-math7 -- found version 7.5.2
[1.318s] -- Looking for gz-common5 -- found version 5.7.1
[1.318s] -- Looking for gz-transport13 -- found version 13.4.1
[1.318s] -- Looking for gz-rendering8 -- found version 8.2.2
[1.319s] -- Looking for gz-msgs10 -- found version 10.3.2
[1.319s] -- Looking for sdformat14 -- found version 14.7.0
[1.319s] -- Searching for <gz-sensors8> component [rendering]
[1.319s] -- Looking for gz-sensors8-rendering -- found version 8.2.2
[1.319s] -- Searching for dependencies of gz-sensors8-rendering
[1.320s] -- Searching for <gz-sensors8> component [rendering]
[1.320s] -- Searching for <gz-sensors8> component [lidar]
[1.320s] -- Looking for gz-sensors8-lidar -- found version 8.2.2
[1.320s] -- Searching for dependencies of gz-sensors8-lidar
[1.321s] -- Looking for gz-sensors8 -- found version 8.2.2
[1.321s] -- Searching for <gz-sensors8> component [gpu_lidar]
[1.321s] -- Looking for gz-sensors8-gpu_lidar -- found version 8.2.2
[1.321s] -- Searching for dependencies of gz-sensors8-gpu_lidar
[1.322s] -- Looking for gz-sensors8 -- found version 8.2.2
[1.322s] -- Searching for <gz-sensors8> component [camera]
[1.322s] -- Looking for gz-sensors8-camera -- found version 8.2.2
[1.322s] -- Searching for dependencies of gz-sensors8-camera
[1.322s] -- Looking for gz-sensors8 -- found version 8.2.2
[1.323s] -- Searching for <gz-sensors8> component [boundingbox_camera]
[1.323s] -- Looking for gz-sensors8-boundingbox_camera -- found version 8.2.2
[1.323s] -- Searching for dependencies of gz-sensors8-boundingbox_camera
[1.323s] -- Searching for <gz-sensors8> component [segmentation_camera]
[1.324s] -- Looking for gz-sensors8-segmentation_camera -- found version 8.2.2
[1.324s] -- Searching for dependencies of gz-sensors8-segmentation_camera
[1.324s] -- Searching for <gz-sensors8> component [depth_camera]
[1.324s] -- Looking for gz-sensors8-depth_camera -- found version 8.2.2
[1.324s] -- Searching for dependencies of gz-sensors8-depth_camera
[1.325s] -- Looking for gz-sensors8 -- found version 8.2.2
[1.325s] -- Searching for <gz-sensors8> component [rgbd_camera]
[1.325s] -- Looking for gz-sensors8-rgbd_camera -- found version 8.2.2
[1.325s] -- Searching for dependencies of gz-sensors8-rgbd_camera
[1.326s] -- Looking for gz-sensors8 -- found version 8.2.2
[1.326s] -- Searching for <gz-sensors8> component [thermal_camera]
[1.326s] -- Looking for gz-sensors8-thermal_camera -- found version 8.2.2
[1.326s] -- Searching for dependencies of gz-sensors8-thermal_camera
[1.326s] -- Looking for gz-sensors8 -- found version 8.2.2
[1.327s] -- Searching for <gz-sensors8> component [wide_angle_camera]
[1.327s] -- Looking for gz-sensors8-wide_angle_camera -- found version 8.2.2
[1.327s] -- Searching for dependencies of gz-sensors8-wide_angle_camera
[1.328s] -- Looking for gz-rendering8 -- found version 8.2.2
[1.328s] -- Looking for gz-math7 -- found version 7.5.2
[1.328s] -- Looking for gz-utils2 -- found version 2.2.1
[1.347s] -- Looking for gz-plugin2 -- found version 2.0.4
[1.347s] -- Looking for gz-common5 -- found version 5.7.1
[1.348s] -- Looking for gz-math8 -- found version 8.2.0
[1.352s] -- Searching for dependencies of gz-math8
[1.352s] -- Looking for gz-utils3 -- found version 3.1.1
[1.352s] -- Searching for dependencies of gz-utils3
[1.353s] -- Looking for sdformat14 -- found version 14.7.0
[1.356s] -- Found ament_lint_auto: 0.17.2 (/opt/ros/jazzy/share/ament_lint_auto/cmake)
[1.420s] -- Added test 'cppcheck' to perform static code analysis on C / C++ code
[1.420s] -- Configured cppcheck include dirs: 
[1.421s] -- Configured cppcheck exclude dirs and/or files: 
[1.421s] -- Added test 'flake8' to check Python code syntax and style conventions
[1.421s] -- Configured 'flake8' exclude dirs and/or files: 
[1.421s] -- Added test 'lint_cmake' to check CMake code style
[1.421s] -- Added test 'pep257' to check Python code against some of the docstring style conventions in PEP 257
[1.422s] -- Added test 'uncrustify' to check C / C++ code style
[1.422s] -- Configured uncrustify additional arguments: 
[1.422s] -- Added test 'xmllint' to check XML markup files
[1.423s] -- Configuring done (1.4s)
[1.445s] [31mCMake Error at CMakeLists.txt:31 (target_link_libraries):
[1.445s]   Target "wasd_body_thrust_plugin" links to:
[1.445s] 
[1.445s]     sdformat::sdformat14
[1.445s] 
[1.445s]   but the target was not found.  Possible reasons include:
[1.446s] 
[1.446s]     * There is a typo in the target name.
[1.446s]     * A find_package call is missing for an IMPORTED target.
[1.446s]     * An ALIAS target is missing.
[1.446s] 
[1.446s] 
[1.446s] [0m
[1.446s] -- Generating done (0.0s)
[1.446s] [0mCMake Generate step failed.  Build files cannot be regenerated correctly.[0m
[1.457s] gmake: *** [Makefile:308: cmake_check_build_system] Error 1
[1.459s] Invoked command in '/home/sangregorioquimpo/auve2_ws/build/auv_description' returned '2': CMAKE_PREFIX_PATH=${CMAKE_PREFIX_PATH}:/opt/ros/jazzy DEBUGINFOD_URLS=https://debuginfod.ubuntu.com PS1=(.venv) \[\e]0;\u@\h: \w\a\]${debian_chroot:+($debian_chroot)}\[\033[01;32m\]\u@\h\[\033[00m\]:\[\033[01;34m\]\w\[\033[00m\]\$ VIRTUAL_ENV_PROMPT=(.venv) /usr/bin/cmake --build /home/sangregorioquimpo/auve2_ws/build/auv_description -- -j16 -l16
