[0.013s] Invoking command in '/home/sangregorioquimpo/auve2_ws/build/auv_description': CMAKE_PREFIX_PATH=${CMAKE_PREFIX_PATH}:/opt/ros/jazzy DEBUGINFOD_URLS=https://debuginfod.ubuntu.com PS1=(.venv) \[\e]0;\u@\h: \w\a\]${debian_chroot:+($debian_chroot)}\[\033[01;32m\]\u@\h\[\033[00m\]:\[\033[01;34m\]\w\[\033[00m\]\$ VIRTUAL_ENV_PROMPT=(.venv) /usr/bin/cmake --build /home/sangregorioquimpo/auve2_ws/build/auv_description -- -j16 -l16
[0.039s] -- Found ament_cmake: 2.5.4 (/opt/ros/jazzy/share/ament_cmake/cmake)
[0.187s] -- Override CMake install command with custom implementation using symlinks instead of copying resources
[0.191s] -- Found rclcpp: 28.1.9 (/opt/ros/jazzy/share/rclcpp/cmake)
[0.211s] -- Found rosidl_generator_c: 4.6.5 (/opt/ros/jazzy/share/rosidl_generator_c/cmake)
[0.216s] -- Found rosidl_generator_cpp: 4.6.5 (/opt/ros/jazzy/share/rosidl_generator_cpp/cmake)
[0.223s] -- Using all available rosidl_typesupport_c: rosidl_typesupport_fastrtps_c;rosidl_typesupport_introspection_c
[0.231s] -- Using all available rosidl_typesupport_cpp: rosidl_typesupport_fastrtps_cpp;rosidl_typesupport_introspection_cpp
[0.269s] -- Found rmw_implementation_cmake: 7.3.2 (/opt/ros/jazzy/share/rmw_implementation_cmake/cmake)
[0.270s] -- Found rmw_fastrtps_cpp: 8.4.2 (/opt/ros/jazzy/share/rmw_fastrtps_cpp/cmake)
[0.318s] -- Using RMW implementation 'rmw_fastrtps_cpp' as default
[0.359s] -- Found std_msgs: 5.3.6 (/opt/ros/jazzy/share/std_msgs/cmake)
[0.367s] -- Found geometry_msgs: 5.3.6 (/opt/ros/jazzy/share/geometry_msgs/cmake)
[0.376s] -- Looking for gz-sim8 -- found version 8.9.0
[0.379s] -- Searching for dependencies of gz-sim8
[0.380s] -- Looking for sdformat14 -- found version 14.7.0
[0.380s] -- Searching for dependencies of sdformat14
[0.385s] -- Checking for module 'tinyxml2'
[0.400s] --   Found tinyxml2, version 10.0.0
[0.435s] -- Looking for gz-math7 -- found version 7.5.2
[0.435s] -- Searching for dependencies of gz-math7
[0.436s] -- Looking for gz-utils2 -- found version 2.2.1
[0.436s] -- Searching for dependencies of gz-utils2
[0.436s] -- Looking for gz-utils2 -- found version 2.2.1
[0.436s] -- Searching for dependencies of gz-utils2
[0.437s] -- Searching for <gz-utils2> component [cli]
[0.437s] -- Looking for gz-utils2-cli -- found version 2.2.1
[0.437s] -- Searching for dependencies of gz-utils2-cli
[0.438s] -- Looking for gz-plugin2 -- found version 2.0.4
[0.438s] -- Searching for dependencies of gz-plugin2
[0.438s] -- Looking for gz-utils2 -- found version 2.2.1
[0.438s] -- Searching for <gz-plugin2> component [loader]
[0.438s] -- Looking for gz-plugin2-loader -- found version 2.0.4
[0.438s] -- Searching for dependencies of gz-plugin2-loader
[0.439s] -- Searching for <gz-plugin2> component [register]
[0.439s] -- Looking for gz-plugin2-register -- found version 2.0.4
[0.439s] -- Searching for dependencies of gz-plugin2-register
[0.439s] -- Looking for gz-transport13 -- found version 13.4.1
[0.440s] -- Searching for dependencies of gz-transport13
[0.468s] -- Config-file not installed for ZeroMQ -- checking for pkg-config
[0.473s] -- Checking for module 'libzmq >= 4'
[0.489s] --   Found libzmq, version 4.3.5
[0.538s] -- Checking for module 'uuid'
[0.554s] --   Found uuid, version 2.39.3
[0.594s] -- Looking for gz-utils2 -- found version 2.2.1
[0.594s] -- Looking for gz-msgs10 -- found version 10.3.2
[0.594s] -- Searching for dependencies of gz-msgs10
[0.613s] -- Looking for gz-utils2 -- found version 2.2.1
[0.613s] -- Looking for gz-math7 -- found version 7.5.2
[0.619s] -- Searching for <gz-transport13> component [log]
[0.620s] -- Looking for gz-transport13-log -- found version 13.4.1
[0.620s] -- Searching for dependencies of gz-transport13-log
[0.620s] -- Searching for <gz-transport13> component [parameters]
[0.620s] -- Looking for gz-transport13-parameters -- found version 13.4.1
[0.620s] -- Searching for dependencies of gz-transport13-parameters
[0.621s] -- Looking for gz-msgs10 -- found version 10.3.2
[0.621s] -- Looking for gz-common5 -- found version 5.7.1
[0.621s] -- Searching for dependencies of gz-common5
[0.621s] -- Looking for gz-utils2 -- found version 2.2.1
[0.621s] -- Looking for dlfcn.h - found
[0.621s] -- Looking for libdl - found
[0.627s] -- Searching for <gz-common5> component [av]
[0.627s] -- Looking for gz-common5-av -- found version 5.7.1
[0.627s] -- Searching for dependencies of gz-common5-av
[0.632s] -- Checking for module 'libswscale'
[0.649s] --   Found libswscale, version 7.5.100
[0.691s] -- Checking for module 'libavdevice >= 56.4.100'
[0.707s] --   Found libavdevice, version 60.3.100
[0.765s] -- Checking for module 'libavformat'
[0.783s] --   Found libavformat, version 60.16.100
[0.834s] -- Checking for module 'libavcodec'
[0.848s] --   Found libavcodec, version 60.31.102
[0.893s] -- Checking for module 'libavutil'
[0.909s] --   Found libavutil, version 58.29.100
[0.949s] -- Searching for <gz-common5> component [events]
[0.950s] -- Looking for gz-common5-events -- found version 5.7.1
[0.950s] -- Searching for dependencies of gz-common5-events
[0.950s] -- Looking for gz-math7 -- found version 7.5.2
[0.950s] -- Searching for <gz-common5> component [graphics]
[0.950s] -- Looking for gz-common5-graphics -- found version 5.7.1
[0.951s] -- Searching for dependencies of gz-common5-graphics
[0.951s] -- Looking for gz-math7 -- found version 7.5.2
[0.952s] -- Searching for <gz-common5> component [io]
[0.952s] -- Looking for gz-common5-io -- found version 5.7.1
[0.952s] -- Searching for dependencies of gz-common5-io
[0.953s] -- Searching for <gz-common5> component [profiler]
[0.953s] -- Looking for gz-common5-profiler -- found version 5.7.1
[0.953s] -- Searching for dependencies of gz-common5-profiler
[0.953s] -- Looking for gz-fuel_tools9 -- found version 9.1.1
[0.954s] -- Searching for dependencies of gz-fuel_tools9
[0.989s] -- Checking for module 'jsoncpp'
[1.006s] --   Found jsoncpp, version 1.9.5
[1.061s] -- Checking for module 'yaml-0.1'
[1.077s] --   Found yaml-0.1, version 0.2.5
[1.120s] -- Checking for module 'libzip'
[1.137s] --   Found libzip, version 1.7.3
[1.175s] -- Looking for gz-utils2 -- found version 2.2.1
[1.175s] -- Looking for gz-common5 -- found version 5.7.1
[1.175s] -- Searching for dependencies of gz-common5
[1.175s] -- Looking for gz-utils2 -- found version 2.2.1
[1.175s] -- Looking for dlfcn.h - found
[1.176s] -- Looking for libdl - found
[1.181s] -- Searching for <gz-common5> component [testing]
[1.181s] -- Looking for gz-common5-testing -- found version 5.7.1
[1.181s] -- Searching for dependencies of gz-common5-testing
[1.182s] -- Looking for gz-math7 -- found version 7.5.2
[1.182s] -- Looking for gz-msgs10 -- found version 10.3.2
[1.183s] -- Looking for gz-gui8 -- found version 8.4.0
[1.183s] -- Searching for dependencies of gz-gui8
[1.206s] -- Looking for gz-utils2 -- found version 2.2.1
[1.206s] -- Looking for gz-math7 -- found version 7.5.2
[1.206s] -- Looking for gz-common5 -- found version 5.7.1
[1.206s] -- Looking for gz-plugin2 -- found version 2.0.4
[1.207s] -- Looking for gz-transport13 -- found version 13.4.1
[1.207s] -- Looking for gz-rendering8 -- found version 8.2.2
[1.207s] -- Searching for dependencies of gz-rendering8
[1.207s] -- Looking for gz-math7 -- found version 7.5.2
[1.207s] -- Searching for dependencies of gz-math7
[1.207s] -- Looking for gz-utils2 -- found version 2.2.1
[1.207s] -- Searching for <gz-math7> component [eigen3]
[1.208s] -- Looking for gz-math7-eigen3 -- found version 7.5.2
[1.208s] -- Searching for dependencies of gz-math7-eigen3
[1.209s] -- Looking for gz-common5 -- found version 5.7.1
[1.209s] -- Searching for dependencies of gz-common5
[1.209s] -- Looking for gz-utils2 -- found version 2.2.1
[1.209s] -- Looking for dlfcn.h - found
[1.209s] -- Looking for libdl - found
[1.215s] -- Searching for <gz-common5> component [graphics]
[1.215s] -- Searching for <gz-common5> component [events]
[1.215s] -- Searching for <gz-common5> component [geospatial]
[1.215s] -- Looking for gz-common5-geospatial -- found version 5.7.1
[1.215s] -- Searching for dependencies of gz-common5-geospatial
[1.215s] -- Looking for gz-math7 -- found version 7.5.2
[1.216s] -- Looking for gz-common5 -- found version 5.7.1
[1.216s] -- Looking for gz-plugin2 -- found version 2.0.4
[1.216s] -- Searching for dependencies of gz-plugin2
[1.217s] -- Looking for gz-utils2 -- found version 2.2.1
[1.217s] -- Searching for <gz-plugin2> component [all]
[1.217s] -- Looking for all libraries of gz-plugin2 -- found version 2.0.4
[1.217s] -- Looking for gz-plugin2 -- found version 2.0.4
[1.218s] -- Looking for gz-utils2 -- found version 2.2.1
[1.220s] -- Looking for gz-msgs10 -- found version 10.3.2
[1.230s] -- Looking for gz-physics7 -- found version 7.5.0
[1.230s] -- Searching for dependencies of gz-physics7
[1.230s] -- Looking for gz-common5 -- found version 5.7.1
[1.231s] -- Looking for gz-math7 -- found version 7.5.2
[1.231s] -- Looking for gz-plugin2 -- found version 2.0.4
[1.231s] -- Looking for gz-utils2 -- found version 2.2.1
[1.232s] -- Searching for <gz-physics7> component [heightmap]
[1.232s] -- Looking for gz-physics7-heightmap -- found version 7.5.0
[1.232s] -- Searching for dependencies of gz-physics7-heightmap
[1.232s] -- Looking for gz-common5 -- found version 5.7.1
[1.232s] -- Searching for <gz-physics7> component [mesh]
[1.233s] -- Looking for gz-physics7-mesh -- found version 7.5.0
[1.233s] -- Searching for dependencies of gz-physics7-mesh
[1.233s] -- Looking for gz-common5 -- found version 5.7.1
[1.233s] -- Searching for <gz-physics7> component [sdf]
[1.233s] -- Looking for gz-physics7-sdf -- found version 7.5.0
[1.234s] -- Searching for dependencies of gz-physics7-sdf
[1.234s] -- Looking for sdformat14 -- found version 14.7.0
[1.234s] -- Looking for gz-sensors8 -- found version 8.2.2
[1.234s] -- Searching for dependencies of gz-sensors8
[1.253s] -- Looking for gz-math7 -- found version 7.5.2
[1.253s] -- Looking for gz-common5 -- found version 5.7.1
[1.253s] -- Looking for gz-transport13 -- found version 13.4.1
[1.253s] -- Looking for gz-rendering8 -- found version 8.2.2
[1.254s] -- Looking for gz-msgs10 -- found version 10.3.2
[1.254s] -- Looking for sdformat14 -- found version 14.7.0
[1.254s] -- Searching for <gz-sensors8> component [air_pressure]
[1.254s] -- Looking for gz-sensors8-air_pressure -- found version 8.2.2
[1.254s] -- Searching for dependencies of gz-sensors8-air_pressure
[1.255s] -- Searching for <gz-sensors8> component [air_speed]
[1.255s] -- Looking for gz-sensors8-air_speed -- found version 8.2.2
[1.255s] -- Searching for dependencies of gz-sensors8-air_speed
[1.255s] -- Searching for <gz-sensors8> component [altimeter]
[1.256s] -- Looking for gz-sensors8-altimeter -- found version 8.2.2
[1.256s] -- Searching for dependencies of gz-sensors8-altimeter
[1.256s] -- Searching for <gz-sensors8> component [imu]
[1.256s] -- Looking for gz-sensors8-imu -- found version 8.2.2
[1.256s] -- Searching for dependencies of gz-sensors8-imu
[1.257s] -- Searching for <gz-sensors8> component [force_torque]
[1.257s] -- Looking for gz-sensors8-force_torque -- found version 8.2.2
[1.257s] -- Searching for dependencies of gz-sensors8-force_torque
[1.257s] -- Searching for <gz-sensors8> component [logical_camera]
[1.257s] -- Looking for gz-sensors8-logical_camera -- found version 8.2.2
[1.257s] -- Searching for dependencies of gz-sensors8-logical_camera
[1.258s] -- Searching for <gz-sensors8> component [magnetometer]
[1.258s] -- Looking for gz-sensors8-magnetometer -- found version 8.2.2
[1.258s] -- Searching for dependencies of gz-sensors8-magnetometer
[1.258s] -- Searching for <gz-sensors8> component [navsat]
[1.258s] -- Looking for gz-sensors8-navsat -- found version 8.2.2
[1.259s] -- Searching for dependencies of gz-sensors8-navsat
[1.259s] -- Searching for <gz-sensors8> component [dvl]
[1.259s] -- Looking for gz-sensors8-dvl -- found version 8.2.2
[1.259s] -- Searching for dependencies of gz-sensors8-dvl
[1.259s] -- Looking for gz-sensors8 -- found version 8.2.2
[1.259s] -- Searching for dependencies of gz-sensors8
[1.277s] -- Looking for gz-math7 -- found version 7.5.2
[1.277s] -- Looking for gz-common5 -- found version 5.7.1
[1.278s] -- Looking for gz-transport13 -- found version 13.4.1
[1.278s] -- Looking for gz-rendering8 -- found version 8.2.2
[1.278s] -- Looking for gz-msgs10 -- found version 10.3.2
[1.278s] -- Looking for sdformat14 -- found version 14.7.0
[1.278s] -- Searching for <gz-sensors8> component [rendering]
[1.279s] -- Looking for gz-sensors8-rendering -- found version 8.2.2
[1.279s] -- Searching for dependencies of gz-sensors8-rendering
[1.279s] -- Searching for <gz-sensors8> component [rendering]
[1.279s] -- Searching for <gz-sensors8> component [lidar]
[1.280s] -- Looking for gz-sensors8-lidar -- found version 8.2.2
[1.280s] -- Searching for dependencies of gz-sensors8-lidar
[1.280s] -- Looking for gz-sensors8 -- found version 8.2.2
[1.280s] -- Searching for <gz-sensors8> component [gpu_lidar]
[1.281s] -- Looking for gz-sensors8-gpu_lidar -- found version 8.2.2
[1.281s] -- Searching for dependencies of gz-sensors8-gpu_lidar
[1.281s] -- Looking for gz-sensors8 -- found version 8.2.2
[1.281s] -- Searching for <gz-sensors8> component [camera]
[1.281s] -- Looking for gz-sensors8-camera -- found version 8.2.2
[1.281s] -- Searching for dependencies of gz-sensors8-camera
[1.282s] -- Looking for gz-sensors8 -- found version 8.2.2
[1.282s] -- Searching for <gz-sensors8> component [boundingbox_camera]
[1.282s] -- Looking for gz-sensors8-boundingbox_camera -- found version 8.2.2
[1.282s] -- Searching for dependencies of gz-sensors8-boundingbox_camera
[1.283s] -- Searching for <gz-sensors8> component [segmentation_camera]
[1.283s] -- Looking for gz-sensors8-segmentation_camera -- found version 8.2.2
[1.283s] -- Searching for dependencies of gz-sensors8-segmentation_camera
[1.283s] -- Searching for <gz-sensors8> component [depth_camera]
[1.283s] -- Looking for gz-sensors8-depth_camera -- found version 8.2.2
[1.283s] -- Searching for dependencies of gz-sensors8-depth_camera
[1.284s] -- Looking for gz-sensors8 -- found version 8.2.2
[1.284s] -- Searching for <gz-sensors8> component [rgbd_camera]
[1.284s] -- Looking for gz-sensors8-rgbd_camera -- found version 8.2.2
[1.284s] -- Searching for dependencies of gz-sensors8-rgbd_camera
[1.284s] -- Looking for gz-sensors8 -- found version 8.2.2
[1.285s] -- Searching for <gz-sensors8> component [thermal_camera]
[1.285s] -- Looking for gz-sensors8-thermal_camera -- found version 8.2.2
[1.285s] -- Searching for dependencies of gz-sensors8-thermal_camera
[1.285s] -- Looking for gz-sensors8 -- found version 8.2.2
[1.286s] -- Searching for <gz-sensors8> component [wide_angle_camera]
[1.286s] -- Looking for gz-sensors8-wide_angle_camera -- found version 8.2.2
[1.286s] -- Searching for dependencies of gz-sensors8-wide_angle_camera
[1.287s] -- Looking for gz-rendering8 -- found version 8.2.2
[1.287s] -- Looking for gz-math7 -- found version 7.5.2
[1.287s] -- Looking for gz-utils2 -- found version 2.2.1
[1.307s] -- Looking for gz-plugin2 -- found version 2.0.4
[1.310s] -- Looking for gz-math8 -- found version 8.2.0
[1.317s] -- Searching for dependencies of gz-math8
[1.320s] -- Looking for gz-utils3 -- found version 3.1.1
[1.320s] -- Searching for dependencies of gz-utils3
[1.321s] -- Looking for gz-common5 -- found version 5.7.1
[1.324s] -- Found ament_lint_auto: 0.17.2 (/opt/ros/jazzy/share/ament_lint_auto/cmake)
[1.386s] -- Added test 'cppcheck' to perform static code analysis on C / C++ code
[1.386s] -- Configured cppcheck include dirs: 
[1.386s] -- Configured cppcheck exclude dirs and/or files: 
[1.387s] -- Added test 'flake8' to check Python code syntax and style conventions
[1.387s] -- Configured 'flake8' exclude dirs and/or files: 
[1.387s] -- Added test 'lint_cmake' to check CMake code style
[1.387s] -- Added test 'pep257' to check Python code against some of the docstring style conventions in PEP 257
[1.388s] -- Added test 'uncrustify' to check C / C++ code style
[1.388s] -- Configured uncrustify additional arguments: 
[1.388s] -- Added test 'xmllint' to check XML markup files
[1.390s] -- Configuring done (1.4s)
[1.395s] [31mCMake Error at CMakeLists.txt:43 (add_library):
[1.395s]   Cannot find source file:
[1.395s] 
[1.395s]     src/buoyancy_runtime.cc
[1.395s] 
[1.395s]   Tried extensions .c .C .c++ .cc .cpp .cxx .cu .mpp .m .M .mm .ixx .cppm
[1.395s]   .ccm .cxxm .c++m .h .hh .h++ .hm .hpp .hxx .in .txx .f .F .for .f77 .f90
[1.395s]   .f95 .f03 .hip .ispc
[1.395s] 
[1.395s] [0m
[1.396s] [31mCMake Error at CMakeLists.txt:43 (add_library):
[1.396s]   No SOURCES given to target: buoyancy_runtime
[1.396s] 
[1.396s] [0m
[1.396s] [0mCMake Generate step failed.  Build files cannot be regenerated correctly.[0m
[1.407s] gmake: *** [Makefile:267: cmake_check_build_system] Error 1
[1.410s] Invoked command in '/home/sangregorioquimpo/auve2_ws/build/auv_description' returned '2': CMAKE_PREFIX_PATH=${CMAKE_PREFIX_PATH}:/opt/ros/jazzy DEBUGINFOD_URLS=https://debuginfod.ubuntu.com PS1=(.venv) \[\e]0;\u@\h: \w\a\]${debian_chroot:+($debian_chroot)}\[\033[01;32m\]\u@\h\[\033[00m\]:\[\033[01;34m\]\w\[\033[00m\]\$ VIRTUAL_ENV_PROMPT=(.venv) /usr/bin/cmake --build /home/sangregorioquimpo/auve2_ws/build/auv_description -- -j16 -l16
