[0.010s] Invoking command in '/home/sangregorioquimpo/auve2_ws/build/auv_description': CMAKE_PREFIX_PATH=${CMAKE_PREFIX_PATH}:/opt/ros/jazzy DEBUGINFOD_URLS=https://debuginfod.ubuntu.com PS1=(.venv) \[\e]0;\u@\h: \w\a\]${debian_chroot:+($debian_chroot)}\[\033[01;32m\]\u@\h\[\033[00m\]:\[\033[01;34m\]\w\[\033[00m\]\$ VIRTUAL_ENV_PROMPT=(.venv) /usr/bin/cmake --build /home/sangregorioquimpo/auve2_ws/build/auv_description -- -j16 -l16
[0.037s] -- Found ament_cmake: 2.5.4 (/opt/ros/jazzy/share/ament_cmake/cmake)
[0.187s] -- Override CMake install command with custom implementation using symlinks instead of copying resources
[0.192s] -- Found rclcpp: 28.1.9 (/opt/ros/jazzy/share/rclcpp/cmake)
[0.210s] -- Found rosidl_generator_c: 4.6.5 (/opt/ros/jazzy/share/rosidl_generator_c/cmake)
[0.215s] -- Found rosidl_generator_cpp: 4.6.5 (/opt/ros/jazzy/share/rosidl_generator_cpp/cmake)
[0.222s] -- Using all available rosidl_typesupport_c: rosidl_typesupport_fastrtps_c;rosidl_typesupport_introspection_c
[0.230s] -- Using all available rosidl_typesupport_cpp: rosidl_typesupport_fastrtps_cpp;rosidl_typesupport_introspection_cpp
[0.268s] -- Found rmw_implementation_cmake: 7.3.2 (/opt/ros/jazzy/share/rmw_implementation_cmake/cmake)
[0.269s] -- Found rmw_fastrtps_cpp: 8.4.2 (/opt/ros/jazzy/share/rmw_fastrtps_cpp/cmake)
[0.318s] -- Using RMW implementation 'rmw_fastrtps_cpp' as default
[0.358s] -- Found geometry_msgs: 5.3.6 (/opt/ros/jazzy/share/geometry_msgs/cmake)
[0.377s] -- Looking for gz-sim8 -- found version 8.9.0
[0.381s] -- Searching for dependencies of gz-sim8
[0.381s] -- Looking for sdformat14 -- found version 14.7.0
[0.381s] -- Searching for dependencies of sdformat14
[0.386s] -- Checking for module 'tinyxml2'
[0.402s] --   Found tinyxml2, version 10.0.0
[0.442s] -- Looking for gz-math7 -- found version 7.5.2
[0.442s] -- Searching for dependencies of gz-math7
[0.442s] -- Looking for gz-utils2 -- found version 2.2.1
[0.442s] -- Searching for dependencies of gz-utils2
[0.443s] -- Looking for gz-utils2 -- found version 2.2.1
[0.443s] -- Searching for dependencies of gz-utils2
[0.443s] -- Searching for <gz-utils2> component [cli]
[0.443s] -- Looking for gz-utils2-cli -- found version 2.2.1
[0.443s] -- Searching for dependencies of gz-utils2-cli
[0.444s] -- Looking for gz-plugin2 -- found version 2.0.4
[0.444s] -- Searching for dependencies of gz-plugin2
[0.445s] -- Looking for gz-utils2 -- found version 2.2.1
[0.445s] -- Searching for <gz-plugin2> component [loader]
[0.445s] -- Looking for gz-plugin2-loader -- found version 2.0.4
[0.445s] -- Searching for dependencies of gz-plugin2-loader
[0.445s] -- Searching for <gz-plugin2> component [register]
[0.446s] -- Looking for gz-plugin2-register -- found version 2.0.4
[0.446s] -- Searching for dependencies of gz-plugin2-register
[0.446s] -- Looking for gz-transport13 -- found version 13.4.1
[0.446s] -- Searching for dependencies of gz-transport13
[0.474s] -- Config-file not installed for ZeroMQ -- checking for pkg-config
[0.478s] -- Checking for module 'libzmq >= 4'
[0.496s] --   Found libzmq, version 4.3.5
[0.551s] -- Checking for module 'uuid'
[0.568s] --   Found uuid, version 2.39.3
[0.607s] -- Looking for gz-utils2 -- found version 2.2.1
[0.607s] -- Looking for gz-msgs10 -- found version 10.3.2
[0.608s] -- Searching for dependencies of gz-msgs10
[0.625s] -- Looking for gz-utils2 -- found version 2.2.1
[0.625s] -- Looking for gz-math7 -- found version 7.5.2
[0.632s] -- Searching for <gz-transport13> component [log]
[0.632s] -- Looking for gz-transport13-log -- found version 13.4.1
[0.633s] -- Searching for dependencies of gz-transport13-log
[0.633s] -- Searching for <gz-transport13> component [parameters]
[0.633s] -- Looking for gz-transport13-parameters -- found version 13.4.1
[0.633s] -- Searching for dependencies of gz-transport13-parameters
[0.634s] -- Looking for gz-msgs10 -- found version 10.3.2
[0.634s] -- Looking for gz-common5 -- found version 5.7.1
[0.634s] -- Searching for dependencies of gz-common5
[0.634s] -- Looking for gz-utils2 -- found version 2.2.1
[0.634s] -- Looking for dlfcn.h - found
[0.634s] -- Looking for libdl - found
[0.641s] -- Searching for <gz-common5> component [av]
[0.641s] -- Looking for gz-common5-av -- found version 5.7.1
[0.641s] -- Searching for dependencies of gz-common5-av
[0.646s] -- Checking for module 'libswscale'
[0.662s] --   Found libswscale, version 7.5.100
[0.707s] -- Checking for module 'libavdevice >= 56.4.100'
[0.722s] --   Found libavdevice, version 60.3.100
[0.780s] -- Checking for module 'libavformat'
[0.797s] --   Found libavformat, version 60.16.100
[0.846s] -- Checking for module 'libavcodec'
[0.864s] --   Found libavcodec, version 60.31.102
[0.912s] -- Checking for module 'libavutil'
[0.929s] --   Found libavutil, version 58.29.100
[0.967s] -- Searching for <gz-common5> component [events]
[0.968s] -- Looking for gz-common5-events -- found version 5.7.1
[0.968s] -- Searching for dependencies of gz-common5-events
[0.968s] -- Looking for gz-math7 -- found version 7.5.2
[0.968s] -- Searching for <gz-common5> component [graphics]
[0.968s] -- Looking for gz-common5-graphics -- found version 5.7.1
[0.968s] -- Searching for dependencies of gz-common5-graphics
[0.969s] -- Looking for gz-math7 -- found version 7.5.2
[0.970s] -- Searching for <gz-common5> component [io]
[0.970s] -- Looking for gz-common5-io -- found version 5.7.1
[0.970s] -- Searching for dependencies of gz-common5-io
[0.971s] -- Searching for <gz-common5> component [profiler]
[0.971s] -- Looking for gz-common5-profiler -- found version 5.7.1
[0.971s] -- Searching for dependencies of gz-common5-profiler
[0.971s] -- Looking for gz-fuel_tools9 -- found version 9.1.1
[0.972s] -- Searching for dependencies of gz-fuel_tools9
[1.010s] -- Checking for module 'jsoncpp'
[1.026s] --   Found jsoncpp, version 1.9.5
[1.081s] -- Checking for module 'yaml-0.1'
[1.098s] --   Found yaml-0.1, version 0.2.5
[1.148s] -- Checking for module 'libzip'
[1.166s] --   Found libzip, version 1.7.3
[1.206s] -- Looking for gz-utils2 -- found version 2.2.1
[1.206s] -- Looking for gz-common5 -- found version 5.7.1
[1.207s] -- Searching for dependencies of gz-common5
[1.207s] -- Looking for gz-utils2 -- found version 2.2.1
[1.207s] -- Looking for dlfcn.h - found
[1.207s] -- Looking for libdl - found
[1.214s] -- Searching for <gz-common5> component [testing]
[1.214s] -- Looking for gz-common5-testing -- found version 5.7.1
[1.214s] -- Searching for dependencies of gz-common5-testing
[1.215s] -- Looking for gz-math7 -- found version 7.5.2
[1.215s] -- Looking for gz-msgs10 -- found version 10.3.2
[1.215s] -- Looking for gz-gui8 -- found version 8.4.0
[1.216s] -- Searching for dependencies of gz-gui8
[1.238s] -- Looking for gz-utils2 -- found version 2.2.1
[1.238s] -- Looking for gz-math7 -- found version 7.5.2
[1.239s] -- Looking for gz-common5 -- found version 5.7.1
[1.239s] -- Looking for gz-plugin2 -- found version 2.0.4
[1.239s] -- Looking for gz-transport13 -- found version 13.4.1
[1.239s] -- Looking for gz-rendering8 -- found version 8.2.2
[1.239s] -- Searching for dependencies of gz-rendering8
[1.240s] -- Looking for gz-math7 -- found version 7.5.2
[1.240s] -- Searching for dependencies of gz-math7
[1.240s] -- Looking for gz-utils2 -- found version 2.2.1
[1.240s] -- Searching for <gz-math7> component [eigen3]
[1.240s] -- Looking for gz-math7-eigen3 -- found version 7.5.2
[1.240s] -- Searching for dependencies of gz-math7-eigen3
[1.241s] -- Looking for gz-common5 -- found version 5.7.1
[1.241s] -- Searching for dependencies of gz-common5
[1.241s] -- Looking for gz-utils2 -- found version 2.2.1
[1.241s] -- Looking for dlfcn.h - found
[1.242s] -- Looking for libdl - found
[1.248s] -- Searching for <gz-common5> component [graphics]
[1.248s] -- Searching for <gz-common5> component [events]
[1.248s] -- Searching for <gz-common5> component [geospatial]
[1.248s] -- Looking for gz-common5-geospatial -- found version 5.7.1
[1.248s] -- Searching for dependencies of gz-common5-geospatial
[1.248s] -- Looking for gz-math7 -- found version 7.5.2
[1.249s] -- Looking for gz-common5 -- found version 5.7.1
[1.249s] -- Looking for gz-plugin2 -- found version 2.0.4
[1.249s] -- Searching for dependencies of gz-plugin2
[1.250s] -- Looking for gz-utils2 -- found version 2.2.1
[1.250s] -- Searching for <gz-plugin2> component [all]
[1.250s] -- Looking for all libraries of gz-plugin2 -- found version 2.0.4
[1.250s] -- Looking for gz-plugin2 -- found version 2.0.4
[1.251s] -- Looking for gz-utils2 -- found version 2.2.1
[1.253s] -- Looking for gz-msgs10 -- found version 10.3.2
[1.263s] -- Looking for gz-physics7 -- found version 7.5.0
[1.263s] -- Searching for dependencies of gz-physics7
[1.263s] -- Looking for gz-common5 -- found version 5.7.1
[1.263s] -- Looking for gz-math7 -- found version 7.5.2
[1.264s] -- Looking for gz-plugin2 -- found version 2.0.4
[1.264s] -- Looking for gz-utils2 -- found version 2.2.1
[1.264s] -- Searching for <gz-physics7> component [heightmap]
[1.265s] -- Looking for gz-physics7-heightmap -- found version 7.5.0
[1.265s] -- Searching for dependencies of gz-physics7-heightmap
[1.265s] -- Looking for gz-common5 -- found version 5.7.1
[1.265s] -- Searching for <gz-physics7> component [mesh]
[1.265s] -- Looking for gz-physics7-mesh -- found version 7.5.0
[1.265s] -- Searching for dependencies of gz-physics7-mesh
[1.266s] -- Looking for gz-common5 -- found version 5.7.1
[1.266s] -- Searching for <gz-physics7> component [sdf]
[1.266s] -- Looking for gz-physics7-sdf -- found version 7.5.0
[1.266s] -- Searching for dependencies of gz-physics7-sdf
[1.266s] -- Looking for sdformat14 -- found version 14.7.0
[1.267s] -- Looking for gz-sensors8 -- found version 8.2.2
[1.267s] -- Searching for dependencies of gz-sensors8
[1.285s] -- Looking for gz-math7 -- found version 7.5.2
[1.285s] -- Looking for gz-common5 -- found version 5.7.1
[1.286s] -- Looking for gz-transport13 -- found version 13.4.1
[1.286s] -- Looking for gz-rendering8 -- found version 8.2.2
[1.286s] -- Looking for gz-msgs10 -- found version 10.3.2
[1.286s] -- Looking for sdformat14 -- found version 14.7.0
[1.287s] -- Searching for <gz-sensors8> component [air_pressure]
[1.287s] -- Looking for gz-sensors8-air_pressure -- found version 8.2.2
[1.287s] -- Searching for dependencies of gz-sensors8-air_pressure
[1.287s] -- Searching for <gz-sensors8> component [air_speed]
[1.287s] -- Looking for gz-sensors8-air_speed -- found version 8.2.2
[1.288s] -- Searching for dependencies of gz-sensors8-air_speed
[1.288s] -- Searching for <gz-sensors8> component [altimeter]
[1.288s] -- Looking for gz-sensors8-altimeter -- found version 8.2.2
[1.288s] -- Searching for dependencies of gz-sensors8-altimeter
[1.288s] -- Searching for <gz-sensors8> component [imu]
[1.289s] -- Looking for gz-sensors8-imu -- found version 8.2.2
[1.289s] -- Searching for dependencies of gz-sensors8-imu
[1.289s] -- Searching for <gz-sensors8> component [force_torque]
[1.289s] -- Looking for gz-sensors8-force_torque -- found version 8.2.2
[1.289s] -- Searching for dependencies of gz-sensors8-force_torque
[1.290s] -- Searching for <gz-sensors8> component [logical_camera]
[1.290s] -- Looking for gz-sensors8-logical_camera -- found version 8.2.2
[1.290s] -- Searching for dependencies of gz-sensors8-logical_camera
[1.290s] -- Searching for <gz-sensors8> component [magnetometer]
[1.290s] -- Looking for gz-sensors8-magnetometer -- found version 8.2.2
[1.290s] -- Searching for dependencies of gz-sensors8-magnetometer
[1.291s] -- Searching for <gz-sensors8> component [navsat]
[1.291s] -- Looking for gz-sensors8-navsat -- found version 8.2.2
[1.291s] -- Searching for dependencies of gz-sensors8-navsat
[1.291s] -- Searching for <gz-sensors8> component [dvl]
[1.291s] -- Looking for gz-sensors8-dvl -- found version 8.2.2
[1.292s] -- Searching for dependencies of gz-sensors8-dvl
[1.292s] -- Looking for gz-sensors8 -- found version 8.2.2
[1.292s] -- Searching for dependencies of gz-sensors8
[1.311s] -- Looking for gz-math7 -- found version 7.5.2
[1.311s] -- Looking for gz-common5 -- found version 5.7.1
[1.312s] -- Looking for gz-transport13 -- found version 13.4.1
[1.312s] -- Looking for gz-rendering8 -- found version 8.2.2
[1.312s] -- Looking for gz-msgs10 -- found version 10.3.2
[1.312s] -- Looking for sdformat14 -- found version 14.7.0
[1.312s] -- Searching for <gz-sensors8> component [rendering]
[1.313s] -- Looking for gz-sensors8-rendering -- found version 8.2.2
[1.313s] -- Searching for dependencies of gz-sensors8-rendering
[1.314s] -- Searching for <gz-sensors8> component [rendering]
[1.314s] -- Searching for <gz-sensors8> component [lidar]
[1.314s] -- Looking for gz-sensors8-lidar -- found version 8.2.2
[1.314s] -- Searching for dependencies of gz-sensors8-lidar
[1.314s] -- Looking for gz-sensors8 -- found version 8.2.2
[1.315s] -- Searching for <gz-sensors8> component [gpu_lidar]
[1.315s] -- Looking for gz-sensors8-gpu_lidar -- found version 8.2.2
[1.315s] -- Searching for dependencies of gz-sensors8-gpu_lidar
[1.315s] -- Looking for gz-sensors8 -- found version 8.2.2
[1.315s] -- Searching for <gz-sensors8> component [camera]
[1.316s] -- Looking for gz-sensors8-camera -- found version 8.2.2
[1.316s] -- Searching for dependencies of gz-sensors8-camera
[1.316s] -- Looking for gz-sensors8 -- found version 8.2.2
[1.316s] -- Searching for <gz-sensors8> component [boundingbox_camera]
[1.316s] -- Looking for gz-sensors8-boundingbox_camera -- found version 8.2.2
[1.317s] -- Searching for dependencies of gz-sensors8-boundingbox_camera
[1.317s] -- Searching for <gz-sensors8> component [segmentation_camera]
[1.317s] -- Looking for gz-sensors8-segmentation_camera -- found version 8.2.2
[1.317s] -- Searching for dependencies of gz-sensors8-segmentation_camera
[1.318s] -- Searching for <gz-sensors8> component [depth_camera]
[1.318s] -- Looking for gz-sensors8-depth_camera -- found version 8.2.2
[1.318s] -- Searching for dependencies of gz-sensors8-depth_camera
[1.318s] -- Looking for gz-sensors8 -- found version 8.2.2
[1.318s] -- Searching for <gz-sensors8> component [rgbd_camera]
[1.319s] -- Looking for gz-sensors8-rgbd_camera -- found version 8.2.2
[1.319s] -- Searching for dependencies of gz-sensors8-rgbd_camera
[1.319s] -- Looking for gz-sensors8 -- found version 8.2.2
[1.319s] -- Searching for <gz-sensors8> component [thermal_camera]
[1.319s] -- Looking for gz-sensors8-thermal_camera -- found version 8.2.2
[1.320s] -- Searching for dependencies of gz-sensors8-thermal_camera
[1.320s] -- Looking for gz-sensors8 -- found version 8.2.2
[1.320s] -- Searching for <gz-sensors8> component [wide_angle_camera]
[1.321s] -- Looking for gz-sensors8-wide_angle_camera -- found version 8.2.2
[1.321s] -- Searching for dependencies of gz-sensors8-wide_angle_camera
[1.321s] -- Looking for gz-rendering8 -- found version 8.2.2
[1.321s] -- Looking for gz-math7 -- found version 7.5.2
[1.322s] -- Looking for gz-utils2 -- found version 2.2.1
[1.340s] -- Looking for gz-plugin2 -- found version 2.0.4
[1.340s] -- Looking for gz-math7 -- found version 7.5.2
[1.342s] -- Found ament_lint_auto: 0.17.2 (/opt/ros/jazzy/share/ament_lint_auto/cmake)
[1.406s] -- Added test 'cppcheck' to perform static code analysis on C / C++ code
[1.406s] -- Configured cppcheck include dirs: 
[1.406s] -- Configured cppcheck exclude dirs and/or files: 
[1.406s] -- Added test 'flake8' to check Python code syntax and style conventions
[1.406s] -- Configured 'flake8' exclude dirs and/or files: 
[1.407s] -- Added test 'lint_cmake' to check CMake code style
[1.407s] -- Added test 'pep257' to check Python code against some of the docstring style conventions in PEP 257
[1.408s] -- Added test 'uncrustify' to check C / C++ code style
[1.408s] -- Configured uncrustify additional arguments: 
[1.408s] -- Added test 'xmllint' to check XML markup files
[1.410s] -- Configuring done (1.4s)
[1.431s] -- Generating done (0.0s)
[1.436s] -- Build files have been written to: /home/sangregorioquimpo/auve2_ws/build/auv_description
[1.475s] [ 25%] [32mBuilding CXX object CMakeFiles/simple_buoyancy.dir/src/simple_buoyancy.cc.o[0m
[1.485s] [ 75%] Built target wasd_body_thrust_plugin
[4.816s] [100%] [32m[1mLinking CXX shared library libsimple_buoyancy.so[0m
[5.011s] [100%] Built target simple_buoyancy
[5.024s] Invoked command in '/home/sangregorioquimpo/auve2_ws/build/auv_description' returned '0': CMAKE_PREFIX_PATH=${CMAKE_PREFIX_PATH}:/opt/ros/jazzy DEBUGINFOD_URLS=https://debuginfod.ubuntu.com PS1=(.venv) \[\e]0;\u@\h: \w\a\]${debian_chroot:+($debian_chroot)}\[\033[01;32m\]\u@\h\[\033[00m\]:\[\033[01;34m\]\w\[\033[00m\]\$ VIRTUAL_ENV_PROMPT=(.venv) /usr/bin/cmake --build /home/sangregorioquimpo/auve2_ws/build/auv_description -- -j16 -l16
[5.034s] Invoking command in '/home/sangregorioquimpo/auve2_ws/build/auv_description': CMAKE_PREFIX_PATH=${CMAKE_PREFIX_PATH}:/opt/ros/jazzy DEBUGINFOD_URLS=https://debuginfod.ubuntu.com PS1=(.venv) \[\e]0;\u@\h: \w\a\]${debian_chroot:+($debian_chroot)}\[\033[01;32m\]\u@\h\[\033[00m\]:\[\033[01;34m\]\w\[\033[00m\]\$ VIRTUAL_ENV_PROMPT=(.venv) /usr/bin/cmake --install /home/sangregorioquimpo/auve2_ws/build/auv_description
[5.041s] -- Install configuration: ""
[5.042s] -- Execute custom install script
[5.042s] -- Up-to-date symlink: /home/sangregorioquimpo/auve2_ws/install/auv_description/lib/auv_description/wasd_teleop.py
[5.042s] -- Up-to-date symlink: /home/sangregorioquimpo/auve2_ws/install/auv_description/share/auv_description/urdf/cube/cube.urdf
[5.042s] -- Up-to-date symlink: /home/sangregorioquimpo/auve2_ws/install/auv_description/share/auv_description/launch/cube_thrust_test.launch.py
[5.042s] -- Up-to-date symlink: /home/sangregorioquimpo/auve2_ws/install/auv_description/share/auv_description/launch/cube_thrust_test_water.launch.py
[5.042s] -- Up-to-date symlink: /home/sangregorioquimpo/auve2_ws/install/auv_description/share/auv_description/worlds/test_world.sdf
[5.043s] -- Up-to-date symlink: /home/sangregorioquimpo/auve2_ws/install/auv_description/share/auv_description/worlds/water_world.sdf
[5.043s] -- Up-to-date symlink: /home/sangregorioquimpo/auve2_ws/install/auv_description/share/auv_description/environment/library_path.sh
[5.043s] -- Up-to-date symlink: /home/sangregorioquimpo/auve2_ws/install/auv_description/share/auv_description/environment/library_path.dsv
[5.043s] -- Up-to-date symlink: /home/sangregorioquimpo/auve2_ws/install/auv_description/share/ament_index/resource_index/package_run_dependencies/auv_description
[5.043s] -- Up-to-date symlink: /home/sangregorioquimpo/auve2_ws/install/auv_description/share/ament_index/resource_index/parent_prefix_path/auv_description
[5.043s] -- Up-to-date symlink: /home/sangregorioquimpo/auve2_ws/install/auv_description/share/auv_description/environment/ament_prefix_path.sh
[5.043s] -- Up-to-date symlink: /home/sangregorioquimpo/auve2_ws/install/auv_description/share/auv_description/environment/ament_prefix_path.dsv
[5.043s] -- Up-to-date symlink: /home/sangregorioquimpo/auve2_ws/install/auv_description/share/auv_description/environment/path.sh
[5.043s] -- Up-to-date symlink: /home/sangregorioquimpo/auve2_ws/install/auv_description/share/auv_description/environment/path.dsv
[5.043s] -- Up-to-date symlink: /home/sangregorioquimpo/auve2_ws/install/auv_description/share/auv_description/local_setup.bash
[5.043s] -- Up-to-date symlink: /home/sangregorioquimpo/auve2_ws/install/auv_description/share/auv_description/local_setup.sh
[5.044s] -- Up-to-date symlink: /home/sangregorioquimpo/auve2_ws/install/auv_description/share/auv_description/local_setup.zsh
[5.044s] -- Up-to-date symlink: /home/sangregorioquimpo/auve2_ws/install/auv_description/share/auv_description/local_setup.dsv
[5.044s] -- Symlinking: /home/sangregorioquimpo/auve2_ws/install/auv_description/share/auv_description/package.dsv
[5.052s] -- Up-to-date symlink: /home/sangregorioquimpo/auve2_ws/install/auv_description/share/ament_index/resource_index/packages/auv_description
[5.052s] -- Up-to-date symlink: /home/sangregorioquimpo/auve2_ws/install/auv_description/share/auv_description/cmake/ament_cmake_export_targets-extras.cmake
[5.052s] -- Up-to-date symlink: /home/sangregorioquimpo/auve2_ws/install/auv_description/share/auv_description/cmake/ament_cmake_export_libraries-extras.cmake
[5.052s] -- Up-to-date symlink: /home/sangregorioquimpo/auve2_ws/install/auv_description/share/auv_description/cmake/auv_descriptionConfig.cmake
[5.052s] -- Up-to-date symlink: /home/sangregorioquimpo/auve2_ws/install/auv_description/share/auv_description/cmake/auv_descriptionConfig-version.cmake
[5.053s] -- Up-to-date symlink: /home/sangregorioquimpo/auve2_ws/install/auv_description/share/auv_description/package.xml
[5.053s] -- Installing: /home/sangregorioquimpo/auve2_ws/install/auv_description/lib/libsimple_buoyancy.so
[5.054s] -- Set non-toolchain portion of runtime path of "/home/sangregorioquimpo/auve2_ws/install/auv_description/lib/libsimple_buoyancy.so" to ""
[5.054s] -- Up-to-date: /home/sangregorioquimpo/auve2_ws/install/auv_description/share/auv_description/cmake/wasd_body_thrust_pluginTargetsExport.cmake
[5.054s] -- Up-to-date: /home/sangregorioquimpo/auve2_ws/install/auv_description/share/auv_description/cmake/wasd_body_thrust_pluginTargetsExport-noconfig.cmake
[5.054s] -- Installing: /home/sangregorioquimpo/auve2_ws/install/auv_description/share/auv_description/cmake/simple_buoyancyTargetsExport.cmake
[5.055s] -- Installing: /home/sangregorioquimpo/auve2_ws/install/auv_description/share/auv_description/cmake/simple_buoyancyTargetsExport-noconfig.cmake
[5.056s] Invoked command in '/home/sangregorioquimpo/auve2_ws/build/auv_description' returned '0': CMAKE_PREFIX_PATH=${CMAKE_PREFIX_PATH}:/opt/ros/jazzy DEBUGINFOD_URLS=https://debuginfod.ubuntu.com PS1=(.venv) \[\e]0;\u@\h: \w\a\]${debian_chroot:+($debian_chroot)}\[\033[01;32m\]\u@\h\[\033[00m\]:\[\033[01;34m\]\w\[\033[00m\]\$ VIRTUAL_ENV_PROMPT=(.venv) /usr/bin/cmake --install /home/sangregorioquimpo/auve2_ws/build/auv_description
