[0.010s] Invoking command in '/home/sangregorioquimpo/auve2_ws/build/auv_description': CMAKE_PREFIX_PATH=${CMAKE_PREFIX_PATH}:/opt/ros/jazzy DEBUGINFOD_URLS=https://debuginfod.ubuntu.com PS1=(.venv) \[\e]0;\u@\h: \w\a\]${debian_chroot:+($debian_chroot)}\[\033[01;32m\]\u@\h\[\033[00m\]:\[\033[01;34m\]\w\[\033[00m\]\$ VIRTUAL_ENV_PROMPT=(.venv) /usr/bin/cmake --build /home/sangregorioquimpo/auve2_ws/build/auv_description -- -j16 -l16
[0.035s] -- Found ament_cmake: 2.5.4 (/opt/ros/jazzy/share/ament_cmake/cmake)
[0.184s] -- Override CMake install command with custom implementation using symlinks instead of copying resources
[0.188s] -- Found rclcpp: 28.1.9 (/opt/ros/jazzy/share/rclcpp/cmake)
[0.208s] -- Found rosidl_generator_c: 4.6.5 (/opt/ros/jazzy/share/rosidl_generator_c/cmake)
[0.213s] -- Found rosidl_generator_cpp: 4.6.5 (/opt/ros/jazzy/share/rosidl_generator_cpp/cmake)
[0.220s] -- Using all available rosidl_typesupport_c: rosidl_typesupport_fastrtps_c;rosidl_typesupport_introspection_c
[0.228s] -- Using all available rosidl_typesupport_cpp: rosidl_typesupport_fastrtps_cpp;rosidl_typesupport_introspection_cpp
[0.266s] -- Found rmw_implementation_cmake: 7.3.2 (/opt/ros/jazzy/share/rmw_implementation_cmake/cmake)
[0.266s] -- Found rmw_fastrtps_cpp: 8.4.2 (/opt/ros/jazzy/share/rmw_fastrtps_cpp/cmake)
[0.317s] -- Using RMW implementation 'rmw_fastrtps_cpp' as default
[0.357s] -- Found geometry_msgs: 5.3.6 (/opt/ros/jazzy/share/geometry_msgs/cmake)
[0.376s] -- Looking for gz-sim8 -- found version 8.9.0
[0.379s] -- Searching for dependencies of gz-sim8
[0.380s] -- Looking for sdformat14 -- found version 14.7.0
[0.380s] -- Searching for dependencies of sdformat14
[0.385s] -- Checking for module 'tinyxml2'
[0.401s] --   Found tinyxml2, version 10.0.0
[0.438s] -- Looking for gz-math7 -- found version 7.5.2
[0.438s] -- Searching for dependencies of gz-math7
[0.438s] -- Looking for gz-utils2 -- found version 2.2.1
[0.438s] -- Searching for dependencies of gz-utils2
[0.439s] -- Looking for gz-utils2 -- found version 2.2.1
[0.439s] -- Searching for dependencies of gz-utils2
[0.439s] -- Searching for <gz-utils2> component [cli]
[0.439s] -- Looking for gz-utils2-cli -- found version 2.2.1
[0.440s] -- Searching for dependencies of gz-utils2-cli
[0.440s] -- Looking for gz-plugin2 -- found version 2.0.4
[0.440s] -- Searching for dependencies of gz-plugin2
[0.441s] -- Looking for gz-utils2 -- found version 2.2.1
[0.441s] -- Searching for <gz-plugin2> component [loader]
[0.441s] -- Looking for gz-plugin2-loader -- found version 2.0.4
[0.441s] -- Searching for dependencies of gz-plugin2-loader
[0.441s] -- Searching for <gz-plugin2> component [register]
[0.442s] -- Looking for gz-plugin2-register -- found version 2.0.4
[0.442s] -- Searching for dependencies of gz-plugin2-register
[0.442s] -- Looking for gz-transport13 -- found version 13.4.1
[0.443s] -- Searching for dependencies of gz-transport13
[0.470s] -- Config-file not installed for ZeroMQ -- checking for pkg-config
[0.474s] -- Checking for module 'libzmq >= 4'
[0.491s] --   Found libzmq, version 4.3.5
[0.544s] -- Checking for module 'uuid'
[0.560s] --   Found uuid, version 2.39.3
[0.599s] -- Looking for gz-utils2 -- found version 2.2.1
[0.599s] -- Looking for gz-msgs10 -- found version 10.3.2
[0.599s] -- Searching for dependencies of gz-msgs10
[0.618s] -- Looking for gz-utils2 -- found version 2.2.1
[0.618s] -- Looking for gz-math7 -- found version 7.5.2
[0.623s] -- Searching for <gz-transport13> component [log]
[0.624s] -- Looking for gz-transport13-log -- found version 13.4.1
[0.624s] -- Searching for dependencies of gz-transport13-log
[0.624s] -- Searching for <gz-transport13> component [parameters]
[0.624s] -- Looking for gz-transport13-parameters -- found version 13.4.1
[0.624s] -- Searching for dependencies of gz-transport13-parameters
[0.625s] -- Looking for gz-msgs10 -- found version 10.3.2
[0.625s] -- Looking for gz-common5 -- found version 5.7.1
[0.625s] -- Searching for dependencies of gz-common5
[0.625s] -- Looking for gz-utils2 -- found version 2.2.1
[0.625s] -- Looking for dlfcn.h - found
[0.625s] -- Looking for libdl - found
[0.631s] -- Searching for <gz-common5> component [av]
[0.632s] -- Looking for gz-common5-av -- found version 5.7.1
[0.632s] -- Searching for dependencies of gz-common5-av
[0.636s] -- Checking for module 'libswscale'
[0.652s] --   Found libswscale, version 7.5.100
[0.697s] -- Checking for module 'libavdevice >= 56.4.100'
[0.713s] --   Found libavdevice, version 60.3.100
[0.769s] -- Checking for module 'libavformat'
[0.785s] --   Found libavformat, version 60.16.100
[0.834s] -- Checking for module 'libavcodec'
[0.848s] --   Found libavcodec, version 60.31.102
[0.892s] -- Checking for module 'libavutil'
[0.910s] --   Found libavutil, version 58.29.100
[0.949s] -- Searching for <gz-common5> component [events]
[0.949s] -- Looking for gz-common5-events -- found version 5.7.1
[0.949s] -- Searching for dependencies of gz-common5-events
[0.950s] -- Looking for gz-math7 -- found version 7.5.2
[0.950s] -- Searching for <gz-common5> component [graphics]
[0.950s] -- Looking for gz-common5-graphics -- found version 5.7.1
[0.950s] -- Searching for dependencies of gz-common5-graphics
[0.950s] -- Looking for gz-math7 -- found version 7.5.2
[0.952s] -- Searching for <gz-common5> component [io]
[0.952s] -- Looking for gz-common5-io -- found version 5.7.1
[0.952s] -- Searching for dependencies of gz-common5-io
[0.952s] -- Searching for <gz-common5> component [profiler]
[0.953s] -- Looking for gz-common5-profiler -- found version 5.7.1
[0.953s] -- Searching for dependencies of gz-common5-profiler
[0.953s] -- Looking for gz-fuel_tools9 -- found version 9.1.1
[0.953s] -- Searching for dependencies of gz-fuel_tools9
[0.990s] -- Checking for module 'jsoncpp'
[1.007s] --   Found jsoncpp, version 1.9.5
[1.062s] -- Checking for module 'yaml-0.1'
[1.077s] --   Found yaml-0.1, version 0.2.5
[1.125s] -- Checking for module 'libzip'
[1.141s] --   Found libzip, version 1.7.3
[1.180s] -- Looking for gz-utils2 -- found version 2.2.1
[1.180s] -- Looking for gz-common5 -- found version 5.7.1
[1.180s] -- Searching for dependencies of gz-common5
[1.180s] -- Looking for gz-utils2 -- found version 2.2.1
[1.180s] -- Looking for dlfcn.h - found
[1.180s] -- Looking for libdl - found
[1.186s] -- Searching for <gz-common5> component [testing]
[1.186s] -- Looking for gz-common5-testing -- found version 5.7.1
[1.186s] -- Searching for dependencies of gz-common5-testing
[1.187s] -- Looking for gz-math7 -- found version 7.5.2
[1.187s] -- Looking for gz-msgs10 -- found version 10.3.2
[1.187s] -- Looking for gz-gui8 -- found version 8.4.0
[1.187s] -- Searching for dependencies of gz-gui8
[1.212s] -- Looking for gz-utils2 -- found version 2.2.1
[1.212s] -- Looking for gz-math7 -- found version 7.5.2
[1.212s] -- Looking for gz-common5 -- found version 5.7.1
[1.212s] -- Looking for gz-plugin2 -- found version 2.0.4
[1.212s] -- Looking for gz-transport13 -- found version 13.4.1
[1.213s] -- Looking for gz-rendering8 -- found version 8.2.2
[1.213s] -- Searching for dependencies of gz-rendering8
[1.213s] -- Looking for gz-math7 -- found version 7.5.2
[1.213s] -- Searching for dependencies of gz-math7
[1.213s] -- Looking for gz-utils2 -- found version 2.2.1
[1.213s] -- Searching for <gz-math7> component [eigen3]
[1.214s] -- Looking for gz-math7-eigen3 -- found version 7.5.2
[1.214s] -- Searching for dependencies of gz-math7-eigen3
[1.215s] -- Looking for gz-common5 -- found version 5.7.1
[1.215s] -- Searching for dependencies of gz-common5
[1.215s] -- Looking for gz-utils2 -- found version 2.2.1
[1.215s] -- Looking for dlfcn.h - found
[1.215s] -- Looking for libdl - found
[1.221s] -- Searching for <gz-common5> component [graphics]
[1.221s] -- Searching for <gz-common5> component [events]
[1.222s] -- Searching for <gz-common5> component [geospatial]
[1.222s] -- Looking for gz-common5-geospatial -- found version 5.7.1
[1.222s] -- Searching for dependencies of gz-common5-geospatial
[1.222s] -- Looking for gz-math7 -- found version 7.5.2
[1.222s] -- Looking for gz-common5 -- found version 5.7.1
[1.223s] -- Looking for gz-plugin2 -- found version 2.0.4
[1.223s] -- Searching for dependencies of gz-plugin2
[1.223s] -- Looking for gz-utils2 -- found version 2.2.1
[1.223s] -- Searching for <gz-plugin2> component [all]
[1.223s] -- Looking for all libraries of gz-plugin2 -- found version 2.0.4
[1.224s] -- Looking for gz-plugin2 -- found version 2.0.4
[1.224s] -- Looking for gz-utils2 -- found version 2.2.1
[1.226s] -- Looking for gz-msgs10 -- found version 10.3.2
[1.236s] -- Looking for gz-physics7 -- found version 7.5.0
[1.237s] -- Searching for dependencies of gz-physics7
[1.237s] -- Looking for gz-common5 -- found version 5.7.1
[1.237s] -- Looking for gz-math7 -- found version 7.5.2
[1.237s] -- Looking for gz-plugin2 -- found version 2.0.4
[1.237s] -- Looking for gz-utils2 -- found version 2.2.1
[1.238s] -- Searching for <gz-physics7> component [heightmap]
[1.238s] -- Looking for gz-physics7-heightmap -- found version 7.5.0
[1.238s] -- Searching for dependencies of gz-physics7-heightmap
[1.238s] -- Looking for gz-common5 -- found version 5.7.1
[1.239s] -- Searching for <gz-physics7> component [mesh]
[1.239s] -- Looking for gz-physics7-mesh -- found version 7.5.0
[1.239s] -- Searching for dependencies of gz-physics7-mesh
[1.239s] -- Looking for gz-common5 -- found version 5.7.1
[1.239s] -- Searching for <gz-physics7> component [sdf]
[1.240s] -- Looking for gz-physics7-sdf -- found version 7.5.0
[1.240s] -- Searching for dependencies of gz-physics7-sdf
[1.240s] -- Looking for sdformat14 -- found version 14.7.0
[1.240s] -- Looking for gz-sensors8 -- found version 8.2.2
[1.241s] -- Searching for dependencies of gz-sensors8
[1.258s] -- Looking for gz-math7 -- found version 7.5.2
[1.258s] -- Looking for gz-common5 -- found version 5.7.1
[1.258s] -- Looking for gz-transport13 -- found version 13.4.1
[1.258s] -- Looking for gz-rendering8 -- found version 8.2.2
[1.259s] -- Looking for gz-msgs10 -- found version 10.3.2
[1.259s] -- Looking for sdformat14 -- found version 14.7.0
[1.259s] -- Searching for <gz-sensors8> component [air_pressure]
[1.259s] -- Looking for gz-sensors8-air_pressure -- found version 8.2.2
[1.259s] -- Searching for dependencies of gz-sensors8-air_pressure
[1.260s] -- Searching for <gz-sensors8> component [air_speed]
[1.260s] -- Looking for gz-sensors8-air_speed -- found version 8.2.2
[1.260s] -- Searching for dependencies of gz-sensors8-air_speed
[1.260s] -- Searching for <gz-sensors8> component [altimeter]
[1.260s] -- Looking for gz-sensors8-altimeter -- found version 8.2.2
[1.261s] -- Searching for dependencies of gz-sensors8-altimeter
[1.261s] -- Searching for <gz-sensors8> component [imu]
[1.261s] -- Looking for gz-sensors8-imu -- found version 8.2.2
[1.261s] -- Searching for dependencies of gz-sensors8-imu
[1.261s] -- Searching for <gz-sensors8> component [force_torque]
[1.262s] -- Looking for gz-sensors8-force_torque -- found version 8.2.2
[1.262s] -- Searching for dependencies of gz-sensors8-force_torque
[1.262s] -- Searching for <gz-sensors8> component [logical_camera]
[1.262s] -- Looking for gz-sensors8-logical_camera -- found version 8.2.2
[1.262s] -- Searching for dependencies of gz-sensors8-logical_camera
[1.263s] -- Searching for <gz-sensors8> component [magnetometer]
[1.263s] -- Looking for gz-sensors8-magnetometer -- found version 8.2.2
[1.263s] -- Searching for dependencies of gz-sensors8-magnetometer
[1.263s] -- Searching for <gz-sensors8> component [navsat]
[1.263s] -- Looking for gz-sensors8-navsat -- found version 8.2.2
[1.264s] -- Searching for dependencies of gz-sensors8-navsat
[1.264s] -- Searching for <gz-sensors8> component [dvl]
[1.264s] -- Looking for gz-sensors8-dvl -- found version 8.2.2
[1.264s] -- Searching for dependencies of gz-sensors8-dvl
[1.264s] -- Looking for gz-sensors8 -- found version 8.2.2
[1.264s] -- Searching for dependencies of gz-sensors8
[1.282s] -- Looking for gz-math7 -- found version 7.5.2
[1.283s] -- Looking for gz-common5 -- found version 5.7.1
[1.283s] -- Looking for gz-transport13 -- found version 13.4.1
[1.283s] -- Looking for gz-rendering8 -- found version 8.2.2
[1.283s] -- Looking for gz-msgs10 -- found version 10.3.2
[1.284s] -- Looking for sdformat14 -- found version 14.7.0
[1.284s] -- Searching for <gz-sensors8> component [rendering]
[1.284s] -- Looking for gz-sensors8-rendering -- found version 8.2.2
[1.284s] -- Searching for dependencies of gz-sensors8-rendering
[1.285s] -- Searching for <gz-sensors8> component [rendering]
[1.285s] -- Searching for <gz-sensors8> component [lidar]
[1.285s] -- Looking for gz-sensors8-lidar -- found version 8.2.2
[1.285s] -- Searching for dependencies of gz-sensors8-lidar
[1.285s] -- Looking for gz-sensors8 -- found version 8.2.2
[1.286s] -- Searching for <gz-sensors8> component [gpu_lidar]
[1.286s] -- Looking for gz-sensors8-gpu_lidar -- found version 8.2.2
[1.286s] -- Searching for dependencies of gz-sensors8-gpu_lidar
[1.286s] -- Looking for gz-sensors8 -- found version 8.2.2
[1.287s] -- Searching for <gz-sensors8> component [camera]
[1.287s] -- Looking for gz-sensors8-camera -- found version 8.2.2
[1.287s] -- Searching for dependencies of gz-sensors8-camera
[1.287s] -- Looking for gz-sensors8 -- found version 8.2.2
[1.287s] -- Searching for <gz-sensors8> component [boundingbox_camera]
[1.288s] -- Looking for gz-sensors8-boundingbox_camera -- found version 8.2.2
[1.288s] -- Searching for dependencies of gz-sensors8-boundingbox_camera
[1.288s] -- Searching for <gz-sensors8> component [segmentation_camera]
[1.288s] -- Looking for gz-sensors8-segmentation_camera -- found version 8.2.2
[1.288s] -- Searching for dependencies of gz-sensors8-segmentation_camera
[1.289s] -- Searching for <gz-sensors8> component [depth_camera]
[1.289s] -- Looking for gz-sensors8-depth_camera -- found version 8.2.2
[1.289s] -- Searching for dependencies of gz-sensors8-depth_camera
[1.289s] -- Looking for gz-sensors8 -- found version 8.2.2
[1.289s] -- Searching for <gz-sensors8> component [rgbd_camera]
[1.290s] -- Looking for gz-sensors8-rgbd_camera -- found version 8.2.2
[1.290s] -- Searching for dependencies of gz-sensors8-rgbd_camera
[1.290s] -- Looking for gz-sensors8 -- found version 8.2.2
[1.290s] -- Searching for <gz-sensors8> component [thermal_camera]
[1.290s] -- Looking for gz-sensors8-thermal_camera -- found version 8.2.2
[1.291s] -- Searching for dependencies of gz-sensors8-thermal_camera
[1.291s] -- Looking for gz-sensors8 -- found version 8.2.2
[1.291s] -- Searching for <gz-sensors8> component [wide_angle_camera]
[1.292s] -- Looking for gz-sensors8-wide_angle_camera -- found version 8.2.2
[1.292s] -- Searching for dependencies of gz-sensors8-wide_angle_camera
[1.292s] -- Looking for gz-rendering8 -- found version 8.2.2
[1.292s] -- Looking for gz-math7 -- found version 7.5.2
[1.293s] -- Looking for gz-utils2 -- found version 2.2.1
[1.313s] -- Looking for gz-plugin2 -- found version 2.0.4
[1.313s] -- Looking for gz-math7 -- found version 7.5.2
[1.313s] [31mCMake Error at /opt/ros/jazzy/share/ament_cmake_target_dependencies/cmake/ament_target_dependencies.cmake:77 (message):
[1.314s]   ament_target_dependencies() the passed package name 'simple_buoyancy' was
[1.314s]   not found before
[1.314s] Call Stack (most recent call first):
[1.314s]   CMakeLists.txt:32 (ament_target_dependencies)
[1.314s] 
[1.314s] [0m
[1.314s] -- Configuring incomplete, errors occurred!
[1.322s] gmake: *** [Makefile:267: cmake_check_build_system] Error 1
[1.325s] Invoked command in '/home/sangregorioquimpo/auve2_ws/build/auv_description' returned '2': CMAKE_PREFIX_PATH=${CMAKE_PREFIX_PATH}:/opt/ros/jazzy DEBUGINFOD_URLS=https://debuginfod.ubuntu.com PS1=(.venv) \[\e]0;\u@\h: \w\a\]${debian_chroot:+($debian_chroot)}\[\033[01;32m\]\u@\h\[\033[00m\]:\[\033[01;34m\]\w\[\033[00m\]\$ VIRTUAL_ENV_PROMPT=(.venv) /usr/bin/cmake --build /home/sangregorioquimpo/auve2_ws/build/auv_description -- -j16 -l16
