[ 50%] [32mBuilding CXX object CMakeFiles/buoyancy_runtime.dir/src/buoyancy_runtime.cc.o[0m
[ 75%] Built target wasd_body_thrust_plugin
[100%] [32m[1mLinking CXX shared library libbuoyancy_runtime.so[0m
[100%] Built target buoyancy_runtime
-- Install configuration: ""
-- Execute custom install script
-- Symlinking: /home/sangregorioquimpo/auve2_ws/install/auv_description/lib/libwasd_body_thrust_plugin.so
-- Symlinking: /home/sangregorioquimpo/auve2_ws/install/auv_description/lib/libbuoyancy_runtime.so
-- Up-to-date symlink: /home/sangregorioquimpo/auve2_ws/install/auv_description/lib/auv_description/wasd_teleop.py
-- Up-to-date symlink: /home/sangregorioquimpo/auve2_ws/install/auv_description/share/auv_description/urdf/cube/cube.urdf
-- Up-to-date symlink: /home/sangregorioquimpo/auve2_ws/install/auv_description/share/auv_description/launch/cube_thrust_test.launch.py
-- Symlinking: /home/sangregorioquimpo/auve2_ws/install/auv_description/share/auv_description/launch/cube_thrust_test_water.launch.py
-- Up-to-date symlink: /home/sangregorioquimpo/auve2_ws/install/auv_description/share/auv_description/worlds/test_world.sdf
-- Up-to-date symlink: /home/sangregorioquimpo/auve2_ws/install/auv_description/share/auv_description/worlds/water_world.sdf
-- Up-to-date symlink: /home/sangregorioquimpo/auve2_ws/install/auv_description/share/auv_description/environment/library_path.sh
-- Up-to-date symlink: /home/sangregorioquimpo/auve2_ws/install/auv_description/share/auv_description/environment/library_path.dsv
-- Up-to-date symlink: /home/sangregorioquimpo/auve2_ws/install/auv_description/share/ament_index/resource_index/package_run_dependencies/auv_description
-- Up-to-date symlink: /home/sangregorioquimpo/auve2_ws/install/auv_description/share/ament_index/resource_index/parent_prefix_path/auv_description
-- Up-to-date symlink: /home/sangregorioquimpo/auve2_ws/install/auv_description/share/auv_description/environment/ament_prefix_path.sh
-- Up-to-date symlink: /home/sangregorioquimpo/auve2_ws/install/auv_description/share/auv_description/environment/ament_prefix_path.dsv
-- Up-to-date symlink: /home/sangregorioquimpo/auve2_ws/install/auv_description/share/auv_description/environment/path.sh
-- Up-to-date symlink: /home/sangregorioquimpo/auve2_ws/install/auv_description/share/auv_description/environment/path.dsv
-- Up-to-date symlink: /home/sangregorioquimpo/auve2_ws/install/auv_description/share/auv_description/local_setup.bash
-- Up-to-date symlink: /home/sangregorioquimpo/auve2_ws/install/auv_description/share/auv_description/local_setup.sh
-- Up-to-date symlink: /home/sangregorioquimpo/auve2_ws/install/auv_description/share/auv_description/local_setup.zsh
-- Up-to-date symlink: /home/sangregorioquimpo/auve2_ws/install/auv_description/share/auv_description/local_setup.dsv
-- Symlinking: /home/sangregorioquimpo/auve2_ws/install/auv_description/share/auv_description/package.dsv
-- Up-to-date symlink: /home/sangregorioquimpo/auve2_ws/install/auv_description/share/ament_index/resource_index/packages/auv_description
-- Up-to-date symlink: /home/sangregorioquimpo/auve2_ws/install/auv_description/share/auv_description/cmake/ament_cmake_export_libraries-extras.cmake
-- Up-to-date symlink: /home/sangregorioquimpo/auve2_ws/install/auv_description/share/auv_description/cmake/auv_descriptionConfig.cmake
-- Up-to-date symlink: /home/sangregorioquimpo/auve2_ws/install/auv_description/share/auv_description/cmake/auv_descriptionConfig-version.cmake
-- Up-to-date symlink: /home/sangregorioquimpo/auve2_ws/install/auv_description/share/auv_description/package.xml
