[0.012s] Invoking command in '/home/sangregorioquimpo/auve2_ws/build/auv_description': CMAKE_PREFIX_PATH=${CMAKE_PREFIX_PATH}:/opt/ros/jazzy DEBUGINFOD_URLS=https://debuginfod.ubuntu.com PS1=(.venv) \[\e]0;\u@\h: \w\a\]${debian_chroot:+($debian_chroot)}\[\033[01;32m\]\u@\h\[\033[00m\]:\[\033[01;34m\]\w\[\033[00m\]\$ VIRTUAL_ENV_PROMPT=(.venv) /usr/bin/cmake --build /home/sangregorioquimpo/auve2_ws/build/auv_description -- -j16 -l16
[0.039s] -- Found ament_cmake: 2.5.4 (/opt/ros/jazzy/share/ament_cmake/cmake)
[0.202s] -- Override CMake install command with custom implementation using symlinks instead of copying resources
[0.210s] -- Found rclcpp: 28.1.9 (/opt/ros/jazzy/share/rclcpp/cmake)
[0.229s] -- Found rosidl_generator_c: 4.6.5 (/opt/ros/jazzy/share/rosidl_generator_c/cmake)
[0.235s] -- Found rosidl_generator_cpp: 4.6.5 (/opt/ros/jazzy/share/rosidl_generator_cpp/cmake)
[0.241s] -- Using all available rosidl_typesupport_c: rosidl_typesupport_fastrtps_c;rosidl_typesupport_introspection_c
[0.250s] -- Using all available rosidl_typesupport_cpp: rosidl_typesupport_fastrtps_cpp;rosidl_typesupport_introspection_cpp
[0.289s] -- Found rmw_implementation_cmake: 7.3.2 (/opt/ros/jazzy/share/rmw_implementation_cmake/cmake)
[0.289s] -- Found rmw_fastrtps_cpp: 8.4.2 (/opt/ros/jazzy/share/rmw_fastrtps_cpp/cmake)
[0.341s] -- Using RMW implementation 'rmw_fastrtps_cpp' as default
[0.384s] -- Found std_msgs: 5.3.6 (/opt/ros/jazzy/share/std_msgs/cmake)
[0.393s] -- Found geometry_msgs: 5.3.6 (/opt/ros/jazzy/share/geometry_msgs/cmake)
[0.402s] -- Looking for gz-sim8 -- found version 8.9.0
[0.408s] -- Searching for dependencies of gz-sim8
[0.408s] -- Looking for sdformat14 -- found version 14.7.0
[0.408s] -- Searching for dependencies of sdformat14
[0.413s] -- Checking for module 'tinyxml2'
[0.432s] --   Found tinyxml2, version 10.0.0
[0.472s] -- Looking for gz-math7 -- found version 7.5.2
[0.472s] -- Searching for dependencies of gz-math7
[0.472s] -- Looking for gz-utils2 -- found version 2.2.1
[0.473s] -- Searching for dependencies of gz-utils2
[0.473s] -- Looking for gz-utils2 -- found version 2.2.1
[0.473s] -- Searching for dependencies of gz-utils2
[0.473s] -- Searching for <gz-utils2> component [cli]
[0.474s] -- Looking for gz-utils2-cli -- found version 2.2.1
[0.474s] -- Searching for dependencies of gz-utils2-cli
[0.475s] -- Looking for gz-plugin2 -- found version 2.0.4
[0.475s] -- Searching for dependencies of gz-plugin2
[0.475s] -- Looking for gz-utils2 -- found version 2.2.1
[0.475s] -- Searching for <gz-plugin2> component [loader]
[0.476s] -- Looking for gz-plugin2-loader -- found version 2.0.4
[0.476s] -- Searching for dependencies of gz-plugin2-loader
[0.476s] -- Searching for <gz-plugin2> component [register]
[0.476s] -- Looking for gz-plugin2-register -- found version 2.0.4
[0.476s] -- Searching for dependencies of gz-plugin2-register
[0.477s] -- Looking for gz-transport13 -- found version 13.4.1
[0.477s] -- Searching for dependencies of gz-transport13
[0.508s] -- Config-file not installed for ZeroMQ -- checking for pkg-config
[0.512s] -- Checking for module 'libzmq >= 4'
[0.530s] --   Found libzmq, version 4.3.5
[0.583s] -- Checking for module 'uuid'
[0.604s] --   Found uuid, version 2.39.3
[0.646s] -- Looking for gz-utils2 -- found version 2.2.1
[0.646s] -- Looking for gz-msgs10 -- found version 10.3.2
[0.646s] -- Searching for dependencies of gz-msgs10
[0.664s] -- Looking for gz-utils2 -- found version 2.2.1
[0.664s] -- Looking for gz-math7 -- found version 7.5.2
[0.671s] -- Searching for <gz-transport13> component [log]
[0.671s] -- Looking for gz-transport13-log -- found version 13.4.1
[0.671s] -- Searching for dependencies of gz-transport13-log
[0.671s] -- Searching for <gz-transport13> component [parameters]
[0.671s] -- Looking for gz-transport13-parameters -- found version 13.4.1
[0.672s] -- Searching for dependencies of gz-transport13-parameters
[0.672s] -- Looking for gz-msgs10 -- found version 10.3.2
[0.672s] -- Looking for gz-common5 -- found version 5.7.1
[0.672s] -- Searching for dependencies of gz-common5
[0.673s] -- Looking for gz-utils2 -- found version 2.2.1
[0.673s] -- Looking for dlfcn.h - found
[0.673s] -- Looking for libdl - found
[0.680s] -- Searching for <gz-common5> component [av]
[0.680s] -- Looking for gz-common5-av -- found version 5.7.1
[0.680s] -- Searching for dependencies of gz-common5-av
[0.685s] -- Checking for module 'libswscale'
[0.705s] --   Found libswscale, version 7.5.100
[0.751s] -- Checking for module 'libavdevice >= 56.4.100'
[0.766s] --   Found libavdevice, version 60.3.100
[0.823s] -- Checking for module 'libavformat'
[0.840s] --   Found libavformat, version 60.16.100
[0.887s] -- Checking for module 'libavcodec'
[0.907s] --   Found libavcodec, version 60.31.102
[0.958s] -- Checking for module 'libavutil'
[0.975s] --   Found libavutil, version 58.29.100
[1.020s] -- Searching for <gz-common5> component [events]
[1.020s] -- Looking for gz-common5-events -- found version 5.7.1
[1.020s] -- Searching for dependencies of gz-common5-events
[1.021s] -- Looking for gz-math7 -- found version 7.5.2
[1.021s] -- Searching for <gz-common5> component [graphics]
[1.021s] -- Looking for gz-common5-graphics -- found version 5.7.1
[1.021s] -- Searching for dependencies of gz-common5-graphics
[1.021s] -- Looking for gz-math7 -- found version 7.5.2
[1.023s] -- Searching for <gz-common5> component [io]
[1.023s] -- Looking for gz-common5-io -- found version 5.7.1
[1.023s] -- Searching for dependencies of gz-common5-io
[1.023s] -- Searching for <gz-common5> component [profiler]
[1.024s] -- Looking for gz-common5-profiler -- found version 5.7.1
[1.024s] -- Searching for dependencies of gz-common5-profiler
[1.024s] -- Looking for gz-fuel_tools9 -- found version 9.1.1
[1.024s] -- Searching for dependencies of gz-fuel_tools9
[1.063s] -- Checking for module 'jsoncpp'
[1.081s] --   Found jsoncpp, version 1.9.5
[1.134s] -- Checking for module 'yaml-0.1'
[1.152s] --   Found yaml-0.1, version 0.2.5
[1.196s] -- Checking for module 'libzip'
[1.216s] --   Found libzip, version 1.7.3
[1.254s] -- Looking for gz-utils2 -- found version 2.2.1
[1.254s] -- Looking for gz-common5 -- found version 5.7.1
[1.254s] -- Searching for dependencies of gz-common5
[1.254s] -- Looking for gz-utils2 -- found version 2.2.1
[1.255s] -- Looking for dlfcn.h - found
[1.255s] -- Looking for libdl - found
[1.261s] -- Searching for <gz-common5> component [testing]
[1.261s] -- Looking for gz-common5-testing -- found version 5.7.1
[1.261s] -- Searching for dependencies of gz-common5-testing
[1.262s] -- Looking for gz-math7 -- found version 7.5.2
[1.262s] -- Looking for gz-msgs10 -- found version 10.3.2
[1.263s] -- Looking for gz-gui8 -- found version 8.4.0
[1.263s] -- Searching for dependencies of gz-gui8
[1.286s] -- Looking for gz-utils2 -- found version 2.2.1
[1.286s] -- Looking for gz-math7 -- found version 7.5.2
[1.286s] -- Looking for gz-common5 -- found version 5.7.1
[1.286s] -- Looking for gz-plugin2 -- found version 2.0.4
[1.287s] -- Looking for gz-transport13 -- found version 13.4.1
[1.287s] -- Looking for gz-rendering8 -- found version 8.2.2
[1.287s] -- Searching for dependencies of gz-rendering8
[1.287s] -- Looking for gz-math7 -- found version 7.5.2
[1.287s] -- Searching for dependencies of gz-math7
[1.288s] -- Looking for gz-utils2 -- found version 2.2.1
[1.288s] -- Searching for <gz-math7> component [eigen3]
[1.288s] -- Looking for gz-math7-eigen3 -- found version 7.5.2
[1.288s] -- Searching for dependencies of gz-math7-eigen3
[1.289s] -- Looking for gz-common5 -- found version 5.7.1
[1.289s] -- Searching for dependencies of gz-common5
[1.289s] -- Looking for gz-utils2 -- found version 2.2.1
[1.289s] -- Looking for dlfcn.h - found
[1.289s] -- Looking for libdl - found
[1.296s] -- Searching for <gz-common5> component [graphics]
[1.297s] -- Searching for <gz-common5> component [events]
[1.297s] -- Searching for <gz-common5> component [geospatial]
[1.297s] -- Looking for gz-common5-geospatial -- found version 5.7.1
[1.297s] -- Searching for dependencies of gz-common5-geospatial
[1.297s] -- Looking for gz-math7 -- found version 7.5.2
[1.297s] -- Looking for gz-common5 -- found version 5.7.1
[1.298s] -- Looking for gz-plugin2 -- found version 2.0.4
[1.298s] -- Searching for dependencies of gz-plugin2
[1.298s] -- Looking for gz-utils2 -- found version 2.2.1
[1.298s] -- Searching for <gz-plugin2> component [all]
[1.299s] -- Looking for all libraries of gz-plugin2 -- found version 2.0.4
[1.299s] -- Looking for gz-plugin2 -- found version 2.0.4
[1.299s] -- Looking for gz-utils2 -- found version 2.2.1
[1.301s] -- Looking for gz-msgs10 -- found version 10.3.2
[1.314s] -- Looking for gz-physics7 -- found version 7.5.0
[1.314s] -- Searching for dependencies of gz-physics7
[1.314s] -- Looking for gz-common5 -- found version 5.7.1
[1.314s] -- Looking for gz-math7 -- found version 7.5.2
[1.315s] -- Looking for gz-plugin2 -- found version 2.0.4
[1.315s] -- Looking for gz-utils2 -- found version 2.2.1
[1.315s] -- Searching for <gz-physics7> component [heightmap]
[1.316s] -- Looking for gz-physics7-heightmap -- found version 7.5.0
[1.316s] -- Searching for dependencies of gz-physics7-heightmap
[1.316s] -- Looking for gz-common5 -- found version 5.7.1
[1.316s] -- Searching for <gz-physics7> component [mesh]
[1.317s] -- Looking for gz-physics7-mesh -- found version 7.5.0
[1.317s] -- Searching for dependencies of gz-physics7-mesh
[1.317s] -- Looking for gz-common5 -- found version 5.7.1
[1.317s] -- Searching for <gz-physics7> component [sdf]
[1.317s] -- Looking for gz-physics7-sdf -- found version 7.5.0
[1.318s] -- Searching for dependencies of gz-physics7-sdf
[1.318s] -- Looking for sdformat14 -- found version 14.7.0
[1.318s] -- Looking for gz-sensors8 -- found version 8.2.2
[1.318s] -- Searching for dependencies of gz-sensors8
[1.337s] -- Looking for gz-math7 -- found version 7.5.2
[1.337s] -- Looking for gz-common5 -- found version 5.7.1
[1.338s] -- Looking for gz-transport13 -- found version 13.4.1
[1.338s] -- Looking for gz-rendering8 -- found version 8.2.2
[1.338s] -- Looking for gz-msgs10 -- found version 10.3.2
[1.339s] -- Looking for sdformat14 -- found version 14.7.0
[1.339s] -- Searching for <gz-sensors8> component [air_pressure]
[1.339s] -- Looking for gz-sensors8-air_pressure -- found version 8.2.2
[1.339s] -- Searching for dependencies of gz-sensors8-air_pressure
[1.340s] -- Searching for <gz-sensors8> component [air_speed]
[1.340s] -- Looking for gz-sensors8-air_speed -- found version 8.2.2
[1.340s] -- Searching for dependencies of gz-sensors8-air_speed
[1.341s] -- Searching for <gz-sensors8> component [altimeter]
[1.341s] -- Looking for gz-sensors8-altimeter -- found version 8.2.2
[1.341s] -- Searching for dependencies of gz-sensors8-altimeter
[1.341s] -- Searching for <gz-sensors8> component [imu]
[1.342s] -- Looking for gz-sensors8-imu -- found version 8.2.2
[1.342s] -- Searching for dependencies of gz-sensors8-imu
[1.342s] -- Searching for <gz-sensors8> component [force_torque]
[1.342s] -- Looking for gz-sensors8-force_torque -- found version 8.2.2
[1.342s] -- Searching for dependencies of gz-sensors8-force_torque
[1.343s] -- Searching for <gz-sensors8> component [logical_camera]
[1.343s] -- Looking for gz-sensors8-logical_camera -- found version 8.2.2
[1.343s] -- Searching for dependencies of gz-sensors8-logical_camera
[1.344s] -- Searching for <gz-sensors8> component [magnetometer]
[1.344s] -- Looking for gz-sensors8-magnetometer -- found version 8.2.2
[1.344s] -- Searching for dependencies of gz-sensors8-magnetometer
[1.345s] -- Searching for <gz-sensors8> component [navsat]
[1.345s] -- Looking for gz-sensors8-navsat -- found version 8.2.2
[1.346s] -- Searching for dependencies of gz-sensors8-navsat
[1.346s] -- Searching for <gz-sensors8> component [dvl]
[1.346s] -- Looking for gz-sensors8-dvl -- found version 8.2.2
[1.346s] -- Searching for dependencies of gz-sensors8-dvl
[1.346s] -- Looking for gz-sensors8 -- found version 8.2.2
[1.347s] -- Searching for dependencies of gz-sensors8
[1.367s] -- Looking for gz-math7 -- found version 7.5.2
[1.367s] -- Looking for gz-common5 -- found version 5.7.1
[1.367s] -- Looking for gz-transport13 -- found version 13.4.1
[1.367s] -- Looking for gz-rendering8 -- found version 8.2.2
[1.368s] -- Looking for gz-msgs10 -- found version 10.3.2
[1.368s] -- Looking for sdformat14 -- found version 14.7.0
[1.368s] -- Searching for <gz-sensors8> component [rendering]
[1.368s] -- Looking for gz-sensors8-rendering -- found version 8.2.2
[1.368s] -- Searching for dependencies of gz-sensors8-rendering
[1.369s] -- Searching for <gz-sensors8> component [rendering]
[1.369s] -- Searching for <gz-sensors8> component [lidar]
[1.369s] -- Looking for gz-sensors8-lidar -- found version 8.2.2
[1.369s] -- Searching for dependencies of gz-sensors8-lidar
[1.370s] -- Looking for gz-sensors8 -- found version 8.2.2
[1.370s] -- Searching for <gz-sensors8> component [gpu_lidar]
[1.370s] -- Looking for gz-sensors8-gpu_lidar -- found version 8.2.2
[1.370s] -- Searching for dependencies of gz-sensors8-gpu_lidar
[1.371s] -- Looking for gz-sensors8 -- found version 8.2.2
[1.371s] -- Searching for <gz-sensors8> component [camera]
[1.371s] -- Looking for gz-sensors8-camera -- found version 8.2.2
[1.371s] -- Searching for dependencies of gz-sensors8-camera
[1.371s] -- Looking for gz-sensors8 -- found version 8.2.2
[1.372s] -- Searching for <gz-sensors8> component [boundingbox_camera]
[1.372s] -- Looking for gz-sensors8-boundingbox_camera -- found version 8.2.2
[1.372s] -- Searching for dependencies of gz-sensors8-boundingbox_camera
[1.372s] -- Searching for <gz-sensors8> component [segmentation_camera]
[1.373s] -- Looking for gz-sensors8-segmentation_camera -- found version 8.2.2
[1.373s] -- Searching for dependencies of gz-sensors8-segmentation_camera
[1.373s] -- Searching for <gz-sensors8> component [depth_camera]
[1.373s] -- Looking for gz-sensors8-depth_camera -- found version 8.2.2
[1.373s] -- Searching for dependencies of gz-sensors8-depth_camera
[1.374s] -- Looking for gz-sensors8 -- found version 8.2.2
[1.374s] -- Searching for <gz-sensors8> component [rgbd_camera]
[1.374s] -- Looking for gz-sensors8-rgbd_camera -- found version 8.2.2
[1.374s] -- Searching for dependencies of gz-sensors8-rgbd_camera
[1.374s] -- Looking for gz-sensors8 -- found version 8.2.2
[1.375s] -- Searching for <gz-sensors8> component [thermal_camera]
[1.375s] -- Looking for gz-sensors8-thermal_camera -- found version 8.2.2
[1.375s] -- Searching for dependencies of gz-sensors8-thermal_camera
[1.375s] -- Looking for gz-sensors8 -- found version 8.2.2
[1.376s] -- Searching for <gz-sensors8> component [wide_angle_camera]
[1.376s] -- Looking for gz-sensors8-wide_angle_camera -- found version 8.2.2
[1.376s] -- Searching for dependencies of gz-sensors8-wide_angle_camera
[1.377s] -- Looking for gz-rendering8 -- found version 8.2.2
[1.377s] -- Looking for gz-math7 -- found version 7.5.2
[1.377s] -- Looking for gz-utils2 -- found version 2.2.1
[1.397s] -- Looking for gz-plugin2 -- found version 2.0.4
[1.397s] -- Looking for gz-common5 -- found version 5.7.1
[1.397s] -- Looking for gz-math8 -- found version 8.2.0
[1.401s] -- Searching for dependencies of gz-math8
[1.401s] -- Looking for gz-utils3 -- found version 3.1.1
[1.401s] -- Searching for dependencies of gz-utils3
[1.402s] -- Looking for sdformat14 -- found version 14.7.0
[1.404s] [31mCMake Error at CMakeLists.txt:31 (target_link_libraries):
[1.405s]   The plain signature for target_link_libraries has already been used with
[1.405s]   the target "wasd_body_thrust_plugin".  All uses of target_link_libraries
[1.405s]   with a target must be either all-keyword or all-plain.
[1.405s] 
[1.405s]   The uses of the plain signature are here:
[1.405s] 
[1.405s]    * /opt/ros/jazzy/share/ament_cmake_target_dependencies/cmake/ament_target_dependencies.cmake:146 (target_link_libraries)
[1.405s]    * /opt/ros/jazzy/share/ament_cmake_target_dependencies/cmake/ament_target_dependencies.cmake:152 (target_link_libraries)
[1.405s] 
[1.405s] 
[1.405s] [0m
[1.407s] -- Found ament_lint_auto: 0.17.2 (/opt/ros/jazzy/share/ament_lint_auto/cmake)
[1.472s] -- Added test 'cppcheck' to perform static code analysis on C / C++ code
[1.472s] -- Configured cppcheck include dirs: 
[1.472s] -- Configured cppcheck exclude dirs and/or files: 
[1.472s] -- Added test 'flake8' to check Python code syntax and style conventions
[1.472s] -- Configured 'flake8' exclude dirs and/or files: 
[1.472s] -- Added test 'lint_cmake' to check CMake code style
[1.473s] -- Added test 'pep257' to check Python code against some of the docstring style conventions in PEP 257
[1.474s] -- Added test 'uncrustify' to check C / C++ code style
[1.474s] -- Configured uncrustify additional arguments: 
[1.474s] -- Added test 'xmllint' to check XML markup files
[1.475s] -- Configuring incomplete, errors occurred!
[1.485s] gmake: *** [Makefile:308: cmake_check_build_system] Error 1
[1.488s] Invoked command in '/home/sangregorioquimpo/auve2_ws/build/auv_description' returned '2': CMAKE_PREFIX_PATH=${CMAKE_PREFIX_PATH}:/opt/ros/jazzy DEBUGINFOD_URLS=https://debuginfod.ubuntu.com PS1=(.venv) \[\e]0;\u@\h: \w\a\]${debian_chroot:+($debian_chroot)}\[\033[01;32m\]\u@\h\[\033[00m\]:\[\033[01;34m\]\w\[\033[00m\]\$ VIRTUAL_ENV_PROMPT=(.venv) /usr/bin/cmake --build /home/sangregorioquimpo/auve2_ws/build/auv_description -- -j16 -l16
