[0.011s] Invoking command in '/home/sangregorioquimpo/auve2_ws/build/auv_description': CMAKE_PREFIX_PATH=${CMAKE_PREFIX_PATH}:/opt/ros/jazzy DEBUGINFOD_URLS=https://debuginfod.ubuntu.com /usr/bin/cmake /home/sangregorioquimpo/auve2_ws/src/auv_description -DAMENT_CMAKE_SYMLINK_INSTALL=1 -DCMAKE_INSTALL_PREFIX=/home/sangregorioquimpo/auve2_ws/install/auv_description
[0.022s] -- Found ament_cmake: 2.5.4 (/opt/ros/jazzy/share/ament_cmake/cmake)
[0.165s] -- Override CMake install command with custom implementation using symlinks instead of copying resources
[0.172s] -- Found rclcpp: 28.1.9 (/opt/ros/jazzy/share/rclcpp/cmake)
[0.214s] -- Found rosidl_generator_c: 4.6.5 (/opt/ros/jazzy/share/rosidl_generator_c/cmake)
[0.227s] -- Found rosidl_generator_cpp: 4.6.5 (/opt/ros/jazzy/share/rosidl_generator_cpp/cmake)
[0.242s] -- Using all available rosidl_typesupport_c: rosidl_typesupport_fastrtps_c;rosidl_typesupport_introspection_c
[0.258s] -- Using all available rosidl_typesupport_cpp: rosidl_typesupport_fastrtps_cpp;rosidl_typesupport_introspection_cpp
[0.323s] -- Found rmw_implementation_cmake: 7.3.2 (/opt/ros/jazzy/share/rmw_implementation_cmake/cmake)
[0.327s] -- Found rmw_fastrtps_cpp: 8.4.2 (/opt/ros/jazzy/share/rmw_fastrtps_cpp/cmake)
[0.412s] -- Found OpenSSL: /usr/lib/x86_64-linux-gnu/libcrypto.so (found version "3.0.13")  
[0.427s] -- Found FastRTPS: /opt/ros/jazzy/include (Required is at least version "2.13") 
[0.445s] -- Using RMW implementation 'rmw_fastrtps_cpp' as default
[0.506s] -- Found geometry_msgs: 5.3.6 (/opt/ros/jazzy/share/geometry_msgs/cmake)
[0.530s] -- Looking for gz-sim8 -- found version 8.9.0
[0.535s] -- Searching for dependencies of gz-sim8
[0.536s] -- Looking for sdformat14 -- found version 14.7.0
[0.536s] -- Searching for dependencies of sdformat14
[0.541s] -- Checking for module 'tinyxml2'
[0.557s] --   Found tinyxml2, version 10.0.0
[0.600s] -- Looking for gz-math7 -- found version 7.5.2
[0.600s] -- Searching for dependencies of gz-math7
[0.600s] -- Looking for gz-utils2 -- found version 2.2.1
[0.600s] -- Searching for dependencies of gz-utils2
[0.600s] -- Looking for gz-utils2 -- found version 2.2.1
[0.600s] -- Searching for dependencies of gz-utils2
[0.600s] -- Searching for <gz-utils2> component [cli]
[0.603s] -- Looking for gz-utils2-cli -- found version 2.2.1
[0.604s] -- Searching for dependencies of gz-utils2-cli
[0.606s] -- Looking for gz-plugin2 -- found version 2.0.4
[0.606s] -- Searching for dependencies of gz-plugin2
[0.606s] -- Looking for gz-utils2 -- found version 2.2.1
[0.607s] -- Searching for <gz-plugin2> component [loader]
[0.608s] -- Looking for gz-plugin2-loader -- found version 2.0.4
[0.608s] -- Searching for dependencies of gz-plugin2-loader
[0.609s] -- Searching for <gz-plugin2> component [register]
[0.610s] -- Looking for gz-plugin2-register -- found version 2.0.4
[0.610s] -- Searching for dependencies of gz-plugin2-register
[0.612s] -- Looking for gz-transport13 -- found version 13.4.1
[0.612s] -- Searching for dependencies of gz-transport13
[0.718s] -- Found Protobuf: /usr/lib/x86_64-linux-gnu/libprotobuf.so (found version "3.21.12") 
[0.728s] -- Config-file not installed for ZeroMQ -- checking for pkg-config
[0.733s] -- Checking for module 'libzmq >= 4'
[0.751s] --   Found libzmq, version 4.3.5
[0.799s] -- Found ZeroMQ: TRUE (Required is at least version "4") 
[0.806s] -- Checking for module 'uuid'
[0.821s] --   Found uuid, version 2.39.3
[0.856s] -- Found UUID: TRUE  
[0.856s] -- Looking for gz-utils2 -- found version 2.2.1
[0.858s] -- Looking for gz-msgs10 -- found version 10.3.2
[0.858s] -- Searching for dependencies of gz-msgs10
[0.874s] -- Looking for gz-utils2 -- found version 2.2.1
[0.874s] -- Looking for gz-math7 -- found version 7.5.2
[0.879s] -- Searching for <gz-transport13> component [log]
[0.881s] -- Looking for gz-transport13-log -- found version 13.4.1
[0.881s] -- Searching for dependencies of gz-transport13-log
[0.881s] -- Searching for <gz-transport13> component [parameters]
[0.882s] -- Looking for gz-transport13-parameters -- found version 13.4.1
[0.882s] -- Searching for dependencies of gz-transport13-parameters
[0.883s] -- Looking for gz-msgs10 -- found version 10.3.2
[0.885s] -- Looking for gz-common5 -- found version 5.7.1
[0.885s] -- Searching for dependencies of gz-common5
[0.885s] -- Looking for gz-utils2 -- found version 2.2.1
[0.885s] -- Looking for dlfcn.h - found
[0.887s] -- Looking for libdl - found
[0.887s] -- Found DL: TRUE  
[0.893s] -- Searching for <gz-common5> component [av]
[0.894s] -- Looking for gz-common5-av -- found version 5.7.1
[0.894s] -- Searching for dependencies of gz-common5-av
[0.899s] -- Checking for module 'libswscale'
[0.918s] --   Found libswscale, version 7.5.100
[0.958s] -- Found SWSCALE: TRUE  
[0.962s] -- Checking for module 'libavdevice >= 56.4.100'
[0.978s] --   Found libavdevice, version 60.3.100
[1.027s] -- Found AVDEVICE: TRUE (Required is at least version "56.4.100") 
[1.032s] -- Checking for module 'libavformat'
[1.048s] --   Found libavformat, version 60.16.100
[1.089s] -- Found AVFORMAT: TRUE  
[1.093s] -- Checking for module 'libavcodec'
[1.110s] --   Found libavcodec, version 60.31.102
[1.155s] -- Found AVCODEC: TRUE  
[1.160s] -- Checking for module 'libavutil'
[1.176s] --   Found libavutil, version 58.29.100
[1.217s] -- Found AVUTIL: TRUE  
[1.217s] -- Searching for <gz-common5> component [events]
[1.219s] -- Looking for gz-common5-events -- found version 5.7.1
[1.219s] -- Searching for dependencies of gz-common5-events
[1.219s] -- Looking for gz-math7 -- found version 7.5.2
[1.219s] -- Searching for <gz-common5> component [graphics]
[1.221s] -- Looking for gz-common5-graphics -- found version 5.7.1
[1.221s] -- Searching for dependencies of gz-common5-graphics
[1.221s] -- Looking for gz-math7 -- found version 7.5.2
[1.225s] -- Found GzAssimp: TRUE (found version "5.3.0") 
[1.226s] -- Searching for <gz-common5> component [io]
[1.227s] -- Looking for gz-common5-io -- found version 5.7.1
[1.227s] -- Searching for dependencies of gz-common5-io
[1.228s] -- Searching for <gz-common5> component [profiler]
[1.230s] -- Looking for gz-common5-profiler -- found version 5.7.1
[1.230s] -- Searching for dependencies of gz-common5-profiler
[1.231s] -- Looking for gz-fuel_tools9 -- found version 9.1.1
[1.232s] -- Searching for dependencies of gz-fuel_tools9
[1.317s] -- Found CURL: /usr/lib/x86_64-linux-gnu/libcurl.so (found version "8.5.0")  
[1.326s] -- Checking for module 'jsoncpp'
[1.342s] --   Found jsoncpp, version 1.9.5
[1.380s] -- Found JSONCPP: TRUE  
[1.394s] -- Checking for module 'yaml-0.1'
[1.410s] --   Found yaml-0.1, version 0.2.5
[1.446s] -- Found YAML: TRUE  
[1.450s] -- Checking for module 'libzip'
[1.465s] --   Found libzip, version 1.7.3
[1.506s] -- Found ZIP: TRUE  
[1.506s] -- Looking for gz-utils2 -- found version 2.2.1
[1.506s] -- Looking for gz-common5 -- found version 5.7.1
[1.506s] -- Searching for dependencies of gz-common5
[1.507s] -- Looking for gz-utils2 -- found version 2.2.1
[1.507s] -- Looking for dlfcn.h - found
[1.507s] -- Looking for libdl - found
[1.513s] -- Searching for <gz-common5> component [testing]
[1.514s] -- Looking for gz-common5-testing -- found version 5.7.1
[1.515s] -- Searching for dependencies of gz-common5-testing
[1.515s] -- Looking for gz-math7 -- found version 7.5.2
[1.515s] -- Looking for gz-msgs10 -- found version 10.3.2
[1.517s] -- Looking for gz-gui8 -- found version 8.4.0
[1.517s] -- Searching for dependencies of gz-gui8
[1.539s] -- Looking for gz-utils2 -- found version 2.2.1
[1.539s] -- Looking for gz-math7 -- found version 7.5.2
[1.540s] -- Looking for gz-common5 -- found version 5.7.1
[1.540s] -- Looking for gz-plugin2 -- found version 2.0.4
[1.540s] -- Looking for gz-transport13 -- found version 13.4.1
[1.542s] -- Looking for gz-rendering8 -- found version 8.2.2
[1.542s] -- Searching for dependencies of gz-rendering8
[1.542s] -- Looking for gz-math7 -- found version 7.5.2
[1.542s] -- Searching for dependencies of gz-math7
[1.542s] -- Looking for gz-utils2 -- found version 2.2.1
[1.542s] -- Searching for <gz-math7> component [eigen3]
[1.544s] -- Looking for gz-math7-eigen3 -- found version 7.5.2
[1.544s] -- Searching for dependencies of gz-math7-eigen3
[1.552s] -- Looking for gz-common5 -- found version 5.7.1
[1.552s] -- Searching for dependencies of gz-common5
[1.552s] -- Looking for gz-utils2 -- found version 2.2.1
[1.552s] -- Looking for dlfcn.h - found
[1.552s] -- Looking for libdl - found
[1.558s] -- Searching for <gz-common5> component [graphics]
[1.558s] -- Searching for <gz-common5> component [events]
[1.558s] -- Searching for <gz-common5> component [geospatial]
[1.560s] -- Looking for gz-common5-geospatial -- found version 5.7.1
[1.560s] -- Searching for dependencies of gz-common5-geospatial
[1.560s] -- Looking for gz-math7 -- found version 7.5.2
[1.560s] -- Looking for gz-common5 -- found version 5.7.1
[1.561s] -- Looking for gz-plugin2 -- found version 2.0.4
[1.561s] -- Searching for dependencies of gz-plugin2
[1.561s] -- Looking for gz-utils2 -- found version 2.2.1
[1.561s] -- Searching for <gz-plugin2> component [all]
[1.563s] -- Looking for all libraries of gz-plugin2 -- found version 2.0.4
[1.563s] -- Looking for gz-plugin2 -- found version 2.0.4
[1.564s] -- Looking for gz-utils2 -- found version 2.2.1
[1.572s] -- Found OpenGL: /usr/lib/x86_64-linux-gnu/libOpenGL.so  found components: OpenGL 
[1.573s] -- Looking for gz-msgs10 -- found version 10.3.2
[1.588s] -- Looking for gz-physics7 -- found version 7.5.0
[1.588s] -- Searching for dependencies of gz-physics7
[1.588s] -- Looking for gz-common5 -- found version 5.7.1
[1.589s] -- Looking for gz-math7 -- found version 7.5.2
[1.589s] -- Looking for gz-plugin2 -- found version 2.0.4
[1.589s] -- Looking for gz-utils2 -- found version 2.2.1
[1.590s] -- Searching for <gz-physics7> component [heightmap]
[1.591s] -- Looking for gz-physics7-heightmap -- found version 7.5.0
[1.591s] -- Searching for dependencies of gz-physics7-heightmap
[1.591s] -- Looking for gz-common5 -- found version 5.7.1
[1.591s] -- Searching for <gz-physics7> component [mesh]
[1.592s] -- Looking for gz-physics7-mesh -- found version 7.5.0
[1.592s] -- Searching for dependencies of gz-physics7-mesh
[1.593s] -- Looking for gz-common5 -- found version 5.7.1
[1.593s] -- Searching for <gz-physics7> component [sdf]
[1.594s] -- Looking for gz-physics7-sdf -- found version 7.5.0
[1.594s] -- Searching for dependencies of gz-physics7-sdf
[1.594s] -- Looking for sdformat14 -- found version 14.7.0
[1.596s] -- Looking for gz-sensors8 -- found version 8.2.2
[1.596s] -- Searching for dependencies of gz-sensors8
[1.615s] -- Looking for gz-math7 -- found version 7.5.2
[1.615s] -- Looking for gz-common5 -- found version 5.7.1
[1.615s] -- Looking for gz-transport13 -- found version 13.4.1
[1.615s] -- Looking for gz-rendering8 -- found version 8.2.2
[1.615s] -- Looking for gz-msgs10 -- found version 10.3.2
[1.616s] -- Looking for sdformat14 -- found version 14.7.0
[1.616s] -- Searching for <gz-sensors8> component [air_pressure]
[1.617s] -- Looking for gz-sensors8-air_pressure -- found version 8.2.2
[1.617s] -- Searching for dependencies of gz-sensors8-air_pressure
[1.618s] -- Searching for <gz-sensors8> component [air_speed]
[1.619s] -- Looking for gz-sensors8-air_speed -- found version 8.2.2
[1.619s] -- Searching for dependencies of gz-sensors8-air_speed
[1.619s] -- Searching for <gz-sensors8> component [altimeter]
[1.620s] -- Looking for gz-sensors8-altimeter -- found version 8.2.2
[1.620s] -- Searching for dependencies of gz-sensors8-altimeter
[1.620s] -- Searching for <gz-sensors8> component [imu]
[1.621s] -- Looking for gz-sensors8-imu -- found version 8.2.2
[1.621s] -- Searching for dependencies of gz-sensors8-imu
[1.622s] -- Searching for <gz-sensors8> component [force_torque]
[1.623s] -- Looking for gz-sensors8-force_torque -- found version 8.2.2
[1.623s] -- Searching for dependencies of gz-sensors8-force_torque
[1.623s] -- Searching for <gz-sensors8> component [logical_camera]
[1.624s] -- Looking for gz-sensors8-logical_camera -- found version 8.2.2
[1.625s] -- Searching for dependencies of gz-sensors8-logical_camera
[1.625s] -- Searching for <gz-sensors8> component [magnetometer]
[1.626s] -- Looking for gz-sensors8-magnetometer -- found version 8.2.2
[1.626s] -- Searching for dependencies of gz-sensors8-magnetometer
[1.626s] -- Searching for <gz-sensors8> component [navsat]
[1.627s] -- Looking for gz-sensors8-navsat -- found version 8.2.2
[1.627s] -- Searching for dependencies of gz-sensors8-navsat
[1.628s] -- Searching for <gz-sensors8> component [dvl]
[1.629s] -- Looking for gz-sensors8-dvl -- found version 8.2.2
[1.629s] -- Searching for dependencies of gz-sensors8-dvl
[1.629s] -- Looking for gz-sensors8 -- found version 8.2.2
[1.629s] -- Searching for dependencies of gz-sensors8
[1.648s] -- Looking for gz-math7 -- found version 7.5.2
[1.648s] -- Looking for gz-common5 -- found version 5.7.1
[1.648s] -- Looking for gz-transport13 -- found version 13.4.1
[1.649s] -- Looking for gz-rendering8 -- found version 8.2.2
[1.649s] -- Looking for gz-msgs10 -- found version 10.3.2
[1.649s] -- Looking for sdformat14 -- found version 14.7.0
[1.649s] -- Searching for <gz-sensors8> component [rendering]
[1.650s] -- Looking for gz-sensors8-rendering -- found version 8.2.2
[1.650s] -- Searching for dependencies of gz-sensors8-rendering
[1.651s] -- Searching for <gz-sensors8> component [rendering]
[1.651s] -- Searching for <gz-sensors8> component [lidar]
[1.652s] -- Looking for gz-sensors8-lidar -- found version 8.2.2
[1.652s] -- Searching for dependencies of gz-sensors8-lidar
[1.652s] -- Looking for gz-sensors8 -- found version 8.2.2
[1.653s] -- Searching for <gz-sensors8> component [gpu_lidar]
[1.654s] -- Looking for gz-sensors8-gpu_lidar -- found version 8.2.2
[1.654s] -- Searching for dependencies of gz-sensors8-gpu_lidar
[1.654s] -- Looking for gz-sensors8 -- found version 8.2.2
[1.654s] -- Searching for <gz-sensors8> component [camera]
[1.655s] -- Looking for gz-sensors8-camera -- found version 8.2.2
[1.655s] -- Searching for dependencies of gz-sensors8-camera
[1.656s] -- Looking for gz-sensors8 -- found version 8.2.2
[1.656s] -- Searching for <gz-sensors8> component [boundingbox_camera]
[1.657s] -- Looking for gz-sensors8-boundingbox_camera -- found version 8.2.2
[1.657s] -- Searching for dependencies of gz-sensors8-boundingbox_camera
[1.657s] -- Searching for <gz-sensors8> component [segmentation_camera]
[1.659s] -- Looking for gz-sensors8-segmentation_camera -- found version 8.2.2
[1.659s] -- Searching for dependencies of gz-sensors8-segmentation_camera
[1.659s] -- Searching for <gz-sensors8> component [depth_camera]
[1.660s] -- Looking for gz-sensors8-depth_camera -- found version 8.2.2
[1.660s] -- Searching for dependencies of gz-sensors8-depth_camera
[1.660s] -- Looking for gz-sensors8 -- found version 8.2.2
[1.661s] -- Searching for <gz-sensors8> component [rgbd_camera]
[1.662s] -- Looking for gz-sensors8-rgbd_camera -- found version 8.2.2
[1.662s] -- Searching for dependencies of gz-sensors8-rgbd_camera
[1.662s] -- Looking for gz-sensors8 -- found version 8.2.2
[1.662s] -- Searching for <gz-sensors8> component [thermal_camera]
[1.663s] -- Looking for gz-sensors8-thermal_camera -- found version 8.2.2
[1.663s] -- Searching for dependencies of gz-sensors8-thermal_camera
[1.664s] -- Looking for gz-sensors8 -- found version 8.2.2
[1.664s] -- Searching for <gz-sensors8> component [wide_angle_camera]
[1.665s] -- Looking for gz-sensors8-wide_angle_camera -- found version 8.2.2
[1.665s] -- Searching for dependencies of gz-sensors8-wide_angle_camera
[1.666s] -- Looking for gz-rendering8 -- found version 8.2.2
[1.666s] -- Looking for gz-math7 -- found version 7.5.2
[1.666s] -- Looking for gz-utils2 -- found version 2.2.1
[1.684s] -- Looking for gz-plugin2 -- found version 2.0.4
[1.685s] -- Looking for gz-math7 -- found version 7.5.2
[1.686s] -- Found ament_lint_auto: 0.17.2 (/opt/ros/jazzy/share/ament_lint_auto/cmake)
[1.749s] -- Added test 'cppcheck' to perform static code analysis on C / C++ code
[1.749s] -- Configured cppcheck include dirs: 
[1.749s] -- Configured cppcheck exclude dirs and/or files: 
[1.750s] -- Added test 'flake8' to check Python code syntax and style conventions
[1.750s] -- Configured 'flake8' exclude dirs and/or files: 
[1.750s] -- Added test 'lint_cmake' to check CMake code style
[1.751s] -- Added test 'pep257' to check Python code against some of the docstring style conventions in PEP 257
[1.752s] -- Added test 'uncrustify' to check C / C++ code style
[1.752s] -- Configured uncrustify additional arguments: 
[1.753s] -- Added test 'xmllint' to check XML markup files
[1.754s] -- Configuring done (1.7s)
[1.768s] -- Generating done (0.0s)
[1.772s] -- Build files have been written to: /home/sangregorioquimpo/auve2_ws/build/auv_description
[1.781s] Invoked command in '/home/sangregorioquimpo/auve2_ws/build/auv_description' returned '0': CMAKE_PREFIX_PATH=${CMAKE_PREFIX_PATH}:/opt/ros/jazzy DEBUGINFOD_URLS=https://debuginfod.ubuntu.com /usr/bin/cmake /home/sangregorioquimpo/auve2_ws/src/auv_description -DAMENT_CMAKE_SYMLINK_INSTALL=1 -DCMAKE_INSTALL_PREFIX=/home/sangregorioquimpo/auve2_ws/install/auv_description
[1.783s] Invoking command in '/home/sangregorioquimpo/auve2_ws/build/auv_description': CMAKE_PREFIX_PATH=${CMAKE_PREFIX_PATH}:/opt/ros/jazzy DEBUGINFOD_URLS=https://debuginfod.ubuntu.com /usr/bin/cmake --build /home/sangregorioquimpo/auve2_ws/build/auv_description -- -j16 -l16
[1.838s] [ 50%] [32mBuilding CXX object CMakeFiles/wasd_body_thrust_plugin.dir/src/wasd_body_thrust_plugin.cpp.o[0m
[8.845s] [100%] [32m[1mLinking CXX shared library libwasd_body_thrust_plugin.so[0m
[9.119s] [100%] Built target wasd_body_thrust_plugin
[9.133s] Invoked command in '/home/sangregorioquimpo/auve2_ws/build/auv_description' returned '0': CMAKE_PREFIX_PATH=${CMAKE_PREFIX_PATH}:/opt/ros/jazzy DEBUGINFOD_URLS=https://debuginfod.ubuntu.com /usr/bin/cmake --build /home/sangregorioquimpo/auve2_ws/build/auv_description -- -j16 -l16
[9.145s] Invoking command in '/home/sangregorioquimpo/auve2_ws/build/auv_description': CMAKE_PREFIX_PATH=${CMAKE_PREFIX_PATH}:/opt/ros/jazzy DEBUGINFOD_URLS=https://debuginfod.ubuntu.com /usr/bin/cmake --install /home/sangregorioquimpo/auve2_ws/build/auv_description
[9.151s] -- Install configuration: ""
[9.151s] -- Execute custom install script
[9.152s] -- Symlinking: /home/sangregorioquimpo/auve2_ws/install/auv_description/lib/auv_description/wasd_teleop.py
[9.159s] -- Symlinking: /home/sangregorioquimpo/auve2_ws/install/auv_description/share/auv_description/urdf/cube/cube.urdf
[9.168s] -- Symlinking: /home/sangregorioquimpo/auve2_ws/install/auv_description/share/auv_description/launch/cube_thrust_test.launch.py
[9.175s] -- Symlinking: /home/sangregorioquimpo/auve2_ws/install/auv_description/share/auv_description/environment/library_path.sh
[9.183s] -- Symlinking: /home/sangregorioquimpo/auve2_ws/install/auv_description/share/auv_description/environment/library_path.dsv
[9.191s] -- Symlinking: /home/sangregorioquimpo/auve2_ws/install/auv_description/share/ament_index/resource_index/package_run_dependencies/auv_description
[9.198s] -- Symlinking: /home/sangregorioquimpo/auve2_ws/install/auv_description/share/ament_index/resource_index/parent_prefix_path/auv_description
[9.207s] -- Symlinking: /home/sangregorioquimpo/auve2_ws/install/auv_description/share/auv_description/environment/ament_prefix_path.sh
[9.215s] -- Symlinking: /home/sangregorioquimpo/auve2_ws/install/auv_description/share/auv_description/environment/ament_prefix_path.dsv
[9.223s] -- Symlinking: /home/sangregorioquimpo/auve2_ws/install/auv_description/share/auv_description/environment/path.sh
[9.235s] -- Symlinking: /home/sangregorioquimpo/auve2_ws/install/auv_description/share/auv_description/environment/path.dsv
[9.244s] -- Symlinking: /home/sangregorioquimpo/auve2_ws/install/auv_description/share/auv_description/local_setup.bash
[9.253s] -- Symlinking: /home/sangregorioquimpo/auve2_ws/install/auv_description/share/auv_description/local_setup.sh
[9.262s] -- Symlinking: /home/sangregorioquimpo/auve2_ws/install/auv_description/share/auv_description/local_setup.zsh
[9.270s] -- Symlinking: /home/sangregorioquimpo/auve2_ws/install/auv_description/share/auv_description/local_setup.dsv
[9.279s] -- Symlinking: /home/sangregorioquimpo/auve2_ws/install/auv_description/share/auv_description/package.dsv
[9.287s] -- Symlinking: /home/sangregorioquimpo/auve2_ws/install/auv_description/share/ament_index/resource_index/packages/auv_description
[9.295s] -- Symlinking: /home/sangregorioquimpo/auve2_ws/install/auv_description/share/auv_description/cmake/ament_cmake_export_targets-extras.cmake
[9.304s] -- Symlinking: /home/sangregorioquimpo/auve2_ws/install/auv_description/share/auv_description/cmake/ament_cmake_export_libraries-extras.cmake
[9.312s] -- Symlinking: /home/sangregorioquimpo/auve2_ws/install/auv_description/share/auv_description/cmake/auv_descriptionConfig.cmake
[9.321s] -- Symlinking: /home/sangregorioquimpo/auve2_ws/install/auv_description/share/auv_description/cmake/auv_descriptionConfig-version.cmake
[9.332s] -- Symlinking: /home/sangregorioquimpo/auve2_ws/install/auv_description/share/auv_description/package.xml
[9.341s] -- Installing: /home/sangregorioquimpo/auve2_ws/install/auv_description/lib/libwasd_body_thrust_plugin.so
[9.347s] -- Set non-toolchain portion of runtime path of "/home/sangregorioquimpo/auve2_ws/install/auv_description/lib/libwasd_body_thrust_plugin.so" to ""
[9.347s] -- Installing: /home/sangregorioquimpo/auve2_ws/install/auv_description/share/auv_description/cmake/wasd_body_thrust_pluginTargetsExport.cmake
[9.347s] -- Installing: /home/sangregorioquimpo/auve2_ws/install/auv_description/share/auv_description/cmake/wasd_body_thrust_pluginTargetsExport-noconfig.cmake
[9.349s] Invoked command in '/home/sangregorioquimpo/auve2_ws/build/auv_description' returned '0': CMAKE_PREFIX_PATH=${CMAKE_PREFIX_PATH}:/opt/ros/jazzy DEBUGINFOD_URLS=https://debuginfod.ubuntu.com /usr/bin/cmake --install /home/sangregorioquimpo/auve2_ws/build/auv_description
