[0.010s] Invoking command in '/home/sangregorioquimpo/auve2_ws/build/auv_description': CMAKE_PREFIX_PATH=${CMAKE_PREFIX_PATH}:/opt/ros/jazzy DEBUGINFOD_URLS=https://debuginfod.ubuntu.com /usr/bin/cmake --build /home/sangregorioquimpo/auve2_ws/build/auv_description -- -j16 -l16
[0.035s] -- Found ament_cmake: 2.5.4 (/opt/ros/jazzy/share/ament_cmake/cmake)
[0.179s] -- Override CMake install command with custom implementation using symlinks instead of copying resources
[0.183s] -- Found rclcpp: 28.1.9 (/opt/ros/jazzy/share/rclcpp/cmake)
[0.205s] -- Found rosidl_generator_c: 4.6.5 (/opt/ros/jazzy/share/rosidl_generator_c/cmake)
[0.212s] -- Found rosidl_generator_cpp: 4.6.5 (/opt/ros/jazzy/share/rosidl_generator_cpp/cmake)
[0.218s] -- Using all available rosidl_typesupport_c: rosidl_typesupport_fastrtps_c;rosidl_typesupport_introspection_c
[0.226s] -- Using all available rosidl_typesupport_cpp: rosidl_typesupport_fastrtps_cpp;rosidl_typesupport_introspection_cpp
[0.264s] -- Found rmw_implementation_cmake: 7.3.2 (/opt/ros/jazzy/share/rmw_implementation_cmake/cmake)
[0.264s] -- Found rmw_fastrtps_cpp: 8.4.2 (/opt/ros/jazzy/share/rmw_fastrtps_cpp/cmake)
[0.314s] -- Using RMW implementation 'rmw_fastrtps_cpp' as default
[0.353s] -- Found geometry_msgs: 5.3.6 (/opt/ros/jazzy/share/geometry_msgs/cmake)
[0.372s] -- Looking for gz-sim8 -- found version 8.9.0
[0.376s] -- Searching for dependencies of gz-sim8
[0.376s] -- Looking for sdformat14 -- found version 14.7.0
[0.376s] -- Searching for dependencies of sdformat14
[0.381s] -- Checking for module 'tinyxml2'
[0.397s] --   Found tinyxml2, version 10.0.0
[0.435s] -- Looking for gz-math7 -- found version 7.5.2
[0.435s] -- Searching for dependencies of gz-math7
[0.435s] -- Looking for gz-utils2 -- found version 2.2.1
[0.435s] -- Searching for dependencies of gz-utils2
[0.436s] -- Looking for gz-utils2 -- found version 2.2.1
[0.436s] -- Searching for dependencies of gz-utils2
[0.436s] -- Searching for <gz-utils2> component [cli]
[0.437s] -- Looking for gz-utils2-cli -- found version 2.2.1
[0.437s] -- Searching for dependencies of gz-utils2-cli
[0.437s] -- Looking for gz-plugin2 -- found version 2.0.4
[0.438s] -- Searching for dependencies of gz-plugin2
[0.438s] -- Looking for gz-utils2 -- found version 2.2.1
[0.438s] -- Searching for <gz-plugin2> component [loader]
[0.438s] -- Looking for gz-plugin2-loader -- found version 2.0.4
[0.438s] -- Searching for dependencies of gz-plugin2-loader
[0.439s] -- Searching for <gz-plugin2> component [register]
[0.439s] -- Looking for gz-plugin2-register -- found version 2.0.4
[0.439s] -- Searching for dependencies of gz-plugin2-register
[0.439s] -- Looking for gz-transport13 -- found version 13.4.1
[0.440s] -- Searching for dependencies of gz-transport13
[0.468s] -- Config-file not installed for ZeroMQ -- checking for pkg-config
[0.472s] -- Checking for module 'libzmq >= 4'
[0.487s] --   Found libzmq, version 4.3.5
[0.541s] -- Checking for module 'uuid'
[0.556s] --   Found uuid, version 2.39.3
[0.595s] -- Looking for gz-utils2 -- found version 2.2.1
[0.595s] -- Looking for gz-msgs10 -- found version 10.3.2
[0.595s] -- Searching for dependencies of gz-msgs10
[0.614s] -- Looking for gz-utils2 -- found version 2.2.1
[0.614s] -- Looking for gz-math7 -- found version 7.5.2
[0.619s] -- Searching for <gz-transport13> component [log]
[0.619s] -- Looking for gz-transport13-log -- found version 13.4.1
[0.620s] -- Searching for dependencies of gz-transport13-log
[0.620s] -- Searching for <gz-transport13> component [parameters]
[0.620s] -- Looking for gz-transport13-parameters -- found version 13.4.1
[0.620s] -- Searching for dependencies of gz-transport13-parameters
[0.621s] -- Looking for gz-msgs10 -- found version 10.3.2
[0.621s] -- Looking for gz-common5 -- found version 5.7.1
[0.621s] -- Searching for dependencies of gz-common5
[0.621s] -- Looking for gz-utils2 -- found version 2.2.1
[0.621s] -- Looking for dlfcn.h - found
[0.621s] -- Looking for libdl - found
[0.627s] -- Searching for <gz-common5> component [av]
[0.627s] -- Looking for gz-common5-av -- found version 5.7.1
[0.628s] -- Searching for dependencies of gz-common5-av
[0.631s] -- Checking for module 'libswscale'
[0.648s] --   Found libswscale, version 7.5.100
[0.695s] -- Checking for module 'libavdevice >= 56.4.100'
[0.713s] --   Found libavdevice, version 60.3.100
[0.766s] -- Checking for module 'libavformat'
[0.782s] --   Found libavformat, version 60.16.100
[0.831s] -- Checking for module 'libavcodec'
[0.850s] --   Found libavcodec, version 60.31.102
[0.896s] -- Checking for module 'libavutil'
[0.915s] --   Found libavutil, version 58.29.100
[0.957s] -- Searching for <gz-common5> component [events]
[0.957s] -- Looking for gz-common5-events -- found version 5.7.1
[0.957s] -- Searching for dependencies of gz-common5-events
[0.957s] -- Looking for gz-math7 -- found version 7.5.2
[0.958s] -- Searching for <gz-common5> component [graphics]
[0.958s] -- Looking for gz-common5-graphics -- found version 5.7.1
[0.958s] -- Searching for dependencies of gz-common5-graphics
[0.958s] -- Looking for gz-math7 -- found version 7.5.2
[0.960s] -- Searching for <gz-common5> component [io]
[0.960s] -- Looking for gz-common5-io -- found version 5.7.1
[0.960s] -- Searching for dependencies of gz-common5-io
[0.960s] -- Searching for <gz-common5> component [profiler]
[0.960s] -- Looking for gz-common5-profiler -- found version 5.7.1
[0.960s] -- Searching for dependencies of gz-common5-profiler
[0.961s] -- Looking for gz-fuel_tools9 -- found version 9.1.1
[0.961s] -- Searching for dependencies of gz-fuel_tools9
[0.996s] -- Checking for module 'jsoncpp'
[1.015s] --   Found jsoncpp, version 1.9.5
[1.071s] -- Checking for module 'yaml-0.1'
[1.087s] --   Found yaml-0.1, version 0.2.5
[1.129s] -- Checking for module 'libzip'
[1.145s] --   Found libzip, version 1.7.3
[1.185s] -- Looking for gz-utils2 -- found version 2.2.1
[1.185s] -- Looking for gz-common5 -- found version 5.7.1
[1.185s] -- Searching for dependencies of gz-common5
[1.185s] -- Looking for gz-utils2 -- found version 2.2.1
[1.186s] -- Looking for dlfcn.h - found
[1.186s] -- Looking for libdl - found
[1.192s] -- Searching for <gz-common5> component [testing]
[1.193s] -- Looking for gz-common5-testing -- found version 5.7.1
[1.193s] -- Searching for dependencies of gz-common5-testing
[1.193s] -- Looking for gz-math7 -- found version 7.5.2
[1.193s] -- Looking for gz-msgs10 -- found version 10.3.2
[1.194s] -- Looking for gz-gui8 -- found version 8.4.0
[1.194s] -- Searching for dependencies of gz-gui8
[1.219s] -- Looking for gz-utils2 -- found version 2.2.1
[1.219s] -- Looking for gz-math7 -- found version 7.5.2
[1.219s] -- Looking for gz-common5 -- found version 5.7.1
[1.219s] -- Looking for gz-plugin2 -- found version 2.0.4
[1.220s] -- Looking for gz-transport13 -- found version 13.4.1
[1.220s] -- Looking for gz-rendering8 -- found version 8.2.2
[1.220s] -- Searching for dependencies of gz-rendering8
[1.220s] -- Looking for gz-math7 -- found version 7.5.2
[1.221s] -- Searching for dependencies of gz-math7
[1.221s] -- Looking for gz-utils2 -- found version 2.2.1
[1.221s] -- Searching for <gz-math7> component [eigen3]
[1.221s] -- Looking for gz-math7-eigen3 -- found version 7.5.2
[1.222s] -- Searching for dependencies of gz-math7-eigen3
[1.222s] -- Looking for gz-common5 -- found version 5.7.1
[1.223s] -- Searching for dependencies of gz-common5
[1.223s] -- Looking for gz-utils2 -- found version 2.2.1
[1.223s] -- Looking for dlfcn.h - found
[1.223s] -- Looking for libdl - found
[1.229s] -- Searching for <gz-common5> component [graphics]
[1.229s] -- Searching for <gz-common5> component [events]
[1.229s] -- Searching for <gz-common5> component [geospatial]
[1.230s] -- Looking for gz-common5-geospatial -- found version 5.7.1
[1.230s] -- Searching for dependencies of gz-common5-geospatial
[1.230s] -- Looking for gz-math7 -- found version 7.5.2
[1.230s] -- Looking for gz-common5 -- found version 5.7.1
[1.231s] -- Looking for gz-plugin2 -- found version 2.0.4
[1.231s] -- Searching for dependencies of gz-plugin2
[1.231s] -- Looking for gz-utils2 -- found version 2.2.1
[1.231s] -- Searching for <gz-plugin2> component [all]
[1.232s] -- Looking for all libraries of gz-plugin2 -- found version 2.0.4
[1.232s] -- Looking for gz-plugin2 -- found version 2.0.4
[1.233s] -- Looking for gz-utils2 -- found version 2.2.1
[1.235s] -- Looking for gz-msgs10 -- found version 10.3.2
[1.245s] -- Looking for gz-physics7 -- found version 7.5.0
[1.245s] -- Searching for dependencies of gz-physics7
[1.245s] -- Looking for gz-common5 -- found version 5.7.1
[1.245s] -- Looking for gz-math7 -- found version 7.5.2
[1.245s] -- Looking for gz-plugin2 -- found version 2.0.4
[1.245s] -- Looking for gz-utils2 -- found version 2.2.1
[1.246s] -- Searching for <gz-physics7> component [heightmap]
[1.246s] -- Looking for gz-physics7-heightmap -- found version 7.5.0
[1.246s] -- Searching for dependencies of gz-physics7-heightmap
[1.247s] -- Looking for gz-common5 -- found version 5.7.1
[1.247s] -- Searching for <gz-physics7> component [mesh]
[1.247s] -- Looking for gz-physics7-mesh -- found version 7.5.0
[1.247s] -- Searching for dependencies of gz-physics7-mesh
[1.247s] -- Looking for gz-common5 -- found version 5.7.1
[1.248s] -- Searching for <gz-physics7> component [sdf]
[1.248s] -- Looking for gz-physics7-sdf -- found version 7.5.0
[1.248s] -- Searching for dependencies of gz-physics7-sdf
[1.248s] -- Looking for sdformat14 -- found version 14.7.0
[1.249s] -- Looking for gz-sensors8 -- found version 8.2.2
[1.249s] -- Searching for dependencies of gz-sensors8
[1.266s] -- Looking for gz-math7 -- found version 7.5.2
[1.267s] -- Looking for gz-common5 -- found version 5.7.1
[1.267s] -- Looking for gz-transport13 -- found version 13.4.1
[1.267s] -- Looking for gz-rendering8 -- found version 8.2.2
[1.267s] -- Looking for gz-msgs10 -- found version 10.3.2
[1.268s] -- Looking for sdformat14 -- found version 14.7.0
[1.268s] -- Searching for <gz-sensors8> component [air_pressure]
[1.268s] -- Looking for gz-sensors8-air_pressure -- found version 8.2.2
[1.268s] -- Searching for dependencies of gz-sensors8-air_pressure
[1.268s] -- Searching for <gz-sensors8> component [air_speed]
[1.269s] -- Looking for gz-sensors8-air_speed -- found version 8.2.2
[1.269s] -- Searching for dependencies of gz-sensors8-air_speed
[1.269s] -- Searching for <gz-sensors8> component [altimeter]
[1.269s] -- Looking for gz-sensors8-altimeter -- found version 8.2.2
[1.269s] -- Searching for dependencies of gz-sensors8-altimeter
[1.270s] -- Searching for <gz-sensors8> component [imu]
[1.270s] -- Looking for gz-sensors8-imu -- found version 8.2.2
[1.270s] -- Searching for dependencies of gz-sensors8-imu
[1.270s] -- Searching for <gz-sensors8> component [force_torque]
[1.270s] -- Looking for gz-sensors8-force_torque -- found version 8.2.2
[1.270s] -- Searching for dependencies of gz-sensors8-force_torque
[1.271s] -- Searching for <gz-sensors8> component [logical_camera]
[1.271s] -- Looking for gz-sensors8-logical_camera -- found version 8.2.2
[1.271s] -- Searching for dependencies of gz-sensors8-logical_camera
[1.271s] -- Searching for <gz-sensors8> component [magnetometer]
[1.272s] -- Looking for gz-sensors8-magnetometer -- found version 8.2.2
[1.272s] -- Searching for dependencies of gz-sensors8-magnetometer
[1.272s] -- Searching for <gz-sensors8> component [navsat]
[1.272s] -- Looking for gz-sensors8-navsat -- found version 8.2.2
[1.272s] -- Searching for dependencies of gz-sensors8-navsat
[1.272s] -- Searching for <gz-sensors8> component [dvl]
[1.273s] -- Looking for gz-sensors8-dvl -- found version 8.2.2
[1.273s] -- Searching for dependencies of gz-sensors8-dvl
[1.273s] -- Looking for gz-sensors8 -- found version 8.2.2
[1.273s] -- Searching for dependencies of gz-sensors8
[1.290s] -- Looking for gz-math7 -- found version 7.5.2
[1.290s] -- Looking for gz-common5 -- found version 5.7.1
[1.291s] -- Looking for gz-transport13 -- found version 13.4.1
[1.291s] -- Looking for gz-rendering8 -- found version 8.2.2
[1.291s] -- Looking for gz-msgs10 -- found version 10.3.2
[1.292s] -- Looking for sdformat14 -- found version 14.7.0
[1.292s] -- Searching for <gz-sensors8> component [rendering]
[1.292s] -- Looking for gz-sensors8-rendering -- found version 8.2.2
[1.292s] -- Searching for dependencies of gz-sensors8-rendering
[1.293s] -- Searching for <gz-sensors8> component [rendering]
[1.293s] -- Searching for <gz-sensors8> component [lidar]
[1.293s] -- Looking for gz-sensors8-lidar -- found version 8.2.2
[1.293s] -- Searching for dependencies of gz-sensors8-lidar
[1.293s] -- Looking for gz-sensors8 -- found version 8.2.2
[1.293s] -- Searching for <gz-sensors8> component [gpu_lidar]
[1.294s] -- Looking for gz-sensors8-gpu_lidar -- found version 8.2.2
[1.294s] -- Searching for dependencies of gz-sensors8-gpu_lidar
[1.294s] -- Looking for gz-sensors8 -- found version 8.2.2
[1.294s] -- Searching for <gz-sensors8> component [camera]
[1.295s] -- Looking for gz-sensors8-camera -- found version 8.2.2
[1.295s] -- Searching for dependencies of gz-sensors8-camera
[1.295s] -- Looking for gz-sensors8 -- found version 8.2.2
[1.295s] -- Searching for <gz-sensors8> component [boundingbox_camera]
[1.295s] -- Looking for gz-sensors8-boundingbox_camera -- found version 8.2.2
[1.296s] -- Searching for dependencies of gz-sensors8-boundingbox_camera
[1.296s] -- Searching for <gz-sensors8> component [segmentation_camera]
[1.296s] -- Looking for gz-sensors8-segmentation_camera -- found version 8.2.2
[1.296s] -- Searching for dependencies of gz-sensors8-segmentation_camera
[1.296s] -- Searching for <gz-sensors8> component [depth_camera]
[1.297s] -- Looking for gz-sensors8-depth_camera -- found version 8.2.2
[1.297s] -- Searching for dependencies of gz-sensors8-depth_camera
[1.297s] -- Looking for gz-sensors8 -- found version 8.2.2
[1.297s] -- Searching for <gz-sensors8> component [rgbd_camera]
[1.297s] -- Looking for gz-sensors8-rgbd_camera -- found version 8.2.2
[1.298s] -- Searching for dependencies of gz-sensors8-rgbd_camera
[1.298s] -- Looking for gz-sensors8 -- found version 8.2.2
[1.298s] -- Searching for <gz-sensors8> component [thermal_camera]
[1.298s] -- Looking for gz-sensors8-thermal_camera -- found version 8.2.2
[1.298s] -- Searching for dependencies of gz-sensors8-thermal_camera
[1.299s] -- Looking for gz-sensors8 -- found version 8.2.2
[1.299s] -- Searching for <gz-sensors8> component [wide_angle_camera]
[1.299s] -- Looking for gz-sensors8-wide_angle_camera -- found version 8.2.2
[1.299s] -- Searching for dependencies of gz-sensors8-wide_angle_camera
[1.300s] -- Looking for gz-rendering8 -- found version 8.2.2
[1.300s] -- Looking for gz-math7 -- found version 7.5.2
[1.301s] -- Looking for gz-utils2 -- found version 2.2.1
[1.320s] -- Looking for gz-plugin2 -- found version 2.0.4
[1.320s] -- Looking for gz-math7 -- found version 7.5.2
[1.322s] -- Found ament_lint_auto: 0.17.2 (/opt/ros/jazzy/share/ament_lint_auto/cmake)
[1.383s] -- Added test 'cppcheck' to perform static code analysis on C / C++ code
[1.383s] -- Configured cppcheck include dirs: 
[1.383s] -- Configured cppcheck exclude dirs and/or files: 
[1.383s] -- Added test 'flake8' to check Python code syntax and style conventions
[1.383s] -- Configured 'flake8' exclude dirs and/or files: 
[1.383s] -- Added test 'lint_cmake' to check CMake code style
[1.384s] -- Added test 'pep257' to check Python code against some of the docstring style conventions in PEP 257
[1.384s] -- Added test 'uncrustify' to check C / C++ code style
[1.385s] -- Configured uncrustify additional arguments: 
[1.385s] -- Added test 'xmllint' to check XML markup files
[1.386s] -- Configuring done (1.4s)
[1.401s] -- Generating done (0.0s)
[1.406s] -- Build files have been written to: /home/sangregorioquimpo/auve2_ws/build/auv_description
[1.459s] [100%] Built target wasd_body_thrust_plugin
[1.470s] Invoked command in '/home/sangregorioquimpo/auve2_ws/build/auv_description' returned '0': CMAKE_PREFIX_PATH=${CMAKE_PREFIX_PATH}:/opt/ros/jazzy DEBUGINFOD_URLS=https://debuginfod.ubuntu.com /usr/bin/cmake --build /home/sangregorioquimpo/auve2_ws/build/auv_description -- -j16 -l16
[1.480s] Invoking command in '/home/sangregorioquimpo/auve2_ws/build/auv_description': CMAKE_PREFIX_PATH=${CMAKE_PREFIX_PATH}:/opt/ros/jazzy DEBUGINFOD_URLS=https://debuginfod.ubuntu.com /usr/bin/cmake --install /home/sangregorioquimpo/auve2_ws/build/auv_description
[1.487s] -- Install configuration: ""
[1.487s] -- Execute custom install script
[1.487s] -- Up-to-date symlink: /home/sangregorioquimpo/auve2_ws/install/auv_description/lib/auv_description/wasd_teleop.py
[1.488s] -- Up-to-date symlink: /home/sangregorioquimpo/auve2_ws/install/auv_description/share/auv_description/urdf/cube/cube.urdf
[1.488s] -- Up-to-date symlink: /home/sangregorioquimpo/auve2_ws/install/auv_description/share/auv_description/launch/cube_thrust_test.launch.py
[1.488s] -- Up-to-date symlink: /home/sangregorioquimpo/auve2_ws/install/auv_description/share/auv_description/worlds/test_world.sdf
[1.488s] -- Up-to-date symlink: /home/sangregorioquimpo/auve2_ws/install/auv_description/share/auv_description/worlds/water_world.sdf
[1.488s] -- Up-to-date symlink: /home/sangregorioquimpo/auve2_ws/install/auv_description/share/auv_description/environment/library_path.sh
[1.488s] -- Up-to-date symlink: /home/sangregorioquimpo/auve2_ws/install/auv_description/share/auv_description/environment/library_path.dsv
[1.488s] -- Up-to-date symlink: /home/sangregorioquimpo/auve2_ws/install/auv_description/share/ament_index/resource_index/package_run_dependencies/auv_description
[1.488s] -- Up-to-date symlink: /home/sangregorioquimpo/auve2_ws/install/auv_description/share/ament_index/resource_index/parent_prefix_path/auv_description
[1.488s] -- Up-to-date symlink: /home/sangregorioquimpo/auve2_ws/install/auv_description/share/auv_description/environment/ament_prefix_path.sh
[1.489s] -- Up-to-date symlink: /home/sangregorioquimpo/auve2_ws/install/auv_description/share/auv_description/environment/ament_prefix_path.dsv
[1.489s] -- Up-to-date symlink: /home/sangregorioquimpo/auve2_ws/install/auv_description/share/auv_description/environment/path.sh
[1.489s] -- Up-to-date symlink: /home/sangregorioquimpo/auve2_ws/install/auv_description/share/auv_description/environment/path.dsv
[1.489s] -- Up-to-date symlink: /home/sangregorioquimpo/auve2_ws/install/auv_description/share/auv_description/local_setup.bash
[1.489s] -- Up-to-date symlink: /home/sangregorioquimpo/auve2_ws/install/auv_description/share/auv_description/local_setup.sh
[1.489s] -- Up-to-date symlink: /home/sangregorioquimpo/auve2_ws/install/auv_description/share/auv_description/local_setup.zsh
[1.489s] -- Up-to-date symlink: /home/sangregorioquimpo/auve2_ws/install/auv_description/share/auv_description/local_setup.dsv
[1.489s] -- Symlinking: /home/sangregorioquimpo/auve2_ws/install/auv_description/share/auv_description/package.dsv
[1.497s] -- Up-to-date symlink: /home/sangregorioquimpo/auve2_ws/install/auv_description/share/ament_index/resource_index/packages/auv_description
[1.498s] -- Up-to-date symlink: /home/sangregorioquimpo/auve2_ws/install/auv_description/share/auv_description/cmake/ament_cmake_export_targets-extras.cmake
[1.498s] -- Up-to-date symlink: /home/sangregorioquimpo/auve2_ws/install/auv_description/share/auv_description/cmake/ament_cmake_export_libraries-extras.cmake
[1.498s] -- Up-to-date symlink: /home/sangregorioquimpo/auve2_ws/install/auv_description/share/auv_description/cmake/auv_descriptionConfig.cmake
[1.498s] -- Up-to-date symlink: /home/sangregorioquimpo/auve2_ws/install/auv_description/share/auv_description/cmake/auv_descriptionConfig-version.cmake
[1.498s] -- Up-to-date symlink: /home/sangregorioquimpo/auve2_ws/install/auv_description/share/auv_description/package.xml
[1.499s] -- Up-to-date: /home/sangregorioquimpo/auve2_ws/install/auv_description/lib/libwasd_body_thrust_plugin.so
[1.499s] -- Up-to-date: /home/sangregorioquimpo/auve2_ws/install/auv_description/share/auv_description/cmake/wasd_body_thrust_pluginTargetsExport.cmake
[1.499s] -- Up-to-date: /home/sangregorioquimpo/auve2_ws/install/auv_description/share/auv_description/cmake/wasd_body_thrust_pluginTargetsExport-noconfig.cmake
[1.500s] Invoked command in '/home/sangregorioquimpo/auve2_ws/build/auv_description' returned '0': CMAKE_PREFIX_PATH=${CMAKE_PREFIX_PATH}:/opt/ros/jazzy DEBUGINFOD_URLS=https://debuginfod.ubuntu.com /usr/bin/cmake --install /home/sangregorioquimpo/auve2_ws/build/auv_description
