[0.011s] Invoking command in '/home/sangregorioquimpo/auve2_ws/build/auv_description': CMAKE_PREFIX_PATH=${CMAKE_PREFIX_PATH}:/opt/ros/jazzy DEBUGINFOD_URLS=https://debuginfod.ubuntu.com /usr/bin/cmake --build /home/sangregorioquimpo/auve2_ws/build/auv_description -- -j16 -l16
[0.038s] -- Found ament_cmake: 2.5.4 (/opt/ros/jazzy/share/ament_cmake/cmake)
[0.191s] -- Override CMake install command with custom implementation using symlinks instead of copying resources
[0.196s] -- Found rclcpp: 28.1.9 (/opt/ros/jazzy/share/rclcpp/cmake)
[0.216s] -- Found rosidl_generator_c: 4.6.5 (/opt/ros/jazzy/share/rosidl_generator_c/cmake)
[0.221s] -- Found rosidl_generator_cpp: 4.6.5 (/opt/ros/jazzy/share/rosidl_generator_cpp/cmake)
[0.229s] -- Using all available rosidl_typesupport_c: rosidl_typesupport_fastrtps_c;rosidl_typesupport_introspection_c
[0.237s] -- Using all available rosidl_typesupport_cpp: rosidl_typesupport_fastrtps_cpp;rosidl_typesupport_introspection_cpp
[0.276s] -- Found rmw_implementation_cmake: 7.3.2 (/opt/ros/jazzy/share/rmw_implementation_cmake/cmake)
[0.276s] -- Found rmw_fastrtps_cpp: 8.4.2 (/opt/ros/jazzy/share/rmw_fastrtps_cpp/cmake)
[0.329s] -- Using RMW implementation 'rmw_fastrtps_cpp' as default
[0.373s] -- Found geometry_msgs: 5.3.6 (/opt/ros/jazzy/share/geometry_msgs/cmake)
[0.393s] -- Looking for gz-sim8 -- found version 8.9.0
[0.397s] -- Searching for dependencies of gz-sim8
[0.397s] -- Looking for sdformat14 -- found version 14.7.0
[0.397s] -- Searching for dependencies of sdformat14
[0.402s] -- Checking for module 'tinyxml2'
[0.421s] --   Found tinyxml2, version 10.0.0
[0.456s] -- Looking for gz-math7 -- found version 7.5.2
[0.456s] -- Searching for dependencies of gz-math7
[0.456s] -- Looking for gz-utils2 -- found version 2.2.1
[0.456s] -- Searching for dependencies of gz-utils2
[0.457s] -- Looking for gz-utils2 -- found version 2.2.1
[0.457s] -- Searching for dependencies of gz-utils2
[0.457s] -- Searching for <gz-utils2> component [cli]
[0.457s] -- Looking for gz-utils2-cli -- found version 2.2.1
[0.457s] -- Searching for dependencies of gz-utils2-cli
[0.458s] -- Looking for gz-plugin2 -- found version 2.0.4
[0.458s] -- Searching for dependencies of gz-plugin2
[0.458s] -- Looking for gz-utils2 -- found version 2.2.1
[0.459s] -- Searching for <gz-plugin2> component [loader]
[0.459s] -- Looking for gz-plugin2-loader -- found version 2.0.4
[0.459s] -- Searching for dependencies of gz-plugin2-loader
[0.459s] -- Searching for <gz-plugin2> component [register]
[0.459s] -- Looking for gz-plugin2-register -- found version 2.0.4
[0.459s] -- Searching for dependencies of gz-plugin2-register
[0.460s] -- Looking for gz-transport13 -- found version 13.4.1
[0.460s] -- Searching for dependencies of gz-transport13
[0.488s] -- Config-file not installed for ZeroMQ -- checking for pkg-config
[0.493s] -- Checking for module 'libzmq >= 4'
[0.512s] --   Found libzmq, version 4.3.5
[0.562s] -- Checking for module 'uuid'
[0.578s] --   Found uuid, version 2.39.3
[0.618s] -- Looking for gz-utils2 -- found version 2.2.1
[0.619s] -- Looking for gz-msgs10 -- found version 10.3.2
[0.619s] -- Searching for dependencies of gz-msgs10
[0.637s] -- Looking for gz-utils2 -- found version 2.2.1
[0.637s] -- Looking for gz-math7 -- found version 7.5.2
[0.644s] -- Searching for <gz-transport13> component [log]
[0.644s] -- Looking for gz-transport13-log -- found version 13.4.1
[0.644s] -- Searching for dependencies of gz-transport13-log
[0.644s] -- Searching for <gz-transport13> component [parameters]
[0.645s] -- Looking for gz-transport13-parameters -- found version 13.4.1
[0.645s] -- Searching for dependencies of gz-transport13-parameters
[0.645s] -- Looking for gz-msgs10 -- found version 10.3.2
[0.645s] -- Looking for gz-common5 -- found version 5.7.1
[0.645s] -- Searching for dependencies of gz-common5
[0.646s] -- Looking for gz-utils2 -- found version 2.2.1
[0.646s] -- Looking for dlfcn.h - found
[0.646s] -- Looking for libdl - found
[0.653s] -- Searching for <gz-common5> component [av]
[0.653s] -- Looking for gz-common5-av -- found version 5.7.1
[0.653s] -- Searching for dependencies of gz-common5-av
[0.658s] -- Checking for module 'libswscale'
[0.674s] --   Found libswscale, version 7.5.100
[0.715s] -- Checking for module 'libavdevice >= 56.4.100'
[0.732s] --   Found libavdevice, version 60.3.100
[0.787s] -- Checking for module 'libavformat'
[0.808s] --   Found libavformat, version 60.16.100
[0.856s] -- Checking for module 'libavcodec'
[0.873s] --   Found libavcodec, version 60.31.102
[0.919s] -- Checking for module 'libavutil'
[0.935s] --   Found libavutil, version 58.29.100
[0.971s] -- Searching for <gz-common5> component [events]
[0.971s] -- Looking for gz-common5-events -- found version 5.7.1
[0.971s] -- Searching for dependencies of gz-common5-events
[0.971s] -- Looking for gz-math7 -- found version 7.5.2
[0.972s] -- Searching for <gz-common5> component [graphics]
[0.972s] -- Looking for gz-common5-graphics -- found version 5.7.1
[0.972s] -- Searching for dependencies of gz-common5-graphics
[0.972s] -- Looking for gz-math7 -- found version 7.5.2
[0.973s] -- Searching for <gz-common5> component [io]
[0.974s] -- Looking for gz-common5-io -- found version 5.7.1
[0.974s] -- Searching for dependencies of gz-common5-io
[0.974s] -- Searching for <gz-common5> component [profiler]
[0.974s] -- Looking for gz-common5-profiler -- found version 5.7.1
[0.974s] -- Searching for dependencies of gz-common5-profiler
[0.975s] -- Looking for gz-fuel_tools9 -- found version 9.1.1
[0.975s] -- Searching for dependencies of gz-fuel_tools9
[1.016s] -- Checking for module 'jsoncpp'
[1.035s] --   Found jsoncpp, version 1.9.5
[1.094s] -- Checking for module 'yaml-0.1'
[1.112s] --   Found yaml-0.1, version 0.2.5
[1.156s] -- Checking for module 'libzip'
[1.175s] --   Found libzip, version 1.7.3
[1.219s] -- Looking for gz-utils2 -- found version 2.2.1
[1.220s] -- Looking for gz-common5 -- found version 5.7.1
[1.220s] -- Searching for dependencies of gz-common5
[1.220s] -- Looking for gz-utils2 -- found version 2.2.1
[1.220s] -- Looking for dlfcn.h - found
[1.220s] -- Looking for libdl - found
[1.227s] -- Searching for <gz-common5> component [testing]
[1.227s] -- Looking for gz-common5-testing -- found version 5.7.1
[1.227s] -- Searching for dependencies of gz-common5-testing
[1.228s] -- Looking for gz-math7 -- found version 7.5.2
[1.228s] -- Looking for gz-msgs10 -- found version 10.3.2
[1.229s] -- Looking for gz-gui8 -- found version 8.4.0
[1.229s] -- Searching for dependencies of gz-gui8
[1.255s] -- Looking for gz-utils2 -- found version 2.2.1
[1.255s] -- Looking for gz-math7 -- found version 7.5.2
[1.255s] -- Looking for gz-common5 -- found version 5.7.1
[1.255s] -- Looking for gz-plugin2 -- found version 2.0.4
[1.255s] -- Looking for gz-transport13 -- found version 13.4.1
[1.256s] -- Looking for gz-rendering8 -- found version 8.2.2
[1.256s] -- Searching for dependencies of gz-rendering8
[1.256s] -- Looking for gz-math7 -- found version 7.5.2
[1.256s] -- Searching for dependencies of gz-math7
[1.256s] -- Looking for gz-utils2 -- found version 2.2.1
[1.256s] -- Searching for <gz-math7> component [eigen3]
[1.257s] -- Looking for gz-math7-eigen3 -- found version 7.5.2
[1.257s] -- Searching for dependencies of gz-math7-eigen3
[1.258s] -- Looking for gz-common5 -- found version 5.7.1
[1.258s] -- Searching for dependencies of gz-common5
[1.258s] -- Looking for gz-utils2 -- found version 2.2.1
[1.258s] -- Looking for dlfcn.h - found
[1.258s] -- Looking for libdl - found
[1.264s] -- Searching for <gz-common5> component [graphics]
[1.264s] -- Searching for <gz-common5> component [events]
[1.264s] -- Searching for <gz-common5> component [geospatial]
[1.264s] -- Looking for gz-common5-geospatial -- found version 5.7.1
[1.264s] -- Searching for dependencies of gz-common5-geospatial
[1.264s] -- Looking for gz-math7 -- found version 7.5.2
[1.265s] -- Looking for gz-common5 -- found version 5.7.1
[1.265s] -- Looking for gz-plugin2 -- found version 2.0.4
[1.265s] -- Searching for dependencies of gz-plugin2
[1.266s] -- Looking for gz-utils2 -- found version 2.2.1
[1.266s] -- Searching for <gz-plugin2> component [all]
[1.266s] -- Looking for all libraries of gz-plugin2 -- found version 2.0.4
[1.266s] -- Looking for gz-plugin2 -- found version 2.0.4
[1.267s] -- Looking for gz-utils2 -- found version 2.2.1
[1.269s] -- Looking for gz-msgs10 -- found version 10.3.2
[1.280s] -- Looking for gz-physics7 -- found version 7.5.0
[1.280s] -- Searching for dependencies of gz-physics7
[1.281s] -- Looking for gz-common5 -- found version 5.7.1
[1.281s] -- Looking for gz-math7 -- found version 7.5.2
[1.281s] -- Looking for gz-plugin2 -- found version 2.0.4
[1.281s] -- Looking for gz-utils2 -- found version 2.2.1
[1.282s] -- Searching for <gz-physics7> component [heightmap]
[1.282s] -- Looking for gz-physics7-heightmap -- found version 7.5.0
[1.282s] -- Searching for dependencies of gz-physics7-heightmap
[1.282s] -- Looking for gz-common5 -- found version 5.7.1
[1.283s] -- Searching for <gz-physics7> component [mesh]
[1.283s] -- Looking for gz-physics7-mesh -- found version 7.5.0
[1.283s] -- Searching for dependencies of gz-physics7-mesh
[1.283s] -- Looking for gz-common5 -- found version 5.7.1
[1.283s] -- Searching for <gz-physics7> component [sdf]
[1.284s] -- Looking for gz-physics7-sdf -- found version 7.5.0
[1.284s] -- Searching for dependencies of gz-physics7-sdf
[1.284s] -- Looking for sdformat14 -- found version 14.7.0
[1.284s] -- Looking for gz-sensors8 -- found version 8.2.2
[1.285s] -- Searching for dependencies of gz-sensors8
[1.302s] -- Looking for gz-math7 -- found version 7.5.2
[1.302s] -- Looking for gz-common5 -- found version 5.7.1
[1.303s] -- Looking for gz-transport13 -- found version 13.4.1
[1.303s] -- Looking for gz-rendering8 -- found version 8.2.2
[1.303s] -- Looking for gz-msgs10 -- found version 10.3.2
[1.303s] -- Looking for sdformat14 -- found version 14.7.0
[1.304s] -- Searching for <gz-sensors8> component [air_pressure]
[1.305s] -- Looking for gz-sensors8-air_pressure -- found version 8.2.2
[1.306s] -- Searching for dependencies of gz-sensors8-air_pressure
[1.306s] -- Searching for <gz-sensors8> component [air_speed]
[1.307s] -- Looking for gz-sensors8-air_speed -- found version 8.2.2
[1.307s] -- Searching for dependencies of gz-sensors8-air_speed
[1.307s] -- Searching for <gz-sensors8> component [altimeter]
[1.307s] -- Looking for gz-sensors8-altimeter -- found version 8.2.2
[1.307s] -- Searching for dependencies of gz-sensors8-altimeter
[1.308s] -- Searching for <gz-sensors8> component [imu]
[1.308s] -- Looking for gz-sensors8-imu -- found version 8.2.2
[1.308s] -- Searching for dependencies of gz-sensors8-imu
[1.308s] -- Searching for <gz-sensors8> component [force_torque]
[1.308s] -- Looking for gz-sensors8-force_torque -- found version 8.2.2
[1.308s] -- Searching for dependencies of gz-sensors8-force_torque
[1.309s] -- Searching for <gz-sensors8> component [logical_camera]
[1.309s] -- Looking for gz-sensors8-logical_camera -- found version 8.2.2
[1.309s] -- Searching for dependencies of gz-sensors8-logical_camera
[1.309s] -- Searching for <gz-sensors8> component [magnetometer]
[1.309s] -- Looking for gz-sensors8-magnetometer -- found version 8.2.2
[1.310s] -- Searching for dependencies of gz-sensors8-magnetometer
[1.310s] -- Searching for <gz-sensors8> component [navsat]
[1.310s] -- Looking for gz-sensors8-navsat -- found version 8.2.2
[1.310s] -- Searching for dependencies of gz-sensors8-navsat
[1.310s] -- Searching for <gz-sensors8> component [dvl]
[1.311s] -- Looking for gz-sensors8-dvl -- found version 8.2.2
[1.311s] -- Searching for dependencies of gz-sensors8-dvl
[1.311s] -- Looking for gz-sensors8 -- found version 8.2.2
[1.311s] -- Searching for dependencies of gz-sensors8
[1.330s] -- Looking for gz-math7 -- found version 7.5.2
[1.330s] -- Looking for gz-common5 -- found version 5.7.1
[1.330s] -- Looking for gz-transport13 -- found version 13.4.1
[1.331s] -- Looking for gz-rendering8 -- found version 8.2.2
[1.331s] -- Looking for gz-msgs10 -- found version 10.3.2
[1.331s] -- Looking for sdformat14 -- found version 14.7.0
[1.331s] -- Searching for <gz-sensors8> component [rendering]
[1.331s] -- Looking for gz-sensors8-rendering -- found version 8.2.2
[1.331s] -- Searching for dependencies of gz-sensors8-rendering
[1.332s] -- Searching for <gz-sensors8> component [rendering]
[1.332s] -- Searching for <gz-sensors8> component [lidar]
[1.333s] -- Looking for gz-sensors8-lidar -- found version 8.2.2
[1.333s] -- Searching for dependencies of gz-sensors8-lidar
[1.333s] -- Looking for gz-sensors8 -- found version 8.2.2
[1.333s] -- Searching for <gz-sensors8> component [gpu_lidar]
[1.334s] -- Looking for gz-sensors8-gpu_lidar -- found version 8.2.2
[1.334s] -- Searching for dependencies of gz-sensors8-gpu_lidar
[1.334s] -- Looking for gz-sensors8 -- found version 8.2.2
[1.334s] -- Searching for <gz-sensors8> component [camera]
[1.334s] -- Looking for gz-sensors8-camera -- found version 8.2.2
[1.335s] -- Searching for dependencies of gz-sensors8-camera
[1.335s] -- Looking for gz-sensors8 -- found version 8.2.2
[1.335s] -- Searching for <gz-sensors8> component [boundingbox_camera]
[1.335s] -- Looking for gz-sensors8-boundingbox_camera -- found version 8.2.2
[1.336s] -- Searching for dependencies of gz-sensors8-boundingbox_camera
[1.336s] -- Searching for <gz-sensors8> component [segmentation_camera]
[1.336s] -- Looking for gz-sensors8-segmentation_camera -- found version 8.2.2
[1.336s] -- Searching for dependencies of gz-sensors8-segmentation_camera
[1.336s] -- Searching for <gz-sensors8> component [depth_camera]
[1.337s] -- Looking for gz-sensors8-depth_camera -- found version 8.2.2
[1.337s] -- Searching for dependencies of gz-sensors8-depth_camera
[1.337s] -- Looking for gz-sensors8 -- found version 8.2.2
[1.337s] -- Searching for <gz-sensors8> component [rgbd_camera]
[1.338s] -- Looking for gz-sensors8-rgbd_camera -- found version 8.2.2
[1.338s] -- Searching for dependencies of gz-sensors8-rgbd_camera
[1.338s] -- Looking for gz-sensors8 -- found version 8.2.2
[1.338s] -- Searching for <gz-sensors8> component [thermal_camera]
[1.338s] -- Looking for gz-sensors8-thermal_camera -- found version 8.2.2
[1.339s] -- Searching for dependencies of gz-sensors8-thermal_camera
[1.339s] -- Looking for gz-sensors8 -- found version 8.2.2
[1.339s] -- Searching for <gz-sensors8> component [wide_angle_camera]
[1.340s] -- Looking for gz-sensors8-wide_angle_camera -- found version 8.2.2
[1.340s] -- Searching for dependencies of gz-sensors8-wide_angle_camera
[1.340s] -- Looking for gz-rendering8 -- found version 8.2.2
[1.340s] -- Looking for gz-math7 -- found version 7.5.2
[1.341s] -- Looking for gz-utils2 -- found version 2.2.1
[1.359s] -- Looking for gz-plugin2 -- found version 2.0.4
[1.359s] -- Looking for gz-math7 -- found version 7.5.2
[1.361s] -- Found ament_lint_auto: 0.17.2 (/opt/ros/jazzy/share/ament_lint_auto/cmake)
[1.430s] -- Added test 'cppcheck' to perform static code analysis on C / C++ code
[1.430s] -- Configured cppcheck include dirs: 
[1.430s] -- Configured cppcheck exclude dirs and/or files: 
[1.430s] -- Added test 'flake8' to check Python code syntax and style conventions
[1.430s] -- Configured 'flake8' exclude dirs and/or files: 
[1.430s] -- Added test 'lint_cmake' to check CMake code style
[1.431s] -- Added test 'pep257' to check Python code against some of the docstring style conventions in PEP 257
[1.432s] -- Added test 'uncrustify' to check C / C++ code style
[1.432s] -- Configured uncrustify additional arguments: 
[1.432s] -- Added test 'xmllint' to check XML markup files
[1.433s] -- Configuring done (1.4s)
[1.437s] [31mCMake Error at CMakeLists.txt:22 (add_library):
[1.437s]   Cannot find source file:
[1.438s] 
[1.438s]     src/wasd_body_wrench_plugin.cpp
[1.438s] 
[1.438s]   Tried extensions .c .C .c++ .cc .cpp .cxx .cu .mpp .m .M .mm .ixx .cppm
[1.438s]   .ccm .cxxm .c++m .h .hh .h++ .hm .hpp .hxx .in .txx .f .F .for .f77 .f90
[1.438s]   .f95 .f03 .hip .ispc
[1.438s] 
[1.438s] [0m
[1.439s] [31mCMake Error at CMakeLists.txt:22 (add_library):
[1.439s]   No SOURCES given to target: wasd_body_wrench_plugin
[1.439s] 
[1.439s] [0m
[1.439s] [0mCMake Generate step failed.  Build files cannot be regenerated correctly.[0m
[1.448s] gmake: *** [Makefile:267: cmake_check_build_system] Error 1
[1.450s] Invoked command in '/home/sangregorioquimpo/auve2_ws/build/auv_description' returned '2': CMAKE_PREFIX_PATH=${CMAKE_PREFIX_PATH}:/opt/ros/jazzy DEBUGINFOD_URLS=https://debuginfod.ubuntu.com /usr/bin/cmake --build /home/sangregorioquimpo/auve2_ws/build/auv_description -- -j16 -l16
