[0.078s] Invoking command in '/home/sangregorioquimpo/auve2_ws/build/auv_description': CMAKE_PREFIX_PATH=${CMAKE_PREFIX_PATH}:/opt/ros/jazzy DEBUGINFOD_URLS=https://debuginfod.ubuntu.com /usr/bin/cmake --build /home/sangregorioquimpo/auve2_ws/build/auv_description -- -j16 -l16
[0.181s] [ 50%] Built target simple_buoyancy
[0.181s] [100%] Built target wasd_body_thrust_plugin
[0.192s] Invoked command in '/home/sangregorioquimpo/auve2_ws/build/auv_description' returned '0': CMAKE_PREFIX_PATH=${CMAKE_PREFIX_PATH}:/opt/ros/jazzy DEBUGINFOD_URLS=https://debuginfod.ubuntu.com /usr/bin/cmake --build /home/sangregorioquimpo/auve2_ws/build/auv_description -- -j16 -l16
[0.205s] Invoking command in '/home/sangregorioquimpo/auve2_ws/build/auv_description': CMAKE_PREFIX_PATH=${CMAKE_PREFIX_PATH}:/opt/ros/jazzy DEBUGINFOD_URLS=https://debuginfod.ubuntu.com /usr/bin/cmake --install /home/sangregorioquimpo/auve2_ws/build/auv_description
[0.213s] -- Install configuration: ""
[0.213s] -- Execute custom install script
[0.213s] -- Up-to-date symlink: /home/sangregorioquimpo/auve2_ws/install/auv_description/lib/auv_description/wasd_teleop.py
[0.214s] -- Up-to-date symlink: /home/sangregorioquimpo/auve2_ws/install/auv_description/share/auv_description/urdf/cube/cube.urdf
[0.214s] -- Up-to-date symlink: /home/sangregorioquimpo/auve2_ws/install/auv_description/share/auv_description/launch/cube_thrust_test.launch.py
[0.214s] -- Up-to-date symlink: /home/sangregorioquimpo/auve2_ws/install/auv_description/share/auv_description/launch/cube_thrust_test_water.launch.py
[0.214s] -- Up-to-date symlink: /home/sangregorioquimpo/auve2_ws/install/auv_description/share/auv_description/worlds/test_world.sdf
[0.214s] -- Up-to-date symlink: /home/sangregorioquimpo/auve2_ws/install/auv_description/share/auv_description/worlds/water_world.sdf
[0.214s] -- Up-to-date symlink: /home/sangregorioquimpo/auve2_ws/install/auv_description/share/auv_description/environment/library_path.sh
[0.214s] -- Up-to-date symlink: /home/sangregorioquimpo/auve2_ws/install/auv_description/share/auv_description/environment/library_path.dsv
[0.214s] -- Up-to-date symlink: /home/sangregorioquimpo/auve2_ws/install/auv_description/share/ament_index/resource_index/package_run_dependencies/auv_description
[0.215s] -- Up-to-date symlink: /home/sangregorioquimpo/auve2_ws/install/auv_description/share/ament_index/resource_index/parent_prefix_path/auv_description
[0.215s] -- Up-to-date symlink: /home/sangregorioquimpo/auve2_ws/install/auv_description/share/auv_description/environment/ament_prefix_path.sh
[0.215s] -- Up-to-date symlink: /home/sangregorioquimpo/auve2_ws/install/auv_description/share/auv_description/environment/ament_prefix_path.dsv
[0.215s] -- Up-to-date symlink: /home/sangregorioquimpo/auve2_ws/install/auv_description/share/auv_description/environment/path.sh
[0.215s] -- Up-to-date symlink: /home/sangregorioquimpo/auve2_ws/install/auv_description/share/auv_description/environment/path.dsv
[0.215s] -- Up-to-date symlink: /home/sangregorioquimpo/auve2_ws/install/auv_description/share/auv_description/local_setup.bash
[0.215s] -- Up-to-date symlink: /home/sangregorioquimpo/auve2_ws/install/auv_description/share/auv_description/local_setup.sh
[0.215s] -- Up-to-date symlink: /home/sangregorioquimpo/auve2_ws/install/auv_description/share/auv_description/local_setup.zsh
[0.215s] -- Up-to-date symlink: /home/sangregorioquimpo/auve2_ws/install/auv_description/share/auv_description/local_setup.dsv
[0.215s] -- Symlinking: /home/sangregorioquimpo/auve2_ws/install/auv_description/share/auv_description/package.dsv
[0.223s] -- Up-to-date symlink: /home/sangregorioquimpo/auve2_ws/install/auv_description/share/ament_index/resource_index/packages/auv_description
[0.223s] -- Up-to-date symlink: /home/sangregorioquimpo/auve2_ws/install/auv_description/share/auv_description/cmake/ament_cmake_export_targets-extras.cmake
[0.223s] -- Up-to-date symlink: /home/sangregorioquimpo/auve2_ws/install/auv_description/share/auv_description/cmake/ament_cmake_export_libraries-extras.cmake
[0.223s] -- Up-to-date symlink: /home/sangregorioquimpo/auve2_ws/install/auv_description/share/auv_description/cmake/auv_descriptionConfig.cmake
[0.223s] -- Up-to-date symlink: /home/sangregorioquimpo/auve2_ws/install/auv_description/share/auv_description/cmake/auv_descriptionConfig-version.cmake
[0.224s] -- Up-to-date symlink: /home/sangregorioquimpo/auve2_ws/install/auv_description/share/auv_description/package.xml
[0.224s] -- Up-to-date: /home/sangregorioquimpo/auve2_ws/install/auv_description/lib/libsimple_buoyancy.so
[0.224s] -- Up-to-date: /home/sangregorioquimpo/auve2_ws/install/auv_description/share/auv_description/cmake/wasd_body_thrust_pluginTargetsExport.cmake
[0.224s] -- Up-to-date: /home/sangregorioquimpo/auve2_ws/install/auv_description/share/auv_description/cmake/wasd_body_thrust_pluginTargetsExport-noconfig.cmake
[0.224s] -- Up-to-date: /home/sangregorioquimpo/auve2_ws/install/auv_description/share/auv_description/cmake/simple_buoyancyTargetsExport.cmake
[0.224s] -- Up-to-date: /home/sangregorioquimpo/auve2_ws/install/auv_description/share/auv_description/cmake/simple_buoyancyTargetsExport-noconfig.cmake
[0.404s] Invoked command in '/home/sangregorioquimpo/auve2_ws/build/auv_description' returned '0': CMAKE_PREFIX_PATH=${CMAKE_PREFIX_PATH}:/opt/ros/jazzy DEBUGINFOD_URLS=https://debuginfod.ubuntu.com /usr/bin/cmake --install /home/sangregorioquimpo/auve2_ws/build/auv_description
