[0.011s] Invoking command in '/home/sangregorioquimpo/auve2_ws/build/auv_description': CMAKE_PREFIX_PATH=${CMAKE_PREFIX_PATH}:/opt/ros/jazzy DEBUGINFOD_URLS=https://debuginfod.ubuntu.com PS1=(.venv) \[\e]0;\u@\h: \w\a\]${debian_chroot:+($debian_chroot)}\[\033[01;32m\]\u@\h\[\033[00m\]:\[\033[01;34m\]\w\[\033[00m\]\$ VIRTUAL_ENV_PROMPT=(.venv) /usr/bin/cmake --build /home/sangregorioquimpo/auve2_ws/build/auv_description -- -j16 -l16
[0.070s] [ 75%] [32mBuilding CXX object CMakeFiles/simple_buoyancy.dir/src/simple_buoyancy.cc.o[0m
[0.070s] [ 75%] Built target wasd_body_thrust_plugin
[3.494s] [100%] [32m[1mLinking CXX shared library libsimple_buoyancy.so[0m
[3.699s] [100%] Built target simple_buoyancy
[3.712s] Invoked command in '/home/sangregorioquimpo/auve2_ws/build/auv_description' returned '0': CMAKE_PREFIX_PATH=${CMAKE_PREFIX_PATH}:/opt/ros/jazzy DEBUGINFOD_URLS=https://debuginfod.ubuntu.com PS1=(.venv) \[\e]0;\u@\h: \w\a\]${debian_chroot:+($debian_chroot)}\[\033[01;32m\]\u@\h\[\033[00m\]:\[\033[01;34m\]\w\[\033[00m\]\$ VIRTUAL_ENV_PROMPT=(.venv) /usr/bin/cmake --build /home/sangregorioquimpo/auve2_ws/build/auv_description -- -j16 -l16
[3.723s] Invoking command in '/home/sangregorioquimpo/auve2_ws/build/auv_description': CMAKE_PREFIX_PATH=${CMAKE_PREFIX_PATH}:/opt/ros/jazzy DEBUGINFOD_URLS=https://debuginfod.ubuntu.com PS1=(.venv) \[\e]0;\u@\h: \w\a\]${debian_chroot:+($debian_chroot)}\[\033[01;32m\]\u@\h\[\033[00m\]:\[\033[01;34m\]\w\[\033[00m\]\$ VIRTUAL_ENV_PROMPT=(.venv) /usr/bin/cmake --install /home/sangregorioquimpo/auve2_ws/build/auv_description
[3.733s] -- Install configuration: ""
[3.733s] -- Execute custom install script
[3.733s] -- Up-to-date symlink: /home/sangregorioquimpo/auve2_ws/install/auv_description/lib/auv_description/wasd_teleop.py
[3.733s] -- Up-to-date symlink: /home/sangregorioquimpo/auve2_ws/install/auv_description/share/auv_description/urdf/cube/cube.urdf
[3.733s] -- Up-to-date symlink: /home/sangregorioquimpo/auve2_ws/install/auv_description/share/auv_description/launch/cube_thrust_test.launch.py
[3.733s] -- Up-to-date symlink: /home/sangregorioquimpo/auve2_ws/install/auv_description/share/auv_description/launch/cube_thrust_test_water.launch.py
[3.734s] -- Up-to-date symlink: /home/sangregorioquimpo/auve2_ws/install/auv_description/share/auv_description/worlds/test_world.sdf
[3.734s] -- Up-to-date symlink: /home/sangregorioquimpo/auve2_ws/install/auv_description/share/auv_description/worlds/water_world.sdf
[3.734s] -- Up-to-date symlink: /home/sangregorioquimpo/auve2_ws/install/auv_description/share/auv_description/environment/library_path.sh
[3.734s] -- Up-to-date symlink: /home/sangregorioquimpo/auve2_ws/install/auv_description/share/auv_description/environment/library_path.dsv
[3.734s] -- Up-to-date symlink: /home/sangregorioquimpo/auve2_ws/install/auv_description/share/ament_index/resource_index/package_run_dependencies/auv_description
[3.734s] -- Up-to-date symlink: /home/sangregorioquimpo/auve2_ws/install/auv_description/share/ament_index/resource_index/parent_prefix_path/auv_description
[3.734s] -- Up-to-date symlink: /home/sangregorioquimpo/auve2_ws/install/auv_description/share/auv_description/environment/ament_prefix_path.sh
[3.734s] -- Up-to-date symlink: /home/sangregorioquimpo/auve2_ws/install/auv_description/share/auv_description/environment/ament_prefix_path.dsv
[3.734s] -- Up-to-date symlink: /home/sangregorioquimpo/auve2_ws/install/auv_description/share/auv_description/environment/path.sh
[3.734s] -- Up-to-date symlink: /home/sangregorioquimpo/auve2_ws/install/auv_description/share/auv_description/environment/path.dsv
[3.734s] -- Up-to-date symlink: /home/sangregorioquimpo/auve2_ws/install/auv_description/share/auv_description/local_setup.bash
[3.734s] -- Up-to-date symlink: /home/sangregorioquimpo/auve2_ws/install/auv_description/share/auv_description/local_setup.sh
[3.734s] -- Up-to-date symlink: /home/sangregorioquimpo/auve2_ws/install/auv_description/share/auv_description/local_setup.zsh
[3.735s] -- Up-to-date symlink: /home/sangregorioquimpo/auve2_ws/install/auv_description/share/auv_description/local_setup.dsv
[3.735s] -- Symlinking: /home/sangregorioquimpo/auve2_ws/install/auv_description/share/auv_description/package.dsv
[3.743s] -- Up-to-date symlink: /home/sangregorioquimpo/auve2_ws/install/auv_description/share/ament_index/resource_index/packages/auv_description
[3.743s] -- Up-to-date symlink: /home/sangregorioquimpo/auve2_ws/install/auv_description/share/auv_description/cmake/ament_cmake_export_targets-extras.cmake
[3.743s] -- Up-to-date symlink: /home/sangregorioquimpo/auve2_ws/install/auv_description/share/auv_description/cmake/ament_cmake_export_libraries-extras.cmake
[3.743s] -- Up-to-date symlink: /home/sangregorioquimpo/auve2_ws/install/auv_description/share/auv_description/cmake/auv_descriptionConfig.cmake
[3.743s] -- Up-to-date symlink: /home/sangregorioquimpo/auve2_ws/install/auv_description/share/auv_description/cmake/auv_descriptionConfig-version.cmake
[3.743s] -- Up-to-date symlink: /home/sangregorioquimpo/auve2_ws/install/auv_description/share/auv_description/package.xml
[3.743s] -- Installing: /home/sangregorioquimpo/auve2_ws/install/auv_description/lib/libsimple_buoyancy.so
[3.745s] -- Set non-toolchain portion of runtime path of "/home/sangregorioquimpo/auve2_ws/install/auv_description/lib/libsimple_buoyancy.so" to ""
[3.745s] -- Up-to-date: /home/sangregorioquimpo/auve2_ws/install/auv_description/share/auv_description/cmake/wasd_body_thrust_pluginTargetsExport.cmake
[3.746s] -- Up-to-date: /home/sangregorioquimpo/auve2_ws/install/auv_description/share/auv_description/cmake/wasd_body_thrust_pluginTargetsExport-noconfig.cmake
[3.746s] -- Up-to-date: /home/sangregorioquimpo/auve2_ws/install/auv_description/share/auv_description/cmake/simple_buoyancyTargetsExport.cmake
[3.746s] -- Up-to-date: /home/sangregorioquimpo/auve2_ws/install/auv_description/share/auv_description/cmake/simple_buoyancyTargetsExport-noconfig.cmake
[3.747s] Invoked command in '/home/sangregorioquimpo/auve2_ws/build/auv_description' returned '0': CMAKE_PREFIX_PATH=${CMAKE_PREFIX_PATH}:/opt/ros/jazzy DEBUGINFOD_URLS=https://debuginfod.ubuntu.com PS1=(.venv) \[\e]0;\u@\h: \w\a\]${debian_chroot:+($debian_chroot)}\[\033[01;32m\]\u@\h\[\033[00m\]:\[\033[01;34m\]\w\[\033[00m\]\$ VIRTUAL_ENV_PROMPT=(.venv) /usr/bin/cmake --install /home/sangregorioquimpo/auve2_ws/build/auv_description
