[0.008s] Invoking command in '/home/sangregorioquimpo/auve2_ws/build/auve1_description': CMAKE_PREFIX_PATH=${CMAKE_PREFIX_PATH}:/opt/ros/jazzy DEBUGINFOD_URLS=https://debuginfod.ubuntu.com /usr/bin/cmake --build /home/sangregorioquimpo/auve2_ws/build/auve1_description -- -j16 -l16
[0.071s] [100%] Built target wasd_body_thrust_plugin
[0.082s] Invoked command in '/home/sangregorioquimpo/auve2_ws/build/auve1_description' returned '0': CMAKE_PREFIX_PATH=${CMAKE_PREFIX_PATH}:/opt/ros/jazzy DEBUGINFOD_URLS=https://debuginfod.ubuntu.com /usr/bin/cmake --build /home/sangregorioquimpo/auve2_ws/build/auve1_description -- -j16 -l16
[0.090s] Invoking command in '/home/sangregorioquimpo/auve2_ws/build/auve1_description': CMAKE_PREFIX_PATH=${CMAKE_PREFIX_PATH}:/opt/ros/jazzy DEBUGINFOD_URLS=https://debuginfod.ubuntu.com /usr/bin/cmake --install /home/sangregorioquimpo/auve2_ws/build/auve1_description
[0.098s] -- Install configuration: ""
[0.098s] -- Up-to-date: /home/sangregorioquimpo/auve2_ws/install/auve1_description/lib/libwasd_body_thrust_plugin.so
[0.098s] -- Up-to-date: /home/sangregorioquimpo/auve2_ws/install/auve1_description/lib/auve1_description/wasd_teleop.py
[0.098s] -- Up-to-date: /home/sangregorioquimpo/auve2_ws/install/auve1_description/share/auve1_description/urdf
[0.098s] -- Up-to-date: /home/sangregorioquimpo/auve2_ws/install/auve1_description/share/auve1_description/meshes
[0.098s] -- Installing: /home/sangregorioquimpo/auve2_ws/install/auve1_description/share/auve1_description/launch
[0.098s] -- Installing: /home/sangregorioquimpo/auve2_ws/install/auve1_description/share/auve1_description/environment/library_path.sh
[0.098s] -- Installing: /home/sangregorioquimpo/auve2_ws/install/auve1_description/share/auve1_description/environment/library_path.dsv
[0.098s] -- Installing: /home/sangregorioquimpo/auve2_ws/install/auve1_description/share/ament_index/resource_index/package_run_dependencies/auve1_description
[0.098s] -- Installing: /home/sangregorioquimpo/auve2_ws/install/auve1_description/share/ament_index/resource_index/parent_prefix_path/auve1_description
[0.098s] -- Installing: /home/sangregorioquimpo/auve2_ws/install/auve1_description/share/auve1_description/environment/ament_prefix_path.sh
[0.099s] -- Installing: /home/sangregorioquimpo/auve2_ws/install/auve1_description/share/auve1_description/environment/ament_prefix_path.dsv
[0.099s] -- Installing: /home/sangregorioquimpo/auve2_ws/install/auve1_description/share/auve1_description/environment/path.sh
[0.099s] -- Installing: /home/sangregorioquimpo/auve2_ws/install/auve1_description/share/auve1_description/environment/path.dsv
[0.099s] -- Installing: /home/sangregorioquimpo/auve2_ws/install/auve1_description/share/auve1_description/local_setup.bash
[0.099s] -- Installing: /home/sangregorioquimpo/auve2_ws/install/auve1_description/share/auve1_description/local_setup.sh
[0.099s] -- Installing: /home/sangregorioquimpo/auve2_ws/install/auve1_description/share/auve1_description/local_setup.zsh
[0.099s] -- Installing: /home/sangregorioquimpo/auve2_ws/install/auve1_description/share/auve1_description/local_setup.dsv
[0.099s] -- Installing: /home/sangregorioquimpo/auve2_ws/install/auve1_description/share/auve1_description/package.dsv
[0.099s] -- Installing: /home/sangregorioquimpo/auve2_ws/install/auve1_description/share/ament_index/resource_index/packages/auve1_description
[0.099s] -- Installing: /home/sangregorioquimpo/auve2_ws/install/auve1_description/share/auve1_description/cmake/wasd_body_thrust_pluginTargetsExport.cmake
[0.099s] -- Installing: /home/sangregorioquimpo/auve2_ws/install/auve1_description/share/auve1_description/cmake/wasd_body_thrust_pluginTargetsExport-noconfig.cmake
[0.099s] -- Installing: /home/sangregorioquimpo/auve2_ws/install/auve1_description/share/auve1_description/cmake/ament_cmake_export_targets-extras.cmake
[0.099s] -- Installing: /home/sangregorioquimpo/auve2_ws/install/auve1_description/share/auve1_description/cmake/ament_cmake_export_libraries-extras.cmake
[0.100s] -- Installing: /home/sangregorioquimpo/auve2_ws/install/auve1_description/share/auve1_description/cmake/auve1_descriptionConfig.cmake
[0.100s] -- Installing: /home/sangregorioquimpo/auve2_ws/install/auve1_description/share/auve1_description/cmake/auve1_descriptionConfig-version.cmake
[0.100s] -- Installing: /home/sangregorioquimpo/auve2_ws/install/auve1_description/share/auve1_description/package.xml
[0.101s] Invoked command in '/home/sangregorioquimpo/auve2_ws/build/auve1_description' returned '0': CMAKE_PREFIX_PATH=${CMAKE_PREFIX_PATH}:/opt/ros/jazzy DEBUGINFOD_URLS=https://debuginfod.ubuntu.com /usr/bin/cmake --install /home/sangregorioquimpo/auve2_ws/build/auve1_description
