[0.013s] Invoking command in '/home/sangregorioquimpo/auve2_ws/build/auv_description': CMAKE_PREFIX_PATH=${CMAKE_PREFIX_PATH}:/opt/ros/jazzy DEBUGINFOD_URLS=https://debuginfod.ubuntu.com PS1=(.venv) \[\e]0;\u@\h: \w\a\]${debian_chroot:+($debian_chroot)}\[\033[01;32m\]\u@\h\[\033[00m\]:\[\033[01;34m\]\w\[\033[00m\]\$ VIRTUAL_ENV_PROMPT=(.venv) /usr/bin/cmake --build /home/sangregorioquimpo/auve2_ws/build/auv_description -- -j16 -l16
[0.057s] -- Found ament_cmake: 2.5.4 (/opt/ros/jazzy/share/ament_cmake/cmake)
[0.202s] -- Override CMake install command with custom implementation using symlinks instead of copying resources
[0.213s] -- Found rclcpp: 28.1.9 (/opt/ros/jazzy/share/rclcpp/cmake)
[0.238s] -- Found rosidl_generator_c: 4.6.5 (/opt/ros/jazzy/share/rosidl_generator_c/cmake)
[0.245s] -- Found rosidl_generator_cpp: 4.6.5 (/opt/ros/jazzy/share/rosidl_generator_cpp/cmake)
[0.254s] -- Using all available rosidl_typesupport_c: rosidl_typesupport_fastrtps_c;rosidl_typesupport_introspection_c
[0.264s] -- Using all available rosidl_typesupport_cpp: rosidl_typesupport_fastrtps_cpp;rosidl_typesupport_introspection_cpp
[0.310s] -- Found rmw_implementation_cmake: 7.3.2 (/opt/ros/jazzy/share/rmw_implementation_cmake/cmake)
[0.311s] -- Found rmw_fastrtps_cpp: 8.4.2 (/opt/ros/jazzy/share/rmw_fastrtps_cpp/cmake)
[0.364s] -- Using RMW implementation 'rmw_fastrtps_cpp' as default
[0.414s] -- Found geometry_msgs: 5.3.6 (/opt/ros/jazzy/share/geometry_msgs/cmake)
[0.440s] -- Looking for gz-sim8 -- found version 8.9.0
[0.446s] -- Searching for dependencies of gz-sim8
[0.446s] -- Looking for sdformat14 -- found version 14.7.0
[0.446s] -- Searching for dependencies of sdformat14
[0.451s] -- Checking for module 'tinyxml2'
[0.469s] --   Found tinyxml2, version 10.0.0
[0.505s] -- Looking for gz-math7 -- found version 7.5.2
[0.505s] -- Searching for dependencies of gz-math7
[0.505s] -- Looking for gz-utils2 -- found version 2.2.1
[0.506s] -- Searching for dependencies of gz-utils2
[0.507s] -- Looking for gz-utils2 -- found version 2.2.1
[0.507s] -- Searching for dependencies of gz-utils2
[0.507s] -- Searching for <gz-utils2> component [cli]
[0.507s] -- Looking for gz-utils2-cli -- found version 2.2.1
[0.507s] -- Searching for dependencies of gz-utils2-cli
[0.509s] -- Looking for gz-plugin2 -- found version 2.0.4
[0.509s] -- Searching for dependencies of gz-plugin2
[0.510s] -- Looking for gz-utils2 -- found version 2.2.1
[0.510s] -- Searching for <gz-plugin2> component [loader]
[0.511s] -- Looking for gz-plugin2-loader -- found version 2.0.4
[0.511s] -- Searching for dependencies of gz-plugin2-loader
[0.511s] -- Searching for <gz-plugin2> component [register]
[0.512s] -- Looking for gz-plugin2-register -- found version 2.0.4
[0.512s] -- Searching for dependencies of gz-plugin2-register
[0.512s] -- Looking for gz-transport13 -- found version 13.4.1
[0.513s] -- Searching for dependencies of gz-transport13
[0.545s] -- Config-file not installed for ZeroMQ -- checking for pkg-config
[0.550s] -- Checking for module 'libzmq >= 4'
[0.565s] --   Found libzmq, version 4.3.5
[0.620s] -- Checking for module 'uuid'
[0.638s] --   Found uuid, version 2.39.3
[0.674s] -- Looking for gz-utils2 -- found version 2.2.1
[0.674s] -- Looking for gz-msgs10 -- found version 10.3.2
[0.675s] -- Searching for dependencies of gz-msgs10
[0.692s] -- Looking for gz-utils2 -- found version 2.2.1
[0.692s] -- Looking for gz-math7 -- found version 7.5.2
[0.698s] -- Searching for <gz-transport13> component [log]
[0.699s] -- Looking for gz-transport13-log -- found version 13.4.1
[0.699s] -- Searching for dependencies of gz-transport13-log
[0.699s] -- Searching for <gz-transport13> component [parameters]
[0.700s] -- Looking for gz-transport13-parameters -- found version 13.4.1
[0.700s] -- Searching for dependencies of gz-transport13-parameters
[0.700s] -- Looking for gz-msgs10 -- found version 10.3.2
[0.701s] -- Looking for gz-common5 -- found version 5.7.1
[0.701s] -- Searching for dependencies of gz-common5
[0.701s] -- Looking for gz-utils2 -- found version 2.2.1
[0.701s] -- Looking for dlfcn.h - found
[0.701s] -- Looking for libdl - found
[0.710s] -- Searching for <gz-common5> component [av]
[0.710s] -- Looking for gz-common5-av -- found version 5.7.1
[0.710s] -- Searching for dependencies of gz-common5-av
[0.714s] -- Checking for module 'libswscale'
[0.730s] --   Found libswscale, version 7.5.100
[0.773s] -- Checking for module 'libavdevice >= 56.4.100'
[0.791s] --   Found libavdevice, version 60.3.100
[0.854s] -- Checking for module 'libavformat'
[0.871s] --   Found libavformat, version 60.16.100
[0.921s] -- Checking for module 'libavcodec'
[0.936s] --   Found libavcodec, version 60.31.102
[0.982s] -- Checking for module 'libavutil'
[1.000s] --   Found libavutil, version 58.29.100
[1.040s] -- Searching for <gz-common5> component [events]
[1.040s] -- Looking for gz-common5-events -- found version 5.7.1
[1.041s] -- Searching for dependencies of gz-common5-events
[1.041s] -- Looking for gz-math7 -- found version 7.5.2
[1.042s] -- Searching for <gz-common5> component [graphics]
[1.042s] -- Looking for gz-common5-graphics -- found version 5.7.1
[1.042s] -- Searching for dependencies of gz-common5-graphics
[1.042s] -- Looking for gz-math7 -- found version 7.5.2
[1.044s] -- Searching for <gz-common5> component [io]
[1.045s] -- Looking for gz-common5-io -- found version 5.7.1
[1.045s] -- Searching for dependencies of gz-common5-io
[1.045s] -- Searching for <gz-common5> component [profiler]
[1.046s] -- Looking for gz-common5-profiler -- found version 5.7.1
[1.046s] -- Searching for dependencies of gz-common5-profiler
[1.046s] -- Looking for gz-fuel_tools9 -- found version 9.1.1
[1.046s] -- Searching for dependencies of gz-fuel_tools9
[1.082s] -- Checking for module 'jsoncpp'
[1.100s] --   Found jsoncpp, version 1.9.5
[1.155s] -- Checking for module 'yaml-0.1'
[1.175s] --   Found yaml-0.1, version 0.2.5
[1.221s] -- Checking for module 'libzip'
[1.237s] --   Found libzip, version 1.7.3
[1.275s] -- Looking for gz-utils2 -- found version 2.2.1
[1.275s] -- Looking for gz-common5 -- found version 5.7.1
[1.275s] -- Searching for dependencies of gz-common5
[1.275s] -- Looking for gz-utils2 -- found version 2.2.1
[1.276s] -- Looking for dlfcn.h - found
[1.276s] -- Looking for libdl - found
[1.282s] -- Searching for <gz-common5> component [testing]
[1.282s] -- Looking for gz-common5-testing -- found version 5.7.1
[1.283s] -- Searching for dependencies of gz-common5-testing
[1.283s] -- Looking for gz-math7 -- found version 7.5.2
[1.284s] -- Looking for gz-msgs10 -- found version 10.3.2
[1.285s] -- Looking for gz-gui8 -- found version 8.4.0
[1.285s] -- Searching for dependencies of gz-gui8
[1.308s] -- Looking for gz-utils2 -- found version 2.2.1
[1.309s] -- Looking for gz-math7 -- found version 7.5.2
[1.309s] -- Looking for gz-common5 -- found version 5.7.1
[1.309s] -- Looking for gz-plugin2 -- found version 2.0.4
[1.309s] -- Looking for gz-transport13 -- found version 13.4.1
[1.310s] -- Looking for gz-rendering8 -- found version 8.2.2
[1.310s] -- Searching for dependencies of gz-rendering8
[1.310s] -- Looking for gz-math7 -- found version 7.5.2
[1.310s] -- Searching for dependencies of gz-math7
[1.310s] -- Looking for gz-utils2 -- found version 2.2.1
[1.310s] -- Searching for <gz-math7> component [eigen3]
[1.311s] -- Looking for gz-math7-eigen3 -- found version 7.5.2
[1.311s] -- Searching for dependencies of gz-math7-eigen3
[1.312s] -- Looking for gz-common5 -- found version 5.7.1
[1.312s] -- Searching for dependencies of gz-common5
[1.312s] -- Looking for gz-utils2 -- found version 2.2.1
[1.312s] -- Looking for dlfcn.h - found
[1.313s] -- Looking for libdl - found
[1.319s] -- Searching for <gz-common5> component [graphics]
[1.319s] -- Searching for <gz-common5> component [events]
[1.319s] -- Searching for <gz-common5> component [geospatial]
[1.319s] -- Looking for gz-common5-geospatial -- found version 5.7.1
[1.319s] -- Searching for dependencies of gz-common5-geospatial
[1.320s] -- Looking for gz-math7 -- found version 7.5.2
[1.320s] -- Looking for gz-common5 -- found version 5.7.1
[1.321s] -- Looking for gz-plugin2 -- found version 2.0.4
[1.321s] -- Searching for dependencies of gz-plugin2
[1.321s] -- Looking for gz-utils2 -- found version 2.2.1
[1.321s] -- Searching for <gz-plugin2> component [all]
[1.321s] -- Looking for all libraries of gz-plugin2 -- found version 2.0.4
[1.322s] -- Looking for gz-plugin2 -- found version 2.0.4
[1.322s] -- Looking for gz-utils2 -- found version 2.2.1
[1.326s] -- Looking for gz-msgs10 -- found version 10.3.2
[1.341s] -- Looking for gz-physics7 -- found version 7.5.0
[1.341s] -- Searching for dependencies of gz-physics7
[1.341s] -- Looking for gz-common5 -- found version 5.7.1
[1.342s] -- Looking for gz-math7 -- found version 7.5.2
[1.342s] -- Looking for gz-plugin2 -- found version 2.0.4
[1.342s] -- Looking for gz-utils2 -- found version 2.2.1
[1.343s] -- Searching for <gz-physics7> component [heightmap]
[1.343s] -- Looking for gz-physics7-heightmap -- found version 7.5.0
[1.343s] -- Searching for dependencies of gz-physics7-heightmap
[1.343s] -- Looking for gz-common5 -- found version 5.7.1
[1.344s] -- Searching for <gz-physics7> component [mesh]
[1.344s] -- Looking for gz-physics7-mesh -- found version 7.5.0
[1.344s] -- Searching for dependencies of gz-physics7-mesh
[1.344s] -- Looking for gz-common5 -- found version 5.7.1
[1.345s] -- Searching for <gz-physics7> component [sdf]
[1.345s] -- Looking for gz-physics7-sdf -- found version 7.5.0
[1.345s] -- Searching for dependencies of gz-physics7-sdf
[1.345s] -- Looking for sdformat14 -- found version 14.7.0
[1.346s] -- Looking for gz-sensors8 -- found version 8.2.2
[1.346s] -- Searching for dependencies of gz-sensors8
[1.364s] -- Looking for gz-math7 -- found version 7.5.2
[1.364s] -- Looking for gz-common5 -- found version 5.7.1
[1.364s] -- Looking for gz-transport13 -- found version 13.4.1
[1.365s] -- Looking for gz-rendering8 -- found version 8.2.2
[1.365s] -- Looking for gz-msgs10 -- found version 10.3.2
[1.365s] -- Looking for sdformat14 -- found version 14.7.0
[1.365s] -- Searching for <gz-sensors8> component [air_pressure]
[1.366s] -- Looking for gz-sensors8-air_pressure -- found version 8.2.2
[1.367s] -- Searching for dependencies of gz-sensors8-air_pressure
[1.367s] -- Searching for <gz-sensors8> component [air_speed]
[1.367s] -- Looking for gz-sensors8-air_speed -- found version 8.2.2
[1.367s] -- Searching for dependencies of gz-sensors8-air_speed
[1.368s] -- Searching for <gz-sensors8> component [altimeter]
[1.368s] -- Looking for gz-sensors8-altimeter -- found version 8.2.2
[1.368s] -- Searching for dependencies of gz-sensors8-altimeter
[1.369s] -- Searching for <gz-sensors8> component [imu]
[1.369s] -- Looking for gz-sensors8-imu -- found version 8.2.2
[1.369s] -- Searching for dependencies of gz-sensors8-imu
[1.370s] -- Searching for <gz-sensors8> component [force_torque]
[1.370s] -- Looking for gz-sensors8-force_torque -- found version 8.2.2
[1.370s] -- Searching for dependencies of gz-sensors8-force_torque
[1.370s] -- Searching for <gz-sensors8> component [logical_camera]
[1.371s] -- Looking for gz-sensors8-logical_camera -- found version 8.2.2
[1.371s] -- Searching for dependencies of gz-sensors8-logical_camera
[1.371s] -- Searching for <gz-sensors8> component [magnetometer]
[1.372s] -- Looking for gz-sensors8-magnetometer -- found version 8.2.2
[1.372s] -- Searching for dependencies of gz-sensors8-magnetometer
[1.372s] -- Searching for <gz-sensors8> component [navsat]
[1.373s] -- Looking for gz-sensors8-navsat -- found version 8.2.2
[1.373s] -- Searching for dependencies of gz-sensors8-navsat
[1.373s] -- Searching for <gz-sensors8> component [dvl]
[1.373s] -- Looking for gz-sensors8-dvl -- found version 8.2.2
[1.374s] -- Searching for dependencies of gz-sensors8-dvl
[1.374s] -- Looking for gz-sensors8 -- found version 8.2.2
[1.374s] -- Searching for dependencies of gz-sensors8
[1.390s] -- Looking for gz-math7 -- found version 7.5.2
[1.391s] -- Looking for gz-common5 -- found version 5.7.1
[1.391s] -- Looking for gz-transport13 -- found version 13.4.1
[1.391s] -- Looking for gz-rendering8 -- found version 8.2.2
[1.391s] -- Looking for gz-msgs10 -- found version 10.3.2
[1.392s] -- Looking for sdformat14 -- found version 14.7.0
[1.392s] -- Searching for <gz-sensors8> component [rendering]
[1.392s] -- Looking for gz-sensors8-rendering -- found version 8.2.2
[1.392s] -- Searching for dependencies of gz-sensors8-rendering
[1.393s] -- Searching for <gz-sensors8> component [rendering]
[1.393s] -- Searching for <gz-sensors8> component [lidar]
[1.394s] -- Looking for gz-sensors8-lidar -- found version 8.2.2
[1.394s] -- Searching for dependencies of gz-sensors8-lidar
[1.394s] -- Looking for gz-sensors8 -- found version 8.2.2
[1.394s] -- Searching for <gz-sensors8> component [gpu_lidar]
[1.395s] -- Looking for gz-sensors8-gpu_lidar -- found version 8.2.2
[1.395s] -- Searching for dependencies of gz-sensors8-gpu_lidar
[1.395s] -- Looking for gz-sensors8 -- found version 8.2.2
[1.395s] -- Searching for <gz-sensors8> component [camera]
[1.396s] -- Looking for gz-sensors8-camera -- found version 8.2.2
[1.396s] -- Searching for dependencies of gz-sensors8-camera
[1.396s] -- Looking for gz-sensors8 -- found version 8.2.2
[1.397s] -- Searching for <gz-sensors8> component [boundingbox_camera]
[1.397s] -- Looking for gz-sensors8-boundingbox_camera -- found version 8.2.2
[1.397s] -- Searching for dependencies of gz-sensors8-boundingbox_camera
[1.397s] -- Searching for <gz-sensors8> component [segmentation_camera]
[1.398s] -- Looking for gz-sensors8-segmentation_camera -- found version 8.2.2
[1.398s] -- Searching for dependencies of gz-sensors8-segmentation_camera
[1.398s] -- Searching for <gz-sensors8> component [depth_camera]
[1.399s] -- Looking for gz-sensors8-depth_camera -- found version 8.2.2
[1.399s] -- Searching for dependencies of gz-sensors8-depth_camera
[1.399s] -- Looking for gz-sensors8 -- found version 8.2.2
[1.399s] -- Searching for <gz-sensors8> component [rgbd_camera]
[1.400s] -- Looking for gz-sensors8-rgbd_camera -- found version 8.2.2
[1.400s] -- Searching for dependencies of gz-sensors8-rgbd_camera
[1.400s] -- Looking for gz-sensors8 -- found version 8.2.2
[1.400s] -- Searching for <gz-sensors8> component [thermal_camera]
[1.401s] -- Looking for gz-sensors8-thermal_camera -- found version 8.2.2
[1.401s] -- Searching for dependencies of gz-sensors8-thermal_camera
[1.401s] -- Looking for gz-sensors8 -- found version 8.2.2
[1.402s] -- Searching for <gz-sensors8> component [wide_angle_camera]
[1.402s] -- Looking for gz-sensors8-wide_angle_camera -- found version 8.2.2
[1.402s] -- Searching for dependencies of gz-sensors8-wide_angle_camera
[1.403s] -- Looking for gz-rendering8 -- found version 8.2.2
[1.403s] -- Looking for gz-math7 -- found version 7.5.2
[1.404s] -- Looking for gz-utils2 -- found version 2.2.1
[1.424s] -- Looking for gz-plugin2 -- found version 2.0.4
[1.424s] -- Looking for gz-math7 -- found version 7.5.2
[1.426s] -- Found ament_lint_auto: 0.17.2 (/opt/ros/jazzy/share/ament_lint_auto/cmake)
[1.489s] -- Added test 'cppcheck' to perform static code analysis on C / C++ code
[1.489s] -- Configured cppcheck include dirs: 
[1.489s] -- Configured cppcheck exclude dirs and/or files: 
[1.490s] -- Added test 'flake8' to check Python code syntax and style conventions
[1.490s] -- Configured 'flake8' exclude dirs and/or files: 
[1.490s] -- Added test 'lint_cmake' to check CMake code style
[1.490s] -- Added test 'pep257' to check Python code against some of the docstring style conventions in PEP 257
[1.491s] -- Added test 'uncrustify' to check C / C++ code style
[1.491s] -- Configured uncrustify additional arguments: 
[1.492s] -- Added test 'xmllint' to check XML markup files
[1.494s] -- Configuring done (1.4s)
[1.516s] -- Generating done (0.0s)
[1.519s] -- Build files have been written to: /home/sangregorioquimpo/auve2_ws/build/auv_description
[1.573s] [ 50%] [32mBuilding CXX object CMakeFiles/wasd_body_thrust_plugin.dir/src/wasd_body_thrust_plugin.cpp.o[0m
[8.722s] [100%] [32m[1mLinking CXX shared library libwasd_body_thrust_plugin.so[0m
[9.019s] [100%] Built target wasd_body_thrust_plugin
[9.030s] Invoked command in '/home/sangregorioquimpo/auve2_ws/build/auv_description' returned '0': CMAKE_PREFIX_PATH=${CMAKE_PREFIX_PATH}:/opt/ros/jazzy DEBUGINFOD_URLS=https://debuginfod.ubuntu.com PS1=(.venv) \[\e]0;\u@\h: \w\a\]${debian_chroot:+($debian_chroot)}\[\033[01;32m\]\u@\h\[\033[00m\]:\[\033[01;34m\]\w\[\033[00m\]\$ VIRTUAL_ENV_PROMPT=(.venv) /usr/bin/cmake --build /home/sangregorioquimpo/auve2_ws/build/auv_description -- -j16 -l16
[9.042s] Invoking command in '/home/sangregorioquimpo/auve2_ws/build/auv_description': CMAKE_PREFIX_PATH=${CMAKE_PREFIX_PATH}:/opt/ros/jazzy DEBUGINFOD_URLS=https://debuginfod.ubuntu.com PS1=(.venv) \[\e]0;\u@\h: \w\a\]${debian_chroot:+($debian_chroot)}\[\033[01;32m\]\u@\h\[\033[00m\]:\[\033[01;34m\]\w\[\033[00m\]\$ VIRTUAL_ENV_PROMPT=(.venv) /usr/bin/cmake --install /home/sangregorioquimpo/auve2_ws/build/auv_description
[9.049s] -- Install configuration: ""
[9.049s] -- Execute custom install script
[9.050s] -- Up-to-date symlink: /home/sangregorioquimpo/auve2_ws/install/auv_description/lib/auv_description/wasd_teleop.py
[9.050s] -- Up-to-date symlink: /home/sangregorioquimpo/auve2_ws/install/auv_description/share/auv_description/urdf/cube/cube.urdf
[9.050s] -- Up-to-date symlink: /home/sangregorioquimpo/auve2_ws/install/auv_description/share/auv_description/launch/cube_thrust_test.launch.py
[9.051s] -- Up-to-date symlink: /home/sangregorioquimpo/auve2_ws/install/auv_description/share/auv_description/worlds/test_world.sdf
[9.051s] -- Up-to-date symlink: /home/sangregorioquimpo/auve2_ws/install/auv_description/share/auv_description/worlds/water_world.sdf
[9.051s] -- Up-to-date symlink: /home/sangregorioquimpo/auve2_ws/install/auv_description/share/auv_description/environment/library_path.sh
[9.051s] -- Up-to-date symlink: /home/sangregorioquimpo/auve2_ws/install/auv_description/share/auv_description/environment/library_path.dsv
[9.051s] -- Up-to-date symlink: /home/sangregorioquimpo/auve2_ws/install/auv_description/share/ament_index/resource_index/package_run_dependencies/auv_description
[9.051s] -- Up-to-date symlink: /home/sangregorioquimpo/auve2_ws/install/auv_description/share/ament_index/resource_index/parent_prefix_path/auv_description
[9.051s] -- Up-to-date symlink: /home/sangregorioquimpo/auve2_ws/install/auv_description/share/auv_description/environment/ament_prefix_path.sh
[9.051s] -- Up-to-date symlink: /home/sangregorioquimpo/auve2_ws/install/auv_description/share/auv_description/environment/ament_prefix_path.dsv
[9.051s] -- Up-to-date symlink: /home/sangregorioquimpo/auve2_ws/install/auv_description/share/auv_description/environment/path.sh
[9.051s] -- Up-to-date symlink: /home/sangregorioquimpo/auve2_ws/install/auv_description/share/auv_description/environment/path.dsv
[9.052s] -- Up-to-date symlink: /home/sangregorioquimpo/auve2_ws/install/auv_description/share/auv_description/local_setup.bash
[9.052s] -- Up-to-date symlink: /home/sangregorioquimpo/auve2_ws/install/auv_description/share/auv_description/local_setup.sh
[9.052s] -- Up-to-date symlink: /home/sangregorioquimpo/auve2_ws/install/auv_description/share/auv_description/local_setup.zsh
[9.052s] -- Up-to-date symlink: /home/sangregorioquimpo/auve2_ws/install/auv_description/share/auv_description/local_setup.dsv
[9.052s] -- Symlinking: /home/sangregorioquimpo/auve2_ws/install/auv_description/share/auv_description/package.dsv
[9.059s] -- Up-to-date symlink: /home/sangregorioquimpo/auve2_ws/install/auv_description/share/ament_index/resource_index/packages/auv_description
[9.060s] -- Up-to-date symlink: /home/sangregorioquimpo/auve2_ws/install/auv_description/share/auv_description/cmake/ament_cmake_export_targets-extras.cmake
[9.060s] -- Up-to-date symlink: /home/sangregorioquimpo/auve2_ws/install/auv_description/share/auv_description/cmake/ament_cmake_export_libraries-extras.cmake
[9.060s] -- Up-to-date symlink: /home/sangregorioquimpo/auve2_ws/install/auv_description/share/auv_description/cmake/auv_descriptionConfig.cmake
[9.060s] -- Up-to-date symlink: /home/sangregorioquimpo/auve2_ws/install/auv_description/share/auv_description/cmake/auv_descriptionConfig-version.cmake
[9.060s] -- Up-to-date symlink: /home/sangregorioquimpo/auve2_ws/install/auv_description/share/auv_description/package.xml
[9.060s] -- Installing: /home/sangregorioquimpo/auve2_ws/install/auv_description/lib/libwasd_body_thrust_plugin.so
[9.067s] -- Set non-toolchain portion of runtime path of "/home/sangregorioquimpo/auve2_ws/install/auv_description/lib/libwasd_body_thrust_plugin.so" to ""
[9.067s] -- Up-to-date: /home/sangregorioquimpo/auve2_ws/install/auv_description/share/auv_description/cmake/wasd_body_thrust_pluginTargetsExport.cmake
[9.068s] -- Up-to-date: /home/sangregorioquimpo/auve2_ws/install/auv_description/share/auv_description/cmake/wasd_body_thrust_pluginTargetsExport-noconfig.cmake
[9.069s] Invoked command in '/home/sangregorioquimpo/auve2_ws/build/auv_description' returned '0': CMAKE_PREFIX_PATH=${CMAKE_PREFIX_PATH}:/opt/ros/jazzy DEBUGINFOD_URLS=https://debuginfod.ubuntu.com PS1=(.venv) \[\e]0;\u@\h: \w\a\]${debian_chroot:+($debian_chroot)}\[\033[01;32m\]\u@\h\[\033[00m\]:\[\033[01;34m\]\w\[\033[00m\]\$ VIRTUAL_ENV_PROMPT=(.venv) /usr/bin/cmake --install /home/sangregorioquimpo/auve2_ws/build/auv_description
