[0.010s] Invoking command in '/home/sangregorioquimpo/auve2_ws/build/auv_description': CMAKE_PREFIX_PATH=${CMAKE_PREFIX_PATH}:/opt/ros/jazzy DEBUGINFOD_URLS=https://debuginfod.ubuntu.com PS1=(.venv) \[\e]0;\u@\h: \w\a\]${debian_chroot:+($debian_chroot)}\[\033[01;32m\]\u@\h\[\033[00m\]:\[\033[01;34m\]\w\[\033[00m\]\$ VIRTUAL_ENV_PROMPT=(.venv) /usr/bin/cmake --build /home/sangregorioquimpo/auve2_ws/build/auv_description -- -j16 -l16
[0.036s] -- Found ament_cmake: 2.5.4 (/opt/ros/jazzy/share/ament_cmake/cmake)
[0.188s] -- Override CMake install command with custom implementation using symlinks instead of copying resources
[0.192s] -- Found rclcpp: 28.1.9 (/opt/ros/jazzy/share/rclcpp/cmake)
[0.212s] -- Found rosidl_generator_c: 4.6.5 (/opt/ros/jazzy/share/rosidl_generator_c/cmake)
[0.218s] -- Found rosidl_generator_cpp: 4.6.5 (/opt/ros/jazzy/share/rosidl_generator_cpp/cmake)
[0.225s] -- Using all available rosidl_typesupport_c: rosidl_typesupport_fastrtps_c;rosidl_typesupport_introspection_c
[0.233s] -- Using all available rosidl_typesupport_cpp: rosidl_typesupport_fastrtps_cpp;rosidl_typesupport_introspection_cpp
[0.270s] -- Found rmw_implementation_cmake: 7.3.2 (/opt/ros/jazzy/share/rmw_implementation_cmake/cmake)
[0.271s] -- Found rmw_fastrtps_cpp: 8.4.2 (/opt/ros/jazzy/share/rmw_fastrtps_cpp/cmake)
[0.319s] -- Using RMW implementation 'rmw_fastrtps_cpp' as default
[0.360s] -- Found std_msgs: 5.3.6 (/opt/ros/jazzy/share/std_msgs/cmake)
[0.368s] -- Found geometry_msgs: 5.3.6 (/opt/ros/jazzy/share/geometry_msgs/cmake)
[0.377s] -- Looking for gz-sim8 -- found version 8.9.0
[0.380s] -- Searching for dependencies of gz-sim8
[0.381s] -- Looking for sdformat14 -- found version 14.7.0
[0.381s] -- Searching for dependencies of sdformat14
[0.386s] -- Checking for module 'tinyxml2'
[0.402s] --   Found tinyxml2, version 10.0.0
[0.440s] -- Looking for gz-math7 -- found version 7.5.2
[0.440s] -- Searching for dependencies of gz-math7
[0.440s] -- Looking for gz-utils2 -- found version 2.2.1
[0.441s] -- Searching for dependencies of gz-utils2
[0.441s] -- Looking for gz-utils2 -- found version 2.2.1
[0.441s] -- Searching for dependencies of gz-utils2
[0.441s] -- Searching for <gz-utils2> component [cli]
[0.442s] -- Looking for gz-utils2-cli -- found version 2.2.1
[0.442s] -- Searching for dependencies of gz-utils2-cli
[0.442s] -- Looking for gz-plugin2 -- found version 2.0.4
[0.442s] -- Searching for dependencies of gz-plugin2
[0.443s] -- Looking for gz-utils2 -- found version 2.2.1
[0.443s] -- Searching for <gz-plugin2> component [loader]
[0.443s] -- Looking for gz-plugin2-loader -- found version 2.0.4
[0.443s] -- Searching for dependencies of gz-plugin2-loader
[0.444s] -- Searching for <gz-plugin2> component [register]
[0.444s] -- Looking for gz-plugin2-register -- found version 2.0.4
[0.444s] -- Searching for dependencies of gz-plugin2-register
[0.444s] -- Looking for gz-transport13 -- found version 13.4.1
[0.444s] -- Searching for dependencies of gz-transport13
[0.472s] -- Config-file not installed for ZeroMQ -- checking for pkg-config
[0.476s] -- Checking for module 'libzmq >= 4'
[0.492s] --   Found libzmq, version 4.3.5
[0.541s] -- Checking for module 'uuid'
[0.557s] --   Found uuid, version 2.39.3
[0.595s] -- Looking for gz-utils2 -- found version 2.2.1
[0.596s] -- Looking for gz-msgs10 -- found version 10.3.2
[0.596s] -- Searching for dependencies of gz-msgs10
[0.615s] -- Looking for gz-utils2 -- found version 2.2.1
[0.615s] -- Looking for gz-math7 -- found version 7.5.2
[0.620s] -- Searching for <gz-transport13> component [log]
[0.620s] -- Looking for gz-transport13-log -- found version 13.4.1
[0.620s] -- Searching for dependencies of gz-transport13-log
[0.621s] -- Searching for <gz-transport13> component [parameters]
[0.621s] -- Looking for gz-transport13-parameters -- found version 13.4.1
[0.621s] -- Searching for dependencies of gz-transport13-parameters
[0.622s] -- Looking for gz-msgs10 -- found version 10.3.2
[0.622s] -- Looking for gz-common5 -- found version 5.7.1
[0.622s] -- Searching for dependencies of gz-common5
[0.622s] -- Looking for gz-utils2 -- found version 2.2.1
[0.622s] -- Looking for dlfcn.h - found
[0.622s] -- Looking for libdl - found
[0.629s] -- Searching for <gz-common5> component [av]
[0.629s] -- Looking for gz-common5-av -- found version 5.7.1
[0.629s] -- Searching for dependencies of gz-common5-av
[0.633s] -- Checking for module 'libswscale'
[0.649s] --   Found libswscale, version 7.5.100
[0.688s] -- Checking for module 'libavdevice >= 56.4.100'
[0.705s] --   Found libavdevice, version 60.3.100
[0.760s] -- Checking for module 'libavformat'
[0.780s] --   Found libavformat, version 60.16.100
[0.827s] -- Checking for module 'libavcodec'
[0.843s] --   Found libavcodec, version 60.31.102
[0.886s] -- Checking for module 'libavutil'
[0.902s] --   Found libavutil, version 58.29.100
[0.944s] -- Searching for <gz-common5> component [events]
[0.945s] -- Looking for gz-common5-events -- found version 5.7.1
[0.945s] -- Searching for dependencies of gz-common5-events
[0.945s] -- Looking for gz-math7 -- found version 7.5.2
[0.945s] -- Searching for <gz-common5> component [graphics]
[0.945s] -- Looking for gz-common5-graphics -- found version 5.7.1
[0.946s] -- Searching for dependencies of gz-common5-graphics
[0.946s] -- Looking for gz-math7 -- found version 7.5.2
[0.947s] -- Searching for <gz-common5> component [io]
[0.947s] -- Looking for gz-common5-io -- found version 5.7.1
[0.947s] -- Searching for dependencies of gz-common5-io
[0.948s] -- Searching for <gz-common5> component [profiler]
[0.948s] -- Looking for gz-common5-profiler -- found version 5.7.1
[0.948s] -- Searching for dependencies of gz-common5-profiler
[0.949s] -- Looking for gz-fuel_tools9 -- found version 9.1.1
[0.949s] -- Searching for dependencies of gz-fuel_tools9
[0.983s] -- Checking for module 'jsoncpp'
[0.999s] --   Found jsoncpp, version 1.9.5
[1.052s] -- Checking for module 'yaml-0.1'
[1.066s] --   Found yaml-0.1, version 0.2.5
[1.113s] -- Checking for module 'libzip'
[1.131s] --   Found libzip, version 1.7.3
[1.172s] -- Looking for gz-utils2 -- found version 2.2.1
[1.173s] -- Looking for gz-common5 -- found version 5.7.1
[1.173s] -- Searching for dependencies of gz-common5
[1.173s] -- Looking for gz-utils2 -- found version 2.2.1
[1.173s] -- Looking for dlfcn.h - found
[1.173s] -- Looking for libdl - found
[1.179s] -- Searching for <gz-common5> component [testing]
[1.179s] -- Looking for gz-common5-testing -- found version 5.7.1
[1.180s] -- Searching for dependencies of gz-common5-testing
[1.180s] -- Looking for gz-math7 -- found version 7.5.2
[1.180s] -- Looking for gz-msgs10 -- found version 10.3.2
[1.181s] -- Looking for gz-gui8 -- found version 8.4.0
[1.181s] -- Searching for dependencies of gz-gui8
[1.203s] -- Looking for gz-utils2 -- found version 2.2.1
[1.203s] -- Looking for gz-math7 -- found version 7.5.2
[1.203s] -- Looking for gz-common5 -- found version 5.7.1
[1.204s] -- Looking for gz-plugin2 -- found version 2.0.4
[1.205s] -- Looking for gz-transport13 -- found version 13.4.1
[1.206s] -- Looking for gz-rendering8 -- found version 8.2.2
[1.206s] -- Searching for dependencies of gz-rendering8
[1.206s] -- Looking for gz-math7 -- found version 7.5.2
[1.206s] -- Searching for dependencies of gz-math7
[1.206s] -- Looking for gz-utils2 -- found version 2.2.1
[1.206s] -- Searching for <gz-math7> component [eigen3]
[1.206s] -- Looking for gz-math7-eigen3 -- found version 7.5.2
[1.206s] -- Searching for dependencies of gz-math7-eigen3
[1.207s] -- Looking for gz-common5 -- found version 5.7.1
[1.207s] -- Searching for dependencies of gz-common5
[1.208s] -- Looking for gz-utils2 -- found version 2.2.1
[1.208s] -- Looking for dlfcn.h - found
[1.208s] -- Looking for libdl - found
[1.214s] -- Searching for <gz-common5> component [graphics]
[1.214s] -- Searching for <gz-common5> component [events]
[1.214s] -- Searching for <gz-common5> component [geospatial]
[1.214s] -- Looking for gz-common5-geospatial -- found version 5.7.1
[1.214s] -- Searching for dependencies of gz-common5-geospatial
[1.214s] -- Looking for gz-math7 -- found version 7.5.2
[1.215s] -- Looking for gz-common5 -- found version 5.7.1
[1.215s] -- Looking for gz-plugin2 -- found version 2.0.4
[1.215s] -- Searching for dependencies of gz-plugin2
[1.216s] -- Looking for gz-utils2 -- found version 2.2.1
[1.216s] -- Searching for <gz-plugin2> component [all]
[1.216s] -- Looking for all libraries of gz-plugin2 -- found version 2.0.4
[1.216s] -- Looking for gz-plugin2 -- found version 2.0.4
[1.217s] -- Looking for gz-utils2 -- found version 2.2.1
[1.219s] -- Looking for gz-msgs10 -- found version 10.3.2
[1.229s] -- Looking for gz-physics7 -- found version 7.5.0
[1.229s] -- Searching for dependencies of gz-physics7
[1.229s] -- Looking for gz-common5 -- found version 5.7.1
[1.230s] -- Looking for gz-math7 -- found version 7.5.2
[1.230s] -- Looking for gz-plugin2 -- found version 2.0.4
[1.230s] -- Looking for gz-utils2 -- found version 2.2.1
[1.231s] -- Searching for <gz-physics7> component [heightmap]
[1.231s] -- Looking for gz-physics7-heightmap -- found version 7.5.0
[1.231s] -- Searching for dependencies of gz-physics7-heightmap
[1.231s] -- Looking for gz-common5 -- found version 5.7.1
[1.231s] -- Searching for <gz-physics7> component [mesh]
[1.232s] -- Looking for gz-physics7-mesh -- found version 7.5.0
[1.232s] -- Searching for dependencies of gz-physics7-mesh
[1.232s] -- Looking for gz-common5 -- found version 5.7.1
[1.232s] -- Searching for <gz-physics7> component [sdf]
[1.232s] -- Looking for gz-physics7-sdf -- found version 7.5.0
[1.232s] -- Searching for dependencies of gz-physics7-sdf
[1.233s] -- Looking for sdformat14 -- found version 14.7.0
[1.233s] -- Looking for gz-sensors8 -- found version 8.2.2
[1.233s] -- Searching for dependencies of gz-sensors8
[1.251s] -- Looking for gz-math7 -- found version 7.5.2
[1.251s] -- Looking for gz-common5 -- found version 5.7.1
[1.251s] -- Looking for gz-transport13 -- found version 13.4.1
[1.252s] -- Looking for gz-rendering8 -- found version 8.2.2
[1.252s] -- Looking for gz-msgs10 -- found version 10.3.2
[1.252s] -- Looking for sdformat14 -- found version 14.7.0
[1.252s] -- Searching for <gz-sensors8> component [air_pressure]
[1.253s] -- Looking for gz-sensors8-air_pressure -- found version 8.2.2
[1.253s] -- Searching for dependencies of gz-sensors8-air_pressure
[1.253s] -- Searching for <gz-sensors8> component [air_speed]
[1.253s] -- Looking for gz-sensors8-air_speed -- found version 8.2.2
[1.253s] -- Searching for dependencies of gz-sensors8-air_speed
[1.254s] -- Searching for <gz-sensors8> component [altimeter]
[1.254s] -- Looking for gz-sensors8-altimeter -- found version 8.2.2
[1.254s] -- Searching for dependencies of gz-sensors8-altimeter
[1.254s] -- Searching for <gz-sensors8> component [imu]
[1.254s] -- Looking for gz-sensors8-imu -- found version 8.2.2
[1.254s] -- Searching for dependencies of gz-sensors8-imu
[1.255s] -- Searching for <gz-sensors8> component [force_torque]
[1.255s] -- Looking for gz-sensors8-force_torque -- found version 8.2.2
[1.255s] -- Searching for dependencies of gz-sensors8-force_torque
[1.255s] -- Searching for <gz-sensors8> component [logical_camera]
[1.255s] -- Looking for gz-sensors8-logical_camera -- found version 8.2.2
[1.256s] -- Searching for dependencies of gz-sensors8-logical_camera
[1.256s] -- Searching for <gz-sensors8> component [magnetometer]
[1.256s] -- Looking for gz-sensors8-magnetometer -- found version 8.2.2
[1.256s] -- Searching for dependencies of gz-sensors8-magnetometer
[1.256s] -- Searching for <gz-sensors8> component [navsat]
[1.257s] -- Looking for gz-sensors8-navsat -- found version 8.2.2
[1.257s] -- Searching for dependencies of gz-sensors8-navsat
[1.257s] -- Searching for <gz-sensors8> component [dvl]
[1.257s] -- Looking for gz-sensors8-dvl -- found version 8.2.2
[1.257s] -- Searching for dependencies of gz-sensors8-dvl
[1.258s] -- Looking for gz-sensors8 -- found version 8.2.2
[1.258s] -- Searching for dependencies of gz-sensors8
[1.275s] -- Looking for gz-math7 -- found version 7.5.2
[1.275s] -- Looking for gz-common5 -- found version 5.7.1
[1.275s] -- Looking for gz-transport13 -- found version 13.4.1
[1.275s] -- Looking for gz-rendering8 -- found version 8.2.2
[1.276s] -- Looking for gz-msgs10 -- found version 10.3.2
[1.276s] -- Looking for sdformat14 -- found version 14.7.0
[1.276s] -- Searching for <gz-sensors8> component [rendering]
[1.276s] -- Looking for gz-sensors8-rendering -- found version 8.2.2
[1.276s] -- Searching for dependencies of gz-sensors8-rendering
[1.277s] -- Searching for <gz-sensors8> component [rendering]
[1.277s] -- Searching for <gz-sensors8> component [lidar]
[1.277s] -- Looking for gz-sensors8-lidar -- found version 8.2.2
[1.278s] -- Searching for dependencies of gz-sensors8-lidar
[1.278s] -- Looking for gz-sensors8 -- found version 8.2.2
[1.278s] -- Searching for <gz-sensors8> component [gpu_lidar]
[1.278s] -- Looking for gz-sensors8-gpu_lidar -- found version 8.2.2
[1.278s] -- Searching for dependencies of gz-sensors8-gpu_lidar
[1.279s] -- Looking for gz-sensors8 -- found version 8.2.2
[1.279s] -- Searching for <gz-sensors8> component [camera]
[1.279s] -- Looking for gz-sensors8-camera -- found version 8.2.2
[1.279s] -- Searching for dependencies of gz-sensors8-camera
[1.279s] -- Looking for gz-sensors8 -- found version 8.2.2
[1.280s] -- Searching for <gz-sensors8> component [boundingbox_camera]
[1.280s] -- Looking for gz-sensors8-boundingbox_camera -- found version 8.2.2
[1.280s] -- Searching for dependencies of gz-sensors8-boundingbox_camera
[1.280s] -- Searching for <gz-sensors8> component [segmentation_camera]
[1.281s] -- Looking for gz-sensors8-segmentation_camera -- found version 8.2.2
[1.281s] -- Searching for dependencies of gz-sensors8-segmentation_camera
[1.281s] -- Searching for <gz-sensors8> component [depth_camera]
[1.281s] -- Looking for gz-sensors8-depth_camera -- found version 8.2.2
[1.281s] -- Searching for dependencies of gz-sensors8-depth_camera
[1.281s] -- Looking for gz-sensors8 -- found version 8.2.2
[1.282s] -- Searching for <gz-sensors8> component [rgbd_camera]
[1.282s] -- Looking for gz-sensors8-rgbd_camera -- found version 8.2.2
[1.282s] -- Searching for dependencies of gz-sensors8-rgbd_camera
[1.282s] -- Looking for gz-sensors8 -- found version 8.2.2
[1.283s] -- Searching for <gz-sensors8> component [thermal_camera]
[1.283s] -- Looking for gz-sensors8-thermal_camera -- found version 8.2.2
[1.283s] -- Searching for dependencies of gz-sensors8-thermal_camera
[1.283s] -- Looking for gz-sensors8 -- found version 8.2.2
[1.284s] -- Searching for <gz-sensors8> component [wide_angle_camera]
[1.284s] -- Looking for gz-sensors8-wide_angle_camera -- found version 8.2.2
[1.284s] -- Searching for dependencies of gz-sensors8-wide_angle_camera
[1.285s] -- Looking for gz-rendering8 -- found version 8.2.2
[1.285s] -- Looking for gz-math7 -- found version 7.5.2
[1.285s] -- Looking for gz-utils2 -- found version 2.2.1
[1.303s] -- Looking for gz-plugin2 -- found version 2.0.4
[1.315s] [31mCMake Error at CMakeLists.txt:19 (find_package):
[1.315s]   By not providing "Findgz-math8.cmake" in CMAKE_MODULE_PATH this project has
[1.315s]   asked CMake to find a package configuration file provided by "gz-math8",
[1.315s]   but CMake did not find one.
[1.315s] 
[1.315s]   Could not find a package configuration file provided by "gz-math8" with any
[1.315s]   of the following names:
[1.315s] 
[1.315s]     gz-math8Config.cmake
[1.315s]     gz-math8-config.cmake
[1.316s] 
[1.316s]   Add the installation prefix of "gz-math8" to CMAKE_PREFIX_PATH or set
[1.316s]   "gz-math8_DIR" to a directory containing one of the above files.  If
[1.316s]   "gz-math8" provides a separate development package or SDK, be sure it has
[1.316s]   been installed.
[1.316s] 
[1.316s] [0m
[1.316s] -- Configuring incomplete, errors occurred!
[1.323s] gmake: *** [Makefile:267: cmake_check_build_system] Error 1
[1.325s] Invoked command in '/home/sangregorioquimpo/auve2_ws/build/auv_description' returned '2': CMAKE_PREFIX_PATH=${CMAKE_PREFIX_PATH}:/opt/ros/jazzy DEBUGINFOD_URLS=https://debuginfod.ubuntu.com PS1=(.venv) \[\e]0;\u@\h: \w\a\]${debian_chroot:+($debian_chroot)}\[\033[01;32m\]\u@\h\[\033[00m\]:\[\033[01;34m\]\w\[\033[00m\]\$ VIRTUAL_ENV_PROMPT=(.venv) /usr/bin/cmake --build /home/sangregorioquimpo/auve2_ws/build/auv_description -- -j16 -l16
