[0.008s] Invoking command in '/home/sangregorioquimpo/auve2_ws/build/auve1_description': CMAKE_PREFIX_PATH=${CMAKE_PREFIX_PATH}:/opt/ros/jazzy DEBUGINFOD_URLS=https://debuginfod.ubuntu.com /usr/bin/cmake /home/sangregorioquimpo/auve2_ws/src/auv_description -DCMAKE_INSTALL_PREFIX=/home/sangregorioquimpo/auve2_ws/install/auve1_description
[0.052s] -- The C compiler identification is GNU 13.3.0
[0.096s] -- The CXX compiler identification is GNU 13.3.0
[0.112s] -- Detecting C compiler ABI info
[0.194s] -- Detecting C compiler ABI info - done
[0.199s] -- Check for working C compiler: /usr/bin/cc - skipped
[0.199s] -- Detecting C compile features
[0.200s] -- Detecting C compile features - done
[0.209s] -- Detecting CXX compiler ABI info
[0.299s] -- Detecting CXX compiler ABI info - done
[0.306s] -- Check for working CXX compiler: /usr/bin/c++ - skipped
[0.306s] -- Detecting CXX compile features
[0.306s] -- Detecting CXX compile features - done
[0.310s] -- Found ament_cmake: 2.5.4 (/opt/ros/jazzy/share/ament_cmake/cmake)
[0.433s] -- Found Python3: /usr/bin/python3 (found version "3.12.3") found components: Interpreter 
[0.528s] -- Found rclcpp: 28.1.9 (/opt/ros/jazzy/share/rclcpp/cmake)
[0.579s] -- Found rosidl_generator_c: 4.6.5 (/opt/ros/jazzy/share/rosidl_generator_c/cmake)
[0.595s] -- Found rosidl_generator_cpp: 4.6.5 (/opt/ros/jazzy/share/rosidl_generator_cpp/cmake)
[0.613s] -- Using all available rosidl_typesupport_c: rosidl_typesupport_fastrtps_c;rosidl_typesupport_introspection_c
[0.633s] -- Using all available rosidl_typesupport_cpp: rosidl_typesupport_fastrtps_cpp;rosidl_typesupport_introspection_cpp
[0.713s] -- Found rmw_implementation_cmake: 7.3.2 (/opt/ros/jazzy/share/rmw_implementation_cmake/cmake)
[0.717s] -- Found rmw_fastrtps_cpp: 8.4.2 (/opt/ros/jazzy/share/rmw_fastrtps_cpp/cmake)
[0.813s] -- Found OpenSSL: /usr/lib/x86_64-linux-gnu/libcrypto.so (found version "3.0.13")  
[0.831s] -- Found FastRTPS: /opt/ros/jazzy/include (Required is at least version "2.13") 
[0.853s] -- Using RMW implementation 'rmw_fastrtps_cpp' as default
[0.930s] -- Found geometry_msgs: 5.3.6 (/opt/ros/jazzy/share/geometry_msgs/cmake)
[0.966s] -- Looking for gz-sim8 -- found version 8.9.0
[0.974s] -- Searching for dependencies of gz-sim8
[0.975s] -- Looking for sdformat14 -- found version 14.7.0
[0.976s] -- Searching for dependencies of sdformat14
[0.980s] -- Checking for module 'tinyxml2'
[0.995s] --   Found tinyxml2, version 10.0.0
[1.035s] -- Looking for gz-math7 -- found version 7.5.2
[1.035s] -- Searching for dependencies of gz-math7
[1.037s] -- Looking for gz-utils2 -- found version 2.2.1
[1.037s] -- Searching for dependencies of gz-utils2
[1.038s] -- Looking for gz-utils2 -- found version 2.2.1
[1.038s] -- Searching for dependencies of gz-utils2
[1.038s] -- Searching for <gz-utils2> component [cli]
[1.041s] -- Looking for gz-utils2-cli -- found version 2.2.1
[1.041s] -- Searching for dependencies of gz-utils2-cli
[1.043s] -- Looking for gz-plugin2 -- found version 2.0.4
[1.044s] -- Searching for dependencies of gz-plugin2
[1.044s] -- Looking for gz-utils2 -- found version 2.2.1
[1.044s] -- Searching for <gz-plugin2> component [loader]
[1.046s] -- Looking for gz-plugin2-loader -- found version 2.0.4
[1.046s] -- Searching for dependencies of gz-plugin2-loader
[1.047s] -- Searching for <gz-plugin2> component [register]
[1.048s] -- Looking for gz-plugin2-register -- found version 2.0.4
[1.048s] -- Searching for dependencies of gz-plugin2-register
[1.050s] -- Looking for gz-transport13 -- found version 13.4.1
[1.051s] -- Searching for dependencies of gz-transport13
[1.163s] -- Found Protobuf: /usr/lib/x86_64-linux-gnu/libprotobuf.so (found version "3.21.12") 
[1.174s] -- Config-file not installed for ZeroMQ -- checking for pkg-config
[1.179s] -- Checking for module 'libzmq >= 4'
[1.195s] --   Found libzmq, version 4.3.5
[1.240s] -- Found ZeroMQ: TRUE (Required is at least version "4") 
[1.245s] -- Checking for module 'uuid'
[1.262s] --   Found uuid, version 2.39.3
[1.297s] -- Found UUID: TRUE  
[1.298s] -- Looking for gz-utils2 -- found version 2.2.1
[1.300s] -- Looking for gz-msgs10 -- found version 10.3.2
[1.300s] -- Searching for dependencies of gz-msgs10
[1.317s] -- Looking for gz-utils2 -- found version 2.2.1
[1.317s] -- Looking for gz-math7 -- found version 7.5.2
[1.324s] -- Searching for <gz-transport13> component [log]
[1.326s] -- Looking for gz-transport13-log -- found version 13.4.1
[1.326s] -- Searching for dependencies of gz-transport13-log
[1.326s] -- Searching for <gz-transport13> component [parameters]
[1.328s] -- Looking for gz-transport13-parameters -- found version 13.4.1
[1.328s] -- Searching for dependencies of gz-transport13-parameters
[1.329s] -- Looking for gz-msgs10 -- found version 10.3.2
[1.331s] -- Looking for gz-common5 -- found version 5.7.1
[1.331s] -- Searching for dependencies of gz-common5
[1.331s] -- Looking for gz-utils2 -- found version 2.2.1
[1.332s] -- Looking for dlfcn.h - found
[1.333s] -- Looking for libdl - found
[1.334s] -- Found DL: TRUE  
[1.341s] -- Searching for <gz-common5> component [av]
[1.343s] -- Looking for gz-common5-av -- found version 5.7.1
[1.343s] -- Searching for dependencies of gz-common5-av
[1.348s] -- Checking for module 'libswscale'
[1.366s] --   Found libswscale, version 7.5.100
[1.405s] -- Found SWSCALE: TRUE  
[1.411s] -- Checking for module 'libavdevice >= 56.4.100'
[1.427s] --   Found libavdevice, version 60.3.100
[1.479s] -- Found AVDEVICE: TRUE (Required is at least version "56.4.100") 
[1.485s] -- Checking for module 'libavformat'
[1.503s] --   Found libavformat, version 60.16.100
[1.548s] -- Found AVFORMAT: TRUE  
[1.554s] -- Checking for module 'libavcodec'
[1.572s] --   Found libavcodec, version 60.31.102
[1.613s] -- Found AVCODEC: TRUE  
[1.617s] -- Checking for module 'libavutil'
[1.633s] --   Found libavutil, version 58.29.100
[1.671s] -- Found AVUTIL: TRUE  
[1.672s] -- Searching for <gz-common5> component [events]
[1.674s] -- Looking for gz-common5-events -- found version 5.7.1
[1.674s] -- Searching for dependencies of gz-common5-events
[1.674s] -- Looking for gz-math7 -- found version 7.5.2
[1.675s] -- Searching for <gz-common5> component [graphics]
[1.677s] -- Looking for gz-common5-graphics -- found version 5.7.1
[1.677s] -- Searching for dependencies of gz-common5-graphics
[1.678s] -- Looking for gz-math7 -- found version 7.5.2
[1.682s] -- Found GzAssimp: TRUE (found version "5.3.0") 
[1.683s] -- Searching for <gz-common5> component [io]
[1.685s] -- Looking for gz-common5-io -- found version 5.7.1
[1.685s] -- Searching for dependencies of gz-common5-io
[1.685s] -- Searching for <gz-common5> component [profiler]
[1.687s] -- Looking for gz-common5-profiler -- found version 5.7.1
[1.687s] -- Searching for dependencies of gz-common5-profiler
[1.690s] -- Looking for gz-fuel_tools9 -- found version 9.1.1
[1.690s] -- Searching for dependencies of gz-fuel_tools9
[1.781s] -- Found CURL: /usr/lib/x86_64-linux-gnu/libcurl.so (found version "8.5.0")  
[1.791s] -- Checking for module 'jsoncpp'
[1.808s] --   Found jsoncpp, version 1.9.5
[1.848s] -- Found JSONCPP: TRUE  
[1.863s] -- Checking for module 'yaml-0.1'
[1.881s] --   Found yaml-0.1, version 0.2.5
[1.915s] -- Found YAML: TRUE  
[1.920s] -- Checking for module 'libzip'
[1.937s] --   Found libzip, version 1.7.3
[1.973s] -- Found ZIP: TRUE  
[1.973s] -- Looking for gz-utils2 -- found version 2.2.1
[1.973s] -- Looking for gz-common5 -- found version 5.7.1
[1.973s] -- Searching for dependencies of gz-common5
[1.974s] -- Looking for gz-utils2 -- found version 2.2.1
[1.974s] -- Looking for dlfcn.h - found
[1.974s] -- Looking for libdl - found
[1.981s] -- Searching for <gz-common5> component [testing]
[1.983s] -- Looking for gz-common5-testing -- found version 5.7.1
[1.983s] -- Searching for dependencies of gz-common5-testing
[1.984s] -- Looking for gz-math7 -- found version 7.5.2
[1.984s] -- Looking for gz-msgs10 -- found version 10.3.2
[1.986s] -- Looking for gz-gui8 -- found version 8.4.0
[1.987s] -- Searching for dependencies of gz-gui8
[2.010s] -- Looking for gz-utils2 -- found version 2.2.1
[2.010s] -- Looking for gz-math7 -- found version 7.5.2
[2.010s] -- Looking for gz-common5 -- found version 5.7.1
[2.011s] -- Looking for gz-plugin2 -- found version 2.0.4
[2.011s] -- Looking for gz-transport13 -- found version 13.4.1
[2.013s] -- Looking for gz-rendering8 -- found version 8.2.2
[2.013s] -- Searching for dependencies of gz-rendering8
[2.013s] -- Looking for gz-math7 -- found version 7.5.2
[2.013s] -- Searching for dependencies of gz-math7
[2.013s] -- Looking for gz-utils2 -- found version 2.2.1
[2.013s] -- Searching for <gz-math7> component [eigen3]
[2.015s] -- Looking for gz-math7-eigen3 -- found version 7.5.2
[2.016s] -- Searching for dependencies of gz-math7-eigen3
[2.024s] -- Looking for gz-common5 -- found version 5.7.1
[2.024s] -- Searching for dependencies of gz-common5
[2.024s] -- Looking for gz-utils2 -- found version 2.2.1
[2.024s] -- Looking for dlfcn.h - found
[2.024s] -- Looking for libdl - found
[2.032s] -- Searching for <gz-common5> component [graphics]
[2.032s] -- Searching for <gz-common5> component [events]
[2.032s] -- Searching for <gz-common5> component [geospatial]
[2.034s] -- Looking for gz-common5-geospatial -- found version 5.7.1
[2.034s] -- Searching for dependencies of gz-common5-geospatial
[2.034s] -- Looking for gz-math7 -- found version 7.5.2
[2.034s] -- Looking for gz-common5 -- found version 5.7.1
[2.035s] -- Looking for gz-plugin2 -- found version 2.0.4
[2.035s] -- Searching for dependencies of gz-plugin2
[2.036s] -- Looking for gz-utils2 -- found version 2.2.1
[2.036s] -- Searching for <gz-plugin2> component [all]
[2.037s] -- Looking for all libraries of gz-plugin2 -- found version 2.0.4
[2.038s] -- Looking for gz-plugin2 -- found version 2.0.4
[2.038s] -- Looking for gz-utils2 -- found version 2.2.1
[2.050s] -- Found OpenGL: /usr/lib/x86_64-linux-gnu/libOpenGL.so  found components: OpenGL 
[2.051s] -- Looking for gz-msgs10 -- found version 10.3.2
[2.076s] -- Looking for gz-physics7 -- found version 7.5.0
[2.076s] -- Searching for dependencies of gz-physics7
[2.076s] -- Looking for gz-common5 -- found version 5.7.1
[2.076s] -- Looking for gz-math7 -- found version 7.5.2
[2.076s] -- Looking for gz-plugin2 -- found version 2.0.4
[2.077s] -- Looking for gz-utils2 -- found version 2.2.1
[2.078s] -- Searching for <gz-physics7> component [heightmap]
[2.079s] -- Looking for gz-physics7-heightmap -- found version 7.5.0
[2.079s] -- Searching for dependencies of gz-physics7-heightmap
[2.079s] -- Looking for gz-common5 -- found version 5.7.1
[2.080s] -- Searching for <gz-physics7> component [mesh]
[2.081s] -- Looking for gz-physics7-mesh -- found version 7.5.0
[2.081s] -- Searching for dependencies of gz-physics7-mesh
[2.082s] -- Looking for gz-common5 -- found version 5.7.1
[2.082s] -- Searching for <gz-physics7> component [sdf]
[2.083s] -- Looking for gz-physics7-sdf -- found version 7.5.0
[2.083s] -- Searching for dependencies of gz-physics7-sdf
[2.084s] -- Looking for sdformat14 -- found version 14.7.0
[2.086s] -- Looking for gz-sensors8 -- found version 8.2.2
[2.086s] -- Searching for dependencies of gz-sensors8
[2.107s] -- Looking for gz-math7 -- found version 7.5.2
[2.107s] -- Looking for gz-common5 -- found version 5.7.1
[2.107s] -- Looking for gz-transport13 -- found version 13.4.1
[2.107s] -- Looking for gz-rendering8 -- found version 8.2.2
[2.108s] -- Looking for gz-msgs10 -- found version 10.3.2
[2.108s] -- Looking for sdformat14 -- found version 14.7.0
[2.109s] -- Searching for <gz-sensors8> component [air_pressure]
[2.110s] -- Looking for gz-sensors8-air_pressure -- found version 8.2.2
[2.110s] -- Searching for dependencies of gz-sensors8-air_pressure
[2.111s] -- Searching for <gz-sensors8> component [air_speed]
[2.112s] -- Looking for gz-sensors8-air_speed -- found version 8.2.2
[2.112s] -- Searching for dependencies of gz-sensors8-air_speed
[2.113s] -- Searching for <gz-sensors8> component [altimeter]
[2.114s] -- Looking for gz-sensors8-altimeter -- found version 8.2.2
[2.114s] -- Searching for dependencies of gz-sensors8-altimeter
[2.114s] -- Searching for <gz-sensors8> component [imu]
[2.115s] -- Looking for gz-sensors8-imu -- found version 8.2.2
[2.116s] -- Searching for dependencies of gz-sensors8-imu
[2.116s] -- Searching for <gz-sensors8> component [force_torque]
[2.117s] -- Looking for gz-sensors8-force_torque -- found version 8.2.2
[2.117s] -- Searching for dependencies of gz-sensors8-force_torque
[2.118s] -- Searching for <gz-sensors8> component [logical_camera]
[2.119s] -- Looking for gz-sensors8-logical_camera -- found version 8.2.2
[2.119s] -- Searching for dependencies of gz-sensors8-logical_camera
[2.119s] -- Searching for <gz-sensors8> component [magnetometer]
[2.121s] -- Looking for gz-sensors8-magnetometer -- found version 8.2.2
[2.121s] -- Searching for dependencies of gz-sensors8-magnetometer
[2.121s] -- Searching for <gz-sensors8> component [navsat]
[2.122s] -- Looking for gz-sensors8-navsat -- found version 8.2.2
[2.123s] -- Searching for dependencies of gz-sensors8-navsat
[2.123s] -- Searching for <gz-sensors8> component [dvl]
[2.124s] -- Looking for gz-sensors8-dvl -- found version 8.2.2
[2.124s] -- Searching for dependencies of gz-sensors8-dvl
[2.125s] -- Looking for gz-sensors8 -- found version 8.2.2
[2.125s] -- Searching for dependencies of gz-sensors8
[2.143s] -- Looking for gz-math7 -- found version 7.5.2
[2.143s] -- Looking for gz-common5 -- found version 5.7.1
[2.144s] -- Looking for gz-transport13 -- found version 13.4.1
[2.144s] -- Looking for gz-rendering8 -- found version 8.2.2
[2.144s] -- Looking for gz-msgs10 -- found version 10.3.2
[2.144s] -- Looking for sdformat14 -- found version 14.7.0
[2.144s] -- Searching for <gz-sensors8> component [rendering]
[2.146s] -- Looking for gz-sensors8-rendering -- found version 8.2.2
[2.146s] -- Searching for dependencies of gz-sensors8-rendering
[2.147s] -- Searching for <gz-sensors8> component [rendering]
[2.147s] -- Searching for <gz-sensors8> component [lidar]
[2.148s] -- Looking for gz-sensors8-lidar -- found version 8.2.2
[2.148s] -- Searching for dependencies of gz-sensors8-lidar
[2.149s] -- Looking for gz-sensors8 -- found version 8.2.2
[2.149s] -- Searching for <gz-sensors8> component [gpu_lidar]
[2.150s] -- Looking for gz-sensors8-gpu_lidar -- found version 8.2.2
[2.150s] -- Searching for dependencies of gz-sensors8-gpu_lidar
[2.151s] -- Looking for gz-sensors8 -- found version 8.2.2
[2.151s] -- Searching for <gz-sensors8> component [camera]
[2.152s] -- Looking for gz-sensors8-camera -- found version 8.2.2
[2.152s] -- Searching for dependencies of gz-sensors8-camera
[2.153s] -- Looking for gz-sensors8 -- found version 8.2.2
[2.153s] -- Searching for <gz-sensors8> component [boundingbox_camera]
[2.154s] -- Looking for gz-sensors8-boundingbox_camera -- found version 8.2.2
[2.154s] -- Searching for dependencies of gz-sensors8-boundingbox_camera
[2.155s] -- Searching for <gz-sensors8> component [segmentation_camera]
[2.156s] -- Looking for gz-sensors8-segmentation_camera -- found version 8.2.2
[2.156s] -- Searching for dependencies of gz-sensors8-segmentation_camera
[2.156s] -- Searching for <gz-sensors8> component [depth_camera]
[2.158s] -- Looking for gz-sensors8-depth_camera -- found version 8.2.2
[2.158s] -- Searching for dependencies of gz-sensors8-depth_camera
[2.158s] -- Looking for gz-sensors8 -- found version 8.2.2
[2.158s] -- Searching for <gz-sensors8> component [rgbd_camera]
[2.160s] -- Looking for gz-sensors8-rgbd_camera -- found version 8.2.2
[2.160s] -- Searching for dependencies of gz-sensors8-rgbd_camera
[2.160s] -- Looking for gz-sensors8 -- found version 8.2.2
[2.160s] -- Searching for <gz-sensors8> component [thermal_camera]
[2.162s] -- Looking for gz-sensors8-thermal_camera -- found version 8.2.2
[2.162s] -- Searching for dependencies of gz-sensors8-thermal_camera
[2.162s] -- Looking for gz-sensors8 -- found version 8.2.2
[2.163s] -- Searching for <gz-sensors8> component [wide_angle_camera]
[2.164s] -- Looking for gz-sensors8-wide_angle_camera -- found version 8.2.2
[2.164s] -- Searching for dependencies of gz-sensors8-wide_angle_camera
[2.165s] -- Looking for gz-rendering8 -- found version 8.2.2
[2.165s] -- Looking for gz-math7 -- found version 7.5.2
[2.165s] -- Looking for gz-utils2 -- found version 2.2.1
[2.184s] -- Looking for gz-plugin2 -- found version 2.0.4
[2.184s] -- Looking for gz-math7 -- found version 7.5.2
[2.188s] -- Found ament_lint_auto: 0.17.2 (/opt/ros/jazzy/share/ament_lint_auto/cmake)
[2.275s] -- Added test 'cppcheck' to perform static code analysis on C / C++ code
[2.275s] -- Configured cppcheck include dirs: 
[2.275s] -- Configured cppcheck exclude dirs and/or files: 
[2.276s] -- Added test 'flake8' to check Python code syntax and style conventions
[2.276s] -- Configured 'flake8' exclude dirs and/or files: 
[2.276s] -- Added test 'lint_cmake' to check CMake code style
[2.277s] -- Added test 'pep257' to check Python code against some of the docstring style conventions in PEP 257
[2.278s] -- Added test 'uncrustify' to check C / C++ code style
[2.278s] -- Configured uncrustify additional arguments: 
[2.279s] -- Added test 'xmllint' to check XML markup files
[2.281s] -- Configuring done (2.3s)
[2.301s] -- Generating done (0.0s)
[2.306s] -- Build files have been written to: /home/sangregorioquimpo/auve2_ws/build/auve1_description
[2.318s] Invoked command in '/home/sangregorioquimpo/auve2_ws/build/auve1_description' returned '0': CMAKE_PREFIX_PATH=${CMAKE_PREFIX_PATH}:/opt/ros/jazzy DEBUGINFOD_URLS=https://debuginfod.ubuntu.com /usr/bin/cmake /home/sangregorioquimpo/auve2_ws/src/auv_description -DCMAKE_INSTALL_PREFIX=/home/sangregorioquimpo/auve2_ws/install/auve1_description
[2.319s] Invoking command in '/home/sangregorioquimpo/auve2_ws/build/auve1_description': CMAKE_PREFIX_PATH=${CMAKE_PREFIX_PATH}:/opt/ros/jazzy DEBUGINFOD_URLS=https://debuginfod.ubuntu.com /usr/bin/cmake --build /home/sangregorioquimpo/auve2_ws/build/auve1_description -- -j16 -l16
[2.372s] [ 50%] [32mBuilding CXX object CMakeFiles/wasd_body_thrust_plugin.dir/src/wasd_body_thrust_plugin.cpp.o[0m
[10.234s] [100%] [32m[1mLinking CXX shared library libwasd_body_thrust_plugin.so[0m
[10.577s] [100%] Built target wasd_body_thrust_plugin
[10.588s] Invoked command in '/home/sangregorioquimpo/auve2_ws/build/auve1_description' returned '0': CMAKE_PREFIX_PATH=${CMAKE_PREFIX_PATH}:/opt/ros/jazzy DEBUGINFOD_URLS=https://debuginfod.ubuntu.com /usr/bin/cmake --build /home/sangregorioquimpo/auve2_ws/build/auve1_description -- -j16 -l16
[10.597s] Invoking command in '/home/sangregorioquimpo/auve2_ws/build/auve1_description': CMAKE_PREFIX_PATH=${CMAKE_PREFIX_PATH}:/opt/ros/jazzy DEBUGINFOD_URLS=https://debuginfod.ubuntu.com /usr/bin/cmake --install /home/sangregorioquimpo/auve2_ws/build/auve1_description
[10.605s] -- Install configuration: ""
[10.605s] -- Installing: /home/sangregorioquimpo/auve2_ws/install/auve1_description/lib/libwasd_body_thrust_plugin.so
[10.609s] -- Set non-toolchain portion of runtime path of "/home/sangregorioquimpo/auve2_ws/install/auve1_description/lib/libwasd_body_thrust_plugin.so" to ""
[10.609s] -- Installing: /home/sangregorioquimpo/auve2_ws/install/auve1_description/lib/auve1_description/wasd_teleop.py
[10.609s] -- Installing: /home/sangregorioquimpo/auve2_ws/install/auve1_description/share/auve1_description/urdf
[10.610s] [31mCMake Error at cmake_install.cmake:73 (file):
[10.610s]   file INSTALL cannot find
[10.610s]   "/home/sangregorioquimpo/auve2_ws/src/auv_description/launch": No such file
[10.610s]   or directory.
[10.610s] 
[10.610s] [0m
[10.610s] -- Installing: /home/sangregorioquimpo/auve2_ws/install/auve1_description/share/auve1_description/meshes
[10.611s] Invoked command in '/home/sangregorioquimpo/auve2_ws/build/auve1_description' returned '1': CMAKE_PREFIX_PATH=${CMAKE_PREFIX_PATH}:/opt/ros/jazzy DEBUGINFOD_URLS=https://debuginfod.ubuntu.com /usr/bin/cmake --install /home/sangregorioquimpo/auve2_ws/build/auve1_description
