[0.011s] Invoking command in '/home/sangregorioquimpo/auve2_ws/build/auv_description': CMAKE_PREFIX_PATH=${CMAKE_PREFIX_PATH}:/opt/ros/jazzy DEBUGINFOD_URLS=https://debuginfod.ubuntu.com PS1=(.venv) \[\e]0;\u@\h: \w\a\]${debian_chroot:+($debian_chroot)}\[\033[01;32m\]\u@\h\[\033[00m\]:\[\033[01;34m\]\w\[\033[00m\]\$ VIRTUAL_ENV_PROMPT=(.venv) /usr/bin/cmake --build /home/sangregorioquimpo/auve2_ws/build/auv_description -- -j16 -l16
[0.037s] -- Found ament_cmake: 2.5.4 (/opt/ros/jazzy/share/ament_cmake/cmake)
[0.177s] -- Override CMake install command with custom implementation using symlinks instead of copying resources
[0.181s] -- Found rclcpp: 28.1.9 (/opt/ros/jazzy/share/rclcpp/cmake)
[0.199s] -- Found rosidl_generator_c: 4.6.5 (/opt/ros/jazzy/share/rosidl_generator_c/cmake)
[0.206s] -- Found rosidl_generator_cpp: 4.6.5 (/opt/ros/jazzy/share/rosidl_generator_cpp/cmake)
[0.213s] -- Using all available rosidl_typesupport_c: rosidl_typesupport_fastrtps_c;rosidl_typesupport_introspection_c
[0.221s] -- Using all available rosidl_typesupport_cpp: rosidl_typesupport_fastrtps_cpp;rosidl_typesupport_introspection_cpp
[0.260s] -- Found rmw_implementation_cmake: 7.3.2 (/opt/ros/jazzy/share/rmw_implementation_cmake/cmake)
[0.261s] -- Found rmw_fastrtps_cpp: 8.4.2 (/opt/ros/jazzy/share/rmw_fastrtps_cpp/cmake)
[0.314s] -- Using RMW implementation 'rmw_fastrtps_cpp' as default
[0.358s] -- Found std_msgs: 5.3.6 (/opt/ros/jazzy/share/std_msgs/cmake)
[0.366s] -- Found geometry_msgs: 5.3.6 (/opt/ros/jazzy/share/geometry_msgs/cmake)
[0.376s] -- Looking for gz-sim8 -- found version 8.9.0
[0.379s] -- Searching for dependencies of gz-sim8
[0.380s] -- Looking for sdformat14 -- found version 14.7.0
[0.380s] -- Searching for dependencies of sdformat14
[0.385s] -- Checking for module 'tinyxml2'
[0.400s] --   Found tinyxml2, version 10.0.0
[0.440s] -- Looking for gz-math7 -- found version 7.5.2
[0.440s] -- Searching for dependencies of gz-math7
[0.441s] -- Looking for gz-utils2 -- found version 2.2.1
[0.441s] -- Searching for dependencies of gz-utils2
[0.442s] -- Looking for gz-utils2 -- found version 2.2.1
[0.442s] -- Searching for dependencies of gz-utils2
[0.442s] -- Searching for <gz-utils2> component [cli]
[0.442s] -- Looking for gz-utils2-cli -- found version 2.2.1
[0.442s] -- Searching for dependencies of gz-utils2-cli
[0.443s] -- Looking for gz-plugin2 -- found version 2.0.4
[0.443s] -- Searching for dependencies of gz-plugin2
[0.443s] -- Looking for gz-utils2 -- found version 2.2.1
[0.443s] -- Searching for <gz-plugin2> component [loader]
[0.443s] -- Looking for gz-plugin2-loader -- found version 2.0.4
[0.444s] -- Searching for dependencies of gz-plugin2-loader
[0.444s] -- Searching for <gz-plugin2> component [register]
[0.444s] -- Looking for gz-plugin2-register -- found version 2.0.4
[0.444s] -- Searching for dependencies of gz-plugin2-register
[0.445s] -- Looking for gz-transport13 -- found version 13.4.1
[0.445s] -- Searching for dependencies of gz-transport13
[0.473s] -- Config-file not installed for ZeroMQ -- checking for pkg-config
[0.477s] -- Checking for module 'libzmq >= 4'
[0.493s] --   Found libzmq, version 4.3.5
[0.547s] -- Checking for module 'uuid'
[0.563s] --   Found uuid, version 2.39.3
[0.597s] -- Looking for gz-utils2 -- found version 2.2.1
[0.597s] -- Looking for gz-msgs10 -- found version 10.3.2
[0.597s] -- Searching for dependencies of gz-msgs10
[0.616s] -- Looking for gz-utils2 -- found version 2.2.1
[0.616s] -- Looking for gz-math7 -- found version 7.5.2
[0.621s] -- Searching for <gz-transport13> component [log]
[0.621s] -- Looking for gz-transport13-log -- found version 13.4.1
[0.621s] -- Searching for dependencies of gz-transport13-log
[0.622s] -- Searching for <gz-transport13> component [parameters]
[0.622s] -- Looking for gz-transport13-parameters -- found version 13.4.1
[0.622s] -- Searching for dependencies of gz-transport13-parameters
[0.622s] -- Looking for gz-msgs10 -- found version 10.3.2
[0.623s] -- Looking for gz-common5 -- found version 5.7.1
[0.623s] -- Searching for dependencies of gz-common5
[0.623s] -- Looking for gz-utils2 -- found version 2.2.1
[0.623s] -- Looking for dlfcn.h - found
[0.623s] -- Looking for libdl - found
[0.630s] -- Searching for <gz-common5> component [av]
[0.630s] -- Looking for gz-common5-av -- found version 5.7.1
[0.630s] -- Searching for dependencies of gz-common5-av
[0.634s] -- Checking for module 'libswscale'
[0.649s] --   Found libswscale, version 7.5.100
[0.693s] -- Checking for module 'libavdevice >= 56.4.100'
[0.712s] --   Found libavdevice, version 60.3.100
[0.769s] -- Checking for module 'libavformat'
[0.787s] --   Found libavformat, version 60.16.100
[0.837s] -- Checking for module 'libavcodec'
[0.857s] --   Found libavcodec, version 60.31.102
[0.906s] -- Checking for module 'libavutil'
[0.923s] --   Found libavutil, version 58.29.100
[0.960s] -- Searching for <gz-common5> component [events]
[0.960s] -- Looking for gz-common5-events -- found version 5.7.1
[0.960s] -- Searching for dependencies of gz-common5-events
[0.960s] -- Looking for gz-math7 -- found version 7.5.2
[0.961s] -- Searching for <gz-common5> component [graphics]
[0.961s] -- Looking for gz-common5-graphics -- found version 5.7.1
[0.961s] -- Searching for dependencies of gz-common5-graphics
[0.961s] -- Looking for gz-math7 -- found version 7.5.2
[0.962s] -- Searching for <gz-common5> component [io]
[0.963s] -- Looking for gz-common5-io -- found version 5.7.1
[0.963s] -- Searching for dependencies of gz-common5-io
[0.963s] -- Searching for <gz-common5> component [profiler]
[0.963s] -- Looking for gz-common5-profiler -- found version 5.7.1
[0.963s] -- Searching for dependencies of gz-common5-profiler
[0.964s] -- Looking for gz-fuel_tools9 -- found version 9.1.1
[0.964s] -- Searching for dependencies of gz-fuel_tools9
[0.999s] -- Checking for module 'jsoncpp'
[1.017s] --   Found jsoncpp, version 1.9.5
[1.071s] -- Checking for module 'yaml-0.1'
[1.088s] --   Found yaml-0.1, version 0.2.5
[1.133s] -- Checking for module 'libzip'
[1.149s] --   Found libzip, version 1.7.3
[1.189s] -- Looking for gz-utils2 -- found version 2.2.1
[1.189s] -- Looking for gz-common5 -- found version 5.7.1
[1.189s] -- Searching for dependencies of gz-common5
[1.189s] -- Looking for gz-utils2 -- found version 2.2.1
[1.189s] -- Looking for dlfcn.h - found
[1.190s] -- Looking for libdl - found
[1.196s] -- Searching for <gz-common5> component [testing]
[1.196s] -- Looking for gz-common5-testing -- found version 5.7.1
[1.196s] -- Searching for dependencies of gz-common5-testing
[1.196s] -- Looking for gz-math7 -- found version 7.5.2
[1.197s] -- Looking for gz-msgs10 -- found version 10.3.2
[1.197s] -- Looking for gz-gui8 -- found version 8.4.0
[1.197s] -- Searching for dependencies of gz-gui8
[1.223s] -- Looking for gz-utils2 -- found version 2.2.1
[1.223s] -- Looking for gz-math7 -- found version 7.5.2
[1.223s] -- Looking for gz-common5 -- found version 5.7.1
[1.223s] -- Looking for gz-plugin2 -- found version 2.0.4
[1.223s] -- Looking for gz-transport13 -- found version 13.4.1
[1.224s] -- Looking for gz-rendering8 -- found version 8.2.2
[1.224s] -- Searching for dependencies of gz-rendering8
[1.224s] -- Looking for gz-math7 -- found version 7.5.2
[1.224s] -- Searching for dependencies of gz-math7
[1.224s] -- Looking for gz-utils2 -- found version 2.2.1
[1.224s] -- Searching for <gz-math7> component [eigen3]
[1.225s] -- Looking for gz-math7-eigen3 -- found version 7.5.2
[1.225s] -- Searching for dependencies of gz-math7-eigen3
[1.225s] -- Looking for gz-common5 -- found version 5.7.1
[1.226s] -- Searching for dependencies of gz-common5
[1.226s] -- Looking for gz-utils2 -- found version 2.2.1
[1.226s] -- Looking for dlfcn.h - found
[1.226s] -- Looking for libdl - found
[1.231s] -- Searching for <gz-common5> component [graphics]
[1.231s] -- Searching for <gz-common5> component [events]
[1.232s] -- Searching for <gz-common5> component [geospatial]
[1.232s] -- Looking for gz-common5-geospatial -- found version 5.7.1
[1.232s] -- Searching for dependencies of gz-common5-geospatial
[1.232s] -- Looking for gz-math7 -- found version 7.5.2
[1.232s] -- Looking for gz-common5 -- found version 5.7.1
[1.233s] -- Looking for gz-plugin2 -- found version 2.0.4
[1.233s] -- Searching for dependencies of gz-plugin2
[1.233s] -- Looking for gz-utils2 -- found version 2.2.1
[1.233s] -- Searching for <gz-plugin2> component [all]
[1.233s] -- Looking for all libraries of gz-plugin2 -- found version 2.0.4
[1.234s] -- Looking for gz-plugin2 -- found version 2.0.4
[1.234s] -- Looking for gz-utils2 -- found version 2.2.1
[1.236s] -- Looking for gz-msgs10 -- found version 10.3.2
[1.246s] -- Looking for gz-physics7 -- found version 7.5.0
[1.247s] -- Searching for dependencies of gz-physics7
[1.247s] -- Looking for gz-common5 -- found version 5.7.1
[1.247s] -- Looking for gz-math7 -- found version 7.5.2
[1.247s] -- Looking for gz-plugin2 -- found version 2.0.4
[1.247s] -- Looking for gz-utils2 -- found version 2.2.1
[1.248s] -- Searching for <gz-physics7> component [heightmap]
[1.248s] -- Looking for gz-physics7-heightmap -- found version 7.5.0
[1.248s] -- Searching for dependencies of gz-physics7-heightmap
[1.249s] -- Looking for gz-common5 -- found version 5.7.1
[1.249s] -- Searching for <gz-physics7> component [mesh]
[1.249s] -- Looking for gz-physics7-mesh -- found version 7.5.0
[1.249s] -- Searching for dependencies of gz-physics7-mesh
[1.249s] -- Looking for gz-common5 -- found version 5.7.1
[1.250s] -- Searching for <gz-physics7> component [sdf]
[1.250s] -- Looking for gz-physics7-sdf -- found version 7.5.0
[1.250s] -- Searching for dependencies of gz-physics7-sdf
[1.250s] -- Looking for sdformat14 -- found version 14.7.0
[1.251s] -- Looking for gz-sensors8 -- found version 8.2.2
[1.251s] -- Searching for dependencies of gz-sensors8
[1.269s] -- Looking for gz-math7 -- found version 7.5.2
[1.269s] -- Looking for gz-common5 -- found version 5.7.1
[1.269s] -- Looking for gz-transport13 -- found version 13.4.1
[1.269s] -- Looking for gz-rendering8 -- found version 8.2.2
[1.270s] -- Looking for gz-msgs10 -- found version 10.3.2
[1.270s] -- Looking for sdformat14 -- found version 14.7.0
[1.270s] -- Searching for <gz-sensors8> component [air_pressure]
[1.270s] -- Looking for gz-sensors8-air_pressure -- found version 8.2.2
[1.270s] -- Searching for dependencies of gz-sensors8-air_pressure
[1.271s] -- Searching for <gz-sensors8> component [air_speed]
[1.271s] -- Looking for gz-sensors8-air_speed -- found version 8.2.2
[1.271s] -- Searching for dependencies of gz-sensors8-air_speed
[1.271s] -- Searching for <gz-sensors8> component [altimeter]
[1.272s] -- Looking for gz-sensors8-altimeter -- found version 8.2.2
[1.272s] -- Searching for dependencies of gz-sensors8-altimeter
[1.272s] -- Searching for <gz-sensors8> component [imu]
[1.272s] -- Looking for gz-sensors8-imu -- found version 8.2.2
[1.273s] -- Searching for dependencies of gz-sensors8-imu
[1.273s] -- Searching for <gz-sensors8> component [force_torque]
[1.273s] -- Looking for gz-sensors8-force_torque -- found version 8.2.2
[1.273s] -- Searching for dependencies of gz-sensors8-force_torque
[1.274s] -- Searching for <gz-sensors8> component [logical_camera]
[1.274s] -- Looking for gz-sensors8-logical_camera -- found version 8.2.2
[1.274s] -- Searching for dependencies of gz-sensors8-logical_camera
[1.274s] -- Searching for <gz-sensors8> component [magnetometer]
[1.275s] -- Looking for gz-sensors8-magnetometer -- found version 8.2.2
[1.275s] -- Searching for dependencies of gz-sensors8-magnetometer
[1.275s] -- Searching for <gz-sensors8> component [navsat]
[1.276s] -- Looking for gz-sensors8-navsat -- found version 8.2.2
[1.276s] -- Searching for dependencies of gz-sensors8-navsat
[1.276s] -- Searching for <gz-sensors8> component [dvl]
[1.276s] -- Looking for gz-sensors8-dvl -- found version 8.2.2
[1.276s] -- Searching for dependencies of gz-sensors8-dvl
[1.277s] -- Looking for gz-sensors8 -- found version 8.2.2
[1.277s] -- Searching for dependencies of gz-sensors8
[1.294s] -- Looking for gz-math7 -- found version 7.5.2
[1.295s] -- Looking for gz-common5 -- found version 5.7.1
[1.295s] -- Looking for gz-transport13 -- found version 13.4.1
[1.295s] -- Looking for gz-rendering8 -- found version 8.2.2
[1.296s] -- Looking for gz-msgs10 -- found version 10.3.2
[1.296s] -- Looking for sdformat14 -- found version 14.7.0
[1.296s] -- Searching for <gz-sensors8> component [rendering]
[1.296s] -- Looking for gz-sensors8-rendering -- found version 8.2.2
[1.296s] -- Searching for dependencies of gz-sensors8-rendering
[1.297s] -- Searching for <gz-sensors8> component [rendering]
[1.297s] -- Searching for <gz-sensors8> component [lidar]
[1.297s] -- Looking for gz-sensors8-lidar -- found version 8.2.2
[1.298s] -- Searching for dependencies of gz-sensors8-lidar
[1.298s] -- Looking for gz-sensors8 -- found version 8.2.2
[1.298s] -- Searching for <gz-sensors8> component [gpu_lidar]
[1.298s] -- Looking for gz-sensors8-gpu_lidar -- found version 8.2.2
[1.298s] -- Searching for dependencies of gz-sensors8-gpu_lidar
[1.299s] -- Looking for gz-sensors8 -- found version 8.2.2
[1.299s] -- Searching for <gz-sensors8> component [camera]
[1.299s] -- Looking for gz-sensors8-camera -- found version 8.2.2
[1.299s] -- Searching for dependencies of gz-sensors8-camera
[1.299s] -- Looking for gz-sensors8 -- found version 8.2.2
[1.300s] -- Searching for <gz-sensors8> component [boundingbox_camera]
[1.300s] -- Looking for gz-sensors8-boundingbox_camera -- found version 8.2.2
[1.300s] -- Searching for dependencies of gz-sensors8-boundingbox_camera
[1.300s] -- Searching for <gz-sensors8> component [segmentation_camera]
[1.301s] -- Looking for gz-sensors8-segmentation_camera -- found version 8.2.2
[1.301s] -- Searching for dependencies of gz-sensors8-segmentation_camera
[1.301s] -- Searching for <gz-sensors8> component [depth_camera]
[1.301s] -- Looking for gz-sensors8-depth_camera -- found version 8.2.2
[1.301s] -- Searching for dependencies of gz-sensors8-depth_camera
[1.301s] -- Looking for gz-sensors8 -- found version 8.2.2
[1.302s] -- Searching for <gz-sensors8> component [rgbd_camera]
[1.302s] -- Looking for gz-sensors8-rgbd_camera -- found version 8.2.2
[1.302s] -- Searching for dependencies of gz-sensors8-rgbd_camera
[1.302s] -- Looking for gz-sensors8 -- found version 8.2.2
[1.303s] -- Searching for <gz-sensors8> component [thermal_camera]
[1.303s] -- Looking for gz-sensors8-thermal_camera -- found version 8.2.2
[1.303s] -- Searching for dependencies of gz-sensors8-thermal_camera
[1.303s] -- Looking for gz-sensors8 -- found version 8.2.2
[1.306s] -- Searching for <gz-sensors8> component [wide_angle_camera]
[1.306s] -- Looking for gz-sensors8-wide_angle_camera -- found version 8.2.2
[1.306s] -- Searching for dependencies of gz-sensors8-wide_angle_camera
[1.306s] -- Looking for gz-rendering8 -- found version 8.2.2
[1.307s] -- Looking for gz-math7 -- found version 7.5.2
[1.307s] -- Looking for gz-utils2 -- found version 2.2.1
[1.325s] -- Looking for gz-plugin2 -- found version 2.0.4
[1.325s] -- Looking for gz-common5 -- found version 5.7.1
[1.330s] -- Looking for sdformat14 -- found version 14.7.0
[1.333s] -- Found ament_lint_auto: 0.17.2 (/opt/ros/jazzy/share/ament_lint_auto/cmake)
[1.394s] -- Added test 'cppcheck' to perform static code analysis on C / C++ code
[1.394s] -- Configured cppcheck include dirs: 
[1.394s] -- Configured cppcheck exclude dirs and/or files: 
[1.394s] -- Added test 'flake8' to check Python code syntax and style conventions
[1.394s] -- Configured 'flake8' exclude dirs and/or files: 
[1.394s] -- Added test 'lint_cmake' to check CMake code style
[1.395s] -- Added test 'pep257' to check Python code against some of the docstring style conventions in PEP 257
[1.396s] -- Added test 'uncrustify' to check C / C++ code style
[1.396s] -- Configured uncrustify additional arguments: 
[1.396s] -- Added test 'xmllint' to check XML markup files
[1.397s] -- Configuring done (1.4s)
[1.420s] -- Generating done (0.0s)
[1.425s] -- Build files have been written to: /home/sangregorioquimpo/auve2_ws/build/auv_description
[1.474s] [ 25%] [32m[1mLinking CXX shared library libwasd_body_thrust_plugin.so[0m
[1.474s] [ 50%] [32m[1mLinking CXX shared library libbuoyancy_runtime.so[0m
[1.756s] /usr/bin/ld: CMakeFiles/wasd_body_thrust_plugin.dir/src/wasd_body_thrust_plugin.cpp.o: in function `auve1::WasdBodyWrenchPlugin::PreUpdate(gz::sim::v8::UpdateInfo const&, gz::sim::v8::EntityComponentManager&)':
[1.757s] wasd_body_thrust_plugin.cpp:(.text._ZN5auve120WasdBodyWrenchPlugin9PreUpdateERKN2gz3sim2v810UpdateInfoERNS3_22EntityComponentManagerE[_ZN5auve120WasdBodyWrenchPlugin9PreUpdateERKN2gz3sim2v810UpdateInfoERNS3_22EntityComponentManagerE]+0x5a8): undefined reference to `gz::sim::v8::Link::AddWorldWrench(gz::sim::v8::EntityComponentManager&, gz::math::v8::Vector3<double> const&, gz::math::v8::Vector3<double> const&) const'
[1.758s] /usr/bin/ld: CMakeFiles/wasd_body_thrust_plugin.dir/src/wasd_body_thrust_plugin.cpp.o: in function `bool sdf::v14::Param::Get<std::__cxx11::basic_string<char, std::char_traits<char>, std::allocator<char> > >(std::__cxx11::basic_string<char, std::char_traits<char>, std::allocator<char> >&, std::vector<sdf::v14::Error, std::allocator<sdf::v14::Error> >&) const':
[1.758s] wasd_body_thrust_plugin.cpp:(.text._ZNK3sdf3v145Param3GetINSt7__cxx1112basic_stringIcSt11char_traitsIcESaIcEEEEEbRT_RSt6vectorINS0_5ErrorESaISC_EE[_ZNK3sdf3v145Param3GetINSt7__cxx1112basic_stringIcSt11char_traitsIcESaIcEEEEEbRT_RSt6vectorINS0_5ErrorESaISC_EE]+0x262): undefined reference to `sdf::v14::ParamPrivate::ValueFromStringImpl(std::__cxx11::basic_string<char, std::char_traits<char>, std::allocator<char> > const&, std::__cxx11::basic_string<char, std::char_traits<char>, std::allocator<char> > const&, std::variant<bool, char, std::__cxx11::basic_string<char, std::char_traits<char>, std::allocator<char> >, int, unsigned long, unsigned int, double, float, sdf::v14::Time, gz::math::v8::Angle, gz::math::v8::Color, gz::math::v8::Vector2<int>, gz::math::v8::Vector2<double>, gz::math::v8::Vector3<double>, gz::math::v8::Quaternion<double>, gz::math::v8::Pose3<double> >&, std::vector<sdf::v14::Error, std::allocator<sdf::v14::Error> >&) const'
[1.759s] /usr/bin/ld: CMakeFiles/wasd_body_thrust_plugin.dir/src/wasd_body_thrust_plugin.cpp.o: in function `bool sdf::v14::Param::Get<int>(int&, std::vector<sdf::v14::Error, std::allocator<sdf::v14::Error> >&) const':
[1.759s] wasd_body_thrust_plugin.cpp:(.text._ZNK3sdf3v145Param3GetIiEEbRT_RSt6vectorINS0_5ErrorESaIS6_EE[_ZNK3sdf3v145Param3GetIiEEbRT_RSt6vectorINS0_5ErrorESaIS6_EE]+0x25b): undefined reference to `sdf::v14::ParamPrivate::ValueFromStringImpl(std::__cxx11::basic_string<char, std::char_traits<char>, std::allocator<char> > const&, std::__cxx11::basic_string<char, std::char_traits<char>, std::allocator<char> > const&, std::variant<bool, char, std::__cxx11::basic_string<char, std::char_traits<char>, std::allocator<char> >, int, unsigned long, unsigned int, double, float, sdf::v14::Time, gz::math::v8::Angle, gz::math::v8::Color, gz::math::v8::Vector2<int>, gz::math::v8::Vector2<double>, gz::math::v8::Vector3<double>, gz::math::v8::Quaternion<double>, gz::math::v8::Pose3<double> >&, std::vector<sdf::v14::Error, std::allocator<sdf::v14::Error> >&) const'
[1.759s] /usr/bin/ld: CMakeFiles/wasd_body_thrust_plugin.dir/src/wasd_body_thrust_plugin.cpp.o: in function `bool sdf::v14::Param::Get<double>(double&, std::vector<sdf::v14::Error, std::allocator<sdf::v14::Error> >&) const':
[1.759s] wasd_body_thrust_plugin.cpp:(.text._ZNK3sdf3v145Param3GetIdEEbRT_RSt6vectorINS0_5ErrorESaIS6_EE[_ZNK3sdf3v145Param3GetIdEEbRT_RSt6vectorINS0_5ErrorESaIS6_EE]+0x25f): undefined reference to `sdf::v14::ParamPrivate::ValueFromStringImpl(std::__cxx11::basic_string<char, std::char_traits<char>, std::allocator<char> > const&, std::__cxx11::basic_string<char, std::char_traits<char>, std::allocator<char> > const&, std::variant<bool, char, std::__cxx11::basic_string<char, std::char_traits<char>, std::allocator<char> >, int, unsigned long, unsigned int, double, float, sdf::v14::Time, gz::math::v8::Angle, gz::math::v8::Color, gz::math::v8::Vector2<int>, gz::math::v8::Vector2<double>, gz::math::v8::Vector3<double>, gz::math::v8::Quaternion<double>, gz::math::v8::Pose3<double> >&, std::vector<sdf::v14::Error, std::allocator<sdf::v14::Error> >&) const'
[1.783s] /usr/bin/ld: CMakeFiles/buoyancy_runtime.dir/src/buoyancy_runtime.cc.o: in function `bool sdf::v14::Param::Get<std::__cxx11::basic_string<char, std::char_traits<char>, std::allocator<char> > >(std::__cxx11::basic_string<char, std::char_traits<char>, std::allocator<char> >&, std::vector<sdf::v14::Error, std::allocator<sdf::v14::Error> >&) const':
[1.783s] buoyancy_runtime.cc:(.text._ZNK3sdf3v145Param3GetINSt7__cxx1112basic_stringIcSt11char_traitsIcESaIcEEEEEbRT_RSt6vectorINS0_5ErrorESaISC_EE[_ZNK3sdf3v145Param3GetINSt7__cxx1112basic_stringIcSt11char_traitsIcESaIcEEEEEbRT_RSt6vectorINS0_5ErrorESaISC_EE]+0x262): undefined reference to `sdf::v14::ParamPrivate::ValueFromStringImpl(std::__cxx11::basic_string<char, std::char_traits<char>, std::allocator<char> > const&, std::__cxx11::basic_string<char, std::char_traits<char>, std::allocator<char> > const&, std::variant<bool, char, std::__cxx11::basic_string<char, std::char_traits<char>, std::allocator<char> >, int, unsigned long, unsigned int, double, float, sdf::v14::Time, gz::math::v8::Angle, gz::math::v8::Color, gz::math::v8::Vector2<int>, gz::math::v8::Vector2<double>, gz::math::v8::Vector3<double>, gz::math::v8::Quaternion<double>, gz::math::v8::Pose3<double> >&, std::vector<sdf::v14::Error, std::allocator<sdf::v14::Error> >&) const'
[1.783s] /usr/bin/ld: CMakeFiles/buoyancy_runtime.dir/src/buoyancy_runtime.cc.o: in function `bool sdf::v14::Param::Get<double>(double&, std::vector<sdf::v14::Error, std::allocator<sdf::v14::Error> >&) const':
[1.783s] buoyancy_runtime.cc:(.text._ZNK3sdf3v145Param3GetIdEEbRT_RSt6vectorINS0_5ErrorESaIS6_EE[_ZNK3sdf3v145Param3GetIdEEbRT_RSt6vectorINS0_5ErrorESaIS6_EE]+0x25f): undefined reference to `sdf::v14::ParamPrivate::ValueFromStringImpl(std::__cxx11::basic_string<char, std::char_traits<char>, std::allocator<char> > const&, std::__cxx11::basic_string<char, std::char_traits<char>, std::allocator<char> > const&, std::variant<bool, char, std::__cxx11::basic_string<char, std::char_traits<char>, std::allocator<char> >, int, unsigned long, unsigned int, double, float, sdf::v14::Time, gz::math::v8::Angle, gz::math::v8::Color, gz::math::v8::Vector2<int>, gz::math::v8::Vector2<double>, gz::math::v8::Vector3<double>, gz::math::v8::Quaternion<double>, gz::math::v8::Pose3<double> >&, std::vector<sdf::v14::Error, std::allocator<sdf::v14::Error> >&) const'
[1.783s] /usr/bin/ld: CMakeFiles/buoyancy_runtime.dir/src/buoyancy_runtime.cc.o: in function `bool sdf::v14::Param::Get<bool>(bool&, std::vector<sdf::v14::Error, std::allocator<sdf::v14::Error> >&) const':
[1.783s] buoyancy_runtime.cc:(.text._ZNK3sdf3v145Param3GetIbEEbRT_RSt6vectorINS0_5ErrorESaIS6_EE[_ZNK3sdf3v145Param3GetIbEEbRT_RSt6vectorINS0_5ErrorESaIS6_EE]+0x25c): undefined reference to `sdf::v14::ParamPrivate::ValueFromStringImpl(std::__cxx11::basic_string<char, std::char_traits<char>, std::allocator<char> > const&, std::__cxx11::basic_string<char, std::char_traits<char>, std::allocator<char> > const&, std::variant<bool, char, std::__cxx11::basic_string<char, std::char_traits<char>, std::allocator<char> >, int, unsigned long, unsigned int, double, float, sdf::v14::Time, gz::math::v8::Angle, gz::math::v8::Color, gz::math::v8::Vector2<int>, gz::math::v8::Vector2<double>, gz::math::v8::Vector3<double>, gz::math::v8::Quaternion<double>, gz::math::v8::Pose3<double> >&, std::vector<sdf::v14::Error, std::allocator<sdf::v14::Error> >&) const'
[1.796s] collect2: error: ld returned 1 exit status
[1.798s] gmake[2]: *** [CMakeFiles/wasd_body_thrust_plugin.dir/build.make:224: libwasd_body_thrust_plugin.so] Error 1
[1.799s] gmake[1]: *** [CMakeFiles/Makefile2:139: CMakeFiles/wasd_body_thrust_plugin.dir/all] Error 2
[1.799s] gmake[1]: *** Waiting for unfinished jobs....
[1.821s] collect2: error: ld returned 1 exit status
[1.823s] gmake[2]: *** [CMakeFiles/buoyancy_runtime.dir/build.make:217: libbuoyancy_runtime.so] Error 1
[1.824s] gmake[1]: *** [CMakeFiles/Makefile2:165: CMakeFiles/buoyancy_runtime.dir/all] Error 2
[1.824s] gmake: *** [Makefile:146: all] Error 2
[1.827s] Invoked command in '/home/sangregorioquimpo/auve2_ws/build/auv_description' returned '2': CMAKE_PREFIX_PATH=${CMAKE_PREFIX_PATH}:/opt/ros/jazzy DEBUGINFOD_URLS=https://debuginfod.ubuntu.com PS1=(.venv) \[\e]0;\u@\h: \w\a\]${debian_chroot:+($debian_chroot)}\[\033[01;32m\]\u@\h\[\033[00m\]:\[\033[01;34m\]\w\[\033[00m\]\$ VIRTUAL_ENV_PROMPT=(.venv) /usr/bin/cmake --build /home/sangregorioquimpo/auve2_ws/build/auv_description -- -j16 -l16
