[0.013s] Invoking command in '/home/sangregorioquimpo/auve2_ws/build/auv_description': CMAKE_PREFIX_PATH=${CMAKE_PREFIX_PATH}:/opt/ros/jazzy DEBUGINFOD_URLS=https://debuginfod.ubuntu.com PS1=(.venv) \[\e]0;\u@\h: \w\a\]${debian_chroot:+($debian_chroot)}\[\033[01;32m\]\u@\h\[\033[00m\]:\[\033[01;34m\]\w\[\033[00m\]\$ VIRTUAL_ENV_PROMPT=(.venv) /usr/bin/cmake --build /home/sangregorioquimpo/auve2_ws/build/auv_description -- -j16 -l16
[0.040s] -- Found ament_cmake: 2.5.4 (/opt/ros/jazzy/share/ament_cmake/cmake)
[0.201s] -- Override CMake install command with custom implementation using symlinks instead of copying resources
[0.205s] -- Found rclcpp: 28.1.9 (/opt/ros/jazzy/share/rclcpp/cmake)
[0.224s] -- Found rosidl_generator_c: 4.6.5 (/opt/ros/jazzy/share/rosidl_generator_c/cmake)
[0.230s] -- Found rosidl_generator_cpp: 4.6.5 (/opt/ros/jazzy/share/rosidl_generator_cpp/cmake)
[0.237s] -- Using all available rosidl_typesupport_c: rosidl_typesupport_fastrtps_c;rosidl_typesupport_introspection_c
[0.245s] -- Using all available rosidl_typesupport_cpp: rosidl_typesupport_fastrtps_cpp;rosidl_typesupport_introspection_cpp
[0.286s] -- Found rmw_implementation_cmake: 7.3.2 (/opt/ros/jazzy/share/rmw_implementation_cmake/cmake)
[0.287s] -- Found rmw_fastrtps_cpp: 8.4.2 (/opt/ros/jazzy/share/rmw_fastrtps_cpp/cmake)
[0.339s] -- Using RMW implementation 'rmw_fastrtps_cpp' as default
[0.384s] -- Found geometry_msgs: 5.3.6 (/opt/ros/jazzy/share/geometry_msgs/cmake)
[0.406s] -- Looking for gz-sim8 -- found version 8.9.0
[0.409s] -- Searching for dependencies of gz-sim8
[0.410s] -- Looking for sdformat14 -- found version 14.7.0
[0.410s] -- Searching for dependencies of sdformat14
[0.414s] -- Checking for module 'tinyxml2'
[0.432s] --   Found tinyxml2, version 10.0.0
[0.470s] -- Looking for gz-math7 -- found version 7.5.2
[0.470s] -- Searching for dependencies of gz-math7
[0.471s] -- Looking for gz-utils2 -- found version 2.2.1
[0.471s] -- Searching for dependencies of gz-utils2
[0.471s] -- Looking for gz-utils2 -- found version 2.2.1
[0.472s] -- Searching for dependencies of gz-utils2
[0.472s] -- Searching for <gz-utils2> component [cli]
[0.472s] -- Looking for gz-utils2-cli -- found version 2.2.1
[0.472s] -- Searching for dependencies of gz-utils2-cli
[0.473s] -- Looking for gz-plugin2 -- found version 2.0.4
[0.473s] -- Searching for dependencies of gz-plugin2
[0.473s] -- Looking for gz-utils2 -- found version 2.2.1
[0.474s] -- Searching for <gz-plugin2> component [loader]
[0.474s] -- Looking for gz-plugin2-loader -- found version 2.0.4
[0.474s] -- Searching for dependencies of gz-plugin2-loader
[0.474s] -- Searching for <gz-plugin2> component [register]
[0.474s] -- Looking for gz-plugin2-register -- found version 2.0.4
[0.474s] -- Searching for dependencies of gz-plugin2-register
[0.475s] -- Looking for gz-transport13 -- found version 13.4.1
[0.475s] -- Searching for dependencies of gz-transport13
[0.505s] -- Config-file not installed for ZeroMQ -- checking for pkg-config
[0.509s] -- Checking for module 'libzmq >= 4'
[0.525s] --   Found libzmq, version 4.3.5
[0.574s] -- Checking for module 'uuid'
[0.590s] --   Found uuid, version 2.39.3
[0.628s] -- Looking for gz-utils2 -- found version 2.2.1
[0.628s] -- Looking for gz-msgs10 -- found version 10.3.2
[0.628s] -- Searching for dependencies of gz-msgs10
[0.647s] -- Looking for gz-utils2 -- found version 2.2.1
[0.647s] -- Looking for gz-math7 -- found version 7.5.2
[0.654s] -- Searching for <gz-transport13> component [log]
[0.654s] -- Looking for gz-transport13-log -- found version 13.4.1
[0.654s] -- Searching for dependencies of gz-transport13-log
[0.655s] -- Searching for <gz-transport13> component [parameters]
[0.655s] -- Looking for gz-transport13-parameters -- found version 13.4.1
[0.655s] -- Searching for dependencies of gz-transport13-parameters
[0.656s] -- Looking for gz-msgs10 -- found version 10.3.2
[0.656s] -- Looking for gz-common5 -- found version 5.7.1
[0.656s] -- Searching for dependencies of gz-common5
[0.656s] -- Looking for gz-utils2 -- found version 2.2.1
[0.656s] -- Looking for dlfcn.h - found
[0.656s] -- Looking for libdl - found
[0.663s] -- Searching for <gz-common5> component [av]
[0.663s] -- Looking for gz-common5-av -- found version 5.7.1
[0.664s] -- Searching for dependencies of gz-common5-av
[0.669s] -- Checking for module 'libswscale'
[0.686s] --   Found libswscale, version 7.5.100
[0.730s] -- Checking for module 'libavdevice >= 56.4.100'
[0.748s] --   Found libavdevice, version 60.3.100
[0.804s] -- Checking for module 'libavformat'
[0.819s] --   Found libavformat, version 60.16.100
[0.868s] -- Checking for module 'libavcodec'
[0.886s] --   Found libavcodec, version 60.31.102
[0.934s] -- Checking for module 'libavutil'
[0.950s] --   Found libavutil, version 58.29.100
[0.988s] -- Searching for <gz-common5> component [events]
[0.988s] -- Looking for gz-common5-events -- found version 5.7.1
[0.988s] -- Searching for dependencies of gz-common5-events
[0.989s] -- Looking for gz-math7 -- found version 7.5.2
[0.989s] -- Searching for <gz-common5> component [graphics]
[0.989s] -- Looking for gz-common5-graphics -- found version 5.7.1
[0.989s] -- Searching for dependencies of gz-common5-graphics
[0.990s] -- Looking for gz-math7 -- found version 7.5.2
[0.991s] -- Searching for <gz-common5> component [io]
[0.991s] -- Looking for gz-common5-io -- found version 5.7.1
[0.991s] -- Searching for dependencies of gz-common5-io
[0.992s] -- Searching for <gz-common5> component [profiler]
[0.992s] -- Looking for gz-common5-profiler -- found version 5.7.1
[0.992s] -- Searching for dependencies of gz-common5-profiler
[0.992s] -- Looking for gz-fuel_tools9 -- found version 9.1.1
[0.993s] -- Searching for dependencies of gz-fuel_tools9
[1.032s] -- Checking for module 'jsoncpp'
[1.049s] --   Found jsoncpp, version 1.9.5
[1.105s] -- Checking for module 'yaml-0.1'
[1.123s] --   Found yaml-0.1, version 0.2.5
[1.169s] -- Checking for module 'libzip'
[1.187s] --   Found libzip, version 1.7.3
[1.225s] -- Looking for gz-utils2 -- found version 2.2.1
[1.225s] -- Looking for gz-common5 -- found version 5.7.1
[1.225s] -- Searching for dependencies of gz-common5
[1.225s] -- Looking for gz-utils2 -- found version 2.2.1
[1.226s] -- Looking for dlfcn.h - found
[1.226s] -- Looking for libdl - found
[1.232s] -- Searching for <gz-common5> component [testing]
[1.232s] -- Looking for gz-common5-testing -- found version 5.7.1
[1.232s] -- Searching for dependencies of gz-common5-testing
[1.233s] -- Looking for gz-math7 -- found version 7.5.2
[1.233s] -- Looking for gz-msgs10 -- found version 10.3.2
[1.234s] -- Looking for gz-gui8 -- found version 8.4.0
[1.234s] -- Searching for dependencies of gz-gui8
[1.257s] -- Looking for gz-utils2 -- found version 2.2.1
[1.258s] -- Looking for gz-math7 -- found version 7.5.2
[1.258s] -- Looking for gz-common5 -- found version 5.7.1
[1.258s] -- Looking for gz-plugin2 -- found version 2.0.4
[1.258s] -- Looking for gz-transport13 -- found version 13.4.1
[1.258s] -- Looking for gz-rendering8 -- found version 8.2.2
[1.258s] -- Searching for dependencies of gz-rendering8
[1.259s] -- Looking for gz-math7 -- found version 7.5.2
[1.259s] -- Searching for dependencies of gz-math7
[1.259s] -- Looking for gz-utils2 -- found version 2.2.1
[1.259s] -- Searching for <gz-math7> component [eigen3]
[1.259s] -- Looking for gz-math7-eigen3 -- found version 7.5.2
[1.259s] -- Searching for dependencies of gz-math7-eigen3
[1.260s] -- Looking for gz-common5 -- found version 5.7.1
[1.260s] -- Searching for dependencies of gz-common5
[1.261s] -- Looking for gz-utils2 -- found version 2.2.1
[1.261s] -- Looking for dlfcn.h - found
[1.261s] -- Looking for libdl - found
[1.267s] -- Searching for <gz-common5> component [graphics]
[1.267s] -- Searching for <gz-common5> component [events]
[1.267s] -- Searching for <gz-common5> component [geospatial]
[1.267s] -- Looking for gz-common5-geospatial -- found version 5.7.1
[1.268s] -- Searching for dependencies of gz-common5-geospatial
[1.268s] -- Looking for gz-math7 -- found version 7.5.2
[1.268s] -- Looking for gz-common5 -- found version 5.7.1
[1.269s] -- Looking for gz-plugin2 -- found version 2.0.4
[1.269s] -- Searching for dependencies of gz-plugin2
[1.269s] -- Looking for gz-utils2 -- found version 2.2.1
[1.269s] -- Searching for <gz-plugin2> component [all]
[1.269s] -- Looking for all libraries of gz-plugin2 -- found version 2.0.4
[1.270s] -- Looking for gz-plugin2 -- found version 2.0.4
[1.270s] -- Looking for gz-utils2 -- found version 2.2.1
[1.272s] -- Looking for gz-msgs10 -- found version 10.3.2
[1.285s] -- Looking for gz-physics7 -- found version 7.5.0
[1.285s] -- Searching for dependencies of gz-physics7
[1.285s] -- Looking for gz-common5 -- found version 5.7.1
[1.285s] -- Looking for gz-math7 -- found version 7.5.2
[1.286s] -- Looking for gz-plugin2 -- found version 2.0.4
[1.286s] -- Looking for gz-utils2 -- found version 2.2.1
[1.286s] -- Searching for <gz-physics7> component [heightmap]
[1.287s] -- Looking for gz-physics7-heightmap -- found version 7.5.0
[1.287s] -- Searching for dependencies of gz-physics7-heightmap
[1.287s] -- Looking for gz-common5 -- found version 5.7.1
[1.287s] -- Searching for <gz-physics7> component [mesh]
[1.288s] -- Looking for gz-physics7-mesh -- found version 7.5.0
[1.288s] -- Searching for dependencies of gz-physics7-mesh
[1.288s] -- Looking for gz-common5 -- found version 5.7.1
[1.288s] -- Searching for <gz-physics7> component [sdf]
[1.288s] -- Looking for gz-physics7-sdf -- found version 7.5.0
[1.288s] -- Searching for dependencies of gz-physics7-sdf
[1.289s] -- Looking for sdformat14 -- found version 14.7.0
[1.289s] -- Looking for gz-sensors8 -- found version 8.2.2
[1.289s] -- Searching for dependencies of gz-sensors8
[1.308s] -- Looking for gz-math7 -- found version 7.5.2
[1.309s] -- Looking for gz-common5 -- found version 5.7.1
[1.309s] -- Looking for gz-transport13 -- found version 13.4.1
[1.309s] -- Looking for gz-rendering8 -- found version 8.2.2
[1.309s] -- Looking for gz-msgs10 -- found version 10.3.2
[1.309s] -- Looking for sdformat14 -- found version 14.7.0
[1.310s] -- Searching for <gz-sensors8> component [air_pressure]
[1.310s] -- Looking for gz-sensors8-air_pressure -- found version 8.2.2
[1.310s] -- Searching for dependencies of gz-sensors8-air_pressure
[1.310s] -- Searching for <gz-sensors8> component [air_speed]
[1.311s] -- Looking for gz-sensors8-air_speed -- found version 8.2.2
[1.311s] -- Searching for dependencies of gz-sensors8-air_speed
[1.311s] -- Searching for <gz-sensors8> component [altimeter]
[1.311s] -- Looking for gz-sensors8-altimeter -- found version 8.2.2
[1.311s] -- Searching for dependencies of gz-sensors8-altimeter
[1.312s] -- Searching for <gz-sensors8> component [imu]
[1.312s] -- Looking for gz-sensors8-imu -- found version 8.2.2
[1.312s] -- Searching for dependencies of gz-sensors8-imu
[1.312s] -- Searching for <gz-sensors8> component [force_torque]
[1.313s] -- Looking for gz-sensors8-force_torque -- found version 8.2.2
[1.313s] -- Searching for dependencies of gz-sensors8-force_torque
[1.313s] -- Searching for <gz-sensors8> component [logical_camera]
[1.313s] -- Looking for gz-sensors8-logical_camera -- found version 8.2.2
[1.313s] -- Searching for dependencies of gz-sensors8-logical_camera
[1.313s] -- Searching for <gz-sensors8> component [magnetometer]
[1.314s] -- Looking for gz-sensors8-magnetometer -- found version 8.2.2
[1.314s] -- Searching for dependencies of gz-sensors8-magnetometer
[1.314s] -- Searching for <gz-sensors8> component [navsat]
[1.314s] -- Looking for gz-sensors8-navsat -- found version 8.2.2
[1.314s] -- Searching for dependencies of gz-sensors8-navsat
[1.315s] -- Searching for <gz-sensors8> component [dvl]
[1.315s] -- Looking for gz-sensors8-dvl -- found version 8.2.2
[1.315s] -- Searching for dependencies of gz-sensors8-dvl
[1.315s] -- Looking for gz-sensors8 -- found version 8.2.2
[1.315s] -- Searching for dependencies of gz-sensors8
[1.335s] -- Looking for gz-math7 -- found version 7.5.2
[1.335s] -- Looking for gz-common5 -- found version 5.7.1
[1.335s] -- Looking for gz-transport13 -- found version 13.4.1
[1.336s] -- Looking for gz-rendering8 -- found version 8.2.2
[1.336s] -- Looking for gz-msgs10 -- found version 10.3.2
[1.336s] -- Looking for sdformat14 -- found version 14.7.0
[1.336s] -- Searching for <gz-sensors8> component [rendering]
[1.337s] -- Looking for gz-sensors8-rendering -- found version 8.2.2
[1.337s] -- Searching for dependencies of gz-sensors8-rendering
[1.338s] -- Searching for <gz-sensors8> component [rendering]
[1.338s] -- Searching for <gz-sensors8> component [lidar]
[1.338s] -- Looking for gz-sensors8-lidar -- found version 8.2.2
[1.338s] -- Searching for dependencies of gz-sensors8-lidar
[1.338s] -- Looking for gz-sensors8 -- found version 8.2.2
[1.338s] -- Searching for <gz-sensors8> component [gpu_lidar]
[1.339s] -- Looking for gz-sensors8-gpu_lidar -- found version 8.2.2
[1.339s] -- Searching for dependencies of gz-sensors8-gpu_lidar
[1.339s] -- Looking for gz-sensors8 -- found version 8.2.2
[1.340s] -- Searching for <gz-sensors8> component [camera]
[1.340s] -- Looking for gz-sensors8-camera -- found version 8.2.2
[1.340s] -- Searching for dependencies of gz-sensors8-camera
[1.340s] -- Looking for gz-sensors8 -- found version 8.2.2
[1.340s] -- Searching for <gz-sensors8> component [boundingbox_camera]
[1.341s] -- Looking for gz-sensors8-boundingbox_camera -- found version 8.2.2
[1.341s] -- Searching for dependencies of gz-sensors8-boundingbox_camera
[1.341s] -- Searching for <gz-sensors8> component [segmentation_camera]
[1.341s] -- Looking for gz-sensors8-segmentation_camera -- found version 8.2.2
[1.341s] -- Searching for dependencies of gz-sensors8-segmentation_camera
[1.342s] -- Searching for <gz-sensors8> component [depth_camera]
[1.342s] -- Looking for gz-sensors8-depth_camera -- found version 8.2.2
[1.342s] -- Searching for dependencies of gz-sensors8-depth_camera
[1.342s] -- Looking for gz-sensors8 -- found version 8.2.2
[1.343s] -- Searching for <gz-sensors8> component [rgbd_camera]
[1.343s] -- Looking for gz-sensors8-rgbd_camera -- found version 8.2.2
[1.343s] -- Searching for dependencies of gz-sensors8-rgbd_camera
[1.343s] -- Looking for gz-sensors8 -- found version 8.2.2
[1.343s] -- Searching for <gz-sensors8> component [thermal_camera]
[1.344s] -- Looking for gz-sensors8-thermal_camera -- found version 8.2.2
[1.344s] -- Searching for dependencies of gz-sensors8-thermal_camera
[1.344s] -- Looking for gz-sensors8 -- found version 8.2.2
[1.345s] -- Searching for <gz-sensors8> component [wide_angle_camera]
[1.345s] -- Looking for gz-sensors8-wide_angle_camera -- found version 8.2.2
[1.345s] -- Searching for dependencies of gz-sensors8-wide_angle_camera
[1.346s] -- Looking for gz-rendering8 -- found version 8.2.2
[1.346s] -- Looking for gz-math7 -- found version 7.5.2
[1.346s] -- Looking for gz-utils2 -- found version 2.2.1
[1.365s] -- Looking for gz-plugin2 -- found version 2.0.4
[1.365s] -- Looking for gz-math7 -- found version 7.5.2
[1.367s] -- Found ament_lint_auto: 0.17.2 (/opt/ros/jazzy/share/ament_lint_auto/cmake)
[1.435s] -- Added test 'cppcheck' to perform static code analysis on C / C++ code
[1.435s] -- Configured cppcheck include dirs: 
[1.435s] -- Configured cppcheck exclude dirs and/or files: 
[1.435s] -- Added test 'flake8' to check Python code syntax and style conventions
[1.435s] -- Configured 'flake8' exclude dirs and/or files: 
[1.435s] -- Added test 'lint_cmake' to check CMake code style
[1.436s] -- Added test 'pep257' to check Python code against some of the docstring style conventions in PEP 257
[1.437s] -- Added test 'uncrustify' to check C / C++ code style
[1.437s] -- Configured uncrustify additional arguments: 
[1.437s] -- Added test 'xmllint' to check XML markup files
[1.439s] -- Configuring done (1.4s)
[1.454s] -- Generating done (0.0s)
[1.458s] -- Build files have been written to: /home/sangregorioquimpo/auve2_ws/build/auv_description
[1.512s] [ 50%] [32mBuilding CXX object CMakeFiles/wasd_body_thrust_plugin.dir/src/wasd_body_thrust_plugin.cpp.o[0m
[9.352s] [100%] [32m[1mLinking CXX shared library libwasd_body_thrust_plugin.so[0m
[9.662s] [100%] Built target wasd_body_thrust_plugin
[9.674s] Invoked command in '/home/sangregorioquimpo/auve2_ws/build/auv_description' returned '0': CMAKE_PREFIX_PATH=${CMAKE_PREFIX_PATH}:/opt/ros/jazzy DEBUGINFOD_URLS=https://debuginfod.ubuntu.com PS1=(.venv) \[\e]0;\u@\h: \w\a\]${debian_chroot:+($debian_chroot)}\[\033[01;32m\]\u@\h\[\033[00m\]:\[\033[01;34m\]\w\[\033[00m\]\$ VIRTUAL_ENV_PROMPT=(.venv) /usr/bin/cmake --build /home/sangregorioquimpo/auve2_ws/build/auv_description -- -j16 -l16
[9.685s] Invoking command in '/home/sangregorioquimpo/auve2_ws/build/auv_description': CMAKE_PREFIX_PATH=${CMAKE_PREFIX_PATH}:/opt/ros/jazzy DEBUGINFOD_URLS=https://debuginfod.ubuntu.com PS1=(.venv) \[\e]0;\u@\h: \w\a\]${debian_chroot:+($debian_chroot)}\[\033[01;32m\]\u@\h\[\033[00m\]:\[\033[01;34m\]\w\[\033[00m\]\$ VIRTUAL_ENV_PROMPT=(.venv) /usr/bin/cmake --install /home/sangregorioquimpo/auve2_ws/build/auv_description
[9.693s] -- Install configuration: ""
[9.693s] -- Execute custom install script
[9.693s] -- Up-to-date symlink: /home/sangregorioquimpo/auve2_ws/install/auv_description/lib/auv_description/wasd_teleop.py
[9.693s] -- Up-to-date symlink: /home/sangregorioquimpo/auve2_ws/install/auv_description/share/auv_description/urdf/cube/cube.urdf
[9.693s] -- Up-to-date symlink: /home/sangregorioquimpo/auve2_ws/install/auv_description/share/auv_description/launch/cube_thrust_test.launch.py
[9.694s] -- Up-to-date symlink: /home/sangregorioquimpo/auve2_ws/install/auv_description/share/auv_description/launch/cube_thrust_test_water.launch.py
[9.694s] -- Up-to-date symlink: /home/sangregorioquimpo/auve2_ws/install/auv_description/share/auv_description/worlds/test_world.sdf
[9.694s] -- Up-to-date symlink: /home/sangregorioquimpo/auve2_ws/install/auv_description/share/auv_description/worlds/water_world.sdf
[9.694s] -- Up-to-date symlink: /home/sangregorioquimpo/auve2_ws/install/auv_description/share/auv_description/environment/library_path.sh
[9.694s] -- Up-to-date symlink: /home/sangregorioquimpo/auve2_ws/install/auv_description/share/auv_description/environment/library_path.dsv
[9.694s] -- Up-to-date symlink: /home/sangregorioquimpo/auve2_ws/install/auv_description/share/ament_index/resource_index/package_run_dependencies/auv_description
[9.694s] -- Up-to-date symlink: /home/sangregorioquimpo/auve2_ws/install/auv_description/share/ament_index/resource_index/parent_prefix_path/auv_description
[9.694s] -- Up-to-date symlink: /home/sangregorioquimpo/auve2_ws/install/auv_description/share/auv_description/environment/ament_prefix_path.sh
[9.694s] -- Up-to-date symlink: /home/sangregorioquimpo/auve2_ws/install/auv_description/share/auv_description/environment/ament_prefix_path.dsv
[9.694s] -- Up-to-date symlink: /home/sangregorioquimpo/auve2_ws/install/auv_description/share/auv_description/environment/path.sh
[9.694s] -- Up-to-date symlink: /home/sangregorioquimpo/auve2_ws/install/auv_description/share/auv_description/environment/path.dsv
[9.695s] -- Up-to-date symlink: /home/sangregorioquimpo/auve2_ws/install/auv_description/share/auv_description/local_setup.bash
[9.695s] -- Up-to-date symlink: /home/sangregorioquimpo/auve2_ws/install/auv_description/share/auv_description/local_setup.sh
[9.695s] -- Up-to-date symlink: /home/sangregorioquimpo/auve2_ws/install/auv_description/share/auv_description/local_setup.zsh
[9.695s] -- Up-to-date symlink: /home/sangregorioquimpo/auve2_ws/install/auv_description/share/auv_description/local_setup.dsv
[9.695s] -- Symlinking: /home/sangregorioquimpo/auve2_ws/install/auv_description/share/auv_description/package.dsv
[9.705s] -- Up-to-date symlink: /home/sangregorioquimpo/auve2_ws/install/auv_description/share/ament_index/resource_index/packages/auv_description
[9.705s] -- Up-to-date symlink: /home/sangregorioquimpo/auve2_ws/install/auv_description/share/auv_description/cmake/ament_cmake_export_targets-extras.cmake
[9.705s] -- Up-to-date symlink: /home/sangregorioquimpo/auve2_ws/install/auv_description/share/auv_description/cmake/ament_cmake_export_libraries-extras.cmake
[9.705s] -- Up-to-date symlink: /home/sangregorioquimpo/auve2_ws/install/auv_description/share/auv_description/cmake/auv_descriptionConfig.cmake
[9.705s] -- Up-to-date symlink: /home/sangregorioquimpo/auve2_ws/install/auv_description/share/auv_description/cmake/auv_descriptionConfig-version.cmake
[9.706s] -- Up-to-date symlink: /home/sangregorioquimpo/auve2_ws/install/auv_description/share/auv_description/package.xml
[9.706s] -- Up-to-date: /home/sangregorioquimpo/auve2_ws/install/auv_description/share/auv_description/cmake/wasd_body_thrust_pluginTargetsExport.cmake
[9.706s] -- Up-to-date: /home/sangregorioquimpo/auve2_ws/install/auv_description/share/auv_description/cmake/wasd_body_thrust_pluginTargetsExport-noconfig.cmake
[9.707s] Invoked command in '/home/sangregorioquimpo/auve2_ws/build/auv_description' returned '0': CMAKE_PREFIX_PATH=${CMAKE_PREFIX_PATH}:/opt/ros/jazzy DEBUGINFOD_URLS=https://debuginfod.ubuntu.com PS1=(.venv) \[\e]0;\u@\h: \w\a\]${debian_chroot:+($debian_chroot)}\[\033[01;32m\]\u@\h\[\033[00m\]:\[\033[01;34m\]\w\[\033[00m\]\$ VIRTUAL_ENV_PROMPT=(.venv) /usr/bin/cmake --install /home/sangregorioquimpo/auve2_ws/build/auv_description
