[0.019s] Invoking command in '/home/sangregorioquimpo/auve2_ws/build/auv_description': CMAKE_PREFIX_PATH=${CMAKE_PREFIX_PATH}:/opt/ros/jazzy DEBUGINFOD_URLS=https://debuginfod.ubuntu.com /usr/bin/cmake /home/sangregorioquimpo/auve2_ws/src/auv_description -DCMAKE_INSTALL_PREFIX=/home/sangregorioquimpo/auve2_ws/install/auv_description
[0.049s] -- Found ament_cmake: 2.5.4 (/opt/ros/jazzy/share/ament_cmake/cmake)
[0.432s] -- Override CMake install command with custom implementation using symlinks instead of copying resources
[0.456s] -- Found rclcpp: 28.1.9 (/opt/ros/jazzy/share/rclcpp/cmake)
[0.512s] -- Found rosidl_generator_c: 4.6.5 (/opt/ros/jazzy/share/rosidl_generator_c/cmake)
[0.526s] -- Found rosidl_generator_cpp: 4.6.5 (/opt/ros/jazzy/share/rosidl_generator_cpp/cmake)
[0.545s] -- Using all available rosidl_typesupport_c: rosidl_typesupport_fastrtps_c;rosidl_typesupport_introspection_c
[0.566s] -- Using all available rosidl_typesupport_cpp: rosidl_typesupport_fastrtps_cpp;rosidl_typesupport_introspection_cpp
[0.663s] -- Found rmw_implementation_cmake: 7.3.2 (/opt/ros/jazzy/share/rmw_implementation_cmake/cmake)
[0.666s] -- Found rmw_fastrtps_cpp: 8.4.2 (/opt/ros/jazzy/share/rmw_fastrtps_cpp/cmake)
[0.801s] -- Using RMW implementation 'rmw_fastrtps_cpp' as default
[0.904s] -- Found geometry_msgs: 5.3.6 (/opt/ros/jazzy/share/geometry_msgs/cmake)
[0.953s] -- Looking for gz-sim8 -- found version 8.9.0
[0.965s] -- Searching for dependencies of gz-sim8
[0.966s] -- Looking for sdformat14 -- found version 14.7.0
[0.966s] -- Searching for dependencies of sdformat14
[0.978s] -- Checking for module 'tinyxml2'
[1.021s] --   Found tinyxml2, version 10.0.0
[1.100s] -- Looking for gz-math7 -- found version 7.5.2
[1.100s] -- Searching for dependencies of gz-math7
[1.101s] -- Looking for gz-utils2 -- found version 2.2.1
[1.101s] -- Searching for dependencies of gz-utils2
[1.105s] -- Looking for gz-utils2 -- found version 2.2.1
[1.105s] -- Searching for dependencies of gz-utils2
[1.106s] -- Searching for <gz-utils2> component [cli]
[1.106s] -- Looking for gz-utils2-cli -- found version 2.2.1
[1.107s] -- Searching for dependencies of gz-utils2-cli
[1.109s] -- Looking for gz-plugin2 -- found version 2.0.4
[1.110s] -- Searching for dependencies of gz-plugin2
[1.110s] -- Looking for gz-utils2 -- found version 2.2.1
[1.111s] -- Searching for <gz-plugin2> component [loader]
[1.112s] -- Looking for gz-plugin2-loader -- found version 2.0.4
[1.112s] -- Searching for dependencies of gz-plugin2-loader
[1.113s] -- Searching for <gz-plugin2> component [register]
[1.114s] -- Looking for gz-plugin2-register -- found version 2.0.4
[1.114s] -- Searching for dependencies of gz-plugin2-register
[1.116s] -- Looking for gz-transport13 -- found version 13.4.1
[1.117s] -- Searching for dependencies of gz-transport13
[1.183s] -- Config-file not installed for ZeroMQ -- checking for pkg-config
[1.192s] -- Checking for module 'libzmq >= 4'
[1.226s] --   Found libzmq, version 4.3.5
[1.313s] -- Checking for module 'uuid'
[1.342s] --   Found uuid, version 2.39.3
[1.417s] -- Looking for gz-utils2 -- found version 2.2.1
[1.419s] -- Looking for gz-msgs10 -- found version 10.3.2
[1.419s] -- Searching for dependencies of gz-msgs10
[1.452s] -- Looking for gz-utils2 -- found version 2.2.1
[1.453s] -- Looking for gz-math7 -- found version 7.5.2
[1.472s] -- Searching for <gz-transport13> component [log]
[1.473s] -- Looking for gz-transport13-log -- found version 13.4.1
[1.474s] -- Searching for dependencies of gz-transport13-log
[1.475s] -- Searching for <gz-transport13> component [parameters]
[1.476s] -- Looking for gz-transport13-parameters -- found version 13.4.1
[1.476s] -- Searching for dependencies of gz-transport13-parameters
[1.477s] -- Looking for gz-msgs10 -- found version 10.3.2
[1.478s] -- Looking for gz-common5 -- found version 5.7.1
[1.478s] -- Searching for dependencies of gz-common5
[1.479s] -- Looking for gz-utils2 -- found version 2.2.1
[1.479s] -- Looking for dlfcn.h - found
[1.479s] -- Looking for libdl - found
[1.492s] -- Searching for <gz-common5> component [av]
[1.493s] -- Looking for gz-common5-av -- found version 5.7.1
[1.493s] -- Searching for dependencies of gz-common5-av
[1.502s] -- Checking for module 'libswscale'
[1.541s] --   Found libswscale, version 7.5.100
[1.630s] -- Checking for module 'libavdevice >= 56.4.100'
[1.660s] --   Found libavdevice, version 60.3.100
[1.743s] -- Checking for module 'libavformat'
[1.764s] --   Found libavformat, version 60.16.100
[1.831s] -- Checking for module 'libavcodec'
[1.854s] --   Found libavcodec, version 60.31.102
[1.929s] -- Checking for module 'libavutil'
[1.958s] --   Found libavutil, version 58.29.100
[2.032s] -- Searching for <gz-common5> component [events]
[2.033s] -- Looking for gz-common5-events -- found version 5.7.1
[2.033s] -- Searching for dependencies of gz-common5-events
[2.033s] -- Looking for gz-math7 -- found version 7.5.2
[2.034s] -- Searching for <gz-common5> component [graphics]
[2.035s] -- Looking for gz-common5-graphics -- found version 5.7.1
[2.035s] -- Searching for dependencies of gz-common5-graphics
[2.036s] -- Looking for gz-math7 -- found version 7.5.2
[2.040s] -- Searching for <gz-common5> component [io]
[2.041s] -- Looking for gz-common5-io -- found version 5.7.1
[2.041s] -- Searching for dependencies of gz-common5-io
[2.042s] -- Searching for <gz-common5> component [profiler]
[2.043s] -- Looking for gz-common5-profiler -- found version 5.7.1
[2.043s] -- Searching for dependencies of gz-common5-profiler
[2.045s] -- Looking for gz-fuel_tools9 -- found version 9.1.1
[2.045s] -- Searching for dependencies of gz-fuel_tools9
[2.147s] -- Checking for module 'jsoncpp'
[2.180s] --   Found jsoncpp, version 1.9.5
[2.297s] -- Checking for module 'yaml-0.1'
[2.337s] --   Found yaml-0.1, version 0.2.5
[2.410s] -- Checking for module 'libzip'
[2.437s] --   Found libzip, version 1.7.3
[2.496s] -- Looking for gz-utils2 -- found version 2.2.1
[2.497s] -- Looking for gz-common5 -- found version 5.7.1
[2.497s] -- Searching for dependencies of gz-common5
[2.497s] -- Looking for gz-utils2 -- found version 2.2.1
[2.497s] -- Looking for dlfcn.h - found
[2.498s] -- Looking for libdl - found
[2.508s] -- Searching for <gz-common5> component [testing]
[2.510s] -- Looking for gz-common5-testing -- found version 5.7.1
[2.510s] -- Searching for dependencies of gz-common5-testing
[2.511s] -- Looking for gz-math7 -- found version 7.5.2
[2.512s] -- Looking for gz-msgs10 -- found version 10.3.2
[2.514s] -- Looking for gz-gui8 -- found version 8.4.0
[2.514s] -- Searching for dependencies of gz-gui8
[2.578s] -- Looking for gz-utils2 -- found version 2.2.1
[2.578s] -- Looking for gz-math7 -- found version 7.5.2
[2.579s] -- Looking for gz-common5 -- found version 5.7.1
[2.580s] -- Looking for gz-plugin2 -- found version 2.0.4
[2.581s] -- Looking for gz-transport13 -- found version 13.4.1
[2.583s] -- Looking for gz-rendering8 -- found version 8.2.2
[2.583s] -- Searching for dependencies of gz-rendering8
[2.584s] -- Looking for gz-math7 -- found version 7.5.2
[2.584s] -- Searching for dependencies of gz-math7
[2.585s] -- Looking for gz-utils2 -- found version 2.2.1
[2.585s] -- Searching for <gz-math7> component [eigen3]
[2.587s] -- Looking for gz-math7-eigen3 -- found version 7.5.2
[2.587s] -- Searching for dependencies of gz-math7-eigen3
[2.591s] -- Looking for gz-common5 -- found version 5.7.1
[2.591s] -- Searching for dependencies of gz-common5
[2.591s] -- Looking for gz-utils2 -- found version 2.2.1
[2.592s] -- Looking for dlfcn.h - found
[2.592s] -- Looking for libdl - found
[2.605s] -- Searching for <gz-common5> component [graphics]
[2.606s] -- Searching for <gz-common5> component [events]
[2.606s] -- Searching for <gz-common5> component [geospatial]
[2.608s] -- Looking for gz-common5-geospatial -- found version 5.7.1
[2.609s] -- Searching for dependencies of gz-common5-geospatial
[2.609s] -- Looking for gz-math7 -- found version 7.5.2
[2.611s] -- Looking for gz-common5 -- found version 5.7.1
[2.614s] -- Looking for gz-plugin2 -- found version 2.0.4
[2.614s] -- Searching for dependencies of gz-plugin2
[2.615s] -- Looking for gz-utils2 -- found version 2.2.1
[2.615s] -- Searching for <gz-plugin2> component [all]
[2.617s] -- Looking for all libraries of gz-plugin2 -- found version 2.0.4
[2.618s] -- Looking for gz-plugin2 -- found version 2.0.4
[2.620s] -- Looking for gz-utils2 -- found version 2.2.1
[2.628s] -- Looking for gz-msgs10 -- found version 10.3.2
[2.661s] -- Looking for gz-physics7 -- found version 7.5.0
[2.662s] -- Searching for dependencies of gz-physics7
[2.662s] -- Looking for gz-common5 -- found version 5.7.1
[2.662s] -- Looking for gz-math7 -- found version 7.5.2
[2.663s] -- Looking for gz-plugin2 -- found version 2.0.4
[2.663s] -- Looking for gz-utils2 -- found version 2.2.1
[2.665s] -- Searching for <gz-physics7> component [heightmap]
[2.666s] -- Looking for gz-physics7-heightmap -- found version 7.5.0
[2.666s] -- Searching for dependencies of gz-physics7-heightmap
[2.667s] -- Looking for gz-common5 -- found version 5.7.1
[2.667s] -- Searching for <gz-physics7> component [mesh]
[2.668s] -- Looking for gz-physics7-mesh -- found version 7.5.0
[2.669s] -- Searching for dependencies of gz-physics7-mesh
[2.669s] -- Looking for gz-common5 -- found version 5.7.1
[2.670s] -- Searching for <gz-physics7> component [sdf]
[2.671s] -- Looking for gz-physics7-sdf -- found version 7.5.0
[2.671s] -- Searching for dependencies of gz-physics7-sdf
[2.671s] -- Looking for sdformat14 -- found version 14.7.0
[2.673s] -- Looking for gz-sensors8 -- found version 8.2.2
[2.673s] -- Searching for dependencies of gz-sensors8
[2.708s] -- Looking for gz-math7 -- found version 7.5.2
[2.709s] -- Looking for gz-common5 -- found version 5.7.1
[2.710s] -- Looking for gz-transport13 -- found version 13.4.1
[2.711s] -- Looking for gz-rendering8 -- found version 8.2.2
[2.712s] -- Looking for gz-msgs10 -- found version 10.3.2
[2.712s] -- Looking for sdformat14 -- found version 14.7.0
[2.715s] -- Searching for <gz-sensors8> component [air_pressure]
[2.717s] -- Looking for gz-sensors8-air_pressure -- found version 8.2.2
[2.718s] -- Searching for dependencies of gz-sensors8-air_pressure
[2.719s] -- Searching for <gz-sensors8> component [air_speed]
[2.720s] -- Looking for gz-sensors8-air_speed -- found version 8.2.2
[2.721s] -- Searching for dependencies of gz-sensors8-air_speed
[2.722s] -- Searching for <gz-sensors8> component [altimeter]
[2.724s] -- Looking for gz-sensors8-altimeter -- found version 8.2.2
[2.724s] -- Searching for dependencies of gz-sensors8-altimeter
[2.725s] -- Searching for <gz-sensors8> component [imu]
[2.726s] -- Looking for gz-sensors8-imu -- found version 8.2.2
[2.726s] -- Searching for dependencies of gz-sensors8-imu
[2.727s] -- Searching for <gz-sensors8> component [force_torque]
[2.728s] -- Looking for gz-sensors8-force_torque -- found version 8.2.2
[2.728s] -- Searching for dependencies of gz-sensors8-force_torque
[2.729s] -- Searching for <gz-sensors8> component [logical_camera]
[2.730s] -- Looking for gz-sensors8-logical_camera -- found version 8.2.2
[2.730s] -- Searching for dependencies of gz-sensors8-logical_camera
[2.731s] -- Searching for <gz-sensors8> component [magnetometer]
[2.732s] -- Looking for gz-sensors8-magnetometer -- found version 8.2.2
[2.732s] -- Searching for dependencies of gz-sensors8-magnetometer
[2.733s] -- Searching for <gz-sensors8> component [navsat]
[2.734s] -- Looking for gz-sensors8-navsat -- found version 8.2.2
[2.734s] -- Searching for dependencies of gz-sensors8-navsat
[2.735s] -- Searching for <gz-sensors8> component [dvl]
[2.736s] -- Looking for gz-sensors8-dvl -- found version 8.2.2
[2.736s] -- Searching for dependencies of gz-sensors8-dvl
[2.736s] -- Looking for gz-sensors8 -- found version 8.2.2
[2.737s] -- Searching for dependencies of gz-sensors8
[2.770s] -- Looking for gz-math7 -- found version 7.5.2
[2.771s] -- Looking for gz-common5 -- found version 5.7.1
[2.772s] -- Looking for gz-transport13 -- found version 13.4.1
[2.773s] -- Looking for gz-rendering8 -- found version 8.2.2
[2.774s] -- Looking for gz-msgs10 -- found version 10.3.2
[2.775s] -- Looking for sdformat14 -- found version 14.7.0
[2.775s] -- Searching for <gz-sensors8> component [rendering]
[2.777s] -- Looking for gz-sensors8-rendering -- found version 8.2.2
[2.778s] -- Searching for dependencies of gz-sensors8-rendering
[2.782s] -- Searching for <gz-sensors8> component [rendering]
[2.782s] -- Searching for <gz-sensors8> component [lidar]
[2.784s] -- Looking for gz-sensors8-lidar -- found version 8.2.2
[2.784s] -- Searching for dependencies of gz-sensors8-lidar
[2.785s] -- Looking for gz-sensors8 -- found version 8.2.2
[2.787s] -- Searching for <gz-sensors8> component [gpu_lidar]
[2.789s] -- Looking for gz-sensors8-gpu_lidar -- found version 8.2.2
[2.789s] -- Searching for dependencies of gz-sensors8-gpu_lidar
[2.790s] -- Looking for gz-sensors8 -- found version 8.2.2
[2.792s] -- Searching for <gz-sensors8> component [camera]
[2.794s] -- Looking for gz-sensors8-camera -- found version 8.2.2
[2.794s] -- Searching for dependencies of gz-sensors8-camera
[2.795s] -- Looking for gz-sensors8 -- found version 8.2.2
[2.796s] -- Searching for <gz-sensors8> component [boundingbox_camera]
[2.798s] -- Looking for gz-sensors8-boundingbox_camera -- found version 8.2.2
[2.798s] -- Searching for dependencies of gz-sensors8-boundingbox_camera
[2.799s] -- Searching for <gz-sensors8> component [segmentation_camera]
[2.800s] -- Looking for gz-sensors8-segmentation_camera -- found version 8.2.2
[2.801s] -- Searching for dependencies of gz-sensors8-segmentation_camera
[2.801s] -- Searching for <gz-sensors8> component [depth_camera]
[2.802s] -- Looking for gz-sensors8-depth_camera -- found version 8.2.2
[2.803s] -- Searching for dependencies of gz-sensors8-depth_camera
[2.803s] -- Looking for gz-sensors8 -- found version 8.2.2
[2.805s] -- Searching for <gz-sensors8> component [rgbd_camera]
[2.807s] -- Looking for gz-sensors8-rgbd_camera -- found version 8.2.2
[2.807s] -- Searching for dependencies of gz-sensors8-rgbd_camera
[2.807s] -- Looking for gz-sensors8 -- found version 8.2.2
[2.808s] -- Searching for <gz-sensors8> component [thermal_camera]
[2.810s] -- Looking for gz-sensors8-thermal_camera -- found version 8.2.2
[2.810s] -- Searching for dependencies of gz-sensors8-thermal_camera
[2.810s] -- Looking for gz-sensors8 -- found version 8.2.2
[2.812s] -- Searching for <gz-sensors8> component [wide_angle_camera]
[2.813s] -- Looking for gz-sensors8-wide_angle_camera -- found version 8.2.2
[2.813s] -- Searching for dependencies of gz-sensors8-wide_angle_camera
[2.814s] -- Looking for gz-rendering8 -- found version 8.2.2
[2.815s] -- Looking for gz-math7 -- found version 7.5.2
[2.815s] -- Looking for gz-utils2 -- found version 2.2.1
[2.851s] -- Looking for gz-plugin2 -- found version 2.0.4
[2.851s] -- Looking for gz-math7 -- found version 7.5.2
[2.856s] -- Found ament_lint_auto: 0.17.2 (/opt/ros/jazzy/share/ament_lint_auto/cmake)
[3.037s] -- Added test 'cppcheck' to perform static code analysis on C / C++ code
[3.037s] -- Configured cppcheck include dirs: 
[3.037s] -- Configured cppcheck exclude dirs and/or files: 
[3.038s] -- Added test 'flake8' to check Python code syntax and style conventions
[3.038s] -- Configured 'flake8' exclude dirs and/or files: 
[3.039s] -- Added test 'lint_cmake' to check CMake code style
[3.039s] -- Added test 'pep257' to check Python code against some of the docstring style conventions in PEP 257
[3.042s] -- Added test 'uncrustify' to check C / C++ code style
[3.042s] -- Configured uncrustify additional arguments: 
[3.043s] -- Added test 'xmllint' to check XML markup files
[3.051s] -- Configuring done (3.0s)
[3.113s] -- Generating done (0.0s)
[3.121s] -- Build files have been written to: /home/sangregorioquimpo/auve2_ws/build/auv_description
[3.137s] Invoked command in '/home/sangregorioquimpo/auve2_ws/build/auv_description' returned '0': CMAKE_PREFIX_PATH=${CMAKE_PREFIX_PATH}:/opt/ros/jazzy DEBUGINFOD_URLS=https://debuginfod.ubuntu.com /usr/bin/cmake /home/sangregorioquimpo/auve2_ws/src/auv_description -DCMAKE_INSTALL_PREFIX=/home/sangregorioquimpo/auve2_ws/install/auv_description
[3.140s] Invoking command in '/home/sangregorioquimpo/auve2_ws/build/auv_description': CMAKE_PREFIX_PATH=${CMAKE_PREFIX_PATH}:/opt/ros/jazzy DEBUGINFOD_URLS=https://debuginfod.ubuntu.com /usr/bin/cmake --build /home/sangregorioquimpo/auve2_ws/build/auv_description -- -j16 -l16
[3.281s] [ 50%] Built target simple_buoyancy
[3.284s] [100%] Built target wasd_body_thrust_plugin
[3.303s] Invoked command in '/home/sangregorioquimpo/auve2_ws/build/auv_description' returned '0': CMAKE_PREFIX_PATH=${CMAKE_PREFIX_PATH}:/opt/ros/jazzy DEBUGINFOD_URLS=https://debuginfod.ubuntu.com /usr/bin/cmake --build /home/sangregorioquimpo/auve2_ws/build/auv_description -- -j16 -l16
[3.324s] Invoking command in '/home/sangregorioquimpo/auve2_ws/build/auv_description': CMAKE_PREFIX_PATH=${CMAKE_PREFIX_PATH}:/opt/ros/jazzy DEBUGINFOD_URLS=https://debuginfod.ubuntu.com /usr/bin/cmake --install /home/sangregorioquimpo/auve2_ws/build/auv_description
[3.336s] -- Install configuration: ""
[3.336s] -- Execute custom install script
[3.337s] -- Up-to-date symlink: /home/sangregorioquimpo/auve2_ws/install/auv_description/lib/auv_description/wasd_teleop.py
[3.337s] -- Up-to-date symlink: /home/sangregorioquimpo/auve2_ws/install/auv_description/share/auv_description/urdf/cube/auv.urdf
[3.337s] -- Up-to-date symlink: /home/sangregorioquimpo/auve2_ws/install/auv_description/share/auv_description/urdf/cube/camera_module.xacro
[3.337s] -- Up-to-date symlink: /home/sangregorioquimpo/auve2_ws/install/auv_description/share/auv_description/urdf/cube/cube.urdf
[3.337s] -- Up-to-date symlink: /home/sangregorioquimpo/auve2_ws/install/auv_description/share/auv_description/urdf/cube/cube_link.xacro
[3.337s] -- Up-to-date symlink: /home/sangregorioquimpo/auve2_ws/install/auv_description/share/auv_description/urdf/cube/lidar3d_module.xacro
[3.338s] -- Up-to-date symlink: /home/sangregorioquimpo/auve2_ws/install/auv_description/share/auv_description/urdf/cube/plugins.xacro
[3.338s] -- Up-to-date symlink: /home/sangregorioquimpo/auve2_ws/install/auv_description/share/auv_description/launch/cube_thrust_test.launch.py
[3.338s] -- Up-to-date symlink: /home/sangregorioquimpo/auve2_ws/install/auv_description/share/auv_description/launch/cube_thrust_test_water.launch.py
[3.338s] -- Up-to-date symlink: /home/sangregorioquimpo/auve2_ws/install/auv_description/share/auv_description/launch/cube_thrust_test_water_camera.launch.py
[3.338s] -- Up-to-date symlink: /home/sangregorioquimpo/auve2_ws/install/auv_description/share/auv_description/launch/testing.launch.py
[3.339s] -- Up-to-date symlink: /home/sangregorioquimpo/auve2_ws/install/auv_description/share/auv_description/worlds/test_world.sdf
[3.339s] -- Up-to-date symlink: /home/sangregorioquimpo/auve2_ws/install/auv_description/share/auv_description/worlds/water_world.sdf
[3.339s] -- Up-to-date symlink: /home/sangregorioquimpo/auve2_ws/install/auv_description/share/auv_description/environment/library_path.sh
[3.339s] -- Up-to-date symlink: /home/sangregorioquimpo/auve2_ws/install/auv_description/share/auv_description/environment/library_path.dsv
[3.339s] -- Up-to-date symlink: /home/sangregorioquimpo/auve2_ws/install/auv_description/share/ament_index/resource_index/package_run_dependencies/auv_description
[3.340s] -- Up-to-date symlink: /home/sangregorioquimpo/auve2_ws/install/auv_description/share/ament_index/resource_index/parent_prefix_path/auv_description
[3.340s] -- Up-to-date symlink: /home/sangregorioquimpo/auve2_ws/install/auv_description/share/auv_description/environment/ament_prefix_path.sh
[3.340s] -- Up-to-date symlink: /home/sangregorioquimpo/auve2_ws/install/auv_description/share/auv_description/environment/ament_prefix_path.dsv
[3.340s] -- Up-to-date symlink: /home/sangregorioquimpo/auve2_ws/install/auv_description/share/auv_description/environment/path.sh
[3.340s] -- Up-to-date symlink: /home/sangregorioquimpo/auve2_ws/install/auv_description/share/auv_description/environment/path.dsv
[3.340s] -- Up-to-date symlink: /home/sangregorioquimpo/auve2_ws/install/auv_description/share/auv_description/local_setup.bash
[3.341s] -- Up-to-date symlink: /home/sangregorioquimpo/auve2_ws/install/auv_description/share/auv_description/local_setup.sh
[3.341s] -- Up-to-date symlink: /home/sangregorioquimpo/auve2_ws/install/auv_description/share/auv_description/local_setup.zsh
[3.341s] -- Up-to-date symlink: /home/sangregorioquimpo/auve2_ws/install/auv_description/share/auv_description/local_setup.dsv
[3.341s] -- Symlinking: /home/sangregorioquimpo/auve2_ws/install/auv_description/share/auv_description/package.dsv
[3.354s] -- Up-to-date symlink: /home/sangregorioquimpo/auve2_ws/install/auv_description/share/ament_index/resource_index/packages/auv_description
[3.355s] -- Up-to-date symlink: /home/sangregorioquimpo/auve2_ws/install/auv_description/share/auv_description/cmake/ament_cmake_export_targets-extras.cmake
[3.355s] -- Up-to-date symlink: /home/sangregorioquimpo/auve2_ws/install/auv_description/share/auv_description/cmake/ament_cmake_export_libraries-extras.cmake
[3.355s] -- Up-to-date symlink: /home/sangregorioquimpo/auve2_ws/install/auv_description/share/auv_description/cmake/auv_descriptionConfig.cmake
[3.355s] -- Up-to-date symlink: /home/sangregorioquimpo/auve2_ws/install/auv_description/share/auv_description/cmake/auv_descriptionConfig-version.cmake
[3.355s] -- Up-to-date symlink: /home/sangregorioquimpo/auve2_ws/install/auv_description/share/auv_description/package.xml
[3.357s] -- Up-to-date: /home/sangregorioquimpo/auve2_ws/install/auv_description/lib/libsimple_buoyancy.so
[3.357s] -- Up-to-date: /home/sangregorioquimpo/auve2_ws/install/auv_description/share/auv_description/cmake/wasd_body_thrust_pluginTargetsExport.cmake
[3.357s] -- Up-to-date: /home/sangregorioquimpo/auve2_ws/install/auv_description/share/auv_description/cmake/wasd_body_thrust_pluginTargetsExport-noconfig.cmake
[3.357s] -- Up-to-date: /home/sangregorioquimpo/auve2_ws/install/auv_description/share/auv_description/cmake/simple_buoyancyTargetsExport.cmake
[3.357s] -- Up-to-date: /home/sangregorioquimpo/auve2_ws/install/auv_description/share/auv_description/cmake/simple_buoyancyTargetsExport-noconfig.cmake
[3.360s] Invoked command in '/home/sangregorioquimpo/auve2_ws/build/auv_description' returned '0': CMAKE_PREFIX_PATH=${CMAKE_PREFIX_PATH}:/opt/ros/jazzy DEBUGINFOD_URLS=https://debuginfod.ubuntu.com /usr/bin/cmake --install /home/sangregorioquimpo/auve2_ws/build/auv_description
