[0.011s] Invoking command in '/home/sangregorioquimpo/auve2_ws/build/auve1_description': CMAKE_PREFIX_PATH=${CMAKE_PREFIX_PATH}:/opt/ros/jazzy DEBUGINFOD_URLS=https://debuginfod.ubuntu.com /usr/bin/cmake /home/sangregorioquimpo/auve2_ws/src/auv_description -DAMENT_CMAKE_SYMLINK_INSTALL=1 -DCMAKE_INSTALL_PREFIX=/home/sangregorioquimpo/auve2_ws/install/auve1_description
[0.022s] -- Found ament_cmake: 2.5.4 (/opt/ros/jazzy/share/ament_cmake/cmake)
[0.167s] -- Override CMake install command with custom implementation using symlinks instead of copying resources
[0.174s] -- Found rclcpp: 28.1.9 (/opt/ros/jazzy/share/rclcpp/cmake)
[0.192s] -- Found rosidl_generator_c: 4.6.5 (/opt/ros/jazzy/share/rosidl_generator_c/cmake)
[0.197s] -- Found rosidl_generator_cpp: 4.6.5 (/opt/ros/jazzy/share/rosidl_generator_cpp/cmake)
[0.206s] -- Using all available rosidl_typesupport_c: rosidl_typesupport_fastrtps_c;rosidl_typesupport_introspection_c
[0.214s] -- Using all available rosidl_typesupport_cpp: rosidl_typesupport_fastrtps_cpp;rosidl_typesupport_introspection_cpp
[0.252s] -- Found rmw_implementation_cmake: 7.3.2 (/opt/ros/jazzy/share/rmw_implementation_cmake/cmake)
[0.253s] -- Found rmw_fastrtps_cpp: 8.4.2 (/opt/ros/jazzy/share/rmw_fastrtps_cpp/cmake)
[0.298s] -- Using RMW implementation 'rmw_fastrtps_cpp' as default
[0.341s] -- Found geometry_msgs: 5.3.6 (/opt/ros/jazzy/share/geometry_msgs/cmake)
[0.360s] -- Looking for gz-sim8 -- found version 8.9.0
[0.364s] -- Searching for dependencies of gz-sim8
[0.364s] -- Looking for sdformat14 -- found version 14.7.0
[0.364s] -- Searching for dependencies of sdformat14
[0.369s] -- Checking for module 'tinyxml2'
[0.386s] --   Found tinyxml2, version 10.0.0
[0.425s] -- Looking for gz-math7 -- found version 7.5.2
[0.425s] -- Searching for dependencies of gz-math7
[0.425s] -- Looking for gz-utils2 -- found version 2.2.1
[0.425s] -- Searching for dependencies of gz-utils2
[0.426s] -- Looking for gz-utils2 -- found version 2.2.1
[0.426s] -- Searching for dependencies of gz-utils2
[0.426s] -- Searching for <gz-utils2> component [cli]
[0.427s] -- Looking for gz-utils2-cli -- found version 2.2.1
[0.427s] -- Searching for dependencies of gz-utils2-cli
[0.428s] -- Looking for gz-plugin2 -- found version 2.0.4
[0.428s] -- Searching for dependencies of gz-plugin2
[0.428s] -- Looking for gz-utils2 -- found version 2.2.1
[0.428s] -- Searching for <gz-plugin2> component [loader]
[0.428s] -- Looking for gz-plugin2-loader -- found version 2.0.4
[0.428s] -- Searching for dependencies of gz-plugin2-loader
[0.429s] -- Searching for <gz-plugin2> component [register]
[0.429s] -- Looking for gz-plugin2-register -- found version 2.0.4
[0.429s] -- Searching for dependencies of gz-plugin2-register
[0.430s] -- Looking for gz-transport13 -- found version 13.4.1
[0.430s] -- Searching for dependencies of gz-transport13
[0.459s] -- Config-file not installed for ZeroMQ -- checking for pkg-config
[0.463s] -- Checking for module 'libzmq >= 4'
[0.480s] --   Found libzmq, version 4.3.5
[0.531s] -- Checking for module 'uuid'
[0.549s] --   Found uuid, version 2.39.3
[0.588s] -- Looking for gz-utils2 -- found version 2.2.1
[0.588s] -- Looking for gz-msgs10 -- found version 10.3.2
[0.588s] -- Searching for dependencies of gz-msgs10
[0.607s] -- Looking for gz-utils2 -- found version 2.2.1
[0.607s] -- Looking for gz-math7 -- found version 7.5.2
[0.612s] -- Searching for <gz-transport13> component [log]
[0.613s] -- Looking for gz-transport13-log -- found version 13.4.1
[0.613s] -- Searching for dependencies of gz-transport13-log
[0.613s] -- Searching for <gz-transport13> component [parameters]
[0.613s] -- Looking for gz-transport13-parameters -- found version 13.4.1
[0.613s] -- Searching for dependencies of gz-transport13-parameters
[0.614s] -- Looking for gz-msgs10 -- found version 10.3.2
[0.614s] -- Looking for gz-common5 -- found version 5.7.1
[0.614s] -- Searching for dependencies of gz-common5
[0.614s] -- Looking for gz-utils2 -- found version 2.2.1
[0.614s] -- Looking for dlfcn.h - found
[0.614s] -- Looking for libdl - found
[0.622s] -- Searching for <gz-common5> component [av]
[0.622s] -- Looking for gz-common5-av -- found version 5.7.1
[0.622s] -- Searching for dependencies of gz-common5-av
[0.627s] -- Checking for module 'libswscale'
[0.645s] --   Found libswscale, version 7.5.100
[0.686s] -- Checking for module 'libavdevice >= 56.4.100'
[0.702s] --   Found libavdevice, version 60.3.100
[0.759s] -- Checking for module 'libavformat'
[0.775s] --   Found libavformat, version 60.16.100
[0.824s] -- Checking for module 'libavcodec'
[0.838s] --   Found libavcodec, version 60.31.102
[0.884s] -- Checking for module 'libavutil'
[0.900s] --   Found libavutil, version 58.29.100
[0.940s] -- Searching for <gz-common5> component [events]
[0.940s] -- Looking for gz-common5-events -- found version 5.7.1
[0.940s] -- Searching for dependencies of gz-common5-events
[0.940s] -- Looking for gz-math7 -- found version 7.5.2
[0.941s] -- Searching for <gz-common5> component [graphics]
[0.941s] -- Looking for gz-common5-graphics -- found version 5.7.1
[0.941s] -- Searching for dependencies of gz-common5-graphics
[0.941s] -- Looking for gz-math7 -- found version 7.5.2
[0.943s] -- Searching for <gz-common5> component [io]
[0.943s] -- Looking for gz-common5-io -- found version 5.7.1
[0.943s] -- Searching for dependencies of gz-common5-io
[0.943s] -- Searching for <gz-common5> component [profiler]
[0.943s] -- Looking for gz-common5-profiler -- found version 5.7.1
[0.943s] -- Searching for dependencies of gz-common5-profiler
[0.944s] -- Looking for gz-fuel_tools9 -- found version 9.1.1
[0.944s] -- Searching for dependencies of gz-fuel_tools9
[0.978s] -- Checking for module 'jsoncpp'
[0.996s] --   Found jsoncpp, version 1.9.5
[1.050s] -- Checking for module 'yaml-0.1'
[1.068s] --   Found yaml-0.1, version 0.2.5
[1.110s] -- Checking for module 'libzip'
[1.126s] --   Found libzip, version 1.7.3
[1.160s] -- Looking for gz-utils2 -- found version 2.2.1
[1.161s] -- Looking for gz-common5 -- found version 5.7.1
[1.161s] -- Searching for dependencies of gz-common5
[1.161s] -- Looking for gz-utils2 -- found version 2.2.1
[1.161s] -- Looking for dlfcn.h - found
[1.161s] -- Looking for libdl - found
[1.168s] -- Searching for <gz-common5> component [testing]
[1.168s] -- Looking for gz-common5-testing -- found version 5.7.1
[1.168s] -- Searching for dependencies of gz-common5-testing
[1.168s] -- Looking for gz-math7 -- found version 7.5.2
[1.169s] -- Looking for gz-msgs10 -- found version 10.3.2
[1.169s] -- Looking for gz-gui8 -- found version 8.4.0
[1.169s] -- Searching for dependencies of gz-gui8
[1.192s] -- Looking for gz-utils2 -- found version 2.2.1
[1.192s] -- Looking for gz-math7 -- found version 7.5.2
[1.193s] -- Looking for gz-common5 -- found version 5.7.1
[1.193s] -- Looking for gz-plugin2 -- found version 2.0.4
[1.193s] -- Looking for gz-transport13 -- found version 13.4.1
[1.194s] -- Looking for gz-rendering8 -- found version 8.2.2
[1.194s] -- Searching for dependencies of gz-rendering8
[1.194s] -- Looking for gz-math7 -- found version 7.5.2
[1.194s] -- Searching for dependencies of gz-math7
[1.194s] -- Looking for gz-utils2 -- found version 2.2.1
[1.194s] -- Searching for <gz-math7> component [eigen3]
[1.195s] -- Looking for gz-math7-eigen3 -- found version 7.5.2
[1.195s] -- Searching for dependencies of gz-math7-eigen3
[1.196s] -- Looking for gz-common5 -- found version 5.7.1
[1.196s] -- Searching for dependencies of gz-common5
[1.196s] -- Looking for gz-utils2 -- found version 2.2.1
[1.196s] -- Looking for dlfcn.h - found
[1.196s] -- Looking for libdl - found
[1.202s] -- Searching for <gz-common5> component [graphics]
[1.202s] -- Searching for <gz-common5> component [events]
[1.202s] -- Searching for <gz-common5> component [geospatial]
[1.202s] -- Looking for gz-common5-geospatial -- found version 5.7.1
[1.202s] -- Searching for dependencies of gz-common5-geospatial
[1.203s] -- Looking for gz-math7 -- found version 7.5.2
[1.203s] -- Looking for gz-common5 -- found version 5.7.1
[1.205s] -- Looking for gz-plugin2 -- found version 2.0.4
[1.205s] -- Searching for dependencies of gz-plugin2
[1.206s] -- Looking for gz-utils2 -- found version 2.2.1
[1.206s] -- Searching for <gz-plugin2> component [all]
[1.206s] -- Looking for all libraries of gz-plugin2 -- found version 2.0.4
[1.206s] -- Looking for gz-plugin2 -- found version 2.0.4
[1.206s] -- Looking for gz-utils2 -- found version 2.2.1
[1.208s] -- Looking for gz-msgs10 -- found version 10.3.2
[1.219s] -- Looking for gz-physics7 -- found version 7.5.0
[1.219s] -- Searching for dependencies of gz-physics7
[1.219s] -- Looking for gz-common5 -- found version 5.7.1
[1.220s] -- Looking for gz-math7 -- found version 7.5.2
[1.220s] -- Looking for gz-plugin2 -- found version 2.0.4
[1.220s] -- Looking for gz-utils2 -- found version 2.2.1
[1.221s] -- Searching for <gz-physics7> component [heightmap]
[1.221s] -- Looking for gz-physics7-heightmap -- found version 7.5.0
[1.221s] -- Searching for dependencies of gz-physics7-heightmap
[1.221s] -- Looking for gz-common5 -- found version 5.7.1
[1.222s] -- Searching for <gz-physics7> component [mesh]
[1.222s] -- Looking for gz-physics7-mesh -- found version 7.5.0
[1.222s] -- Searching for dependencies of gz-physics7-mesh
[1.222s] -- Looking for gz-common5 -- found version 5.7.1
[1.222s] -- Searching for <gz-physics7> component [sdf]
[1.223s] -- Looking for gz-physics7-sdf -- found version 7.5.0
[1.223s] -- Searching for dependencies of gz-physics7-sdf
[1.223s] -- Looking for sdformat14 -- found version 14.7.0
[1.223s] -- Looking for gz-sensors8 -- found version 8.2.2
[1.224s] -- Searching for dependencies of gz-sensors8
[1.241s] -- Looking for gz-math7 -- found version 7.5.2
[1.242s] -- Looking for gz-common5 -- found version 5.7.1
[1.242s] -- Looking for gz-transport13 -- found version 13.4.1
[1.242s] -- Looking for gz-rendering8 -- found version 8.2.2
[1.242s] -- Looking for gz-msgs10 -- found version 10.3.2
[1.242s] -- Looking for sdformat14 -- found version 14.7.0
[1.243s] -- Searching for <gz-sensors8> component [air_pressure]
[1.243s] -- Looking for gz-sensors8-air_pressure -- found version 8.2.2
[1.243s] -- Searching for dependencies of gz-sensors8-air_pressure
[1.244s] -- Searching for <gz-sensors8> component [air_speed]
[1.244s] -- Looking for gz-sensors8-air_speed -- found version 8.2.2
[1.244s] -- Searching for dependencies of gz-sensors8-air_speed
[1.244s] -- Searching for <gz-sensors8> component [altimeter]
[1.244s] -- Looking for gz-sensors8-altimeter -- found version 8.2.2
[1.244s] -- Searching for dependencies of gz-sensors8-altimeter
[1.245s] -- Searching for <gz-sensors8> component [imu]
[1.245s] -- Looking for gz-sensors8-imu -- found version 8.2.2
[1.245s] -- Searching for dependencies of gz-sensors8-imu
[1.245s] -- Searching for <gz-sensors8> component [force_torque]
[1.245s] -- Looking for gz-sensors8-force_torque -- found version 8.2.2
[1.245s] -- Searching for dependencies of gz-sensors8-force_torque
[1.246s] -- Searching for <gz-sensors8> component [logical_camera]
[1.246s] -- Looking for gz-sensors8-logical_camera -- found version 8.2.2
[1.246s] -- Searching for dependencies of gz-sensors8-logical_camera
[1.246s] -- Searching for <gz-sensors8> component [magnetometer]
[1.247s] -- Looking for gz-sensors8-magnetometer -- found version 8.2.2
[1.247s] -- Searching for dependencies of gz-sensors8-magnetometer
[1.247s] -- Searching for <gz-sensors8> component [navsat]
[1.247s] -- Looking for gz-sensors8-navsat -- found version 8.2.2
[1.247s] -- Searching for dependencies of gz-sensors8-navsat
[1.247s] -- Searching for <gz-sensors8> component [dvl]
[1.248s] -- Looking for gz-sensors8-dvl -- found version 8.2.2
[1.248s] -- Searching for dependencies of gz-sensors8-dvl
[1.248s] -- Looking for gz-sensors8 -- found version 8.2.2
[1.248s] -- Searching for dependencies of gz-sensors8
[1.265s] -- Looking for gz-math7 -- found version 7.5.2
[1.266s] -- Looking for gz-common5 -- found version 5.7.1
[1.266s] -- Looking for gz-transport13 -- found version 13.4.1
[1.266s] -- Looking for gz-rendering8 -- found version 8.2.2
[1.266s] -- Looking for gz-msgs10 -- found version 10.3.2
[1.267s] -- Looking for sdformat14 -- found version 14.7.0
[1.267s] -- Searching for <gz-sensors8> component [rendering]
[1.267s] -- Looking for gz-sensors8-rendering -- found version 8.2.2
[1.267s] -- Searching for dependencies of gz-sensors8-rendering
[1.268s] -- Searching for <gz-sensors8> component [rendering]
[1.268s] -- Searching for <gz-sensors8> component [lidar]
[1.268s] -- Looking for gz-sensors8-lidar -- found version 8.2.2
[1.268s] -- Searching for dependencies of gz-sensors8-lidar
[1.268s] -- Looking for gz-sensors8 -- found version 8.2.2
[1.269s] -- Searching for <gz-sensors8> component [gpu_lidar]
[1.269s] -- Looking for gz-sensors8-gpu_lidar -- found version 8.2.2
[1.269s] -- Searching for dependencies of gz-sensors8-gpu_lidar
[1.269s] -- Looking for gz-sensors8 -- found version 8.2.2
[1.269s] -- Searching for <gz-sensors8> component [camera]
[1.270s] -- Looking for gz-sensors8-camera -- found version 8.2.2
[1.270s] -- Searching for dependencies of gz-sensors8-camera
[1.270s] -- Looking for gz-sensors8 -- found version 8.2.2
[1.270s] -- Searching for <gz-sensors8> component [boundingbox_camera]
[1.271s] -- Looking for gz-sensors8-boundingbox_camera -- found version 8.2.2
[1.271s] -- Searching for dependencies of gz-sensors8-boundingbox_camera
[1.271s] -- Searching for <gz-sensors8> component [segmentation_camera]
[1.271s] -- Looking for gz-sensors8-segmentation_camera -- found version 8.2.2
[1.271s] -- Searching for dependencies of gz-sensors8-segmentation_camera
[1.271s] -- Searching for <gz-sensors8> component [depth_camera]
[1.272s] -- Looking for gz-sensors8-depth_camera -- found version 8.2.2
[1.272s] -- Searching for dependencies of gz-sensors8-depth_camera
[1.272s] -- Looking for gz-sensors8 -- found version 8.2.2
[1.272s] -- Searching for <gz-sensors8> component [rgbd_camera]
[1.273s] -- Looking for gz-sensors8-rgbd_camera -- found version 8.2.2
[1.273s] -- Searching for dependencies of gz-sensors8-rgbd_camera
[1.273s] -- Looking for gz-sensors8 -- found version 8.2.2
[1.273s] -- Searching for <gz-sensors8> component [thermal_camera]
[1.273s] -- Looking for gz-sensors8-thermal_camera -- found version 8.2.2
[1.273s] -- Searching for dependencies of gz-sensors8-thermal_camera
[1.274s] -- Looking for gz-sensors8 -- found version 8.2.2
[1.274s] -- Searching for <gz-sensors8> component [wide_angle_camera]
[1.274s] -- Looking for gz-sensors8-wide_angle_camera -- found version 8.2.2
[1.275s] -- Searching for dependencies of gz-sensors8-wide_angle_camera
[1.275s] -- Looking for gz-rendering8 -- found version 8.2.2
[1.275s] -- Looking for gz-math7 -- found version 7.5.2
[1.276s] -- Looking for gz-utils2 -- found version 2.2.1
[1.294s] -- Looking for gz-plugin2 -- found version 2.0.4
[1.294s] -- Looking for gz-math7 -- found version 7.5.2
[1.295s] -- Found ament_lint_auto: 0.17.2 (/opt/ros/jazzy/share/ament_lint_auto/cmake)
[1.359s] -- Added test 'cppcheck' to perform static code analysis on C / C++ code
[1.359s] -- Configured cppcheck include dirs: 
[1.359s] -- Configured cppcheck exclude dirs and/or files: 
[1.359s] -- Added test 'flake8' to check Python code syntax and style conventions
[1.359s] -- Configured 'flake8' exclude dirs and/or files: 
[1.360s] -- Added test 'lint_cmake' to check CMake code style
[1.360s] -- Added test 'pep257' to check Python code against some of the docstring style conventions in PEP 257
[1.361s] -- Added test 'uncrustify' to check C / C++ code style
[1.361s] -- Configured uncrustify additional arguments: 
[1.361s] -- Added test 'xmllint' to check XML markup files
[1.362s] -- Configuring done (1.3s)
[1.377s] -- Generating done (0.0s)
[1.380s] -- Build files have been written to: /home/sangregorioquimpo/auve2_ws/build/auve1_description
[1.390s] Invoked command in '/home/sangregorioquimpo/auve2_ws/build/auve1_description' returned '0': CMAKE_PREFIX_PATH=${CMAKE_PREFIX_PATH}:/opt/ros/jazzy DEBUGINFOD_URLS=https://debuginfod.ubuntu.com /usr/bin/cmake /home/sangregorioquimpo/auve2_ws/src/auv_description -DAMENT_CMAKE_SYMLINK_INSTALL=1 -DCMAKE_INSTALL_PREFIX=/home/sangregorioquimpo/auve2_ws/install/auve1_description
[1.391s] Invoking command in '/home/sangregorioquimpo/auve2_ws/build/auve1_description': CMAKE_PREFIX_PATH=${CMAKE_PREFIX_PATH}:/opt/ros/jazzy DEBUGINFOD_URLS=https://debuginfod.ubuntu.com /usr/bin/cmake --build /home/sangregorioquimpo/auve2_ws/build/auve1_description -- -j16 -l16
[1.456s] [100%] Built target wasd_body_thrust_plugin
[1.468s] Invoked command in '/home/sangregorioquimpo/auve2_ws/build/auve1_description' returned '0': CMAKE_PREFIX_PATH=${CMAKE_PREFIX_PATH}:/opt/ros/jazzy DEBUGINFOD_URLS=https://debuginfod.ubuntu.com /usr/bin/cmake --build /home/sangregorioquimpo/auve2_ws/build/auve1_description -- -j16 -l16
[1.477s] Invoking command in '/home/sangregorioquimpo/auve2_ws/build/auve1_description': CMAKE_PREFIX_PATH=${CMAKE_PREFIX_PATH}:/opt/ros/jazzy DEBUGINFOD_URLS=https://debuginfod.ubuntu.com /usr/bin/cmake --install /home/sangregorioquimpo/auve2_ws/build/auve1_description
[1.484s] -- Install configuration: ""
[1.485s] -- Execute custom install script
[1.485s] -- Symlinking: /home/sangregorioquimpo/auve2_ws/install/auve1_description/lib/auve1_description/wasd_teleop.py
[1.494s] -- Symlinking: /home/sangregorioquimpo/auve2_ws/install/auve1_description/share/auve1_description/urdf/cube/cube.urdf
[1.505s] -- Symlinking: /home/sangregorioquimpo/auve2_ws/install/auve1_description/share/auve1_description/launch/cube_thrust_test.launch.py
[1.513s] -- Symlinking: /home/sangregorioquimpo/auve2_ws/install/auve1_description/share/auve1_description/environment/library_path.sh
[1.521s] -- Symlinking: /home/sangregorioquimpo/auve2_ws/install/auve1_description/share/auve1_description/environment/library_path.dsv
[1.529s] -- Symlinking: /home/sangregorioquimpo/auve2_ws/install/auve1_description/share/ament_index/resource_index/package_run_dependencies/auve1_description
[1.539s] -- Symlinking: /home/sangregorioquimpo/auve2_ws/install/auve1_description/share/ament_index/resource_index/parent_prefix_path/auve1_description
[1.547s] -- Symlinking: /home/sangregorioquimpo/auve2_ws/install/auve1_description/share/auve1_description/environment/ament_prefix_path.sh
[1.556s] -- Symlinking: /home/sangregorioquimpo/auve2_ws/install/auve1_description/share/auve1_description/environment/ament_prefix_path.dsv
[1.563s] -- Symlinking: /home/sangregorioquimpo/auve2_ws/install/auve1_description/share/auve1_description/environment/path.sh
[1.573s] -- Symlinking: /home/sangregorioquimpo/auve2_ws/install/auve1_description/share/auve1_description/environment/path.dsv
[1.581s] -- Symlinking: /home/sangregorioquimpo/auve2_ws/install/auve1_description/share/auve1_description/local_setup.bash
[1.589s] -- Symlinking: /home/sangregorioquimpo/auve2_ws/install/auve1_description/share/auve1_description/local_setup.sh
[1.597s] -- Symlinking: /home/sangregorioquimpo/auve2_ws/install/auve1_description/share/auve1_description/local_setup.zsh
[1.607s] -- Symlinking: /home/sangregorioquimpo/auve2_ws/install/auve1_description/share/auve1_description/local_setup.dsv
[1.617s] -- Symlinking: /home/sangregorioquimpo/auve2_ws/install/auve1_description/share/auve1_description/package.dsv
[1.626s] -- Symlinking: /home/sangregorioquimpo/auve2_ws/install/auve1_description/share/ament_index/resource_index/packages/auve1_description
[1.636s] -- Symlinking: /home/sangregorioquimpo/auve2_ws/install/auve1_description/share/auve1_description/cmake/ament_cmake_export_targets-extras.cmake
[1.644s] -- Symlinking: /home/sangregorioquimpo/auve2_ws/install/auve1_description/share/auve1_description/cmake/ament_cmake_export_libraries-extras.cmake
[1.651s] -- Symlinking: /home/sangregorioquimpo/auve2_ws/install/auve1_description/share/auve1_description/cmake/auve1_descriptionConfig.cmake
[1.660s] -- Symlinking: /home/sangregorioquimpo/auve2_ws/install/auve1_description/share/auve1_description/cmake/auve1_descriptionConfig-version.cmake
[1.670s] -- Symlinking: /home/sangregorioquimpo/auve2_ws/install/auve1_description/share/auve1_description/package.xml
[1.678s] -- Up-to-date: /home/sangregorioquimpo/auve2_ws/install/auve1_description/lib/libwasd_body_thrust_plugin.so
[1.678s] -- Up-to-date: /home/sangregorioquimpo/auve2_ws/install/auve1_description/share/auve1_description/cmake/wasd_body_thrust_pluginTargetsExport.cmake
[1.678s] -- Up-to-date: /home/sangregorioquimpo/auve2_ws/install/auve1_description/share/auve1_description/cmake/wasd_body_thrust_pluginTargetsExport-noconfig.cmake
[1.680s] Invoked command in '/home/sangregorioquimpo/auve2_ws/build/auve1_description' returned '0': CMAKE_PREFIX_PATH=${CMAKE_PREFIX_PATH}:/opt/ros/jazzy DEBUGINFOD_URLS=https://debuginfod.ubuntu.com /usr/bin/cmake --install /home/sangregorioquimpo/auve2_ws/build/auve1_description
