[0.015s] Invoking command in '/home/sangregorioquimpo/auve2_ws/build/auv_description': CMAKE_PREFIX_PATH=${CMAKE_PREFIX_PATH}:/opt/ros/jazzy DEBUGINFOD_URLS=https://debuginfod.ubuntu.com /usr/bin/cmake /home/sangregorioquimpo/auve2_ws/src/auv_description -DAMENT_CMAKE_SYMLINK_INSTALL=1 -DCMAKE_INSTALL_PREFIX=/home/sangregorioquimpo/auve2_ws/install/auv_description
[0.036s] -- Found ament_cmake: 2.5.4 (/opt/ros/jazzy/share/ament_cmake/cmake)
[0.265s] -- Override CMake install command with custom implementation using symlinks instead of copying resources
[0.272s] -- Found rclcpp: 28.1.9 (/opt/ros/jazzy/share/rclcpp/cmake)
[0.300s] -- Found rosidl_generator_c: 4.6.5 (/opt/ros/jazzy/share/rosidl_generator_c/cmake)
[0.309s] -- Found rosidl_generator_cpp: 4.6.5 (/opt/ros/jazzy/share/rosidl_generator_cpp/cmake)
[0.319s] -- Using all available rosidl_typesupport_c: rosidl_typesupport_fastrtps_c;rosidl_typesupport_introspection_c
[0.331s] -- Using all available rosidl_typesupport_cpp: rosidl_typesupport_fastrtps_cpp;rosidl_typesupport_introspection_cpp
[0.385s] -- Found rmw_implementation_cmake: 7.3.2 (/opt/ros/jazzy/share/rmw_implementation_cmake/cmake)
[0.386s] -- Found rmw_fastrtps_cpp: 8.4.2 (/opt/ros/jazzy/share/rmw_fastrtps_cpp/cmake)
[0.454s] -- Using RMW implementation 'rmw_fastrtps_cpp' as default
[0.511s] -- Found geometry_msgs: 5.3.6 (/opt/ros/jazzy/share/geometry_msgs/cmake)
[0.536s] -- Looking for gz-sim8 -- found version 8.9.0
[0.540s] -- Searching for dependencies of gz-sim8
[0.541s] -- Looking for sdformat14 -- found version 14.7.0
[0.541s] -- Searching for dependencies of sdformat14
[0.546s] -- Checking for module 'tinyxml2'
[0.567s] --   Found tinyxml2, version 10.0.0
[0.615s] -- Looking for gz-math7 -- found version 7.5.2
[0.615s] -- Searching for dependencies of gz-math7
[0.616s] -- Looking for gz-utils2 -- found version 2.2.1
[0.616s] -- Searching for dependencies of gz-utils2
[0.617s] -- Looking for gz-utils2 -- found version 2.2.1
[0.617s] -- Searching for dependencies of gz-utils2
[0.617s] -- Searching for <gz-utils2> component [cli]
[0.617s] -- Looking for gz-utils2-cli -- found version 2.2.1
[0.617s] -- Searching for dependencies of gz-utils2-cli
[0.619s] -- Looking for gz-plugin2 -- found version 2.0.4
[0.619s] -- Searching for dependencies of gz-plugin2
[0.619s] -- Looking for gz-utils2 -- found version 2.2.1
[0.619s] -- Searching for <gz-plugin2> component [loader]
[0.620s] -- Looking for gz-plugin2-loader -- found version 2.0.4
[0.620s] -- Searching for dependencies of gz-plugin2-loader
[0.620s] -- Searching for <gz-plugin2> component [register]
[0.621s] -- Looking for gz-plugin2-register -- found version 2.0.4
[0.621s] -- Searching for dependencies of gz-plugin2-register
[0.621s] -- Looking for gz-transport13 -- found version 13.4.1
[0.622s] -- Searching for dependencies of gz-transport13
[0.663s] -- Config-file not installed for ZeroMQ -- checking for pkg-config
[0.668s] -- Checking for module 'libzmq >= 4'
[0.690s] --   Found libzmq, version 4.3.5
[0.765s] -- Checking for module 'uuid'
[0.791s] --   Found uuid, version 2.39.3
[0.846s] -- Looking for gz-utils2 -- found version 2.2.1
[0.846s] -- Looking for gz-msgs10 -- found version 10.3.2
[0.846s] -- Searching for dependencies of gz-msgs10
[0.886s] -- Looking for gz-utils2 -- found version 2.2.1
[0.886s] -- Looking for gz-math7 -- found version 7.5.2
[0.898s] -- Searching for <gz-transport13> component [log]
[0.899s] -- Looking for gz-transport13-log -- found version 13.4.1
[0.899s] -- Searching for dependencies of gz-transport13-log
[0.900s] -- Searching for <gz-transport13> component [parameters]
[0.900s] -- Looking for gz-transport13-parameters -- found version 13.4.1
[0.900s] -- Searching for dependencies of gz-transport13-parameters
[0.902s] -- Looking for gz-msgs10 -- found version 10.3.2
[0.902s] -- Looking for gz-common5 -- found version 5.7.1
[0.903s] -- Searching for dependencies of gz-common5
[0.903s] -- Looking for gz-utils2 -- found version 2.2.1
[0.903s] -- Looking for dlfcn.h - found
[0.903s] -- Looking for libdl - found
[0.918s] -- Searching for <gz-common5> component [av]
[0.919s] -- Looking for gz-common5-av -- found version 5.7.1
[0.919s] -- Searching for dependencies of gz-common5-av
[0.927s] -- Checking for module 'libswscale'
[0.957s] --   Found libswscale, version 7.5.100
[1.040s] -- Checking for module 'libavdevice >= 56.4.100'
[1.071s] --   Found libavdevice, version 60.3.100
[1.176s] -- Checking for module 'libavformat'
[1.203s] --   Found libavformat, version 60.16.100
[1.293s] -- Checking for module 'libavcodec'
[1.324s] --   Found libavcodec, version 60.31.102
[1.418s] -- Checking for module 'libavutil'
[1.451s] --   Found libavutil, version 58.29.100
[1.535s] -- Searching for <gz-common5> component [events]
[1.536s] -- Looking for gz-common5-events -- found version 5.7.1
[1.536s] -- Searching for dependencies of gz-common5-events
[1.537s] -- Looking for gz-math7 -- found version 7.5.2
[1.538s] -- Searching for <gz-common5> component [graphics]
[1.539s] -- Looking for gz-common5-graphics -- found version 5.7.1
[1.539s] -- Searching for dependencies of gz-common5-graphics
[1.540s] -- Looking for gz-math7 -- found version 7.5.2
[1.544s] -- Searching for <gz-common5> component [io]
[1.545s] -- Looking for gz-common5-io -- found version 5.7.1
[1.546s] -- Searching for dependencies of gz-common5-io
[1.547s] -- Searching for <gz-common5> component [profiler]
[1.547s] -- Looking for gz-common5-profiler -- found version 5.7.1
[1.548s] -- Searching for dependencies of gz-common5-profiler
[1.550s] -- Looking for gz-fuel_tools9 -- found version 9.1.1
[1.550s] -- Searching for dependencies of gz-fuel_tools9
[1.633s] -- Checking for module 'jsoncpp'
[1.657s] --   Found jsoncpp, version 1.9.5
[1.749s] -- Checking for module 'yaml-0.1'
[1.784s] --   Found yaml-0.1, version 0.2.5
[1.861s] -- Checking for module 'libzip'
[1.890s] --   Found libzip, version 1.7.3
[1.964s] -- Looking for gz-utils2 -- found version 2.2.1
[1.965s] -- Looking for gz-common5 -- found version 5.7.1
[1.965s] -- Searching for dependencies of gz-common5
[1.965s] -- Looking for gz-utils2 -- found version 2.2.1
[1.966s] -- Looking for dlfcn.h - found
[1.966s] -- Looking for libdl - found
[1.975s] -- Searching for <gz-common5> component [testing]
[1.976s] -- Looking for gz-common5-testing -- found version 5.7.1
[1.976s] -- Searching for dependencies of gz-common5-testing
[1.977s] -- Looking for gz-math7 -- found version 7.5.2
[1.979s] -- Looking for gz-msgs10 -- found version 10.3.2
[1.981s] -- Looking for gz-gui8 -- found version 8.4.0
[1.981s] -- Searching for dependencies of gz-gui8
[2.025s] -- Looking for gz-utils2 -- found version 2.2.1
[2.026s] -- Looking for gz-math7 -- found version 7.5.2
[2.026s] -- Looking for gz-common5 -- found version 5.7.1
[2.027s] -- Looking for gz-plugin2 -- found version 2.0.4
[2.027s] -- Looking for gz-transport13 -- found version 13.4.1
[2.028s] -- Looking for gz-rendering8 -- found version 8.2.2
[2.028s] -- Searching for dependencies of gz-rendering8
[2.028s] -- Looking for gz-math7 -- found version 7.5.2
[2.029s] -- Searching for dependencies of gz-math7
[2.029s] -- Looking for gz-utils2 -- found version 2.2.1
[2.029s] -- Searching for <gz-math7> component [eigen3]
[2.030s] -- Looking for gz-math7-eigen3 -- found version 7.5.2
[2.030s] -- Searching for dependencies of gz-math7-eigen3
[2.032s] -- Looking for gz-common5 -- found version 5.7.1
[2.032s] -- Searching for dependencies of gz-common5
[2.033s] -- Looking for gz-utils2 -- found version 2.2.1
[2.033s] -- Looking for dlfcn.h - found
[2.033s] -- Looking for libdl - found
[2.045s] -- Searching for <gz-common5> component [graphics]
[2.046s] -- Searching for <gz-common5> component [events]
[2.046s] -- Searching for <gz-common5> component [geospatial]
[2.046s] -- Looking for gz-common5-geospatial -- found version 5.7.1
[2.046s] -- Searching for dependencies of gz-common5-geospatial
[2.046s] -- Looking for gz-math7 -- found version 7.5.2
[2.047s] -- Looking for gz-common5 -- found version 5.7.1
[2.048s] -- Looking for gz-plugin2 -- found version 2.0.4
[2.048s] -- Searching for dependencies of gz-plugin2
[2.049s] -- Looking for gz-utils2 -- found version 2.2.1
[2.049s] -- Searching for <gz-plugin2> component [all]
[2.049s] -- Looking for all libraries of gz-plugin2 -- found version 2.0.4
[2.050s] -- Looking for gz-plugin2 -- found version 2.0.4
[2.051s] -- Looking for gz-utils2 -- found version 2.2.1
[2.058s] -- Looking for gz-msgs10 -- found version 10.3.2
[2.088s] -- Looking for gz-physics7 -- found version 7.5.0
[2.088s] -- Searching for dependencies of gz-physics7
[2.088s] -- Looking for gz-common5 -- found version 5.7.1
[2.089s] -- Looking for gz-math7 -- found version 7.5.2
[2.090s] -- Looking for gz-plugin2 -- found version 2.0.4
[2.091s] -- Looking for gz-utils2 -- found version 2.2.1
[2.092s] -- Searching for <gz-physics7> component [heightmap]
[2.093s] -- Looking for gz-physics7-heightmap -- found version 7.5.0
[2.094s] -- Searching for dependencies of gz-physics7-heightmap
[2.094s] -- Looking for gz-common5 -- found version 5.7.1
[2.095s] -- Searching for <gz-physics7> component [mesh]
[2.096s] -- Looking for gz-physics7-mesh -- found version 7.5.0
[2.096s] -- Searching for dependencies of gz-physics7-mesh
[2.097s] -- Looking for gz-common5 -- found version 5.7.1
[2.097s] -- Searching for <gz-physics7> component [sdf]
[2.098s] -- Looking for gz-physics7-sdf -- found version 7.5.0
[2.098s] -- Searching for dependencies of gz-physics7-sdf
[2.099s] -- Looking for sdformat14 -- found version 14.7.0
[2.101s] -- Looking for gz-sensors8 -- found version 8.2.2
[2.101s] -- Searching for dependencies of gz-sensors8
[2.147s] -- Looking for gz-math7 -- found version 7.5.2
[2.148s] -- Looking for gz-common5 -- found version 5.7.1
[2.149s] -- Looking for gz-transport13 -- found version 13.4.1
[2.149s] -- Looking for gz-rendering8 -- found version 8.2.2
[2.150s] -- Looking for gz-msgs10 -- found version 10.3.2
[2.151s] -- Looking for sdformat14 -- found version 14.7.0
[2.152s] -- Searching for <gz-sensors8> component [air_pressure]
[2.152s] -- Looking for gz-sensors8-air_pressure -- found version 8.2.2
[2.152s] -- Searching for dependencies of gz-sensors8-air_pressure
[2.153s] -- Searching for <gz-sensors8> component [air_speed]
[2.154s] -- Looking for gz-sensors8-air_speed -- found version 8.2.2
[2.154s] -- Searching for dependencies of gz-sensors8-air_speed
[2.155s] -- Searching for <gz-sensors8> component [altimeter]
[2.155s] -- Looking for gz-sensors8-altimeter -- found version 8.2.2
[2.155s] -- Searching for dependencies of gz-sensors8-altimeter
[2.156s] -- Searching for <gz-sensors8> component [imu]
[2.157s] -- Looking for gz-sensors8-imu -- found version 8.2.2
[2.157s] -- Searching for dependencies of gz-sensors8-imu
[2.158s] -- Searching for <gz-sensors8> component [force_torque]
[2.158s] -- Looking for gz-sensors8-force_torque -- found version 8.2.2
[2.159s] -- Searching for dependencies of gz-sensors8-force_torque
[2.159s] -- Searching for <gz-sensors8> component [logical_camera]
[2.160s] -- Looking for gz-sensors8-logical_camera -- found version 8.2.2
[2.160s] -- Searching for dependencies of gz-sensors8-logical_camera
[2.161s] -- Searching for <gz-sensors8> component [magnetometer]
[2.162s] -- Looking for gz-sensors8-magnetometer -- found version 8.2.2
[2.162s] -- Searching for dependencies of gz-sensors8-magnetometer
[2.163s] -- Searching for <gz-sensors8> component [navsat]
[2.163s] -- Looking for gz-sensors8-navsat -- found version 8.2.2
[2.163s] -- Searching for dependencies of gz-sensors8-navsat
[2.164s] -- Searching for <gz-sensors8> component [dvl]
[2.165s] -- Looking for gz-sensors8-dvl -- found version 8.2.2
[2.165s] -- Searching for dependencies of gz-sensors8-dvl
[2.166s] -- Looking for gz-sensors8 -- found version 8.2.2
[2.166s] -- Searching for dependencies of gz-sensors8
[2.209s] -- Looking for gz-math7 -- found version 7.5.2
[2.210s] -- Looking for gz-common5 -- found version 5.7.1
[2.210s] -- Looking for gz-transport13 -- found version 13.4.1
[2.211s] -- Looking for gz-rendering8 -- found version 8.2.2
[2.211s] -- Looking for gz-msgs10 -- found version 10.3.2
[2.212s] -- Looking for sdformat14 -- found version 14.7.0
[2.212s] -- Searching for <gz-sensors8> component [rendering]
[2.213s] -- Looking for gz-sensors8-rendering -- found version 8.2.2
[2.213s] -- Searching for dependencies of gz-sensors8-rendering
[2.215s] -- Searching for <gz-sensors8> component [rendering]
[2.215s] -- Searching for <gz-sensors8> component [lidar]
[2.216s] -- Looking for gz-sensors8-lidar -- found version 8.2.2
[2.216s] -- Searching for dependencies of gz-sensors8-lidar
[2.216s] -- Looking for gz-sensors8 -- found version 8.2.2
[2.217s] -- Searching for <gz-sensors8> component [gpu_lidar]
[2.218s] -- Looking for gz-sensors8-gpu_lidar -- found version 8.2.2
[2.218s] -- Searching for dependencies of gz-sensors8-gpu_lidar
[2.219s] -- Looking for gz-sensors8 -- found version 8.2.2
[2.220s] -- Searching for <gz-sensors8> component [camera]
[2.220s] -- Looking for gz-sensors8-camera -- found version 8.2.2
[2.220s] -- Searching for dependencies of gz-sensors8-camera
[2.221s] -- Looking for gz-sensors8 -- found version 8.2.2
[2.222s] -- Searching for <gz-sensors8> component [boundingbox_camera]
[2.222s] -- Looking for gz-sensors8-boundingbox_camera -- found version 8.2.2
[2.222s] -- Searching for dependencies of gz-sensors8-boundingbox_camera
[2.223s] -- Searching for <gz-sensors8> component [segmentation_camera]
[2.223s] -- Looking for gz-sensors8-segmentation_camera -- found version 8.2.2
[2.223s] -- Searching for dependencies of gz-sensors8-segmentation_camera
[2.224s] -- Searching for <gz-sensors8> component [depth_camera]
[2.224s] -- Looking for gz-sensors8-depth_camera -- found version 8.2.2
[2.225s] -- Searching for dependencies of gz-sensors8-depth_camera
[2.225s] -- Looking for gz-sensors8 -- found version 8.2.2
[2.226s] -- Searching for <gz-sensors8> component [rgbd_camera]
[2.226s] -- Looking for gz-sensors8-rgbd_camera -- found version 8.2.2
[2.226s] -- Searching for dependencies of gz-sensors8-rgbd_camera
[2.227s] -- Looking for gz-sensors8 -- found version 8.2.2
[2.227s] -- Searching for <gz-sensors8> component [thermal_camera]
[2.228s] -- Looking for gz-sensors8-thermal_camera -- found version 8.2.2
[2.228s] -- Searching for dependencies of gz-sensors8-thermal_camera
[2.229s] -- Looking for gz-sensors8 -- found version 8.2.2
[2.230s] -- Searching for <gz-sensors8> component [wide_angle_camera]
[2.230s] -- Looking for gz-sensors8-wide_angle_camera -- found version 8.2.2
[2.230s] -- Searching for dependencies of gz-sensors8-wide_angle_camera
[2.231s] -- Looking for gz-rendering8 -- found version 8.2.2
[2.232s] -- Looking for gz-math7 -- found version 7.5.2
[2.232s] -- Looking for gz-utils2 -- found version 2.2.1
[2.267s] -- Looking for gz-plugin2 -- found version 2.0.4
[2.268s] -- Looking for gz-math7 -- found version 7.5.2
[2.273s] -- Found ament_lint_auto: 0.17.2 (/opt/ros/jazzy/share/ament_lint_auto/cmake)
[2.397s] -- Added test 'cppcheck' to perform static code analysis on C / C++ code
[2.397s] -- Configured cppcheck include dirs: 
[2.397s] -- Configured cppcheck exclude dirs and/or files: 
[2.398s] -- Added test 'flake8' to check Python code syntax and style conventions
[2.398s] -- Configured 'flake8' exclude dirs and/or files: 
[2.398s] -- Added test 'lint_cmake' to check CMake code style
[2.399s] -- Added test 'pep257' to check Python code against some of the docstring style conventions in PEP 257
[2.401s] -- Added test 'uncrustify' to check C / C++ code style
[2.401s] -- Configured uncrustify additional arguments: 
[2.402s] -- Added test 'xmllint' to check XML markup files
[2.404s] -- Configuring done (2.4s)
[2.446s] -- Generating done (0.0s)
[2.454s] -- Build files have been written to: /home/sangregorioquimpo/auve2_ws/build/auv_description
[2.469s] Invoked command in '/home/sangregorioquimpo/auve2_ws/build/auv_description' returned '0': CMAKE_PREFIX_PATH=${CMAKE_PREFIX_PATH}:/opt/ros/jazzy DEBUGINFOD_URLS=https://debuginfod.ubuntu.com /usr/bin/cmake /home/sangregorioquimpo/auve2_ws/src/auv_description -DAMENT_CMAKE_SYMLINK_INSTALL=1 -DCMAKE_INSTALL_PREFIX=/home/sangregorioquimpo/auve2_ws/install/auv_description
[2.470s] Invoking command in '/home/sangregorioquimpo/auve2_ws/build/auv_description': CMAKE_PREFIX_PATH=${CMAKE_PREFIX_PATH}:/opt/ros/jazzy DEBUGINFOD_URLS=https://debuginfod.ubuntu.com /usr/bin/cmake --build /home/sangregorioquimpo/auve2_ws/build/auv_description -- -j16 -l16
[2.572s] [ 50%] Built target simple_buoyancy
[2.578s] [100%] Built target wasd_body_thrust_plugin
[2.596s] Invoked command in '/home/sangregorioquimpo/auve2_ws/build/auv_description' returned '0': CMAKE_PREFIX_PATH=${CMAKE_PREFIX_PATH}:/opt/ros/jazzy DEBUGINFOD_URLS=https://debuginfod.ubuntu.com /usr/bin/cmake --build /home/sangregorioquimpo/auve2_ws/build/auv_description -- -j16 -l16
[2.611s] Invoking command in '/home/sangregorioquimpo/auve2_ws/build/auv_description': CMAKE_PREFIX_PATH=${CMAKE_PREFIX_PATH}:/opt/ros/jazzy DEBUGINFOD_URLS=https://debuginfod.ubuntu.com /usr/bin/cmake --install /home/sangregorioquimpo/auve2_ws/build/auv_description
[2.622s] -- Install configuration: ""
[2.622s] -- Execute custom install script
[2.623s] -- Up-to-date symlink: /home/sangregorioquimpo/auve2_ws/install/auv_description/lib/auv_description/wasd_teleop.py
[2.623s] -- Up-to-date symlink: /home/sangregorioquimpo/auve2_ws/install/auv_description/share/auv_description/urdf/cube/auv.urdf
[2.623s] -- Up-to-date symlink: /home/sangregorioquimpo/auve2_ws/install/auv_description/share/auv_description/urdf/cube/camera_module.xacro
[2.623s] -- Up-to-date symlink: /home/sangregorioquimpo/auve2_ws/install/auv_description/share/auv_description/urdf/cube/cube.urdf
[2.623s] -- Up-to-date symlink: /home/sangregorioquimpo/auve2_ws/install/auv_description/share/auv_description/urdf/cube/cube_link.xacro
[2.624s] -- Up-to-date symlink: /home/sangregorioquimpo/auve2_ws/install/auv_description/share/auv_description/urdf/cube/lidar3d_module.xacro
[2.624s] -- Up-to-date symlink: /home/sangregorioquimpo/auve2_ws/install/auv_description/share/auv_description/urdf/cube/plugins.xacro
[2.624s] -- Up-to-date symlink: /home/sangregorioquimpo/auve2_ws/install/auv_description/share/auv_description/launch/cube_thrust_test.launch.py
[2.624s] -- Up-to-date symlink: /home/sangregorioquimpo/auve2_ws/install/auv_description/share/auv_description/launch/cube_thrust_test_water.launch.py
[2.625s] -- Up-to-date symlink: /home/sangregorioquimpo/auve2_ws/install/auv_description/share/auv_description/launch/cube_thrust_test_water_camera.launch.py
[2.625s] -- Up-to-date symlink: /home/sangregorioquimpo/auve2_ws/install/auv_description/share/auv_description/launch/testing.launch.py
[2.625s] -- Up-to-date symlink: /home/sangregorioquimpo/auve2_ws/install/auv_description/share/auv_description/worlds/test_world.sdf
[2.625s] -- Up-to-date symlink: /home/sangregorioquimpo/auve2_ws/install/auv_description/share/auv_description/worlds/water_world.sdf
[2.625s] -- Up-to-date symlink: /home/sangregorioquimpo/auve2_ws/install/auv_description/share/auv_description/environment/library_path.sh
[2.625s] -- Up-to-date symlink: /home/sangregorioquimpo/auve2_ws/install/auv_description/share/auv_description/environment/library_path.dsv
[2.625s] -- Up-to-date symlink: /home/sangregorioquimpo/auve2_ws/install/auv_description/share/ament_index/resource_index/package_run_dependencies/auv_description
[2.626s] -- Up-to-date symlink: /home/sangregorioquimpo/auve2_ws/install/auv_description/share/ament_index/resource_index/parent_prefix_path/auv_description
[2.626s] -- Up-to-date symlink: /home/sangregorioquimpo/auve2_ws/install/auv_description/share/auv_description/environment/ament_prefix_path.sh
[2.626s] -- Up-to-date symlink: /home/sangregorioquimpo/auve2_ws/install/auv_description/share/auv_description/environment/ament_prefix_path.dsv
[2.626s] -- Up-to-date symlink: /home/sangregorioquimpo/auve2_ws/install/auv_description/share/auv_description/environment/path.sh
[2.626s] -- Up-to-date symlink: /home/sangregorioquimpo/auve2_ws/install/auv_description/share/auv_description/environment/path.dsv
[2.626s] -- Up-to-date symlink: /home/sangregorioquimpo/auve2_ws/install/auv_description/share/auv_description/local_setup.bash
[2.627s] -- Up-to-date symlink: /home/sangregorioquimpo/auve2_ws/install/auv_description/share/auv_description/local_setup.sh
[2.627s] -- Up-to-date symlink: /home/sangregorioquimpo/auve2_ws/install/auv_description/share/auv_description/local_setup.zsh
[2.627s] -- Up-to-date symlink: /home/sangregorioquimpo/auve2_ws/install/auv_description/share/auv_description/local_setup.dsv
[2.627s] -- Symlinking: /home/sangregorioquimpo/auve2_ws/install/auv_description/share/auv_description/package.dsv
[2.641s] -- Up-to-date symlink: /home/sangregorioquimpo/auve2_ws/install/auv_description/share/ament_index/resource_index/packages/auv_description
[2.641s] -- Up-to-date symlink: /home/sangregorioquimpo/auve2_ws/install/auv_description/share/auv_description/cmake/ament_cmake_export_targets-extras.cmake
[2.641s] -- Up-to-date symlink: /home/sangregorioquimpo/auve2_ws/install/auv_description/share/auv_description/cmake/ament_cmake_export_libraries-extras.cmake
[2.642s] -- Up-to-date symlink: /home/sangregorioquimpo/auve2_ws/install/auv_description/share/auv_description/cmake/auv_descriptionConfig.cmake
[2.642s] -- Up-to-date symlink: /home/sangregorioquimpo/auve2_ws/install/auv_description/share/auv_description/cmake/auv_descriptionConfig-version.cmake
[2.642s] -- Up-to-date symlink: /home/sangregorioquimpo/auve2_ws/install/auv_description/share/auv_description/package.xml
[2.642s] -- Up-to-date: /home/sangregorioquimpo/auve2_ws/install/auv_description/lib/libsimple_buoyancy.so
[2.642s] -- Up-to-date: /home/sangregorioquimpo/auve2_ws/install/auv_description/share/auv_description/cmake/wasd_body_thrust_pluginTargetsExport.cmake
[2.643s] -- Up-to-date: /home/sangregorioquimpo/auve2_ws/install/auv_description/share/auv_description/cmake/wasd_body_thrust_pluginTargetsExport-noconfig.cmake
[2.643s] -- Up-to-date: /home/sangregorioquimpo/auve2_ws/install/auv_description/share/auv_description/cmake/simple_buoyancyTargetsExport.cmake
[2.643s] -- Up-to-date: /home/sangregorioquimpo/auve2_ws/install/auv_description/share/auv_description/cmake/simple_buoyancyTargetsExport-noconfig.cmake
[2.645s] Invoked command in '/home/sangregorioquimpo/auve2_ws/build/auv_description' returned '0': CMAKE_PREFIX_PATH=${CMAKE_PREFIX_PATH}:/opt/ros/jazzy DEBUGINFOD_URLS=https://debuginfod.ubuntu.com /usr/bin/cmake --install /home/sangregorioquimpo/auve2_ws/build/auv_description
