[0.011s] Invoking command in '/home/sangregorioquimpo/auve2_ws/build/auv_description': CMAKE_PREFIX_PATH=${CMAKE_PREFIX_PATH}:/opt/ros/jazzy DEBUGINFOD_URLS=https://debuginfod.ubuntu.com /usr/bin/cmake --build /home/sangregorioquimpo/auve2_ws/build/auv_description -- -j16 -l16
[0.035s] -- Found ament_cmake: 2.5.4 (/opt/ros/jazzy/share/ament_cmake/cmake)
[0.182s] -- Override CMake install command with custom implementation using symlinks instead of copying resources
[0.186s] -- Found rclcpp: 28.1.9 (/opt/ros/jazzy/share/rclcpp/cmake)
[0.206s] -- Found rosidl_generator_c: 4.6.5 (/opt/ros/jazzy/share/rosidl_generator_c/cmake)
[0.212s] -- Found rosidl_generator_cpp: 4.6.5 (/opt/ros/jazzy/share/rosidl_generator_cpp/cmake)
[0.218s] -- Using all available rosidl_typesupport_c: rosidl_typesupport_fastrtps_c;rosidl_typesupport_introspection_c
[0.226s] -- Using all available rosidl_typesupport_cpp: rosidl_typesupport_fastrtps_cpp;rosidl_typesupport_introspection_cpp
[0.264s] -- Found rmw_implementation_cmake: 7.3.2 (/opt/ros/jazzy/share/rmw_implementation_cmake/cmake)
[0.264s] -- Found rmw_fastrtps_cpp: 8.4.2 (/opt/ros/jazzy/share/rmw_fastrtps_cpp/cmake)
[0.316s] -- Using RMW implementation 'rmw_fastrtps_cpp' as default
[0.357s] -- Found geometry_msgs: 5.3.6 (/opt/ros/jazzy/share/geometry_msgs/cmake)
[0.376s] -- Looking for gz-sim8 -- found version 8.9.0
[0.380s] -- Searching for dependencies of gz-sim8
[0.380s] -- Looking for sdformat14 -- found version 14.7.0
[0.380s] -- Searching for dependencies of sdformat14
[0.386s] -- Checking for module 'tinyxml2'
[0.405s] --   Found tinyxml2, version 10.0.0
[0.445s] -- Looking for gz-math7 -- found version 7.5.2
[0.445s] -- Searching for dependencies of gz-math7
[0.445s] -- Looking for gz-utils2 -- found version 2.2.1
[0.445s] -- Searching for dependencies of gz-utils2
[0.446s] -- Looking for gz-utils2 -- found version 2.2.1
[0.446s] -- Searching for dependencies of gz-utils2
[0.446s] -- Searching for <gz-utils2> component [cli]
[0.446s] -- Looking for gz-utils2-cli -- found version 2.2.1
[0.446s] -- Searching for dependencies of gz-utils2-cli
[0.447s] -- Looking for gz-plugin2 -- found version 2.0.4
[0.447s] -- Searching for dependencies of gz-plugin2
[0.447s] -- Looking for gz-utils2 -- found version 2.2.1
[0.447s] -- Searching for <gz-plugin2> component [loader]
[0.448s] -- Looking for gz-plugin2-loader -- found version 2.0.4
[0.448s] -- Searching for dependencies of gz-plugin2-loader
[0.448s] -- Searching for <gz-plugin2> component [register]
[0.448s] -- Looking for gz-plugin2-register -- found version 2.0.4
[0.448s] -- Searching for dependencies of gz-plugin2-register
[0.449s] -- Looking for gz-transport13 -- found version 13.4.1
[0.449s] -- Searching for dependencies of gz-transport13
[0.477s] -- Config-file not installed for ZeroMQ -- checking for pkg-config
[0.482s] -- Checking for module 'libzmq >= 4'
[0.500s] --   Found libzmq, version 4.3.5
[0.554s] -- Checking for module 'uuid'
[0.569s] --   Found uuid, version 2.39.3
[0.610s] -- Looking for gz-utils2 -- found version 2.2.1
[0.610s] -- Looking for gz-msgs10 -- found version 10.3.2
[0.610s] -- Searching for dependencies of gz-msgs10
[0.627s] -- Looking for gz-utils2 -- found version 2.2.1
[0.627s] -- Looking for gz-math7 -- found version 7.5.2
[0.632s] -- Searching for <gz-transport13> component [log]
[0.632s] -- Looking for gz-transport13-log -- found version 13.4.1
[0.633s] -- Searching for dependencies of gz-transport13-log
[0.633s] -- Searching for <gz-transport13> component [parameters]
[0.633s] -- Looking for gz-transport13-parameters -- found version 13.4.1
[0.633s] -- Searching for dependencies of gz-transport13-parameters
[0.634s] -- Looking for gz-msgs10 -- found version 10.3.2
[0.634s] -- Looking for gz-common5 -- found version 5.7.1
[0.634s] -- Searching for dependencies of gz-common5
[0.634s] -- Looking for gz-utils2 -- found version 2.2.1
[0.634s] -- Looking for dlfcn.h - found
[0.634s] -- Looking for libdl - found
[0.640s] -- Searching for <gz-common5> component [av]
[0.640s] -- Looking for gz-common5-av -- found version 5.7.1
[0.641s] -- Searching for dependencies of gz-common5-av
[0.645s] -- Checking for module 'libswscale'
[0.664s] --   Found libswscale, version 7.5.100
[0.707s] -- Checking for module 'libavdevice >= 56.4.100'
[0.724s] --   Found libavdevice, version 60.3.100
[0.779s] -- Checking for module 'libavformat'
[0.795s] --   Found libavformat, version 60.16.100
[0.846s] -- Checking for module 'libavcodec'
[0.861s] --   Found libavcodec, version 60.31.102
[0.907s] -- Checking for module 'libavutil'
[0.924s] --   Found libavutil, version 58.29.100
[0.964s] -- Searching for <gz-common5> component [events]
[0.964s] -- Looking for gz-common5-events -- found version 5.7.1
[0.965s] -- Searching for dependencies of gz-common5-events
[0.965s] -- Looking for gz-math7 -- found version 7.5.2
[0.965s] -- Searching for <gz-common5> component [graphics]
[0.965s] -- Looking for gz-common5-graphics -- found version 5.7.1
[0.965s] -- Searching for dependencies of gz-common5-graphics
[0.965s] -- Looking for gz-math7 -- found version 7.5.2
[0.967s] -- Searching for <gz-common5> component [io]
[0.967s] -- Looking for gz-common5-io -- found version 5.7.1
[0.967s] -- Searching for dependencies of gz-common5-io
[0.967s] -- Searching for <gz-common5> component [profiler]
[0.967s] -- Looking for gz-common5-profiler -- found version 5.7.1
[0.967s] -- Searching for dependencies of gz-common5-profiler
[0.968s] -- Looking for gz-fuel_tools9 -- found version 9.1.1
[0.968s] -- Searching for dependencies of gz-fuel_tools9
[1.005s] -- Checking for module 'jsoncpp'
[1.023s] --   Found jsoncpp, version 1.9.5
[1.078s] -- Checking for module 'yaml-0.1'
[1.093s] --   Found yaml-0.1, version 0.2.5
[1.138s] -- Checking for module 'libzip'
[1.154s] --   Found libzip, version 1.7.3
[1.191s] -- Looking for gz-utils2 -- found version 2.2.1
[1.191s] -- Looking for gz-common5 -- found version 5.7.1
[1.191s] -- Searching for dependencies of gz-common5
[1.192s] -- Looking for gz-utils2 -- found version 2.2.1
[1.192s] -- Looking for dlfcn.h - found
[1.192s] -- Looking for libdl - found
[1.197s] -- Searching for <gz-common5> component [testing]
[1.197s] -- Looking for gz-common5-testing -- found version 5.7.1
[1.197s] -- Searching for dependencies of gz-common5-testing
[1.198s] -- Looking for gz-math7 -- found version 7.5.2
[1.198s] -- Looking for gz-msgs10 -- found version 10.3.2
[1.199s] -- Looking for gz-gui8 -- found version 8.4.0
[1.199s] -- Searching for dependencies of gz-gui8
[1.223s] -- Looking for gz-utils2 -- found version 2.2.1
[1.223s] -- Looking for gz-math7 -- found version 7.5.2
[1.223s] -- Looking for gz-common5 -- found version 5.7.1
[1.223s] -- Looking for gz-plugin2 -- found version 2.0.4
[1.224s] -- Looking for gz-transport13 -- found version 13.4.1
[1.224s] -- Looking for gz-rendering8 -- found version 8.2.2
[1.224s] -- Searching for dependencies of gz-rendering8
[1.224s] -- Looking for gz-math7 -- found version 7.5.2
[1.224s] -- Searching for dependencies of gz-math7
[1.224s] -- Looking for gz-utils2 -- found version 2.2.1
[1.225s] -- Searching for <gz-math7> component [eigen3]
[1.225s] -- Looking for gz-math7-eigen3 -- found version 7.5.2
[1.225s] -- Searching for dependencies of gz-math7-eigen3
[1.226s] -- Looking for gz-common5 -- found version 5.7.1
[1.226s] -- Searching for dependencies of gz-common5
[1.226s] -- Looking for gz-utils2 -- found version 2.2.1
[1.226s] -- Looking for dlfcn.h - found
[1.226s] -- Looking for libdl - found
[1.232s] -- Searching for <gz-common5> component [graphics]
[1.233s] -- Searching for <gz-common5> component [events]
[1.233s] -- Searching for <gz-common5> component [geospatial]
[1.233s] -- Looking for gz-common5-geospatial -- found version 5.7.1
[1.233s] -- Searching for dependencies of gz-common5-geospatial
[1.233s] -- Looking for gz-math7 -- found version 7.5.2
[1.233s] -- Looking for gz-common5 -- found version 5.7.1
[1.234s] -- Looking for gz-plugin2 -- found version 2.0.4
[1.234s] -- Searching for dependencies of gz-plugin2
[1.234s] -- Looking for gz-utils2 -- found version 2.2.1
[1.234s] -- Searching for <gz-plugin2> component [all]
[1.234s] -- Looking for all libraries of gz-plugin2 -- found version 2.0.4
[1.235s] -- Looking for gz-plugin2 -- found version 2.0.4
[1.235s] -- Looking for gz-utils2 -- found version 2.2.1
[1.237s] -- Looking for gz-msgs10 -- found version 10.3.2
[1.247s] -- Looking for gz-physics7 -- found version 7.5.0
[1.248s] -- Searching for dependencies of gz-physics7
[1.248s] -- Looking for gz-common5 -- found version 5.7.1
[1.248s] -- Looking for gz-math7 -- found version 7.5.2
[1.248s] -- Looking for gz-plugin2 -- found version 2.0.4
[1.248s] -- Looking for gz-utils2 -- found version 2.2.1
[1.249s] -- Searching for <gz-physics7> component [heightmap]
[1.249s] -- Looking for gz-physics7-heightmap -- found version 7.5.0
[1.249s] -- Searching for dependencies of gz-physics7-heightmap
[1.249s] -- Looking for gz-common5 -- found version 5.7.1
[1.250s] -- Searching for <gz-physics7> component [mesh]
[1.250s] -- Looking for gz-physics7-mesh -- found version 7.5.0
[1.250s] -- Searching for dependencies of gz-physics7-mesh
[1.250s] -- Looking for gz-common5 -- found version 5.7.1
[1.250s] -- Searching for <gz-physics7> component [sdf]
[1.251s] -- Looking for gz-physics7-sdf -- found version 7.5.0
[1.251s] -- Searching for dependencies of gz-physics7-sdf
[1.251s] -- Looking for sdformat14 -- found version 14.7.0
[1.252s] -- Looking for gz-sensors8 -- found version 8.2.2
[1.252s] -- Searching for dependencies of gz-sensors8
[1.270s] -- Looking for gz-math7 -- found version 7.5.2
[1.270s] -- Looking for gz-common5 -- found version 5.7.1
[1.270s] -- Looking for gz-transport13 -- found version 13.4.1
[1.271s] -- Looking for gz-rendering8 -- found version 8.2.2
[1.271s] -- Looking for gz-msgs10 -- found version 10.3.2
[1.271s] -- Looking for sdformat14 -- found version 14.7.0
[1.271s] -- Searching for <gz-sensors8> component [air_pressure]
[1.272s] -- Looking for gz-sensors8-air_pressure -- found version 8.2.2
[1.272s] -- Searching for dependencies of gz-sensors8-air_pressure
[1.272s] -- Searching for <gz-sensors8> component [air_speed]
[1.272s] -- Looking for gz-sensors8-air_speed -- found version 8.2.2
[1.272s] -- Searching for dependencies of gz-sensors8-air_speed
[1.272s] -- Searching for <gz-sensors8> component [altimeter]
[1.273s] -- Looking for gz-sensors8-altimeter -- found version 8.2.2
[1.273s] -- Searching for dependencies of gz-sensors8-altimeter
[1.273s] -- Searching for <gz-sensors8> component [imu]
[1.273s] -- Looking for gz-sensors8-imu -- found version 8.2.2
[1.273s] -- Searching for dependencies of gz-sensors8-imu
[1.274s] -- Searching for <gz-sensors8> component [force_torque]
[1.274s] -- Looking for gz-sensors8-force_torque -- found version 8.2.2
[1.274s] -- Searching for dependencies of gz-sensors8-force_torque
[1.274s] -- Searching for <gz-sensors8> component [logical_camera]
[1.274s] -- Looking for gz-sensors8-logical_camera -- found version 8.2.2
[1.275s] -- Searching for dependencies of gz-sensors8-logical_camera
[1.275s] -- Searching for <gz-sensors8> component [magnetometer]
[1.275s] -- Looking for gz-sensors8-magnetometer -- found version 8.2.2
[1.275s] -- Searching for dependencies of gz-sensors8-magnetometer
[1.275s] -- Searching for <gz-sensors8> component [navsat]
[1.276s] -- Looking for gz-sensors8-navsat -- found version 8.2.2
[1.276s] -- Searching for dependencies of gz-sensors8-navsat
[1.276s] -- Searching for <gz-sensors8> component [dvl]
[1.276s] -- Looking for gz-sensors8-dvl -- found version 8.2.2
[1.276s] -- Searching for dependencies of gz-sensors8-dvl
[1.276s] -- Looking for gz-sensors8 -- found version 8.2.2
[1.277s] -- Searching for dependencies of gz-sensors8
[1.293s] -- Looking for gz-math7 -- found version 7.5.2
[1.293s] -- Looking for gz-common5 -- found version 5.7.1
[1.293s] -- Looking for gz-transport13 -- found version 13.4.1
[1.294s] -- Looking for gz-rendering8 -- found version 8.2.2
[1.294s] -- Looking for gz-msgs10 -- found version 10.3.2
[1.294s] -- Looking for sdformat14 -- found version 14.7.0
[1.294s] -- Searching for <gz-sensors8> component [rendering]
[1.294s] -- Looking for gz-sensors8-rendering -- found version 8.2.2
[1.295s] -- Searching for dependencies of gz-sensors8-rendering
[1.297s] -- Searching for <gz-sensors8> component [rendering]
[1.297s] -- Searching for <gz-sensors8> component [lidar]
[1.297s] -- Looking for gz-sensors8-lidar -- found version 8.2.2
[1.297s] -- Searching for dependencies of gz-sensors8-lidar
[1.297s] -- Looking for gz-sensors8 -- found version 8.2.2
[1.297s] -- Searching for <gz-sensors8> component [gpu_lidar]
[1.298s] -- Looking for gz-sensors8-gpu_lidar -- found version 8.2.2
[1.298s] -- Searching for dependencies of gz-sensors8-gpu_lidar
[1.298s] -- Looking for gz-sensors8 -- found version 8.2.2
[1.298s] -- Searching for <gz-sensors8> component [camera]
[1.298s] -- Looking for gz-sensors8-camera -- found version 8.2.2
[1.298s] -- Searching for dependencies of gz-sensors8-camera
[1.299s] -- Looking for gz-sensors8 -- found version 8.2.2
[1.299s] -- Searching for <gz-sensors8> component [boundingbox_camera]
[1.299s] -- Looking for gz-sensors8-boundingbox_camera -- found version 8.2.2
[1.299s] -- Searching for dependencies of gz-sensors8-boundingbox_camera
[1.300s] -- Searching for <gz-sensors8> component [segmentation_camera]
[1.300s] -- Looking for gz-sensors8-segmentation_camera -- found version 8.2.2
[1.300s] -- Searching for dependencies of gz-sensors8-segmentation_camera
[1.300s] -- Searching for <gz-sensors8> component [depth_camera]
[1.301s] -- Looking for gz-sensors8-depth_camera -- found version 8.2.2
[1.301s] -- Searching for dependencies of gz-sensors8-depth_camera
[1.301s] -- Looking for gz-sensors8 -- found version 8.2.2
[1.301s] -- Searching for <gz-sensors8> component [rgbd_camera]
[1.301s] -- Looking for gz-sensors8-rgbd_camera -- found version 8.2.2
[1.301s] -- Searching for dependencies of gz-sensors8-rgbd_camera
[1.302s] -- Looking for gz-sensors8 -- found version 8.2.2
[1.302s] -- Searching for <gz-sensors8> component [thermal_camera]
[1.302s] -- Looking for gz-sensors8-thermal_camera -- found version 8.2.2
[1.302s] -- Searching for dependencies of gz-sensors8-thermal_camera
[1.302s] -- Looking for gz-sensors8 -- found version 8.2.2
[1.305s] -- Searching for <gz-sensors8> component [wide_angle_camera]
[1.305s] -- Looking for gz-sensors8-wide_angle_camera -- found version 8.2.2
[1.305s] -- Searching for dependencies of gz-sensors8-wide_angle_camera
[1.306s] -- Looking for gz-rendering8 -- found version 8.2.2
[1.306s] -- Looking for gz-math7 -- found version 7.5.2
[1.306s] -- Looking for gz-utils2 -- found version 2.2.1
[1.326s] -- Looking for gz-plugin2 -- found version 2.0.4
[1.326s] -- Looking for gz-math7 -- found version 7.5.2
[1.327s] -- Found ament_lint_auto: 0.17.2 (/opt/ros/jazzy/share/ament_lint_auto/cmake)
[1.388s] -- Added test 'cppcheck' to perform static code analysis on C / C++ code
[1.388s] -- Configured cppcheck include dirs: 
[1.388s] -- Configured cppcheck exclude dirs and/or files: 
[1.388s] -- Added test 'flake8' to check Python code syntax and style conventions
[1.389s] -- Configured 'flake8' exclude dirs and/or files: 
[1.389s] -- Added test 'lint_cmake' to check CMake code style
[1.389s] -- Added test 'pep257' to check Python code against some of the docstring style conventions in PEP 257
[1.390s] -- Added test 'uncrustify' to check C / C++ code style
[1.390s] -- Configured uncrustify additional arguments: 
[1.390s] -- Added test 'xmllint' to check XML markup files
[1.391s] -- Configuring done (1.4s)
[1.408s] -- Generating done (0.0s)
[1.411s] -- Build files have been written to: /home/sangregorioquimpo/auve2_ws/build/auv_description
[1.462s] [100%] Built target wasd_body_thrust_plugin
[1.473s] Invoked command in '/home/sangregorioquimpo/auve2_ws/build/auv_description' returned '0': CMAKE_PREFIX_PATH=${CMAKE_PREFIX_PATH}:/opt/ros/jazzy DEBUGINFOD_URLS=https://debuginfod.ubuntu.com /usr/bin/cmake --build /home/sangregorioquimpo/auve2_ws/build/auv_description -- -j16 -l16
[1.484s] Invoking command in '/home/sangregorioquimpo/auve2_ws/build/auv_description': CMAKE_PREFIX_PATH=${CMAKE_PREFIX_PATH}:/opt/ros/jazzy DEBUGINFOD_URLS=https://debuginfod.ubuntu.com /usr/bin/cmake --install /home/sangregorioquimpo/auve2_ws/build/auv_description
[1.490s] -- Install configuration: ""
[1.490s] -- Execute custom install script
[1.491s] -- Up-to-date symlink: /home/sangregorioquimpo/auve2_ws/install/auv_description/lib/auv_description/wasd_teleop.py
[1.491s] -- Up-to-date symlink: /home/sangregorioquimpo/auve2_ws/install/auv_description/share/auv_description/urdf/cube/cube.urdf
[1.491s] -- Up-to-date symlink: /home/sangregorioquimpo/auve2_ws/install/auv_description/share/auv_description/launch/cube_thrust_test.launch.py
[1.491s] -- Symlinking: /home/sangregorioquimpo/auve2_ws/install/auv_description/share/auv_description/worlds/testworld.sdf
[1.501s] -- Up-to-date symlink: /home/sangregorioquimpo/auve2_ws/install/auv_description/share/auv_description/environment/library_path.sh
[1.501s] -- Up-to-date symlink: /home/sangregorioquimpo/auve2_ws/install/auv_description/share/auv_description/environment/library_path.dsv
[1.501s] -- Up-to-date symlink: /home/sangregorioquimpo/auve2_ws/install/auv_description/share/ament_index/resource_index/package_run_dependencies/auv_description
[1.502s] -- Up-to-date symlink: /home/sangregorioquimpo/auve2_ws/install/auv_description/share/ament_index/resource_index/parent_prefix_path/auv_description
[1.502s] -- Up-to-date symlink: /home/sangregorioquimpo/auve2_ws/install/auv_description/share/auv_description/environment/ament_prefix_path.sh
[1.502s] -- Up-to-date symlink: /home/sangregorioquimpo/auve2_ws/install/auv_description/share/auv_description/environment/ament_prefix_path.dsv
[1.502s] -- Up-to-date symlink: /home/sangregorioquimpo/auve2_ws/install/auv_description/share/auv_description/environment/path.sh
[1.502s] -- Up-to-date symlink: /home/sangregorioquimpo/auve2_ws/install/auv_description/share/auv_description/environment/path.dsv
[1.502s] -- Up-to-date symlink: /home/sangregorioquimpo/auve2_ws/install/auv_description/share/auv_description/local_setup.bash
[1.502s] -- Up-to-date symlink: /home/sangregorioquimpo/auve2_ws/install/auv_description/share/auv_description/local_setup.sh
[1.502s] -- Up-to-date symlink: /home/sangregorioquimpo/auve2_ws/install/auv_description/share/auv_description/local_setup.zsh
[1.502s] -- Up-to-date symlink: /home/sangregorioquimpo/auve2_ws/install/auv_description/share/auv_description/local_setup.dsv
[1.502s] -- Symlinking: /home/sangregorioquimpo/auve2_ws/install/auv_description/share/auv_description/package.dsv
[1.514s] -- Up-to-date symlink: /home/sangregorioquimpo/auve2_ws/install/auv_description/share/ament_index/resource_index/packages/auv_description
[1.514s] -- Up-to-date symlink: /home/sangregorioquimpo/auve2_ws/install/auv_description/share/auv_description/cmake/ament_cmake_export_targets-extras.cmake
[1.514s] -- Up-to-date symlink: /home/sangregorioquimpo/auve2_ws/install/auv_description/share/auv_description/cmake/ament_cmake_export_libraries-extras.cmake
[1.514s] -- Up-to-date symlink: /home/sangregorioquimpo/auve2_ws/install/auv_description/share/auv_description/cmake/auv_descriptionConfig.cmake
[1.515s] -- Up-to-date symlink: /home/sangregorioquimpo/auve2_ws/install/auv_description/share/auv_description/cmake/auv_descriptionConfig-version.cmake
[1.515s] -- Up-to-date symlink: /home/sangregorioquimpo/auve2_ws/install/auv_description/share/auv_description/package.xml
[1.515s] -- Up-to-date: /home/sangregorioquimpo/auve2_ws/install/auv_description/lib/libwasd_body_thrust_plugin.so
[1.515s] -- Up-to-date: /home/sangregorioquimpo/auve2_ws/install/auv_description/share/auv_description/cmake/wasd_body_thrust_pluginTargetsExport.cmake
[1.515s] -- Up-to-date: /home/sangregorioquimpo/auve2_ws/install/auv_description/share/auv_description/cmake/wasd_body_thrust_pluginTargetsExport-noconfig.cmake
[1.517s] Invoked command in '/home/sangregorioquimpo/auve2_ws/build/auv_description' returned '0': CMAKE_PREFIX_PATH=${CMAKE_PREFIX_PATH}:/opt/ros/jazzy DEBUGINFOD_URLS=https://debuginfod.ubuntu.com /usr/bin/cmake --install /home/sangregorioquimpo/auve2_ws/build/auv_description
